[0.129s] Invoking command in '/home/lucas/Documents/Pratica4/workspace_2/build/polygon_base': CMAKE_PREFIX_PATH=${CMAKE_PREFIX_PATH}:/opt/ros/humble /usr/bin/cmake --build /home/lucas/Documents/Pratica4/workspace_2/build/polygon_base -- -j4 -l4
[0.359s] [100%] Built target area_node
[0.452s] Invoked command in '/home/lucas/Documents/Pratica4/workspace_2/build/polygon_base' returned '0': CMAKE_PREFIX_PATH=${CMAKE_PREFIX_PATH}:/opt/ros/humble /usr/bin/cmake --build /home/lucas/Documents/Pratica4/workspace_2/build/polygon_base -- -j4 -l4
[0.708s] Invoking command in '/home/lucas/Documents/Pratica4/workspace_2/build/polygon_base': CMAKE_PREFIX_PATH=${CMAKE_PREFIX_PATH}:/opt/ros/humble /usr/bin/cmake --install /home/lucas/Documents/Pratica4/workspace_2/build/polygon_base
[0.740s] -- Install configuration: ""
[0.744s] -- Up-to-date: /home/lucas/Documents/Pratica4/workspace_2/install/polygon_base/lib/polygon_base/area_node
[0.744s] -- Up-to-date: /home/lucas/Documents/Pratica4/workspace_2/install/polygon_base/include
[0.744s] -- Up-to-date: /home/lucas/Documents/Pratica4/workspace_2/install/polygon_base/include/polygon_base
[0.745s] -- Up-to-date: /home/lucas/Documents/Pratica4/workspace_2/install/polygon_base/include/polygon_base/regular_polygon.hpp
[0.745s] -- Up-to-date: /home/lucas/Documents/Pratica4/workspace_2/install/polygon_base/share/ament_index/resource_index/package_run_dependencies/polygon_base
[0.745s] -- Up-to-date: /home/lucas/Documents/Pratica4/workspace_2/install/polygon_base/share/ament_index/resource_index/parent_prefix_path/polygon_base
[0.745s] -- Up-to-date: /home/lucas/Documents/Pratica4/workspace_2/install/polygon_base/share/polygon_base/environment/ament_prefix_path.sh
[0.746s] -- Up-to-date: /home/lucas/Documents/Pratica4/workspace_2/install/polygon_base/share/polygon_base/environment/ament_prefix_path.dsv
[0.748s] -- Up-to-date: /home/lucas/Documents/Pratica4/workspace_2/install/polygon_base/share/polygon_base/environment/path.sh
[0.748s] -- Up-to-date: /home/lucas/Documents/Pratica4/workspace_2/install/polygon_base/share/polygon_base/environment/path.dsv
[0.748s] -- Up-to-date: /home/lucas/Documents/Pratica4/workspace_2/install/polygon_base/share/polygon_base/local_setup.bash
[0.748s] -- Up-to-date: /home/lucas/Documents/Pratica4/workspace_2/install/polygon_base/share/polygon_base/local_setup.sh
[0.749s] -- Up-to-date: /home/lucas/Documents/Pratica4/workspace_2/install/polygon_base/share/polygon_base/local_setup.zsh
[0.749s] -- Up-to-date: /home/lucas/Documents/Pratica4/workspace_2/install/polygon_base/share/polygon_base/local_setup.dsv
[0.749s] -- Installing: /home/lucas/Documents/Pratica4/workspace_2/install/polygon_base/share/polygon_base/package.dsv
[0.749s] -- Up-to-date: /home/lucas/Documents/Pratica4/workspace_2/install/polygon_base/share/ament_index/resource_index/packages/polygon_base
[0.750s] -- Up-to-date: /home/lucas/Documents/Pratica4/workspace_2/install/polygon_base/share/polygon_base/cmake/ament_cmake_export_include_directories-extras.cmake
[0.750s] -- Up-to-date: /home/lucas/Documents/Pratica4/workspace_2/install/polygon_base/share/polygon_base/cmake/polygon_baseConfig.cmake
[0.750s] -- Up-to-date: /home/lucas/Documents/Pratica4/workspace_2/install/polygon_base/share/polygon_base/cmake/polygon_baseConfig-version.cmake
[0.750s] -- Up-to-date: /home/lucas/Documents/Pratica4/workspace_2/install/polygon_base/share/polygon_base/package.xml
[0.753s] Invoked command in '/home/lucas/Documents/Pratica4/workspace_2/build/polygon_base' returned '0': CMAKE_PREFIX_PATH=${CMAKE_PREFIX_PATH}:/opt/ros/humble /usr/bin/cmake --install /home/lucas/Documents/Pratica4/workspace_2/build/polygon_base
