[0.063s] Invoking command in '/home/lucas/Documents/Pratica4/workspace_2/build/action_tutorials_interfaces': CMAKE_PREFIX_PATH=${CMAKE_PREFIX_PATH}:/opt/ros/humble /usr/bin/cmake --build /home/lucas/Documents/Pratica4/workspace_2/build/action_tutorials_interfaces -- -j4 -l4
[0.333s] [  3%] Built target action_tutorials_interfaces__cpp
[0.529s] [ 12%] Built target action_tutorials_interfaces__rosidl_generator_c
[0.529s] [ 12%] Built target ament_cmake_python_copy_action_tutorials_interfaces
[0.530s] [ 22%] Built target action_tutorials_interfaces__rosidl_typesupport_cpp
[0.540s] [ 32%] Built target action_tutorials_interfaces__rosidl_typesupport_fastrtps_cpp
[0.625s] [ 41%] Built target action_tutorials_interfaces__rosidl_typesupport_introspection_cpp
[0.658s] [ 51%] Built target action_tutorials_interfaces__rosidl_typesupport_c
[0.663s] [ 61%] Built target action_tutorials_interfaces__rosidl_typesupport_introspection_c
[0.671s] [ 70%] Built target action_tutorials_interfaces__rosidl_typesupport_fastrtps_c
[0.721s] [ 70%] Built target action_tutorials_interfaces
[0.855s] [ 74%] Built target action_tutorials_interfaces__py
[1.030s] [ 80%] Built target action_tutorials_interfaces__rosidl_generator_py
[1.164s] [ 87%] Built target action_tutorials_interfaces__rosidl_typesupport_fastrtps_c__pyext
[1.189s] [ 93%] Built target action_tutorials_interfaces__rosidl_typesupport_introspection_c__pyext
[1.205s] [100%] Built target action_tutorials_interfaces__rosidl_typesupport_c__pyext
[1.526s] running egg_info
[1.527s] writing action_tutorials_interfaces.egg-info/PKG-INFO
[1.534s] writing dependency_links to action_tutorials_interfaces.egg-info/dependency_links.txt
[1.541s] writing top-level names to action_tutorials_interfaces.egg-info/top_level.txt
[1.550s] reading manifest file 'action_tutorials_interfaces.egg-info/SOURCES.txt'
[1.600s] writing manifest file 'action_tutorials_interfaces.egg-info/SOURCES.txt'
[1.675s] [100%] Built target ament_cmake_python_build_action_tutorials_interfaces_egg
[1.735s] Invoked command in '/home/lucas/Documents/Pratica4/workspace_2/build/action_tutorials_interfaces' returned '0': CMAKE_PREFIX_PATH=${CMAKE_PREFIX_PATH}:/opt/ros/humble /usr/bin/cmake --build /home/lucas/Documents/Pratica4/workspace_2/build/action_tutorials_interfaces -- -j4 -l4
[2.408s] Invoking command in '/home/lucas/Documents/Pratica4/workspace_2/build/action_tutorials_interfaces': CMAKE_PREFIX_PATH=${CMAKE_PREFIX_PATH}:/opt/ros/humble /usr/bin/cmake --install /home/lucas/Documents/Pratica4/workspace_2/build/action_tutorials_interfaces
[2.577s] -- Install configuration: ""
[2.577s] -- Up-to-date: /home/lucas/Documents/Pratica4/workspace_2/install/action_tutorials_interfaces/share/ament_index/resource_index/rosidl_interfaces/action_tutorials_interfaces
[2.577s] -- Up-to-date: /home/lucas/Documents/Pratica4/workspace_2/install/action_tutorials_interfaces/include/action_tutorials_interfaces/action_tutorials_interfaces
[2.577s] -- Up-to-date: /home/lucas/Documents/Pratica4/workspace_2/install/action_tutorials_interfaces/include/action_tutorials_interfaces/action_tutorials_interfaces/action
[2.578s] -- Up-to-date: /home/lucas/Documents/Pratica4/workspace_2/install/action_tutorials_interfaces/include/action_tutorials_interfaces/action_tutorials_interfaces/action/fibonacci.h
[2.578s] -- Up-to-date: /home/lucas/Documents/Pratica4/workspace_2/install/action_tutorials_interfaces/include/action_tutorials_interfaces/action_tutorials_interfaces/action/detail
[2.578s] -- Up-to-date: /home/lucas/Documents/Pratica4/workspace_2/install/action_tutorials_interfaces/include/action_tutorials_interfaces/action_tutorials_interfaces/action/detail/fibonacci__struct.h
[2.578s] -- Up-to-date: /home/lucas/Documents/Pratica4/workspace_2/install/action_tutorials_interfaces/include/action_tutorials_interfaces/action_tutorials_interfaces/action/detail/fibonacci__type_support.h
[2.578s] -- Up-to-date: /home/lucas/Documents/Pratica4/workspace_2/install/action_tutorials_interfaces/include/action_tutorials_interfaces/action_tutorials_interfaces/action/detail/fibonacci__functions.c
[2.578s] -- Up-to-date: /home/lucas/Documents/Pratica4/workspace_2/install/action_tutorials_interfaces/include/action_tutorials_interfaces/action_tutorials_interfaces/action/detail/fibonacci__functions.h
[2.579s] -- Up-to-date: /home/lucas/Documents/Pratica4/workspace_2/install/action_tutorials_interfaces/include/action_tutorials_interfaces/action_tutorials_interfaces/msg
[2.579s] -- Up-to-date: /home/lucas/Documents/Pratica4/workspace_2/install/action_tutorials_interfaces/include/action_tutorials_interfaces/action_tutorials_interfaces/msg/rosidl_generator_c__visibility_control.h
[2.579s] -- Up-to-date: /home/lucas/Documents/Pratica4/workspace_2/install/action_tutorials_interfaces/share/action_tutorials_interfaces/environment/library_path.sh
[2.579s] -- Up-to-date: /home/lucas/Documents/Pratica4/workspace_2/install/action_tutorials_interfaces/share/action_tutorials_interfaces/environment/library_path.dsv
[2.602s] -- Up-to-date: /home/lucas/Documents/Pratica4/workspace_2/install/action_tutorials_interfaces/lib/libaction_tutorials_interfaces__rosidl_generator_c.so
[2.602s] -- Up-to-date: /home/lucas/Documents/Pratica4/workspace_2/install/action_tutorials_interfaces/include/action_tutorials_interfaces/action_tutorials_interfaces
[2.602s] -- Up-to-date: /home/lucas/Documents/Pratica4/workspace_2/install/action_tutorials_interfaces/include/action_tutorials_interfaces/action_tutorials_interfaces/action
[2.603s] -- Up-to-date: /home/lucas/Documents/Pratica4/workspace_2/install/action_tutorials_interfaces/include/action_tutorials_interfaces/action_tutorials_interfaces/action/detail
[2.603s] -- Up-to-date: /home/lucas/Documents/Pratica4/workspace_2/install/action_tutorials_interfaces/include/action_tutorials_interfaces/action_tutorials_interfaces/action/detail/fibonacci__rosidl_typesupport_fastrtps_c.h
[2.603s] -- Up-to-date: /home/lucas/Documents/Pratica4/workspace_2/install/action_tutorials_interfaces/include/action_tutorials_interfaces/action_tutorials_interfaces/msg
[2.603s] -- Up-to-date: /home/lucas/Documents/Pratica4/workspace_2/install/action_tutorials_interfaces/include/action_tutorials_interfaces/action_tutorials_interfaces/msg/rosidl_typesupport_fastrtps_c__visibility_control.h
[2.603s] -- Up-to-date: /home/lucas/Documents/Pratica4/workspace_2/install/action_tutorials_interfaces/lib/libaction_tutorials_interfaces__rosidl_typesupport_fastrtps_c.so
[2.604s] -- Up-to-date: /home/lucas/Documents/Pratica4/workspace_2/install/action_tutorials_interfaces/include/action_tutorials_interfaces/action_tutorials_interfaces
[2.604s] -- Up-to-date: /home/lucas/Documents/Pratica4/workspace_2/install/action_tutorials_interfaces/include/action_tutorials_interfaces/action_tutorials_interfaces/action
[2.604s] -- Up-to-date: /home/lucas/Documents/Pratica4/workspace_2/install/action_tutorials_interfaces/include/action_tutorials_interfaces/action_tutorials_interfaces/action/detail
[2.604s] -- Up-to-date: /home/lucas/Documents/Pratica4/workspace_2/install/action_tutorials_interfaces/include/action_tutorials_interfaces/action_tutorials_interfaces/action/detail/fibonacci__rosidl_typesupport_introspection_c.h
[2.604s] -- Up-to-date: /home/lucas/Documents/Pratica4/workspace_2/install/action_tutorials_interfaces/include/action_tutorials_interfaces/action_tutorials_interfaces/action/detail/fibonacci__type_support.c
[2.605s] -- Up-to-date: /home/lucas/Documents/Pratica4/workspace_2/install/action_tutorials_interfaces/include/action_tutorials_interfaces/action_tutorials_interfaces/msg
[2.605s] -- Up-to-date: /home/lucas/Documents/Pratica4/workspace_2/install/action_tutorials_interfaces/include/action_tutorials_interfaces/action_tutorials_interfaces/msg/rosidl_typesupport_introspection_c__visibility_control.h
[2.605s] -- Up-to-date: /home/lucas/Documents/Pratica4/workspace_2/install/action_tutorials_interfaces/lib/libaction_tutorials_interfaces__rosidl_typesupport_introspection_c.so
[2.605s] -- Up-to-date: /home/lucas/Documents/Pratica4/workspace_2/install/action_tutorials_interfaces/lib/libaction_tutorials_interfaces__rosidl_typesupport_c.so
[2.605s] -- Up-to-date: /home/lucas/Documents/Pratica4/workspace_2/install/action_tutorials_interfaces/include/action_tutorials_interfaces/action_tutorials_interfaces
[2.605s] -- Up-to-date: /home/lucas/Documents/Pratica4/workspace_2/install/action_tutorials_interfaces/include/action_tutorials_interfaces/action_tutorials_interfaces/action
[2.605s] -- Up-to-date: /home/lucas/Documents/Pratica4/workspace_2/install/action_tutorials_interfaces/include/action_tutorials_interfaces/action_tutorials_interfaces/action/fibonacci.hpp
[2.606s] -- Up-to-date: /home/lucas/Documents/Pratica4/workspace_2/install/action_tutorials_interfaces/include/action_tutorials_interfaces/action_tutorials_interfaces/action/detail
[2.606s] -- Up-to-date: /home/lucas/Documents/Pratica4/workspace_2/install/action_tutorials_interfaces/include/action_tutorials_interfaces/action_tutorials_interfaces/action/detail/fibonacci__builder.hpp
[2.606s] -- Up-to-date: /home/lucas/Documents/Pratica4/workspace_2/install/action_tutorials_interfaces/include/action_tutorials_interfaces/action_tutorials_interfaces/action/detail/fibonacci__traits.hpp
[2.609s] -- Up-to-date: /home/lucas/Documents/Pratica4/workspace_2/install/action_tutorials_interfaces/include/action_tutorials_interfaces/action_tutorials_interfaces/action/detail/fibonacci__struct.hpp
[2.609s] -- Up-to-date: /home/lucas/Documents/Pratica4/workspace_2/install/action_tutorials_interfaces/include/action_tutorials_interfaces/action_tutorials_interfaces
[2.609s] -- Up-to-date: /home/lucas/Documents/Pratica4/workspace_2/install/action_tutorials_interfaces/include/action_tutorials_interfaces/action_tutorials_interfaces/action
[2.610s] -- Up-to-date: /home/lucas/Documents/Pratica4/workspace_2/install/action_tutorials_interfaces/include/action_tutorials_interfaces/action_tutorials_interfaces/action/detail
[2.610s] -- Up-to-date: /home/lucas/Documents/Pratica4/workspace_2/install/action_tutorials_interfaces/include/action_tutorials_interfaces/action_tutorials_interfaces/action/detail/fibonacci__rosidl_typesupport_fastrtps_cpp.hpp
[2.610s] -- Up-to-date: /home/lucas/Documents/Pratica4/workspace_2/install/action_tutorials_interfaces/include/action_tutorials_interfaces/action_tutorials_interfaces/action/detail/dds_fastrtps
[2.610s] -- Up-to-date: /home/lucas/Documents/Pratica4/workspace_2/install/action_tutorials_interfaces/include/action_tutorials_interfaces/action_tutorials_interfaces/msg
[2.610s] -- Up-to-date: /home/lucas/Documents/Pratica4/workspace_2/install/action_tutorials_interfaces/include/action_tutorials_interfaces/action_tutorials_interfaces/msg/rosidl_typesupport_fastrtps_cpp__visibility_control.h
[2.643s] -- Up-to-date: /home/lucas/Documents/Pratica4/workspace_2/install/action_tutorials_interfaces/lib/libaction_tutorials_interfaces__rosidl_typesupport_fastrtps_cpp.so
[2.643s] -- Up-to-date: /home/lucas/Documents/Pratica4/workspace_2/install/action_tutorials_interfaces/include/action_tutorials_interfaces/action_tutorials_interfaces
[2.643s] -- Up-to-date: /home/lucas/Documents/Pratica4/workspace_2/install/action_tutorials_interfaces/include/action_tutorials_interfaces/action_tutorials_interfaces/action
[2.643s] -- Up-to-date: /home/lucas/Documents/Pratica4/workspace_2/install/action_tutorials_interfaces/include/action_tutorials_interfaces/action_tutorials_interfaces/action/detail
[2.643s] -- Up-to-date: /home/lucas/Documents/Pratica4/workspace_2/install/action_tutorials_interfaces/include/action_tutorials_interfaces/action_tutorials_interfaces/action/detail/fibonacci__type_support.cpp
[2.643s] -- Up-to-date: /home/lucas/Documents/Pratica4/workspace_2/install/action_tutorials_interfaces/include/action_tutorials_interfaces/action_tutorials_interfaces/action/detail/fibonacci__rosidl_typesupport_introspection_cpp.hpp
[2.643s] -- Up-to-date: /home/lucas/Documents/Pratica4/workspace_2/install/action_tutorials_interfaces/lib/libaction_tutorials_interfaces__rosidl_typesupport_introspection_cpp.so
[2.682s] -- Up-to-date: /home/lucas/Documents/Pratica4/workspace_2/install/action_tutorials_interfaces/lib/libaction_tutorials_interfaces__rosidl_typesupport_cpp.so
[2.683s] -- Up-to-date: /home/lucas/Documents/Pratica4/workspace_2/install/action_tutorials_interfaces/share/action_tutorials_interfaces/environment/pythonpath.sh
[2.683s] -- Up-to-date: /home/lucas/Documents/Pratica4/workspace_2/install/action_tutorials_interfaces/share/action_tutorials_interfaces/environment/pythonpath.dsv
[2.683s] -- Up-to-date: /home/lucas/Documents/Pratica4/workspace_2/install/action_tutorials_interfaces/local/lib/python3.10/dist-packages/action_tutorials_interfaces-0.0.0-py3.10.egg-info
[2.683s] -- Installing: /home/lucas/Documents/Pratica4/workspace_2/install/action_tutorials_interfaces/local/lib/python3.10/dist-packages/action_tutorials_interfaces-0.0.0-py3.10.egg-info/dependency_links.txt
[2.683s] -- Installing: /home/lucas/Documents/Pratica4/workspace_2/install/action_tutorials_interfaces/local/lib/python3.10/dist-packages/action_tutorials_interfaces-0.0.0-py3.10.egg-info/PKG-INFO
[2.684s] -- Installing: /home/lucas/Documents/Pratica4/workspace_2/install/action_tutorials_interfaces/local/lib/python3.10/dist-packages/action_tutorials_interfaces-0.0.0-py3.10.egg-info/SOURCES.txt
[2.684s] -- Installing: /home/lucas/Documents/Pratica4/workspace_2/install/action_tutorials_interfaces/local/lib/python3.10/dist-packages/action_tutorials_interfaces-0.0.0-py3.10.egg-info/top_level.txt
[2.684s] -- Up-to-date: /home/lucas/Documents/Pratica4/workspace_2/install/action_tutorials_interfaces/local/lib/python3.10/dist-packages/action_tutorials_interfaces
[2.684s] -- Up-to-date: /home/lucas/Documents/Pratica4/workspace_2/install/action_tutorials_interfaces/local/lib/python3.10/dist-packages/action_tutorials_interfaces/action
[2.684s] -- Up-to-date: /home/lucas/Documents/Pratica4/workspace_2/install/action_tutorials_interfaces/local/lib/python3.10/dist-packages/action_tutorials_interfaces/action/__init__.py
[2.684s] -- Up-to-date: /home/lucas/Documents/Pratica4/workspace_2/install/action_tutorials_interfaces/local/lib/python3.10/dist-packages/action_tutorials_interfaces/action/_fibonacci.py
[2.684s] -- Up-to-date: /home/lucas/Documents/Pratica4/workspace_2/install/action_tutorials_interfaces/local/lib/python3.10/dist-packages/action_tutorials_interfaces/action/_fibonacci_s.c
[2.685s] -- Up-to-date: /home/lucas/Documents/Pratica4/workspace_2/install/action_tutorials_interfaces/local/lib/python3.10/dist-packages/action_tutorials_interfaces/action_tutorials_interfaces_s__rosidl_typesupport_fastrtps_c.cpython-310-x86_64-linux-gnu.so
[2.685s] -- Up-to-date: /home/lucas/Documents/Pratica4/workspace_2/install/action_tutorials_interfaces/local/lib/python3.10/dist-packages/action_tutorials_interfaces/libaction_tutorials_interfaces__rosidl_generator_py.so
[2.685s] -- Up-to-date: /home/lucas/Documents/Pratica4/workspace_2/install/action_tutorials_interfaces/local/lib/python3.10/dist-packages/action_tutorials_interfaces/__init__.py
[2.685s] -- Up-to-date: /home/lucas/Documents/Pratica4/workspace_2/install/action_tutorials_interfaces/local/lib/python3.10/dist-packages/action_tutorials_interfaces/action_tutorials_interfaces_s__rosidl_typesupport_introspection_c.cpython-310-x86_64-linux-gnu.so
[2.685s] -- Up-to-date: /home/lucas/Documents/Pratica4/workspace_2/install/action_tutorials_interfaces/local/lib/python3.10/dist-packages/action_tutorials_interfaces/action_tutorials_interfaces_s__rosidl_typesupport_c.cpython-310-x86_64-linux-gnu.so
[2.685s] -- Up-to-date: /home/lucas/Documents/Pratica4/workspace_2/install/action_tutorials_interfaces/local/lib/python3.10/dist-packages/action_tutorials_interfaces/_action_tutorials_interfaces_s.ep.rosidl_typesupport_c.c
[2.685s] -- Up-to-date: /home/lucas/Documents/Pratica4/workspace_2/install/action_tutorials_interfaces/local/lib/python3.10/dist-packages/action_tutorials_interfaces/_action_tutorials_interfaces_s.ep.rosidl_typesupport_introspection_c.c
[2.685s] -- Up-to-date: /home/lucas/Documents/Pratica4/workspace_2/install/action_tutorials_interfaces/local/lib/python3.10/dist-packages/action_tutorials_interfaces/_action_tutorials_interfaces_s.ep.rosidl_typesupport_fastrtps_c.c
[2.854s] Listing '/home/lucas/Documents/Pratica4/workspace_2/install/action_tutorials_interfaces/local/lib/python3.10/dist-packages/action_tutorials_interfaces'...
[2.854s] Listing '/home/lucas/Documents/Pratica4/workspace_2/install/action_tutorials_interfaces/local/lib/python3.10/dist-packages/action_tutorials_interfaces/action'...
[2.878s] -- Up-to-date: /home/lucas/Documents/Pratica4/workspace_2/install/action_tutorials_interfaces/local/lib/python3.10/dist-packages/action_tutorials_interfaces/action_tutorials_interfaces_s__rosidl_typesupport_fastrtps_c.cpython-310-x86_64-linux-gnu.so
[2.885s] -- Up-to-date: /home/lucas/Documents/Pratica4/workspace_2/install/action_tutorials_interfaces/local/lib/python3.10/dist-packages/action_tutorials_interfaces/action_tutorials_interfaces_s__rosidl_typesupport_introspection_c.cpython-310-x86_64-linux-gnu.so
[2.909s] -- Up-to-date: /home/lucas/Documents/Pratica4/workspace_2/install/action_tutorials_interfaces/local/lib/python3.10/dist-packages/action_tutorials_interfaces/action_tutorials_interfaces_s__rosidl_typesupport_c.cpython-310-x86_64-linux-gnu.so
[2.910s] -- Up-to-date: /home/lucas/Documents/Pratica4/workspace_2/install/action_tutorials_interfaces/lib/libaction_tutorials_interfaces__rosidl_generator_py.so
[2.911s] -- Up-to-date: /home/lucas/Documents/Pratica4/workspace_2/install/action_tutorials_interfaces/share/action_tutorials_interfaces/action/Fibonacci.idl
[2.912s] -- Up-to-date: /home/lucas/Documents/Pratica4/workspace_2/install/action_tutorials_interfaces/share/action_tutorials_interfaces/action/Fibonacci.action
[2.912s] -- Up-to-date: /home/lucas/Documents/Pratica4/workspace_2/install/action_tutorials_interfaces/share/ament_index/resource_index/package_run_dependencies/action_tutorials_interfaces
[2.912s] -- Up-to-date: /home/lucas/Documents/Pratica4/workspace_2/install/action_tutorials_interfaces/share/ament_index/resource_index/parent_prefix_path/action_tutorials_interfaces
[2.913s] -- Up-to-date: /home/lucas/Documents/Pratica4/workspace_2/install/action_tutorials_interfaces/share/action_tutorials_interfaces/environment/ament_prefix_path.sh
[2.915s] -- Up-to-date: /home/lucas/Documents/Pratica4/workspace_2/install/action_tutorials_interfaces/share/action_tutorials_interfaces/environment/ament_prefix_path.dsv
[2.916s] -- Up-to-date: /home/lucas/Documents/Pratica4/workspace_2/install/action_tutorials_interfaces/share/action_tutorials_interfaces/environment/path.sh
[2.916s] -- Up-to-date: /home/lucas/Documents/Pratica4/workspace_2/install/action_tutorials_interfaces/share/action_tutorials_interfaces/environment/path.dsv
[2.916s] -- Up-to-date: /home/lucas/Documents/Pratica4/workspace_2/install/action_tutorials_interfaces/share/action_tutorials_interfaces/local_setup.bash
[2.916s] -- Up-to-date: /home/lucas/Documents/Pratica4/workspace_2/install/action_tutorials_interfaces/share/action_tutorials_interfaces/local_setup.sh
[2.917s] -- Up-to-date: /home/lucas/Documents/Pratica4/workspace_2/install/action_tutorials_interfaces/share/action_tutorials_interfaces/local_setup.zsh
[2.917s] -- Up-to-date: /home/lucas/Documents/Pratica4/workspace_2/install/action_tutorials_interfaces/share/action_tutorials_interfaces/local_setup.dsv
[2.918s] -- Installing: /home/lucas/Documents/Pratica4/workspace_2/install/action_tutorials_interfaces/share/action_tutorials_interfaces/package.dsv
[2.937s] -- Up-to-date: /home/lucas/Documents/Pratica4/workspace_2/install/action_tutorials_interfaces/share/ament_index/resource_index/packages/action_tutorials_interfaces
[2.942s] -- Up-to-date: /home/lucas/Documents/Pratica4/workspace_2/install/action_tutorials_interfaces/share/action_tutorials_interfaces/cmake/export_action_tutorials_interfaces__rosidl_generator_cExport.cmake
[2.942s] -- Up-to-date: /home/lucas/Documents/Pratica4/workspace_2/install/action_tutorials_interfaces/share/action_tutorials_interfaces/cmake/export_action_tutorials_interfaces__rosidl_generator_cExport-noconfig.cmake
[2.948s] -- Up-to-date: /home/lucas/Documents/Pratica4/workspace_2/install/action_tutorials_interfaces/share/action_tutorials_interfaces/cmake/export_action_tutorials_interfaces__rosidl_typesupport_fastrtps_cExport.cmake
[2.948s] -- Up-to-date: /home/lucas/Documents/Pratica4/workspace_2/install/action_tutorials_interfaces/share/action_tutorials_interfaces/cmake/export_action_tutorials_interfaces__rosidl_typesupport_fastrtps_cExport-noconfig.cmake
[2.974s] -- Up-to-date: /home/lucas/Documents/Pratica4/workspace_2/install/action_tutorials_interfaces/share/action_tutorials_interfaces/cmake/action_tutorials_interfaces__rosidl_typesupport_introspection_cExport.cmake
[2.974s] -- Up-to-date: /home/lucas/Documents/Pratica4/workspace_2/install/action_tutorials_interfaces/share/action_tutorials_interfaces/cmake/action_tutorials_interfaces__rosidl_typesupport_introspection_cExport-noconfig.cmake
[2.974s] -- Up-to-date: /home/lucas/Documents/Pratica4/workspace_2/install/action_tutorials_interfaces/share/action_tutorials_interfaces/cmake/action_tutorials_interfaces__rosidl_typesupport_cExport.cmake
[2.974s] -- Up-to-date: /home/lucas/Documents/Pratica4/workspace_2/install/action_tutorials_interfaces/share/action_tutorials_interfaces/cmake/action_tutorials_interfaces__rosidl_typesupport_cExport-noconfig.cmake
[2.976s] -- Up-to-date: /home/lucas/Documents/Pratica4/workspace_2/install/action_tutorials_interfaces/share/action_tutorials_interfaces/cmake/export_action_tutorials_interfaces__rosidl_generator_cppExport.cmake
[2.976s] -- Up-to-date: /home/lucas/Documents/Pratica4/workspace_2/install/action_tutorials_interfaces/share/action_tutorials_interfaces/cmake/export_action_tutorials_interfaces__rosidl_typesupport_fastrtps_cppExport.cmake
[2.976s] -- Up-to-date: /home/lucas/Documents/Pratica4/workspace_2/install/action_tutorials_interfaces/share/action_tutorials_interfaces/cmake/export_action_tutorials_interfaces__rosidl_typesupport_fastrtps_cppExport-noconfig.cmake
[2.976s] -- Up-to-date: /home/lucas/Documents/Pratica4/workspace_2/install/action_tutorials_interfaces/share/action_tutorials_interfaces/cmake/action_tutorials_interfaces__rosidl_typesupport_introspection_cppExport.cmake
[2.977s] -- Up-to-date: /home/lucas/Documents/Pratica4/workspace_2/install/action_tutorials_interfaces/share/action_tutorials_interfaces/cmake/action_tutorials_interfaces__rosidl_typesupport_introspection_cppExport-noconfig.cmake
[2.977s] -- Up-to-date: /home/lucas/Documents/Pratica4/workspace_2/install/action_tutorials_interfaces/share/action_tutorials_interfaces/cmake/action_tutorials_interfaces__rosidl_typesupport_cppExport.cmake
[2.977s] -- Up-to-date: /home/lucas/Documents/Pratica4/workspace_2/install/action_tutorials_interfaces/share/action_tutorials_interfaces/cmake/action_tutorials_interfaces__rosidl_typesupport_cppExport-noconfig.cmake
[2.977s] -- Up-to-date: /home/lucas/Documents/Pratica4/workspace_2/install/action_tutorials_interfaces/share/action_tutorials_interfaces/cmake/export_action_tutorials_interfaces__rosidl_generator_pyExport.cmake
[2.977s] -- Up-to-date: /home/lucas/Documents/Pratica4/workspace_2/install/action_tutorials_interfaces/share/action_tutorials_interfaces/cmake/export_action_tutorials_interfaces__rosidl_generator_pyExport-noconfig.cmake
[2.977s] -- Up-to-date: /home/lucas/Documents/Pratica4/workspace_2/install/action_tutorials_interfaces/share/action_tutorials_interfaces/cmake/rosidl_cmake-extras.cmake
[2.977s] -- Up-to-date: /home/lucas/Documents/Pratica4/workspace_2/install/action_tutorials_interfaces/share/action_tutorials_interfaces/cmake/ament_cmake_export_dependencies-extras.cmake
[2.977s] -- Up-to-date: /home/lucas/Documents/Pratica4/workspace_2/install/action_tutorials_interfaces/share/action_tutorials_interfaces/cmake/ament_cmake_export_include_directories-extras.cmake
[2.978s] -- Up-to-date: /home/lucas/Documents/Pratica4/workspace_2/install/action_tutorials_interfaces/share/action_tutorials_interfaces/cmake/ament_cmake_export_libraries-extras.cmake
[2.978s] -- Up-to-date: /home/lucas/Documents/Pratica4/workspace_2/install/action_tutorials_interfaces/share/action_tutorials_interfaces/cmake/ament_cmake_export_targets-extras.cmake
[2.978s] -- Up-to-date: /home/lucas/Documents/Pratica4/workspace_2/install/action_tutorials_interfaces/share/action_tutorials_interfaces/cmake/rosidl_cmake_export_typesupport_targets-extras.cmake
[2.981s] -- Up-to-date: /home/lucas/Documents/Pratica4/workspace_2/install/action_tutorials_interfaces/share/action_tutorials_interfaces/cmake/rosidl_cmake_export_typesupport_libraries-extras.cmake
[2.982s] -- Up-to-date: /home/lucas/Documents/Pratica4/workspace_2/install/action_tutorials_interfaces/share/action_tutorials_interfaces/cmake/action_tutorials_interfacesConfig.cmake
[2.982s] -- Up-to-date: /home/lucas/Documents/Pratica4/workspace_2/install/action_tutorials_interfaces/share/action_tutorials_interfaces/cmake/action_tutorials_interfacesConfig-version.cmake
[2.982s] -- Up-to-date: /home/lucas/Documents/Pratica4/workspace_2/install/action_tutorials_interfaces/share/action_tutorials_interfaces/package.xml
[3.002s] Invoked command in '/home/lucas/Documents/Pratica4/workspace_2/build/action_tutorials_interfaces' returned '0': CMAKE_PREFIX_PATH=${CMAKE_PREFIX_PATH}:/opt/ros/humble /usr/bin/cmake --install /home/lucas/Documents/Pratica4/workspace_2/build/action_tutorials_interfaces
