[0.083s] Invoking command in '/home/lucas/Documents/Pratica4/workspace_2/build/more_interfaces': CMAKE_PREFIX_PATH=${CMAKE_PREFIX_PATH}:/opt/ros/humble /usr/bin/cmake --build /home/lucas/Documents/Pratica4/workspace_2/build/more_interfaces -- -j4 -l4
[0.185s] [  9%] Built target more_interfaces__rosidl_generator_c
[0.213s] [  9%] Built target ament_cmake_python_copy_more_interfaces
[0.214s] [ 12%] Built target more_interfaces__cpp
[0.254s] [ 21%] Built target more_interfaces__rosidl_typesupport_fastrtps_c
[0.262s] [ 30%] Built target more_interfaces__rosidl_typesupport_introspection_c
[0.269s] [ 39%] Built target more_interfaces__rosidl_typesupport_c
[0.299s] [ 48%] Built target more_interfaces__rosidl_typesupport_cpp
[0.312s] [ 57%] Built target more_interfaces__rosidl_typesupport_fastrtps_cpp
[0.316s] [ 66%] Built target more_interfaces__rosidl_typesupport_introspection_cpp
[0.359s] [ 72%] Built target publish_address_book
[0.363s] [ 72%] Built target more_interfaces
[0.481s] [ 75%] Built target more_interfaces__py
[0.558s] [ 81%] Built target more_interfaces__rosidl_generator_py
[0.648s] [ 87%] Built target more_interfaces__rosidl_typesupport_introspection_c__pyext
[0.672s] [ 93%] Built target more_interfaces__rosidl_typesupport_fastrtps_c__pyext
[0.698s] [100%] Built target more_interfaces__rosidl_typesupport_c__pyext
[0.988s] running egg_info
[0.989s] writing more_interfaces.egg-info/PKG-INFO
[0.989s] writing dependency_links to more_interfaces.egg-info/dependency_links.txt
[0.990s] writing top-level names to more_interfaces.egg-info/top_level.txt
[0.994s] reading manifest file 'more_interfaces.egg-info/SOURCES.txt'
[0.996s] writing manifest file 'more_interfaces.egg-info/SOURCES.txt'
[1.084s] [100%] Built target ament_cmake_python_build_more_interfaces_egg
[1.125s] Invoked command in '/home/lucas/Documents/Pratica4/workspace_2/build/more_interfaces' returned '0': CMAKE_PREFIX_PATH=${CMAKE_PREFIX_PATH}:/opt/ros/humble /usr/bin/cmake --build /home/lucas/Documents/Pratica4/workspace_2/build/more_interfaces -- -j4 -l4
[1.506s] Invoking command in '/home/lucas/Documents/Pratica4/workspace_2/build/more_interfaces': CMAKE_PREFIX_PATH=${CMAKE_PREFIX_PATH}:/opt/ros/humble /usr/bin/cmake --install /home/lucas/Documents/Pratica4/workspace_2/build/more_interfaces
[1.525s] -- Install configuration: ""
[1.526s] -- Up-to-date: /home/lucas/Documents/Pratica4/workspace_2/install/more_interfaces/share/ament_index/resource_index/rosidl_interfaces/more_interfaces
[1.526s] -- Up-to-date: /home/lucas/Documents/Pratica4/workspace_2/install/more_interfaces/include/more_interfaces/more_interfaces
[1.526s] -- Up-to-date: /home/lucas/Documents/Pratica4/workspace_2/install/more_interfaces/include/more_interfaces/more_interfaces/msg
[1.526s] -- Up-to-date: /home/lucas/Documents/Pratica4/workspace_2/install/more_interfaces/include/more_interfaces/more_interfaces/msg/rosidl_generator_c__visibility_control.h
[1.526s] -- Up-to-date: /home/lucas/Documents/Pratica4/workspace_2/install/more_interfaces/include/more_interfaces/more_interfaces/msg/detail
[1.526s] -- Up-to-date: /home/lucas/Documents/Pratica4/workspace_2/install/more_interfaces/include/more_interfaces/more_interfaces/msg/detail/address_book__type_support.h
[1.527s] -- Up-to-date: /home/lucas/Documents/Pratica4/workspace_2/install/more_interfaces/include/more_interfaces/more_interfaces/msg/detail/address_book__functions.c
[1.527s] -- Up-to-date: /home/lucas/Documents/Pratica4/workspace_2/install/more_interfaces/include/more_interfaces/more_interfaces/msg/detail/address_book__functions.h
[1.527s] -- Up-to-date: /home/lucas/Documents/Pratica4/workspace_2/install/more_interfaces/include/more_interfaces/more_interfaces/msg/detail/address_book__struct.h
[1.527s] -- Up-to-date: /home/lucas/Documents/Pratica4/workspace_2/install/more_interfaces/include/more_interfaces/more_interfaces/msg/address_book.h
[1.527s] -- Up-to-date: /home/lucas/Documents/Pratica4/workspace_2/install/more_interfaces/share/more_interfaces/environment/library_path.sh
[1.528s] -- Up-to-date: /home/lucas/Documents/Pratica4/workspace_2/install/more_interfaces/share/more_interfaces/environment/library_path.dsv
[1.528s] -- Up-to-date: /home/lucas/Documents/Pratica4/workspace_2/install/more_interfaces/lib/libmore_interfaces__rosidl_generator_c.so
[1.528s] -- Up-to-date: /home/lucas/Documents/Pratica4/workspace_2/install/more_interfaces/include/more_interfaces/more_interfaces
[1.528s] -- Up-to-date: /home/lucas/Documents/Pratica4/workspace_2/install/more_interfaces/include/more_interfaces/more_interfaces/msg
[1.528s] -- Up-to-date: /home/lucas/Documents/Pratica4/workspace_2/install/more_interfaces/include/more_interfaces/more_interfaces/msg/rosidl_typesupport_fastrtps_c__visibility_control.h
[1.528s] -- Up-to-date: /home/lucas/Documents/Pratica4/workspace_2/install/more_interfaces/include/more_interfaces/more_interfaces/msg/detail
[1.529s] -- Up-to-date: /home/lucas/Documents/Pratica4/workspace_2/install/more_interfaces/include/more_interfaces/more_interfaces/msg/detail/address_book__rosidl_typesupport_fastrtps_c.h
[1.529s] -- Up-to-date: /home/lucas/Documents/Pratica4/workspace_2/install/more_interfaces/lib/libmore_interfaces__rosidl_typesupport_fastrtps_c.so
[1.545s] -- Up-to-date: /home/lucas/Documents/Pratica4/workspace_2/install/more_interfaces/include/more_interfaces/more_interfaces
[1.545s] -- Up-to-date: /home/lucas/Documents/Pratica4/workspace_2/install/more_interfaces/include/more_interfaces/more_interfaces/msg
[1.545s] -- Up-to-date: /home/lucas/Documents/Pratica4/workspace_2/install/more_interfaces/include/more_interfaces/more_interfaces/msg/rosidl_typesupport_introspection_c__visibility_control.h
[1.546s] -- Up-to-date: /home/lucas/Documents/Pratica4/workspace_2/install/more_interfaces/include/more_interfaces/more_interfaces/msg/detail
[1.546s] -- Up-to-date: /home/lucas/Documents/Pratica4/workspace_2/install/more_interfaces/include/more_interfaces/more_interfaces/msg/detail/address_book__type_support.c
[1.546s] -- Up-to-date: /home/lucas/Documents/Pratica4/workspace_2/install/more_interfaces/include/more_interfaces/more_interfaces/msg/detail/address_book__rosidl_typesupport_introspection_c.h
[1.546s] -- Up-to-date: /home/lucas/Documents/Pratica4/workspace_2/install/more_interfaces/lib/libmore_interfaces__rosidl_typesupport_introspection_c.so
[1.546s] -- Up-to-date: /home/lucas/Documents/Pratica4/workspace_2/install/more_interfaces/lib/libmore_interfaces__rosidl_typesupport_c.so
[1.546s] -- Up-to-date: /home/lucas/Documents/Pratica4/workspace_2/install/more_interfaces/include/more_interfaces/more_interfaces
[1.546s] -- Up-to-date: /home/lucas/Documents/Pratica4/workspace_2/install/more_interfaces/include/more_interfaces/more_interfaces/msg
[1.547s] -- Up-to-date: /home/lucas/Documents/Pratica4/workspace_2/install/more_interfaces/include/more_interfaces/more_interfaces/msg/detail
[1.547s] -- Up-to-date: /home/lucas/Documents/Pratica4/workspace_2/install/more_interfaces/include/more_interfaces/more_interfaces/msg/detail/address_book__traits.hpp
[1.547s] -- Up-to-date: /home/lucas/Documents/Pratica4/workspace_2/install/more_interfaces/include/more_interfaces/more_interfaces/msg/detail/address_book__builder.hpp
[1.547s] -- Up-to-date: /home/lucas/Documents/Pratica4/workspace_2/install/more_interfaces/include/more_interfaces/more_interfaces/msg/detail/address_book__struct.hpp
[1.547s] -- Up-to-date: /home/lucas/Documents/Pratica4/workspace_2/install/more_interfaces/include/more_interfaces/more_interfaces/msg/address_book.hpp
[1.547s] -- Up-to-date: /home/lucas/Documents/Pratica4/workspace_2/install/more_interfaces/include/more_interfaces/more_interfaces
[1.547s] -- Up-to-date: /home/lucas/Documents/Pratica4/workspace_2/install/more_interfaces/include/more_interfaces/more_interfaces/msg
[1.548s] -- Up-to-date: /home/lucas/Documents/Pratica4/workspace_2/install/more_interfaces/include/more_interfaces/more_interfaces/msg/rosidl_typesupport_fastrtps_cpp__visibility_control.h
[1.548s] -- Up-to-date: /home/lucas/Documents/Pratica4/workspace_2/install/more_interfaces/include/more_interfaces/more_interfaces/msg/detail
[1.548s] -- Up-to-date: /home/lucas/Documents/Pratica4/workspace_2/install/more_interfaces/include/more_interfaces/more_interfaces/msg/detail/dds_fastrtps
[1.548s] -- Up-to-date: /home/lucas/Documents/Pratica4/workspace_2/install/more_interfaces/include/more_interfaces/more_interfaces/msg/detail/address_book__rosidl_typesupport_fastrtps_cpp.hpp
[1.548s] -- Up-to-date: /home/lucas/Documents/Pratica4/workspace_2/install/more_interfaces/lib/libmore_interfaces__rosidl_typesupport_fastrtps_cpp.so
[1.548s] -- Up-to-date: /home/lucas/Documents/Pratica4/workspace_2/install/more_interfaces/include/more_interfaces/more_interfaces
[1.549s] -- Up-to-date: /home/lucas/Documents/Pratica4/workspace_2/install/more_interfaces/include/more_interfaces/more_interfaces/msg
[1.549s] -- Up-to-date: /home/lucas/Documents/Pratica4/workspace_2/install/more_interfaces/include/more_interfaces/more_interfaces/msg/detail
[1.550s] -- Up-to-date: /home/lucas/Documents/Pratica4/workspace_2/install/more_interfaces/include/more_interfaces/more_interfaces/msg/detail/address_book__rosidl_typesupport_introspection_cpp.hpp
[1.550s] -- Up-to-date: /home/lucas/Documents/Pratica4/workspace_2/install/more_interfaces/include/more_interfaces/more_interfaces/msg/detail/address_book__type_support.cpp
[1.550s] -- Up-to-date: /home/lucas/Documents/Pratica4/workspace_2/install/more_interfaces/lib/libmore_interfaces__rosidl_typesupport_introspection_cpp.so
[1.550s] -- Up-to-date: /home/lucas/Documents/Pratica4/workspace_2/install/more_interfaces/lib/libmore_interfaces__rosidl_typesupport_cpp.so
[1.550s] -- Up-to-date: /home/lucas/Documents/Pratica4/workspace_2/install/more_interfaces/share/more_interfaces/environment/pythonpath.sh
[1.550s] -- Up-to-date: /home/lucas/Documents/Pratica4/workspace_2/install/more_interfaces/share/more_interfaces/environment/pythonpath.dsv
[1.550s] -- Up-to-date: /home/lucas/Documents/Pratica4/workspace_2/install/more_interfaces/local/lib/python3.10/dist-packages/more_interfaces-0.0.0-py3.10.egg-info
[1.551s] -- Installing: /home/lucas/Documents/Pratica4/workspace_2/install/more_interfaces/local/lib/python3.10/dist-packages/more_interfaces-0.0.0-py3.10.egg-info/dependency_links.txt
[1.551s] -- Installing: /home/lucas/Documents/Pratica4/workspace_2/install/more_interfaces/local/lib/python3.10/dist-packages/more_interfaces-0.0.0-py3.10.egg-info/PKG-INFO
[1.552s] -- Installing: /home/lucas/Documents/Pratica4/workspace_2/install/more_interfaces/local/lib/python3.10/dist-packages/more_interfaces-0.0.0-py3.10.egg-info/SOURCES.txt
[1.552s] -- Installing: /home/lucas/Documents/Pratica4/workspace_2/install/more_interfaces/local/lib/python3.10/dist-packages/more_interfaces-0.0.0-py3.10.egg-info/top_level.txt
[1.552s] -- Up-to-date: /home/lucas/Documents/Pratica4/workspace_2/install/more_interfaces/local/lib/python3.10/dist-packages/more_interfaces
[1.553s] -- Up-to-date: /home/lucas/Documents/Pratica4/workspace_2/install/more_interfaces/local/lib/python3.10/dist-packages/more_interfaces/__init__.py
[1.553s] -- Up-to-date: /home/lucas/Documents/Pratica4/workspace_2/install/more_interfaces/local/lib/python3.10/dist-packages/more_interfaces/msg
[1.553s] -- Up-to-date: /home/lucas/Documents/Pratica4/workspace_2/install/more_interfaces/local/lib/python3.10/dist-packages/more_interfaces/msg/__init__.py
[1.553s] -- Up-to-date: /home/lucas/Documents/Pratica4/workspace_2/install/more_interfaces/local/lib/python3.10/dist-packages/more_interfaces/msg/_address_book_s.c
[1.553s] -- Up-to-date: /home/lucas/Documents/Pratica4/workspace_2/install/more_interfaces/local/lib/python3.10/dist-packages/more_interfaces/msg/_address_book.py
[1.553s] -- Up-to-date: /home/lucas/Documents/Pratica4/workspace_2/install/more_interfaces/local/lib/python3.10/dist-packages/more_interfaces/libmore_interfaces__rosidl_generator_py.so
[1.554s] -- Up-to-date: /home/lucas/Documents/Pratica4/workspace_2/install/more_interfaces/local/lib/python3.10/dist-packages/more_interfaces/more_interfaces_s__rosidl_typesupport_fastrtps_c.cpython-310-x86_64-linux-gnu.so
[1.554s] -- Up-to-date: /home/lucas/Documents/Pratica4/workspace_2/install/more_interfaces/local/lib/python3.10/dist-packages/more_interfaces/_more_interfaces_s.ep.rosidl_typesupport_c.c
[1.554s] -- Up-to-date: /home/lucas/Documents/Pratica4/workspace_2/install/more_interfaces/local/lib/python3.10/dist-packages/more_interfaces/_more_interfaces_s.ep.rosidl_typesupport_fastrtps_c.c
[1.554s] -- Up-to-date: /home/lucas/Documents/Pratica4/workspace_2/install/more_interfaces/local/lib/python3.10/dist-packages/more_interfaces/_more_interfaces_s.ep.rosidl_typesupport_introspection_c.c
[1.554s] -- Up-to-date: /home/lucas/Documents/Pratica4/workspace_2/install/more_interfaces/local/lib/python3.10/dist-packages/more_interfaces/more_interfaces_s__rosidl_typesupport_introspection_c.cpython-310-x86_64-linux-gnu.so
[1.554s] -- Up-to-date: /home/lucas/Documents/Pratica4/workspace_2/install/more_interfaces/local/lib/python3.10/dist-packages/more_interfaces/more_interfaces_s__rosidl_typesupport_c.cpython-310-x86_64-linux-gnu.so
[1.645s] Listing '/home/lucas/Documents/Pratica4/workspace_2/install/more_interfaces/local/lib/python3.10/dist-packages/more_interfaces'...
[1.645s] Listing '/home/lucas/Documents/Pratica4/workspace_2/install/more_interfaces/local/lib/python3.10/dist-packages/more_interfaces/msg'...
[1.656s] -- Up-to-date: /home/lucas/Documents/Pratica4/workspace_2/install/more_interfaces/local/lib/python3.10/dist-packages/more_interfaces/more_interfaces_s__rosidl_typesupport_fastrtps_c.cpython-310-x86_64-linux-gnu.so
[1.657s] -- Up-to-date: /home/lucas/Documents/Pratica4/workspace_2/install/more_interfaces/local/lib/python3.10/dist-packages/more_interfaces/more_interfaces_s__rosidl_typesupport_introspection_c.cpython-310-x86_64-linux-gnu.so
[1.657s] -- Up-to-date: /home/lucas/Documents/Pratica4/workspace_2/install/more_interfaces/local/lib/python3.10/dist-packages/more_interfaces/more_interfaces_s__rosidl_typesupport_c.cpython-310-x86_64-linux-gnu.so
[1.658s] -- Up-to-date: /home/lucas/Documents/Pratica4/workspace_2/install/more_interfaces/lib/libmore_interfaces__rosidl_generator_py.so
[1.658s] -- Up-to-date: /home/lucas/Documents/Pratica4/workspace_2/install/more_interfaces/share/more_interfaces/msg/AddressBook.idl
[1.658s] -- Up-to-date: /home/lucas/Documents/Pratica4/workspace_2/install/more_interfaces/share/more_interfaces/msg/AddressBook.msg
[1.659s] -- Up-to-date: /home/lucas/Documents/Pratica4/workspace_2/install/more_interfaces/lib/more_interfaces/publish_address_book
[1.659s] -- Up-to-date: /home/lucas/Documents/Pratica4/workspace_2/install/more_interfaces/share/ament_index/resource_index/package_run_dependencies/more_interfaces
[1.659s] -- Up-to-date: /home/lucas/Documents/Pratica4/workspace_2/install/more_interfaces/share/ament_index/resource_index/parent_prefix_path/more_interfaces
[1.660s] -- Up-to-date: /home/lucas/Documents/Pratica4/workspace_2/install/more_interfaces/share/more_interfaces/environment/ament_prefix_path.sh
[1.660s] -- Up-to-date: /home/lucas/Documents/Pratica4/workspace_2/install/more_interfaces/share/more_interfaces/environment/ament_prefix_path.dsv
[1.660s] -- Up-to-date: /home/lucas/Documents/Pratica4/workspace_2/install/more_interfaces/share/more_interfaces/environment/path.sh
[1.660s] -- Up-to-date: /home/lucas/Documents/Pratica4/workspace_2/install/more_interfaces/share/more_interfaces/environment/path.dsv
[1.660s] -- Up-to-date: /home/lucas/Documents/Pratica4/workspace_2/install/more_interfaces/share/more_interfaces/local_setup.bash
[1.661s] -- Up-to-date: /home/lucas/Documents/Pratica4/workspace_2/install/more_interfaces/share/more_interfaces/local_setup.sh
[1.661s] -- Up-to-date: /home/lucas/Documents/Pratica4/workspace_2/install/more_interfaces/share/more_interfaces/local_setup.zsh
[1.661s] -- Up-to-date: /home/lucas/Documents/Pratica4/workspace_2/install/more_interfaces/share/more_interfaces/local_setup.dsv
[1.661s] -- Installing: /home/lucas/Documents/Pratica4/workspace_2/install/more_interfaces/share/more_interfaces/package.dsv
[1.661s] -- Up-to-date: /home/lucas/Documents/Pratica4/workspace_2/install/more_interfaces/share/ament_index/resource_index/packages/more_interfaces
[1.662s] -- Up-to-date: /home/lucas/Documents/Pratica4/workspace_2/install/more_interfaces/share/more_interfaces/cmake/export_more_interfaces__rosidl_generator_cExport.cmake
[1.662s] -- Up-to-date: /home/lucas/Documents/Pratica4/workspace_2/install/more_interfaces/share/more_interfaces/cmake/export_more_interfaces__rosidl_generator_cExport-noconfig.cmake
[1.662s] -- Up-to-date: /home/lucas/Documents/Pratica4/workspace_2/install/more_interfaces/share/more_interfaces/cmake/export_more_interfaces__rosidl_typesupport_fastrtps_cExport.cmake
[1.662s] -- Up-to-date: /home/lucas/Documents/Pratica4/workspace_2/install/more_interfaces/share/more_interfaces/cmake/export_more_interfaces__rosidl_typesupport_fastrtps_cExport-noconfig.cmake
[1.662s] -- Up-to-date: /home/lucas/Documents/Pratica4/workspace_2/install/more_interfaces/share/more_interfaces/cmake/more_interfaces__rosidl_typesupport_introspection_cExport.cmake
[1.666s] -- Up-to-date: /home/lucas/Documents/Pratica4/workspace_2/install/more_interfaces/share/more_interfaces/cmake/more_interfaces__rosidl_typesupport_introspection_cExport-noconfig.cmake
[1.666s] -- Up-to-date: /home/lucas/Documents/Pratica4/workspace_2/install/more_interfaces/share/more_interfaces/cmake/more_interfaces__rosidl_typesupport_cExport.cmake
[1.666s] -- Up-to-date: /home/lucas/Documents/Pratica4/workspace_2/install/more_interfaces/share/more_interfaces/cmake/more_interfaces__rosidl_typesupport_cExport-noconfig.cmake
[1.667s] -- Up-to-date: /home/lucas/Documents/Pratica4/workspace_2/install/more_interfaces/share/more_interfaces/cmake/export_more_interfaces__rosidl_generator_cppExport.cmake
[1.667s] -- Up-to-date: /home/lucas/Documents/Pratica4/workspace_2/install/more_interfaces/share/more_interfaces/cmake/export_more_interfaces__rosidl_typesupport_fastrtps_cppExport.cmake
[1.667s] -- Up-to-date: /home/lucas/Documents/Pratica4/workspace_2/install/more_interfaces/share/more_interfaces/cmake/export_more_interfaces__rosidl_typesupport_fastrtps_cppExport-noconfig.cmake
[1.668s] -- Up-to-date: /home/lucas/Documents/Pratica4/workspace_2/install/more_interfaces/share/more_interfaces/cmake/more_interfaces__rosidl_typesupport_introspection_cppExport.cmake
[1.668s] -- Up-to-date: /home/lucas/Documents/Pratica4/workspace_2/install/more_interfaces/share/more_interfaces/cmake/more_interfaces__rosidl_typesupport_introspection_cppExport-noconfig.cmake
[1.668s] -- Up-to-date: /home/lucas/Documents/Pratica4/workspace_2/install/more_interfaces/share/more_interfaces/cmake/more_interfaces__rosidl_typesupport_cppExport.cmake
[1.668s] -- Up-to-date: /home/lucas/Documents/Pratica4/workspace_2/install/more_interfaces/share/more_interfaces/cmake/more_interfaces__rosidl_typesupport_cppExport-noconfig.cmake
[1.668s] -- Up-to-date: /home/lucas/Documents/Pratica4/workspace_2/install/more_interfaces/share/more_interfaces/cmake/export_more_interfaces__rosidl_generator_pyExport.cmake
[1.669s] -- Up-to-date: /home/lucas/Documents/Pratica4/workspace_2/install/more_interfaces/share/more_interfaces/cmake/export_more_interfaces__rosidl_generator_pyExport-noconfig.cmake
[1.669s] -- Up-to-date: /home/lucas/Documents/Pratica4/workspace_2/install/more_interfaces/share/more_interfaces/cmake/rosidl_cmake-extras.cmake
[1.669s] -- Up-to-date: /home/lucas/Documents/Pratica4/workspace_2/install/more_interfaces/share/more_interfaces/cmake/ament_cmake_export_include_directories-extras.cmake
[1.669s] -- Up-to-date: /home/lucas/Documents/Pratica4/workspace_2/install/more_interfaces/share/more_interfaces/cmake/ament_cmake_export_libraries-extras.cmake
[1.669s] -- Up-to-date: /home/lucas/Documents/Pratica4/workspace_2/install/more_interfaces/share/more_interfaces/cmake/ament_cmake_export_targets-extras.cmake
[1.669s] -- Up-to-date: /home/lucas/Documents/Pratica4/workspace_2/install/more_interfaces/share/more_interfaces/cmake/rosidl_cmake_export_typesupport_targets-extras.cmake
[1.670s] -- Up-to-date: /home/lucas/Documents/Pratica4/workspace_2/install/more_interfaces/share/more_interfaces/cmake/ament_cmake_export_dependencies-extras.cmake
[1.670s] -- Up-to-date: /home/lucas/Documents/Pratica4/workspace_2/install/more_interfaces/share/more_interfaces/cmake/rosidl_cmake_export_typesupport_libraries-extras.cmake
[1.670s] -- Up-to-date: /home/lucas/Documents/Pratica4/workspace_2/install/more_interfaces/share/more_interfaces/cmake/more_interfacesConfig.cmake
[1.672s] -- Up-to-date: /home/lucas/Documents/Pratica4/workspace_2/install/more_interfaces/share/more_interfaces/cmake/more_interfacesConfig-version.cmake
[1.672s] -- Up-to-date: /home/lucas/Documents/Pratica4/workspace_2/install/more_interfaces/share/more_interfaces/package.xml
[1.685s] Invoked command in '/home/lucas/Documents/Pratica4/workspace_2/build/more_interfaces' returned '0': CMAKE_PREFIX_PATH=${CMAKE_PREFIX_PATH}:/opt/ros/humble /usr/bin/cmake --install /home/lucas/Documents/Pratica4/workspace_2/build/more_interfaces
