[0.461s] Invoking command in '/home/lucas/Documents/Pratica4/workspace_2/build/my_code': CMAKE_PREFIX_PATH=/opt/ros/humble /usr/bin/cmake /home/lucas/Documents/Pratica4/workspace_2/src/my_code -DCMAKE_INSTALL_PREFIX=/home/lucas/Documents/Pratica4/workspace_2/install/my_code
[1.136s] -- The C compiler identification is GNU 11.4.0
[1.355s] -- The CXX compiler identification is GNU 11.4.0
[1.411s] -- Detecting C compiler ABI info
[1.798s] -- Detecting C compiler ABI info - done
[1.813s] -- Check for working C compiler: /usr/bin/cc - skipped
[1.814s] -- Detecting C compile features
[1.859s] -- Detecting C compile features - done
[1.867s] -- Detecting CXX compiler ABI info
[2.044s] -- Detecting CXX compiler ABI info - done
[2.054s] -- Check for working CXX compiler: /usr/bin/c++ - skipped
[2.054s] -- Detecting CXX compile features
[2.054s] -- Detecting CXX compile features - done
[2.450s] -- Found ament_cmake: 1.3.8 (/opt/ros/humble/share/ament_cmake/cmake)
[2.903s] -- Found Python3: /usr/bin/python3 (found version "3.10.12") found components: Interpreter 
[3.581s] -- Found ament_lint_auto: 0.12.10 (/opt/ros/humble/share/ament_lint_auto/cmake)
[3.836s] -- Added test 'lint_cmake' to check CMake code style
[3.838s] -- Added test 'xmllint' to check XML markup files
[3.842s] -- Configuring done
[3.846s] -- Generating done
[3.848s] -- Build files have been written to: /home/lucas/Documents/Pratica4/workspace_2/build/my_code
[3.855s] Invoked command in '/home/lucas/Documents/Pratica4/workspace_2/build/my_code' returned '0': CMAKE_PREFIX_PATH=/opt/ros/humble /usr/bin/cmake /home/lucas/Documents/Pratica4/workspace_2/src/my_code -DCMAKE_INSTALL_PREFIX=/home/lucas/Documents/Pratica4/workspace_2/install/my_code
[3.857s] Invoking command in '/home/lucas/Documents/Pratica4/workspace_2/build/my_code': CMAKE_PREFIX_PATH=/opt/ros/humble /usr/bin/cmake --build /home/lucas/Documents/Pratica4/workspace_2/build/my_code -- -j4 -l4
[3.904s] Invoked command in '/home/lucas/Documents/Pratica4/workspace_2/build/my_code' returned '0': CMAKE_PREFIX_PATH=/opt/ros/humble /usr/bin/cmake --build /home/lucas/Documents/Pratica4/workspace_2/build/my_code -- -j4 -l4
[3.934s] Invoking command in '/home/lucas/Documents/Pratica4/workspace_2/build/my_code': CMAKE_PREFIX_PATH=/opt/ros/humble /usr/bin/cmake --install /home/lucas/Documents/Pratica4/workspace_2/build/my_code
[3.944s] -- Install configuration: ""
[3.944s] -- Installing: /home/lucas/Documents/Pratica4/workspace_2/install/my_code/share/ament_index/resource_index/package_run_dependencies/my_code
[3.944s] -- Installing: /home/lucas/Documents/Pratica4/workspace_2/install/my_code/share/ament_index/resource_index/parent_prefix_path/my_code
[3.945s] -- Installing: /home/lucas/Documents/Pratica4/workspace_2/install/my_code/share/my_code/environment/ament_prefix_path.sh
[3.945s] -- Installing: /home/lucas/Documents/Pratica4/workspace_2/install/my_code/share/my_code/environment/ament_prefix_path.dsv
[3.945s] -- Installing: /home/lucas/Documents/Pratica4/workspace_2/install/my_code/share/my_code/environment/path.sh
[3.946s] -- Installing: /home/lucas/Documents/Pratica4/workspace_2/install/my_code/share/my_code/environment/path.dsv
[3.946s] -- Installing: /home/lucas/Documents/Pratica4/workspace_2/install/my_code/share/my_code/local_setup.bash
[3.946s] -- Installing: /home/lucas/Documents/Pratica4/workspace_2/install/my_code/share/my_code/local_setup.sh
[3.946s] -- Installing: /home/lucas/Documents/Pratica4/workspace_2/install/my_code/share/my_code/local_setup.zsh
[3.946s] -- Installing: /home/lucas/Documents/Pratica4/workspace_2/install/my_code/share/my_code/local_setup.dsv
[3.947s] -- Installing: /home/lucas/Documents/Pratica4/workspace_2/install/my_code/share/my_code/package.dsv
[3.947s] -- Installing: /home/lucas/Documents/Pratica4/workspace_2/install/my_code/share/ament_index/resource_index/packages/my_code
[3.947s] -- Installing: /home/lucas/Documents/Pratica4/workspace_2/install/my_code/share/my_code/cmake/my_codeConfig.cmake
[3.948s] -- Installing: /home/lucas/Documents/Pratica4/workspace_2/install/my_code/share/my_code/cmake/my_codeConfig-version.cmake
[3.948s] -- Installing: /home/lucas/Documents/Pratica4/workspace_2/install/my_code/share/my_code/package.xml
[3.951s] Invoked command in '/home/lucas/Documents/Pratica4/workspace_2/build/my_code' returned '0': CMAKE_PREFIX_PATH=/opt/ros/humble /usr/bin/cmake --install /home/lucas/Documents/Pratica4/workspace_2/build/my_code
