[0.088s] Invoking command in '/home/lucas/Documents/Pratica4/workspace_2/build/more_interfaces': CMAKE_PREFIX_PATH=${CMAKE_PREFIX_PATH}:/opt/ros/humble /usr/bin/cmake /home/lucas/Documents/Pratica4/workspace_2/src/more_interfaces -DCMAKE_INSTALL_PREFIX=/home/lucas/Documents/Pratica4/workspace_2/install/more_interfaces
[1.059s] -- The C compiler identification is GNU 11.4.0
[2.473s] -- The CXX compiler identification is GNU 11.4.0
[2.916s] -- Detecting C compiler ABI info
[3.584s] -- Detecting C compiler ABI info - done
[3.593s] -- Check for working C compiler: /usr/bin/cc - skipped
[3.616s] -- Detecting C compile features
[3.641s] -- Detecting C compile features - done
[3.698s] -- Detecting CXX compiler ABI info
[3.879s] -- Detecting CXX compiler ABI info - done
[3.891s] -- Check for working CXX compiler: /usr/bin/c++ - skipped
[3.891s] -- Detecting CXX compile features
[3.892s] -- Detecting CXX compile features - done
[3.951s] -- Found ament_cmake: 1.3.8 (/opt/ros/humble/share/ament_cmake/cmake)
[4.467s] -- Found Python3: /usr/bin/python3 (found version "3.10.12") found components: Interpreter 
[6.417s] -- Found rosidl_default_generators: 1.2.0 (/opt/ros/humble/share/rosidl_default_generators/cmake)
[6.458s] -- Using all available rosidl_typesupport_c: rosidl_typesupport_fastrtps_c;rosidl_typesupport_introspection_c
[6.915s] -- Found rosidl_adapter: 3.1.5 (/opt/ros/humble/share/rosidl_adapter/cmake)
[7.210s] -- Using all available rosidl_typesupport_cpp: rosidl_typesupport_fastrtps_cpp;rosidl_typesupport_introspection_cpp
[8.158s] -- Found ament_cmake_ros: 0.10.0 (/opt/ros/humble/share/ament_cmake_ros/cmake)
[9.103s] -- Using all available rosidl_typesupport_c: rosidl_typesupport_fastrtps_c;rosidl_typesupport_introspection_c
[9.732s] -- Using all available rosidl_typesupport_cpp: rosidl_typesupport_fastrtps_cpp;rosidl_typesupport_introspection_cpp
[9.848s] -- Found PythonInterp: /usr/bin/python3 (found suitable version "3.10.12", minimum required is "3.6") 
[9.866s] -- Found python_cmake_module: 0.10.0 (/opt/ros/humble/share/python_cmake_module/cmake)
[10.216s] -- Found PythonLibs: /usr/lib/x86_64-linux-gnu/libpython3.10.so (found suitable version "3.10.12", minimum required is "3.5") 
[10.216s] -- Using PYTHON_EXECUTABLE: /usr/bin/python3
[10.217s] -- Using PYTHON_INCLUDE_DIRS: /usr/include/python3.10
[10.217s] -- Using PYTHON_LIBRARIES: /usr/lib/x86_64-linux-gnu/libpython3.10.so
[10.270s] -- Found PythonExtra: .so  
[10.410s] -- Found ament_lint_auto: 0.12.10 (/opt/ros/humble/share/ament_lint_auto/cmake)
[10.920s] -- Added test 'cppcheck' to perform static code analysis on C / C++ code
[10.922s] -- Configured cppcheck include dirs: 
[10.922s] -- Configured cppcheck exclude dirs and/or files: 
[10.925s] -- Added test 'lint_cmake' to check CMake code style
[10.929s] -- Added test 'uncrustify' to check C / C++ code style
[10.929s] -- Configured uncrustify additional arguments: 
[10.931s] -- Added test 'xmllint' to check XML markup files
[10.937s] -- Configuring done
[10.979s] -- Generating done
[10.984s] -- Build files have been written to: /home/lucas/Documents/Pratica4/workspace_2/build/more_interfaces
[10.994s] Invoked command in '/home/lucas/Documents/Pratica4/workspace_2/build/more_interfaces' returned '0': CMAKE_PREFIX_PATH=${CMAKE_PREFIX_PATH}:/opt/ros/humble /usr/bin/cmake /home/lucas/Documents/Pratica4/workspace_2/src/more_interfaces -DCMAKE_INSTALL_PREFIX=/home/lucas/Documents/Pratica4/workspace_2/install/more_interfaces
[10.997s] Invoking command in '/home/lucas/Documents/Pratica4/workspace_2/build/more_interfaces': CMAKE_PREFIX_PATH=${CMAKE_PREFIX_PATH}:/opt/ros/humble /usr/bin/cmake --build /home/lucas/Documents/Pratica4/workspace_2/build/more_interfaces -- -j4 -l4
[11.056s] [  3%] [34m[1mGenerating C code for ROS interfaces[0m
[11.072s] [  6%] [34m[1mGenerating C++ code for ROS interfaces[0m
[11.088s] [  6%] Built target ament_cmake_python_copy_more_interfaces
[11.591s] running egg_info
[11.593s] creating more_interfaces.egg-info
[11.594s] writing more_interfaces.egg-info/PKG-INFO
[11.594s] writing dependency_links to more_interfaces.egg-info/dependency_links.txt
[11.595s] writing top-level names to more_interfaces.egg-info/top_level.txt
[11.595s] writing manifest file 'more_interfaces.egg-info/SOURCES.txt'
[11.616s] reading manifest file 'more_interfaces.egg-info/SOURCES.txt'
[11.617s] writing manifest file 'more_interfaces.egg-info/SOURCES.txt'
[11.658s] [  6%] Built target ament_cmake_python_build_more_interfaces_egg
[11.961s] [  6%] Built target more_interfaces__cpp
[11.962s] [  9%] [32mBuilding C object CMakeFiles/more_interfaces__rosidl_generator_c.dir/rosidl_generator_c/more_interfaces/msg/detail/address_book__functions.c.o[0m
[11.972s] [ 12%] [34m[1mGenerating C++ type support for eProsima Fast-RTPS[0m
[11.979s] [ 16%] [34m[1mGenerating C++ type support dispatch for ROS interfaces[0m
[12.012s] [ 19%] [34m[1mGenerating C++ introspection for ROS interfaces[0m
[12.519s] [ 22%] [32m[1mLinking C shared library libmore_interfaces__rosidl_generator_c.so[0m
[12.602s] [ 22%] Built target more_interfaces__rosidl_generator_c
[12.623s] [ 25%] [34m[1mGenerating C type support for eProsima Fast-RTPS[0m
[12.687s] [ 29%] [32mBuilding CXX object CMakeFiles/more_interfaces__rosidl_typesupport_cpp.dir/rosidl_typesupport_cpp/more_interfaces/msg/address_book__type_support.cpp.o[0m
[12.859s] [ 32%] [32mBuilding CXX object CMakeFiles/more_interfaces__rosidl_typesupport_fastrtps_cpp.dir/rosidl_typesupport_fastrtps_cpp/more_interfaces/msg/detail/dds_fastrtps/address_book__type_support.cpp.o[0m
[12.866s] [ 35%] [32mBuilding CXX object CMakeFiles/more_interfaces__rosidl_typesupport_introspection_cpp.dir/rosidl_typesupport_introspection_cpp/more_interfaces/msg/detail/address_book__type_support.cpp.o[0m
[13.436s] [ 38%] [32mBuilding CXX object CMakeFiles/more_interfaces__rosidl_typesupport_fastrtps_c.dir/rosidl_typesupport_fastrtps_c/more_interfaces/msg/detail/address_book__type_support_c.cpp.o[0m
[14.495s] [ 41%] [32m[1mLinking CXX shared library libmore_interfaces__rosidl_typesupport_cpp.so[0m
[14.767s] [ 41%] Built target more_interfaces__rosidl_typesupport_cpp
[14.781s] [ 45%] [34m[1mGenerating C introspection for ROS interfaces[0m
[15.079s] [ 48%] [32m[1mLinking CXX shared library libmore_interfaces__rosidl_typesupport_fastrtps_c.so[0m
[15.080s] [ 51%] [32m[1mLinking CXX shared library libmore_interfaces__rosidl_typesupport_introspection_cpp.so[0m
[15.102s] [ 54%] [32m[1mLinking CXX shared library libmore_interfaces__rosidl_typesupport_fastrtps_cpp.so[0m
[15.374s] [ 54%] Built target more_interfaces__rosidl_typesupport_introspection_cpp
[15.389s] [ 54%] Built target more_interfaces__rosidl_typesupport_fastrtps_cpp
[15.393s] [ 58%] [34m[1mGenerating C type support dispatch for ROS interfaces[0m
[15.434s] [ 58%] Built target more_interfaces__rosidl_typesupport_fastrtps_c
[15.736s] [ 61%] [32mBuilding C object CMakeFiles/more_interfaces__rosidl_typesupport_introspection_c.dir/rosidl_typesupport_introspection_c/more_interfaces/msg/detail/address_book__type_support.c.o[0m
[15.808s] [ 64%] [32m[1mLinking C shared library libmore_interfaces__rosidl_typesupport_introspection_c.so[0m
[15.849s] [ 64%] Built target more_interfaces__rosidl_typesupport_introspection_c
[15.951s] [ 67%] [32mBuilding CXX object CMakeFiles/more_interfaces__rosidl_typesupport_c.dir/rosidl_typesupport_c/more_interfaces/msg/address_book__type_support.cpp.o[0m
[16.001s] [ 70%] [32m[1mLinking CXX shared library libmore_interfaces__rosidl_typesupport_c.so[0m
[16.054s] [ 70%] Built target more_interfaces__rosidl_typesupport_c
[16.078s] [ 70%] Built target more_interfaces
[16.104s] [ 74%] [34m[1mGenerating Python code for ROS interfaces[0m
[16.810s] [ 74%] Built target more_interfaces__py
[16.834s] [ 77%] [32mBuilding C object CMakeFiles/more_interfaces__rosidl_generator_py.dir/rosidl_generator_py/more_interfaces/msg/_address_book_s.c.o[0m
[17.316s] [ 80%] [32m[1mLinking C shared library rosidl_generator_py/more_interfaces/libmore_interfaces__rosidl_generator_py.so[0m
[17.365s] [ 80%] Built target more_interfaces__rosidl_generator_py
[17.391s] [ 83%] [32mBuilding C object CMakeFiles/more_interfaces__rosidl_typesupport_introspection_c__pyext.dir/rosidl_generator_py/more_interfaces/_more_interfaces_s.ep.rosidl_typesupport_introspection_c.c.o[0m
[17.400s] [ 90%] [32mBuilding C object CMakeFiles/more_interfaces__rosidl_typesupport_c__pyext.dir/rosidl_generator_py/more_interfaces/_more_interfaces_s.ep.rosidl_typesupport_c.c.o[0m
[17.401s] [ 90%] [32mBuilding C object CMakeFiles/more_interfaces__rosidl_typesupport_fastrtps_c__pyext.dir/rosidl_generator_py/more_interfaces/_more_interfaces_s.ep.rosidl_typesupport_fastrtps_c.c.o[0m
[17.621s] [ 93%] [32m[1mLinking C shared library rosidl_generator_py/more_interfaces/more_interfaces_s__rosidl_typesupport_fastrtps_c.cpython-310-x86_64-linux-gnu.so[0m
[17.625s] [ 96%] [32m[1mLinking C shared library rosidl_generator_py/more_interfaces/more_interfaces_s__rosidl_typesupport_introspection_c.cpython-310-x86_64-linux-gnu.so[0m
[17.626s] [100%] [32m[1mLinking C shared library rosidl_generator_py/more_interfaces/more_interfaces_s__rosidl_typesupport_c.cpython-310-x86_64-linux-gnu.so[0m
[17.675s] [100%] Built target more_interfaces__rosidl_typesupport_introspection_c__pyext
[17.678s] [100%] Built target more_interfaces__rosidl_typesupport_fastrtps_c__pyext
[17.683s] [100%] Built target more_interfaces__rosidl_typesupport_c__pyext
[17.700s] Invoked command in '/home/lucas/Documents/Pratica4/workspace_2/build/more_interfaces' returned '0': CMAKE_PREFIX_PATH=${CMAKE_PREFIX_PATH}:/opt/ros/humble /usr/bin/cmake --build /home/lucas/Documents/Pratica4/workspace_2/build/more_interfaces -- -j4 -l4
[17.798s] Invoking command in '/home/lucas/Documents/Pratica4/workspace_2/build/more_interfaces': CMAKE_PREFIX_PATH=${CMAKE_PREFIX_PATH}:/opt/ros/humble /usr/bin/cmake --install /home/lucas/Documents/Pratica4/workspace_2/build/more_interfaces
[17.807s] -- Install configuration: ""
[17.808s] -- Installing: /home/lucas/Documents/Pratica4/workspace_2/install/more_interfaces/share/ament_index/resource_index/rosidl_interfaces/more_interfaces
[17.808s] -- Installing: /home/lucas/Documents/Pratica4/workspace_2/install/more_interfaces/include/more_interfaces/more_interfaces
[17.808s] -- Installing: /home/lucas/Documents/Pratica4/workspace_2/install/more_interfaces/include/more_interfaces/more_interfaces/msg
[17.809s] -- Installing: /home/lucas/Documents/Pratica4/workspace_2/install/more_interfaces/include/more_interfaces/more_interfaces/msg/rosidl_generator_c__visibility_control.h
[17.809s] -- Installing: /home/lucas/Documents/Pratica4/workspace_2/install/more_interfaces/include/more_interfaces/more_interfaces/msg/detail
[17.809s] -- Installing: /home/lucas/Documents/Pratica4/workspace_2/install/more_interfaces/include/more_interfaces/more_interfaces/msg/detail/address_book__type_support.h
[17.809s] -- Installing: /home/lucas/Documents/Pratica4/workspace_2/install/more_interfaces/include/more_interfaces/more_interfaces/msg/detail/address_book__functions.c
[17.809s] -- Installing: /home/lucas/Documents/Pratica4/workspace_2/install/more_interfaces/include/more_interfaces/more_interfaces/msg/detail/address_book__functions.h
[17.809s] -- Installing: /home/lucas/Documents/Pratica4/workspace_2/install/more_interfaces/include/more_interfaces/more_interfaces/msg/detail/address_book__struct.h
[17.810s] -- Installing: /home/lucas/Documents/Pratica4/workspace_2/install/more_interfaces/include/more_interfaces/more_interfaces/msg/address_book.h
[17.810s] -- Installing: /home/lucas/Documents/Pratica4/workspace_2/install/more_interfaces/share/more_interfaces/environment/library_path.sh
[17.810s] -- Installing: /home/lucas/Documents/Pratica4/workspace_2/install/more_interfaces/share/more_interfaces/environment/library_path.dsv
[17.810s] -- Installing: /home/lucas/Documents/Pratica4/workspace_2/install/more_interfaces/lib/libmore_interfaces__rosidl_generator_c.so
[17.811s] -- Set runtime path of "/home/lucas/Documents/Pratica4/workspace_2/install/more_interfaces/lib/libmore_interfaces__rosidl_generator_c.so" to ""
[17.811s] -- Up-to-date: /home/lucas/Documents/Pratica4/workspace_2/install/more_interfaces/include/more_interfaces/more_interfaces
[17.811s] -- Up-to-date: /home/lucas/Documents/Pratica4/workspace_2/install/more_interfaces/include/more_interfaces/more_interfaces/msg
[17.811s] -- Installing: /home/lucas/Documents/Pratica4/workspace_2/install/more_interfaces/include/more_interfaces/more_interfaces/msg/rosidl_typesupport_fastrtps_c__visibility_control.h
[17.812s] -- Up-to-date: /home/lucas/Documents/Pratica4/workspace_2/install/more_interfaces/include/more_interfaces/more_interfaces/msg/detail
[17.812s] -- Installing: /home/lucas/Documents/Pratica4/workspace_2/install/more_interfaces/include/more_interfaces/more_interfaces/msg/detail/address_book__rosidl_typesupport_fastrtps_c.h
[17.812s] -- Installing: /home/lucas/Documents/Pratica4/workspace_2/install/more_interfaces/lib/libmore_interfaces__rosidl_typesupport_fastrtps_c.so
[17.812s] -- Set runtime path of "/home/lucas/Documents/Pratica4/workspace_2/install/more_interfaces/lib/libmore_interfaces__rosidl_typesupport_fastrtps_c.so" to ""
[17.813s] -- Up-to-date: /home/lucas/Documents/Pratica4/workspace_2/install/more_interfaces/include/more_interfaces/more_interfaces
[17.813s] -- Up-to-date: /home/lucas/Documents/Pratica4/workspace_2/install/more_interfaces/include/more_interfaces/more_interfaces/msg
[17.813s] -- Installing: /home/lucas/Documents/Pratica4/workspace_2/install/more_interfaces/include/more_interfaces/more_interfaces/msg/rosidl_typesupport_introspection_c__visibility_control.h
[17.813s] -- Up-to-date: /home/lucas/Documents/Pratica4/workspace_2/install/more_interfaces/include/more_interfaces/more_interfaces/msg/detail
[17.813s] -- Installing: /home/lucas/Documents/Pratica4/workspace_2/install/more_interfaces/include/more_interfaces/more_interfaces/msg/detail/address_book__type_support.c
[17.814s] -- Installing: /home/lucas/Documents/Pratica4/workspace_2/install/more_interfaces/include/more_interfaces/more_interfaces/msg/detail/address_book__rosidl_typesupport_introspection_c.h
[17.814s] -- Installing: /home/lucas/Documents/Pratica4/workspace_2/install/more_interfaces/lib/libmore_interfaces__rosidl_typesupport_introspection_c.so
[17.814s] -- Set runtime path of "/home/lucas/Documents/Pratica4/workspace_2/install/more_interfaces/lib/libmore_interfaces__rosidl_typesupport_introspection_c.so" to ""
[17.814s] -- Installing: /home/lucas/Documents/Pratica4/workspace_2/install/more_interfaces/lib/libmore_interfaces__rosidl_typesupport_c.so
[17.815s] -- Set runtime path of "/home/lucas/Documents/Pratica4/workspace_2/install/more_interfaces/lib/libmore_interfaces__rosidl_typesupport_c.so" to ""
[17.815s] -- Up-to-date: /home/lucas/Documents/Pratica4/workspace_2/install/more_interfaces/include/more_interfaces/more_interfaces
[17.815s] -- Up-to-date: /home/lucas/Documents/Pratica4/workspace_2/install/more_interfaces/include/more_interfaces/more_interfaces/msg
[17.816s] -- Up-to-date: /home/lucas/Documents/Pratica4/workspace_2/install/more_interfaces/include/more_interfaces/more_interfaces/msg/detail
[17.816s] -- Installing: /home/lucas/Documents/Pratica4/workspace_2/install/more_interfaces/include/more_interfaces/more_interfaces/msg/detail/address_book__traits.hpp
[17.816s] -- Installing: /home/lucas/Documents/Pratica4/workspace_2/install/more_interfaces/include/more_interfaces/more_interfaces/msg/detail/address_book__builder.hpp
[17.816s] -- Installing: /home/lucas/Documents/Pratica4/workspace_2/install/more_interfaces/include/more_interfaces/more_interfaces/msg/detail/address_book__struct.hpp
[17.816s] -- Installing: /home/lucas/Documents/Pratica4/workspace_2/install/more_interfaces/include/more_interfaces/more_interfaces/msg/address_book.hpp
[17.817s] -- Up-to-date: /home/lucas/Documents/Pratica4/workspace_2/install/more_interfaces/include/more_interfaces/more_interfaces
[17.817s] -- Up-to-date: /home/lucas/Documents/Pratica4/workspace_2/install/more_interfaces/include/more_interfaces/more_interfaces/msg
[17.817s] -- Installing: /home/lucas/Documents/Pratica4/workspace_2/install/more_interfaces/include/more_interfaces/more_interfaces/msg/rosidl_typesupport_fastrtps_cpp__visibility_control.h
[17.817s] -- Up-to-date: /home/lucas/Documents/Pratica4/workspace_2/install/more_interfaces/include/more_interfaces/more_interfaces/msg/detail
[17.817s] -- Installing: /home/lucas/Documents/Pratica4/workspace_2/install/more_interfaces/include/more_interfaces/more_interfaces/msg/detail/dds_fastrtps
[17.817s] -- Installing: /home/lucas/Documents/Pratica4/workspace_2/install/more_interfaces/include/more_interfaces/more_interfaces/msg/detail/address_book__rosidl_typesupport_fastrtps_cpp.hpp
[17.818s] -- Installing: /home/lucas/Documents/Pratica4/workspace_2/install/more_interfaces/lib/libmore_interfaces__rosidl_typesupport_fastrtps_cpp.so
[17.818s] -- Set runtime path of "/home/lucas/Documents/Pratica4/workspace_2/install/more_interfaces/lib/libmore_interfaces__rosidl_typesupport_fastrtps_cpp.so" to ""
[17.818s] -- Up-to-date: /home/lucas/Documents/Pratica4/workspace_2/install/more_interfaces/include/more_interfaces/more_interfaces
[17.818s] -- Up-to-date: /home/lucas/Documents/Pratica4/workspace_2/install/more_interfaces/include/more_interfaces/more_interfaces/msg
[17.818s] -- Up-to-date: /home/lucas/Documents/Pratica4/workspace_2/install/more_interfaces/include/more_interfaces/more_interfaces/msg/detail
[17.819s] -- Installing: /home/lucas/Documents/Pratica4/workspace_2/install/more_interfaces/include/more_interfaces/more_interfaces/msg/detail/address_book__rosidl_typesupport_introspection_cpp.hpp
[17.819s] -- Installing: /home/lucas/Documents/Pratica4/workspace_2/install/more_interfaces/include/more_interfaces/more_interfaces/msg/detail/address_book__type_support.cpp
[17.819s] -- Installing: /home/lucas/Documents/Pratica4/workspace_2/install/more_interfaces/lib/libmore_interfaces__rosidl_typesupport_introspection_cpp.so
[17.819s] -- Set runtime path of "/home/lucas/Documents/Pratica4/workspace_2/install/more_interfaces/lib/libmore_interfaces__rosidl_typesupport_introspection_cpp.so" to ""
[17.819s] -- Installing: /home/lucas/Documents/Pratica4/workspace_2/install/more_interfaces/lib/libmore_interfaces__rosidl_typesupport_cpp.so
[17.820s] -- Set runtime path of "/home/lucas/Documents/Pratica4/workspace_2/install/more_interfaces/lib/libmore_interfaces__rosidl_typesupport_cpp.so" to ""
[17.820s] -- Installing: /home/lucas/Documents/Pratica4/workspace_2/install/more_interfaces/share/more_interfaces/environment/pythonpath.sh
[17.821s] -- Installing: /home/lucas/Documents/Pratica4/workspace_2/install/more_interfaces/share/more_interfaces/environment/pythonpath.dsv
[17.821s] -- Installing: /home/lucas/Documents/Pratica4/workspace_2/install/more_interfaces/local/lib/python3.10/dist-packages/more_interfaces-0.0.0-py3.10.egg-info
[17.821s] -- Installing: /home/lucas/Documents/Pratica4/workspace_2/install/more_interfaces/local/lib/python3.10/dist-packages/more_interfaces-0.0.0-py3.10.egg-info/dependency_links.txt
[17.821s] -- Installing: /home/lucas/Documents/Pratica4/workspace_2/install/more_interfaces/local/lib/python3.10/dist-packages/more_interfaces-0.0.0-py3.10.egg-info/PKG-INFO
[17.821s] -- Installing: /home/lucas/Documents/Pratica4/workspace_2/install/more_interfaces/local/lib/python3.10/dist-packages/more_interfaces-0.0.0-py3.10.egg-info/SOURCES.txt
[17.888s] -- Installing: /home/lucas/Documents/Pratica4/workspace_2/install/more_interfaces/local/lib/python3.10/dist-packages/more_interfaces-0.0.0-py3.10.egg-info/top_level.txt
[17.889s] -- Installing: /home/lucas/Documents/Pratica4/workspace_2/install/more_interfaces/local/lib/python3.10/dist-packages/more_interfaces
[17.889s] -- Installing: /home/lucas/Documents/Pratica4/workspace_2/install/more_interfaces/local/lib/python3.10/dist-packages/more_interfaces/__init__.py
[17.889s] -- Installing: /home/lucas/Documents/Pratica4/workspace_2/install/more_interfaces/local/lib/python3.10/dist-packages/more_interfaces/msg
[17.890s] -- Installing: /home/lucas/Documents/Pratica4/workspace_2/install/more_interfaces/local/lib/python3.10/dist-packages/more_interfaces/msg/__init__.py
[17.890s] -- Installing: /home/lucas/Documents/Pratica4/workspace_2/install/more_interfaces/local/lib/python3.10/dist-packages/more_interfaces/msg/_address_book_s.c
[17.890s] -- Installing: /home/lucas/Documents/Pratica4/workspace_2/install/more_interfaces/local/lib/python3.10/dist-packages/more_interfaces/msg/_address_book.py
[17.891s] -- Installing: /home/lucas/Documents/Pratica4/workspace_2/install/more_interfaces/local/lib/python3.10/dist-packages/more_interfaces/libmore_interfaces__rosidl_generator_py.so
[17.891s] -- Installing: /home/lucas/Documents/Pratica4/workspace_2/install/more_interfaces/local/lib/python3.10/dist-packages/more_interfaces/more_interfaces_s__rosidl_typesupport_fastrtps_c.cpython-310-x86_64-linux-gnu.so
[17.891s] -- Installing: /home/lucas/Documents/Pratica4/workspace_2/install/more_interfaces/local/lib/python3.10/dist-packages/more_interfaces/_more_interfaces_s.ep.rosidl_typesupport_c.c
[17.892s] -- Installing: /home/lucas/Documents/Pratica4/workspace_2/install/more_interfaces/local/lib/python3.10/dist-packages/more_interfaces/_more_interfaces_s.ep.rosidl_typesupport_fastrtps_c.c
[17.892s] -- Installing: /home/lucas/Documents/Pratica4/workspace_2/install/more_interfaces/local/lib/python3.10/dist-packages/more_interfaces/_more_interfaces_s.ep.rosidl_typesupport_introspection_c.c
[17.892s] -- Installing: /home/lucas/Documents/Pratica4/workspace_2/install/more_interfaces/local/lib/python3.10/dist-packages/more_interfaces/more_interfaces_s__rosidl_typesupport_introspection_c.cpython-310-x86_64-linux-gnu.so
[17.892s] -- Installing: /home/lucas/Documents/Pratica4/workspace_2/install/more_interfaces/local/lib/python3.10/dist-packages/more_interfaces/more_interfaces_s__rosidl_typesupport_c.cpython-310-x86_64-linux-gnu.so
[18.001s] Listing '/home/lucas/Documents/Pratica4/workspace_2/install/more_interfaces/local/lib/python3.10/dist-packages/more_interfaces'...
[18.002s] Compiling '/home/lucas/Documents/Pratica4/workspace_2/install/more_interfaces/local/lib/python3.10/dist-packages/more_interfaces/__init__.py'...
[18.002s] Listing '/home/lucas/Documents/Pratica4/workspace_2/install/more_interfaces/local/lib/python3.10/dist-packages/more_interfaces/msg'...
[18.002s] Compiling '/home/lucas/Documents/Pratica4/workspace_2/install/more_interfaces/local/lib/python3.10/dist-packages/more_interfaces/msg/__init__.py'...
[18.002s] Compiling '/home/lucas/Documents/Pratica4/workspace_2/install/more_interfaces/local/lib/python3.10/dist-packages/more_interfaces/msg/_address_book.py'...
[18.011s] -- Installing: /home/lucas/Documents/Pratica4/workspace_2/install/more_interfaces/local/lib/python3.10/dist-packages/more_interfaces/more_interfaces_s__rosidl_typesupport_fastrtps_c.cpython-310-x86_64-linux-gnu.so
[18.012s] -- Set runtime path of "/home/lucas/Documents/Pratica4/workspace_2/install/more_interfaces/local/lib/python3.10/dist-packages/more_interfaces/more_interfaces_s__rosidl_typesupport_fastrtps_c.cpython-310-x86_64-linux-gnu.so" to ""
[18.013s] -- Installing: /home/lucas/Documents/Pratica4/workspace_2/install/more_interfaces/local/lib/python3.10/dist-packages/more_interfaces/more_interfaces_s__rosidl_typesupport_introspection_c.cpython-310-x86_64-linux-gnu.so
[18.013s] -- Set runtime path of "/home/lucas/Documents/Pratica4/workspace_2/install/more_interfaces/local/lib/python3.10/dist-packages/more_interfaces/more_interfaces_s__rosidl_typesupport_introspection_c.cpython-310-x86_64-linux-gnu.so" to ""
[18.013s] -- Installing: /home/lucas/Documents/Pratica4/workspace_2/install/more_interfaces/local/lib/python3.10/dist-packages/more_interfaces/more_interfaces_s__rosidl_typesupport_c.cpython-310-x86_64-linux-gnu.so
[18.015s] -- Set runtime path of "/home/lucas/Documents/Pratica4/workspace_2/install/more_interfaces/local/lib/python3.10/dist-packages/more_interfaces/more_interfaces_s__rosidl_typesupport_c.cpython-310-x86_64-linux-gnu.so" to ""
[18.015s] -- Installing: /home/lucas/Documents/Pratica4/workspace_2/install/more_interfaces/lib/libmore_interfaces__rosidl_generator_py.so
[18.015s] -- Set runtime path of "/home/lucas/Documents/Pratica4/workspace_2/install/more_interfaces/lib/libmore_interfaces__rosidl_generator_py.so" to ""
[18.016s] -- Installing: /home/lucas/Documents/Pratica4/workspace_2/install/more_interfaces/share/more_interfaces/msg/AddressBook.idl
[18.017s] -- Installing: /home/lucas/Documents/Pratica4/workspace_2/install/more_interfaces/share/more_interfaces/msg/AddressBook.msg
[18.018s] -- Installing: /home/lucas/Documents/Pratica4/workspace_2/install/more_interfaces/share/ament_index/resource_index/package_run_dependencies/more_interfaces
[18.019s] -- Installing: /home/lucas/Documents/Pratica4/workspace_2/install/more_interfaces/share/ament_index/resource_index/parent_prefix_path/more_interfaces
[18.019s] -- Installing: /home/lucas/Documents/Pratica4/workspace_2/install/more_interfaces/share/more_interfaces/environment/ament_prefix_path.sh
[18.019s] -- Installing: /home/lucas/Documents/Pratica4/workspace_2/install/more_interfaces/share/more_interfaces/environment/ament_prefix_path.dsv
[18.019s] -- Installing: /home/lucas/Documents/Pratica4/workspace_2/install/more_interfaces/share/more_interfaces/environment/path.sh
[18.019s] -- Installing: /home/lucas/Documents/Pratica4/workspace_2/install/more_interfaces/share/more_interfaces/environment/path.dsv
[18.020s] -- Installing: /home/lucas/Documents/Pratica4/workspace_2/install/more_interfaces/share/more_interfaces/local_setup.bash
[18.020s] -- Installing: /home/lucas/Documents/Pratica4/workspace_2/install/more_interfaces/share/more_interfaces/local_setup.sh
[18.021s] -- Installing: /home/lucas/Documents/Pratica4/workspace_2/install/more_interfaces/share/more_interfaces/local_setup.zsh
[18.021s] -- Installing: /home/lucas/Documents/Pratica4/workspace_2/install/more_interfaces/share/more_interfaces/local_setup.dsv
[18.021s] -- Installing: /home/lucas/Documents/Pratica4/workspace_2/install/more_interfaces/share/more_interfaces/package.dsv
[18.021s] -- Installing: /home/lucas/Documents/Pratica4/workspace_2/install/more_interfaces/share/ament_index/resource_index/packages/more_interfaces
[18.021s] -- Installing: /home/lucas/Documents/Pratica4/workspace_2/install/more_interfaces/share/more_interfaces/cmake/export_more_interfaces__rosidl_generator_cExport.cmake
[18.022s] -- Installing: /home/lucas/Documents/Pratica4/workspace_2/install/more_interfaces/share/more_interfaces/cmake/export_more_interfaces__rosidl_generator_cExport-noconfig.cmake
[18.022s] -- Installing: /home/lucas/Documents/Pratica4/workspace_2/install/more_interfaces/share/more_interfaces/cmake/export_more_interfaces__rosidl_typesupport_fastrtps_cExport.cmake
[18.022s] -- Installing: /home/lucas/Documents/Pratica4/workspace_2/install/more_interfaces/share/more_interfaces/cmake/export_more_interfaces__rosidl_typesupport_fastrtps_cExport-noconfig.cmake
[18.023s] -- Installing: /home/lucas/Documents/Pratica4/workspace_2/install/more_interfaces/share/more_interfaces/cmake/more_interfaces__rosidl_typesupport_introspection_cExport.cmake
[18.023s] -- Installing: /home/lucas/Documents/Pratica4/workspace_2/install/more_interfaces/share/more_interfaces/cmake/more_interfaces__rosidl_typesupport_introspection_cExport-noconfig.cmake
[18.023s] -- Installing: /home/lucas/Documents/Pratica4/workspace_2/install/more_interfaces/share/more_interfaces/cmake/more_interfaces__rosidl_typesupport_cExport.cmake
[18.023s] -- Installing: /home/lucas/Documents/Pratica4/workspace_2/install/more_interfaces/share/more_interfaces/cmake/more_interfaces__rosidl_typesupport_cExport-noconfig.cmake
[18.024s] -- Installing: /home/lucas/Documents/Pratica4/workspace_2/install/more_interfaces/share/more_interfaces/cmake/export_more_interfaces__rosidl_generator_cppExport.cmake
[18.026s] -- Installing: /home/lucas/Documents/Pratica4/workspace_2/install/more_interfaces/share/more_interfaces/cmake/export_more_interfaces__rosidl_typesupport_fastrtps_cppExport.cmake
[18.026s] -- Installing: /home/lucas/Documents/Pratica4/workspace_2/install/more_interfaces/share/more_interfaces/cmake/export_more_interfaces__rosidl_typesupport_fastrtps_cppExport-noconfig.cmake
[18.027s] -- Installing: /home/lucas/Documents/Pratica4/workspace_2/install/more_interfaces/share/more_interfaces/cmake/more_interfaces__rosidl_typesupport_introspection_cppExport.cmake
[18.027s] -- Installing: /home/lucas/Documents/Pratica4/workspace_2/install/more_interfaces/share/more_interfaces/cmake/more_interfaces__rosidl_typesupport_introspection_cppExport-noconfig.cmake
[18.027s] -- Installing: /home/lucas/Documents/Pratica4/workspace_2/install/more_interfaces/share/more_interfaces/cmake/more_interfaces__rosidl_typesupport_cppExport.cmake
[18.027s] -- Installing: /home/lucas/Documents/Pratica4/workspace_2/install/more_interfaces/share/more_interfaces/cmake/more_interfaces__rosidl_typesupport_cppExport-noconfig.cmake
[18.027s] -- Installing: /home/lucas/Documents/Pratica4/workspace_2/install/more_interfaces/share/more_interfaces/cmake/export_more_interfaces__rosidl_generator_pyExport.cmake
[18.027s] -- Installing: /home/lucas/Documents/Pratica4/workspace_2/install/more_interfaces/share/more_interfaces/cmake/export_more_interfaces__rosidl_generator_pyExport-noconfig.cmake
[18.029s] -- Installing: /home/lucas/Documents/Pratica4/workspace_2/install/more_interfaces/share/more_interfaces/cmake/rosidl_cmake-extras.cmake
[18.029s] -- Installing: /home/lucas/Documents/Pratica4/workspace_2/install/more_interfaces/share/more_interfaces/cmake/ament_cmake_export_include_directories-extras.cmake
[18.029s] -- Installing: /home/lucas/Documents/Pratica4/workspace_2/install/more_interfaces/share/more_interfaces/cmake/ament_cmake_export_libraries-extras.cmake
[18.030s] -- Installing: /home/lucas/Documents/Pratica4/workspace_2/install/more_interfaces/share/more_interfaces/cmake/ament_cmake_export_targets-extras.cmake
[18.030s] -- Installing: /home/lucas/Documents/Pratica4/workspace_2/install/more_interfaces/share/more_interfaces/cmake/rosidl_cmake_export_typesupport_targets-extras.cmake
[18.030s] -- Installing: /home/lucas/Documents/Pratica4/workspace_2/install/more_interfaces/share/more_interfaces/cmake/ament_cmake_export_dependencies-extras.cmake
[18.030s] -- Installing: /home/lucas/Documents/Pratica4/workspace_2/install/more_interfaces/share/more_interfaces/cmake/rosidl_cmake_export_typesupport_libraries-extras.cmake
[18.030s] -- Installing: /home/lucas/Documents/Pratica4/workspace_2/install/more_interfaces/share/more_interfaces/cmake/more_interfacesConfig.cmake
[18.030s] -- Installing: /home/lucas/Documents/Pratica4/workspace_2/install/more_interfaces/share/more_interfaces/cmake/more_interfacesConfig-version.cmake
[18.030s] -- Installing: /home/lucas/Documents/Pratica4/workspace_2/install/more_interfaces/share/more_interfaces/package.xml
[18.033s] Invoked command in '/home/lucas/Documents/Pratica4/workspace_2/build/more_interfaces' returned '0': CMAKE_PREFIX_PATH=${CMAKE_PREFIX_PATH}:/opt/ros/humble /usr/bin/cmake --install /home/lucas/Documents/Pratica4/workspace_2/build/more_interfaces
