[0.182s] Invoking command in '/home/lucas/Documents/Pratica4/workspace_2/build/aws_robomaker_small_warehouse_world': CMAKE_PREFIX_PATH=${CMAKE_PREFIX_PATH}:/opt/ros/humble /usr/bin/cmake --build /home/lucas/Documents/Pratica4/workspace_2/build/aws_robomaker_small_warehouse_world -- -j4 -l4
[0.361s] Invoked command in '/home/lucas/Documents/Pratica4/workspace_2/build/aws_robomaker_small_warehouse_world' returned '0': CMAKE_PREFIX_PATH=${CMAKE_PREFIX_PATH}:/opt/ros/humble /usr/bin/cmake --build /home/lucas/Documents/Pratica4/workspace_2/build/aws_robomaker_small_warehouse_world -- -j4 -l4
[0.540s] Invoking command in '/home/lucas/Documents/Pratica4/workspace_2/build/aws_robomaker_small_warehouse_world': CMAKE_PREFIX_PATH=${CMAKE_PREFIX_PATH}:/opt/ros/humble /usr/bin/cmake --install /home/lucas/Documents/Pratica4/workspace_2/build/aws_robomaker_small_warehouse_world
[0.554s] -- Install configuration: ""
[0.555s] -- Up-to-date: /home/lucas/Documents/Pratica4/workspace_2/install/aws_robomaker_small_warehouse_world/share/aws_robomaker_small_warehouse_world/launch
[0.555s] -- Up-to-date: /home/lucas/Documents/Pratica4/workspace_2/install/aws_robomaker_small_warehouse_world/share/aws_robomaker_small_warehouse_world/launch/small_warehouse.launch.py
[0.556s] -- Up-to-date: /home/lucas/Documents/Pratica4/workspace_2/install/aws_robomaker_small_warehouse_world/share/aws_robomaker_small_warehouse_world/launch/no_roof_small_warehouse.launch.py
[0.556s] -- Up-to-date: /home/lucas/Documents/Pratica4/workspace_2/install/aws_robomaker_small_warehouse_world/share/aws_robomaker_small_warehouse_world/models
[0.556s] -- Up-to-date: /home/lucas/Documents/Pratica4/workspace_2/install/aws_robomaker_small_warehouse_world/share/aws_robomaker_small_warehouse_world/models/aws_robomaker_warehouse_ClutteringA_01
[0.556s] -- Up-to-date: /home/lucas/Documents/Pratica4/workspace_2/install/aws_robomaker_small_warehouse_world/share/aws_robomaker_small_warehouse_world/models/aws_robomaker_warehouse_ClutteringA_01/model.config
[0.556s] -- Up-to-date: /home/lucas/Documents/Pratica4/workspace_2/install/aws_robomaker_small_warehouse_world/share/aws_robomaker_small_warehouse_world/models/aws_robomaker_warehouse_ClutteringA_01/meshes
[0.557s] -- Up-to-date: /home/lucas/Documents/Pratica4/workspace_2/install/aws_robomaker_small_warehouse_world/share/aws_robomaker_small_warehouse_world/models/aws_robomaker_warehouse_ClutteringA_01/meshes/aws_robomaker_warehouse_ClutteringA_01_collision.DAE
[0.557s] -- Up-to-date: /home/lucas/Documents/Pratica4/workspace_2/install/aws_robomaker_small_warehouse_world/share/aws_robomaker_small_warehouse_world/models/aws_robomaker_warehouse_ClutteringA_01/meshes/aws_robomaker_warehouse_ClutteringA_01_visual.DAE
[0.557s] -- Up-to-date: /home/lucas/Documents/Pratica4/workspace_2/install/aws_robomaker_small_warehouse_world/share/aws_robomaker_small_warehouse_world/models/aws_robomaker_warehouse_ClutteringA_01/model.sdf
[0.557s] -- Up-to-date: /home/lucas/Documents/Pratica4/workspace_2/install/aws_robomaker_small_warehouse_world/share/aws_robomaker_small_warehouse_world/models/aws_robomaker_warehouse_ClutteringA_01/materials
[0.557s] -- Up-to-date: /home/lucas/Documents/Pratica4/workspace_2/install/aws_robomaker_small_warehouse_world/share/aws_robomaker_small_warehouse_world/models/aws_robomaker_warehouse_ClutteringA_01/materials/textures
[0.557s] -- Up-to-date: /home/lucas/Documents/Pratica4/workspace_2/install/aws_robomaker_small_warehouse_world/share/aws_robomaker_small_warehouse_world/models/aws_robomaker_warehouse_ClutteringA_01/materials/textures/aws_robomaker_warehouse_ClutteringA_03.png
[0.558s] -- Up-to-date: /home/lucas/Documents/Pratica4/workspace_2/install/aws_robomaker_small_warehouse_world/share/aws_robomaker_small_warehouse_world/models/aws_robomaker_warehouse_ClutteringA_01/materials/textures/aws_robomaker_warehouse_ClutteringA_02.png
[0.558s] -- Up-to-date: /home/lucas/Documents/Pratica4/workspace_2/install/aws_robomaker_small_warehouse_world/share/aws_robomaker_small_warehouse_world/models/aws_robomaker_warehouse_ClutteringA_01/materials/textures/aws_robomaker_warehouse_ClutteringA_01.png
[0.558s] -- Up-to-date: /home/lucas/Documents/Pratica4/workspace_2/install/aws_robomaker_small_warehouse_world/share/aws_robomaker_small_warehouse_world/models/aws_robomaker_warehouse_ClutteringA_01/materials/textures/.DS_Store
[0.558s] -- Up-to-date: /home/lucas/Documents/Pratica4/workspace_2/install/aws_robomaker_small_warehouse_world/share/aws_robomaker_small_warehouse_world/models/aws_robomaker_warehouse_ClutteringA_01/materials/.DS_Store
[0.558s] -- Up-to-date: /home/lucas/Documents/Pratica4/workspace_2/install/aws_robomaker_small_warehouse_world/share/aws_robomaker_small_warehouse_world/models/aws_robomaker_warehouse_ClutteringA_01/.DS_Store
[0.559s] -- Up-to-date: /home/lucas/Documents/Pratica4/workspace_2/install/aws_robomaker_small_warehouse_world/share/aws_robomaker_small_warehouse_world/models/aws_robomaker_warehouse_GroundB_01
[0.559s] -- Up-to-date: /home/lucas/Documents/Pratica4/workspace_2/install/aws_robomaker_small_warehouse_world/share/aws_robomaker_small_warehouse_world/models/aws_robomaker_warehouse_GroundB_01/model.config
[0.564s] -- Up-to-date: /home/lucas/Documents/Pratica4/workspace_2/install/aws_robomaker_small_warehouse_world/share/aws_robomaker_small_warehouse_world/models/aws_robomaker_warehouse_GroundB_01/meshes
[0.564s] -- Up-to-date: /home/lucas/Documents/Pratica4/workspace_2/install/aws_robomaker_small_warehouse_world/share/aws_robomaker_small_warehouse_world/models/aws_robomaker_warehouse_GroundB_01/meshes/aws_robomaker_warehouse_GroundB_01_collision.DAE
[0.565s] -- Up-to-date: /home/lucas/Documents/Pratica4/workspace_2/install/aws_robomaker_small_warehouse_world/share/aws_robomaker_small_warehouse_world/models/aws_robomaker_warehouse_GroundB_01/meshes/aws_robomaker_warehouse_GroundB_01_visual.DAE
[0.566s] -- Up-to-date: /home/lucas/Documents/Pratica4/workspace_2/install/aws_robomaker_small_warehouse_world/share/aws_robomaker_small_warehouse_world/models/aws_robomaker_warehouse_GroundB_01/model.sdf
[0.566s] -- Up-to-date: /home/lucas/Documents/Pratica4/workspace_2/install/aws_robomaker_small_warehouse_world/share/aws_robomaker_small_warehouse_world/models/aws_robomaker_warehouse_GroundB_01/materials
[0.566s] -- Up-to-date: /home/lucas/Documents/Pratica4/workspace_2/install/aws_robomaker_small_warehouse_world/share/aws_robomaker_small_warehouse_world/models/aws_robomaker_warehouse_GroundB_01/materials/textures
[0.567s] -- Up-to-date: /home/lucas/Documents/Pratica4/workspace_2/install/aws_robomaker_small_warehouse_world/share/aws_robomaker_small_warehouse_world/models/aws_robomaker_warehouse_GroundB_01/materials/textures/aws_robomaker_warehouse_GroundB_01.png
[0.567s] -- Up-to-date: /home/lucas/Documents/Pratica4/workspace_2/install/aws_robomaker_small_warehouse_world/share/aws_robomaker_small_warehouse_world/models/aws_robomaker_warehouse_GroundB_01/materials/textures/aws_robomaker_warehouse_GroundB_02.png
[0.567s] -- Up-to-date: /home/lucas/Documents/Pratica4/workspace_2/install/aws_robomaker_small_warehouse_world/share/aws_robomaker_small_warehouse_world/models/aws_robomaker_warehouse_WallB_01
[0.567s] -- Up-to-date: /home/lucas/Documents/Pratica4/workspace_2/install/aws_robomaker_small_warehouse_world/share/aws_robomaker_small_warehouse_world/models/aws_robomaker_warehouse_WallB_01/model.config
[0.567s] -- Up-to-date: /home/lucas/Documents/Pratica4/workspace_2/install/aws_robomaker_small_warehouse_world/share/aws_robomaker_small_warehouse_world/models/aws_robomaker_warehouse_WallB_01/meshes
[0.568s] -- Up-to-date: /home/lucas/Documents/Pratica4/workspace_2/install/aws_robomaker_small_warehouse_world/share/aws_robomaker_small_warehouse_world/models/aws_robomaker_warehouse_WallB_01/meshes/aws_robomaker_warehouse_WallB_01_collision.DAE
[0.568s] -- Up-to-date: /home/lucas/Documents/Pratica4/workspace_2/install/aws_robomaker_small_warehouse_world/share/aws_robomaker_small_warehouse_world/models/aws_robomaker_warehouse_WallB_01/meshes/aws_robomaker_warehouse_WallB_01_visual.DAE
[0.568s] -- Up-to-date: /home/lucas/Documents/Pratica4/workspace_2/install/aws_robomaker_small_warehouse_world/share/aws_robomaker_small_warehouse_world/models/aws_robomaker_warehouse_WallB_01/model.sdf
[0.568s] -- Up-to-date: /home/lucas/Documents/Pratica4/workspace_2/install/aws_robomaker_small_warehouse_world/share/aws_robomaker_small_warehouse_world/models/aws_robomaker_warehouse_WallB_01/materials
[0.568s] -- Up-to-date: /home/lucas/Documents/Pratica4/workspace_2/install/aws_robomaker_small_warehouse_world/share/aws_robomaker_small_warehouse_world/models/aws_robomaker_warehouse_WallB_01/materials/textures
[0.568s] -- Up-to-date: /home/lucas/Documents/Pratica4/workspace_2/install/aws_robomaker_small_warehouse_world/share/aws_robomaker_small_warehouse_world/models/aws_robomaker_warehouse_WallB_01/materials/textures/aws_robomaker_warehouse_WallB_01.png
[0.568s] -- Up-to-date: /home/lucas/Documents/Pratica4/workspace_2/install/aws_robomaker_small_warehouse_world/share/aws_robomaker_small_warehouse_world/models/aws_robomaker_warehouse_DeskC_01
[0.569s] -- Up-to-date: /home/lucas/Documents/Pratica4/workspace_2/install/aws_robomaker_small_warehouse_world/share/aws_robomaker_small_warehouse_world/models/aws_robomaker_warehouse_DeskC_01/model.config
[0.569s] -- Up-to-date: /home/lucas/Documents/Pratica4/workspace_2/install/aws_robomaker_small_warehouse_world/share/aws_robomaker_small_warehouse_world/models/aws_robomaker_warehouse_DeskC_01/meshes
[0.569s] -- Up-to-date: /home/lucas/Documents/Pratica4/workspace_2/install/aws_robomaker_small_warehouse_world/share/aws_robomaker_small_warehouse_world/models/aws_robomaker_warehouse_DeskC_01/meshes/aws_robomaker_warehouse_DeskC_01_collision.DAE
[0.569s] -- Up-to-date: /home/lucas/Documents/Pratica4/workspace_2/install/aws_robomaker_small_warehouse_world/share/aws_robomaker_small_warehouse_world/models/aws_robomaker_warehouse_DeskC_01/meshes/aws_robomaker_warehouse_DeskC_01_visual.DAE
[0.569s] -- Up-to-date: /home/lucas/Documents/Pratica4/workspace_2/install/aws_robomaker_small_warehouse_world/share/aws_robomaker_small_warehouse_world/models/aws_robomaker_warehouse_DeskC_01/model.sdf
[0.569s] -- Up-to-date: /home/lucas/Documents/Pratica4/workspace_2/install/aws_robomaker_small_warehouse_world/share/aws_robomaker_small_warehouse_world/models/aws_robomaker_warehouse_DeskC_01/materials
[0.569s] -- Up-to-date: /home/lucas/Documents/Pratica4/workspace_2/install/aws_robomaker_small_warehouse_world/share/aws_robomaker_small_warehouse_world/models/aws_robomaker_warehouse_DeskC_01/materials/textures
[0.569s] -- Up-to-date: /home/lucas/Documents/Pratica4/workspace_2/install/aws_robomaker_small_warehouse_world/share/aws_robomaker_small_warehouse_world/models/aws_robomaker_warehouse_DeskC_01/materials/textures/aws_robomaker_warehouse_DeskC_04.png
[0.570s] -- Up-to-date: /home/lucas/Documents/Pratica4/workspace_2/install/aws_robomaker_small_warehouse_world/share/aws_robomaker_small_warehouse_world/models/aws_robomaker_warehouse_DeskC_01/materials/textures/aws_robomaker_warehouse_DeskC_02.png
[0.570s] -- Up-to-date: /home/lucas/Documents/Pratica4/workspace_2/install/aws_robomaker_small_warehouse_world/share/aws_robomaker_small_warehouse_world/models/aws_robomaker_warehouse_DeskC_01/materials/textures/aws_robomaker_warehouse_DeskC_01.png
[0.570s] -- Up-to-date: /home/lucas/Documents/Pratica4/workspace_2/install/aws_robomaker_small_warehouse_world/share/aws_robomaker_small_warehouse_world/models/aws_robomaker_warehouse_DeskC_01/materials/textures/aws_robomaker_warehouse_DeskC_03.psd
[0.570s] -- Up-to-date: /home/lucas/Documents/Pratica4/workspace_2/install/aws_robomaker_small_warehouse_world/share/aws_robomaker_small_warehouse_world/models/aws_robomaker_warehouse_DeskC_01/materials/textures/aws_robomaker_warehouse_DeskC_03.png
[0.570s] -- Up-to-date: /home/lucas/Documents/Pratica4/workspace_2/install/aws_robomaker_small_warehouse_world/share/aws_robomaker_small_warehouse_world/models/aws_robomaker_warehouse_DeskC_01/materials/.DS_Store
[0.570s] -- Up-to-date: /home/lucas/Documents/Pratica4/workspace_2/install/aws_robomaker_small_warehouse_world/share/aws_robomaker_small_warehouse_world/models/aws_robomaker_warehouse_PalletJackB_01
[0.570s] -- Up-to-date: /home/lucas/Documents/Pratica4/workspace_2/install/aws_robomaker_small_warehouse_world/share/aws_robomaker_small_warehouse_world/models/aws_robomaker_warehouse_PalletJackB_01/model.config
[0.570s] -- Up-to-date: /home/lucas/Documents/Pratica4/workspace_2/install/aws_robomaker_small_warehouse_world/share/aws_robomaker_small_warehouse_world/models/aws_robomaker_warehouse_PalletJackB_01/meshes
[0.571s] -- Up-to-date: /home/lucas/Documents/Pratica4/workspace_2/install/aws_robomaker_small_warehouse_world/share/aws_robomaker_small_warehouse_world/models/aws_robomaker_warehouse_PalletJackB_01/meshes/aws_robomaker_warehouse_PalletJackB_01_visual.DAE
[0.571s] -- Up-to-date: /home/lucas/Documents/Pratica4/workspace_2/install/aws_robomaker_small_warehouse_world/share/aws_robomaker_small_warehouse_world/models/aws_robomaker_warehouse_PalletJackB_01/meshes/aws_robomaker_warehouse_PalletJackB_01_collision.DAE
[0.571s] -- Up-to-date: /home/lucas/Documents/Pratica4/workspace_2/install/aws_robomaker_small_warehouse_world/share/aws_robomaker_small_warehouse_world/models/aws_robomaker_warehouse_PalletJackB_01/model.sdf
[0.571s] -- Up-to-date: /home/lucas/Documents/Pratica4/workspace_2/install/aws_robomaker_small_warehouse_world/share/aws_robomaker_small_warehouse_world/models/aws_robomaker_warehouse_PalletJackB_01/materials
[0.571s] -- Up-to-date: /home/lucas/Documents/Pratica4/workspace_2/install/aws_robomaker_small_warehouse_world/share/aws_robomaker_small_warehouse_world/models/aws_robomaker_warehouse_PalletJackB_01/materials/textures
[0.571s] -- Up-to-date: /home/lucas/Documents/Pratica4/workspace_2/install/aws_robomaker_small_warehouse_world/share/aws_robomaker_small_warehouse_world/models/aws_robomaker_warehouse_PalletJackB_01/materials/textures/aws_robomaker_warehouse_PalletJackB_01.png
[0.572s] -- Up-to-date: /home/lucas/Documents/Pratica4/workspace_2/install/aws_robomaker_small_warehouse_world/share/aws_robomaker_small_warehouse_world/models/aws_robomaker_warehouse_PalletJackB_01/materials/textures/aws_robomaker_warehouse_PalletJackB_02.png
[0.572s] -- Up-to-date: /home/lucas/Documents/Pratica4/workspace_2/install/aws_robomaker_small_warehouse_world/share/aws_robomaker_small_warehouse_world/models/aws_robomaker_warehouse_PalletJackB_01/materials/.DS_Store
[0.572s] -- Up-to-date: /home/lucas/Documents/Pratica4/workspace_2/install/aws_robomaker_small_warehouse_world/share/aws_robomaker_small_warehouse_world/models/aws_robomaker_warehouse_PalletJackB_01/.DS_Store
[0.572s] -- Up-to-date: /home/lucas/Documents/Pratica4/workspace_2/install/aws_robomaker_small_warehouse_world/share/aws_robomaker_small_warehouse_world/models/aws_robomaker_warehouse_ShelfD_01
[0.572s] -- Up-to-date: /home/lucas/Documents/Pratica4/workspace_2/install/aws_robomaker_small_warehouse_world/share/aws_robomaker_small_warehouse_world/models/aws_robomaker_warehouse_ShelfD_01/model.config
[0.572s] -- Up-to-date: /home/lucas/Documents/Pratica4/workspace_2/install/aws_robomaker_small_warehouse_world/share/aws_robomaker_small_warehouse_world/models/aws_robomaker_warehouse_ShelfD_01/meshes
[0.572s] -- Up-to-date: /home/lucas/Documents/Pratica4/workspace_2/install/aws_robomaker_small_warehouse_world/share/aws_robomaker_small_warehouse_world/models/aws_robomaker_warehouse_ShelfD_01/meshes/aws_robomaker_warehouse_ShelfD_01_collision.DAE
[0.572s] -- Up-to-date: /home/lucas/Documents/Pratica4/workspace_2/install/aws_robomaker_small_warehouse_world/share/aws_robomaker_small_warehouse_world/models/aws_robomaker_warehouse_ShelfD_01/meshes/aws_robomaker_warehouse_ShelfD_01_visual.DAE
[0.573s] -- Up-to-date: /home/lucas/Documents/Pratica4/workspace_2/install/aws_robomaker_small_warehouse_world/share/aws_robomaker_small_warehouse_world/models/aws_robomaker_warehouse_ShelfD_01/model.sdf
[0.573s] -- Up-to-date: /home/lucas/Documents/Pratica4/workspace_2/install/aws_robomaker_small_warehouse_world/share/aws_robomaker_small_warehouse_world/models/aws_robomaker_warehouse_ShelfD_01/materials
[0.573s] -- Up-to-date: /home/lucas/Documents/Pratica4/workspace_2/install/aws_robomaker_small_warehouse_world/share/aws_robomaker_small_warehouse_world/models/aws_robomaker_warehouse_ShelfD_01/materials/textures
[0.573s] -- Up-to-date: /home/lucas/Documents/Pratica4/workspace_2/install/aws_robomaker_small_warehouse_world/share/aws_robomaker_small_warehouse_world/models/aws_robomaker_warehouse_ShelfD_01/materials/textures/aws_robomaker_warehouse_ShelfD_04.png
[0.573s] -- Up-to-date: /home/lucas/Documents/Pratica4/workspace_2/install/aws_robomaker_small_warehouse_world/share/aws_robomaker_small_warehouse_world/models/aws_robomaker_warehouse_ShelfD_01/materials/textures/aws_robomaker_warehouse_ShelfD_02.png
[0.573s] -- Up-to-date: /home/lucas/Documents/Pratica4/workspace_2/install/aws_robomaker_small_warehouse_world/share/aws_robomaker_small_warehouse_world/models/aws_robomaker_warehouse_ShelfD_01/materials/textures/aws_robomaker_warehouse_ShelfD_03.png
[0.573s] -- Up-to-date: /home/lucas/Documents/Pratica4/workspace_2/install/aws_robomaker_small_warehouse_world/share/aws_robomaker_small_warehouse_world/models/aws_robomaker_warehouse_ShelfD_01/materials/textures/aws_robomaker_warehouse_ShelfD_01.png
[0.573s] -- Up-to-date: /home/lucas/Documents/Pratica4/workspace_2/install/aws_robomaker_small_warehouse_world/share/aws_robomaker_small_warehouse_world/models/aws_robomaker_warehouse_ClutteringC_01
[0.574s] -- Up-to-date: /home/lucas/Documents/Pratica4/workspace_2/install/aws_robomaker_small_warehouse_world/share/aws_robomaker_small_warehouse_world/models/aws_robomaker_warehouse_ClutteringC_01/model.config
[0.574s] -- Up-to-date: /home/lucas/Documents/Pratica4/workspace_2/install/aws_robomaker_small_warehouse_world/share/aws_robomaker_small_warehouse_world/models/aws_robomaker_warehouse_ClutteringC_01/meshes
[0.574s] -- Up-to-date: /home/lucas/Documents/Pratica4/workspace_2/install/aws_robomaker_small_warehouse_world/share/aws_robomaker_small_warehouse_world/models/aws_robomaker_warehouse_ClutteringC_01/meshes/aws_robomaker_warehouse_ClutteringC_01_visual.DAE
[0.574s] -- Up-to-date: /home/lucas/Documents/Pratica4/workspace_2/install/aws_robomaker_small_warehouse_world/share/aws_robomaker_small_warehouse_world/models/aws_robomaker_warehouse_ClutteringC_01/meshes/aws_robomaker_warehouse_ClutteringC_01_collision.DAE
[0.574s] -- Up-to-date: /home/lucas/Documents/Pratica4/workspace_2/install/aws_robomaker_small_warehouse_world/share/aws_robomaker_small_warehouse_world/models/aws_robomaker_warehouse_ClutteringC_01/model.sdf
[0.574s] -- Up-to-date: /home/lucas/Documents/Pratica4/workspace_2/install/aws_robomaker_small_warehouse_world/share/aws_robomaker_small_warehouse_world/models/aws_robomaker_warehouse_ClutteringC_01/materials
[0.574s] -- Up-to-date: /home/lucas/Documents/Pratica4/workspace_2/install/aws_robomaker_small_warehouse_world/share/aws_robomaker_small_warehouse_world/models/aws_robomaker_warehouse_ClutteringC_01/materials/textures
[0.575s] -- Up-to-date: /home/lucas/Documents/Pratica4/workspace_2/install/aws_robomaker_small_warehouse_world/share/aws_robomaker_small_warehouse_world/models/aws_robomaker_warehouse_ClutteringC_01/materials/textures/aws_robomaker_warehouse_ClutteringC_01.png
[0.575s] -- Up-to-date: /home/lucas/Documents/Pratica4/workspace_2/install/aws_robomaker_small_warehouse_world/share/aws_robomaker_small_warehouse_world/models/aws_robomaker_warehouse_ClutteringC_01/materials/textures/aws_robomaker_warehouse_ClutteringC_02.png
[0.575s] -- Up-to-date: /home/lucas/Documents/Pratica4/workspace_2/install/aws_robomaker_small_warehouse_world/share/aws_robomaker_small_warehouse_world/models/aws_robomaker_warehouse_TrashCanC_01
[0.602s] -- Up-to-date: /home/lucas/Documents/Pratica4/workspace_2/install/aws_robomaker_small_warehouse_world/share/aws_robomaker_small_warehouse_world/models/aws_robomaker_warehouse_TrashCanC_01/model.config
[0.607s] -- Up-to-date: /home/lucas/Documents/Pratica4/workspace_2/install/aws_robomaker_small_warehouse_world/share/aws_robomaker_small_warehouse_world/models/aws_robomaker_warehouse_TrashCanC_01/meshes
[0.608s] -- Up-to-date: /home/lucas/Documents/Pratica4/workspace_2/install/aws_robomaker_small_warehouse_world/share/aws_robomaker_small_warehouse_world/models/aws_robomaker_warehouse_TrashCanC_01/meshes/aws_robomaker_warehouse_TrashCanC_01_collision.DAE
[0.608s] -- Up-to-date: /home/lucas/Documents/Pratica4/workspace_2/install/aws_robomaker_small_warehouse_world/share/aws_robomaker_small_warehouse_world/models/aws_robomaker_warehouse_TrashCanC_01/meshes/aws_robomaker_warehouse_TrashCanC_01_visual.DAE
[0.608s] -- Up-to-date: /home/lucas/Documents/Pratica4/workspace_2/install/aws_robomaker_small_warehouse_world/share/aws_robomaker_small_warehouse_world/models/aws_robomaker_warehouse_TrashCanC_01/model.sdf
[0.608s] -- Up-to-date: /home/lucas/Documents/Pratica4/workspace_2/install/aws_robomaker_small_warehouse_world/share/aws_robomaker_small_warehouse_world/models/aws_robomaker_warehouse_TrashCanC_01/materials
[0.608s] -- Up-to-date: /home/lucas/Documents/Pratica4/workspace_2/install/aws_robomaker_small_warehouse_world/share/aws_robomaker_small_warehouse_world/models/aws_robomaker_warehouse_TrashCanC_01/materials/textures
[0.608s] -- Up-to-date: /home/lucas/Documents/Pratica4/workspace_2/install/aws_robomaker_small_warehouse_world/share/aws_robomaker_small_warehouse_world/models/aws_robomaker_warehouse_TrashCanC_01/materials/textures/aws_robomaker_warehouse_TrashCanC_01.png
[0.609s] -- Up-to-date: /home/lucas/Documents/Pratica4/workspace_2/install/aws_robomaker_small_warehouse_world/share/aws_robomaker_small_warehouse_world/models/aws_robomaker_warehouse_RoofB_01
[0.609s] -- Up-to-date: /home/lucas/Documents/Pratica4/workspace_2/install/aws_robomaker_small_warehouse_world/share/aws_robomaker_small_warehouse_world/models/aws_robomaker_warehouse_RoofB_01/model.config
[0.609s] -- Up-to-date: /home/lucas/Documents/Pratica4/workspace_2/install/aws_robomaker_small_warehouse_world/share/aws_robomaker_small_warehouse_world/models/aws_robomaker_warehouse_RoofB_01/meshes
[0.609s] -- Up-to-date: /home/lucas/Documents/Pratica4/workspace_2/install/aws_robomaker_small_warehouse_world/share/aws_robomaker_small_warehouse_world/models/aws_robomaker_warehouse_RoofB_01/meshes/aws_robomaker_warehouse_RoofB_01_collision.DAE
[0.609s] -- Up-to-date: /home/lucas/Documents/Pratica4/workspace_2/install/aws_robomaker_small_warehouse_world/share/aws_robomaker_small_warehouse_world/models/aws_robomaker_warehouse_RoofB_01/meshes/aws_robomaker_warehouse_RoofB_01_visual.DAE
[0.609s] -- Up-to-date: /home/lucas/Documents/Pratica4/workspace_2/install/aws_robomaker_small_warehouse_world/share/aws_robomaker_small_warehouse_world/models/aws_robomaker_warehouse_RoofB_01/model.sdf
[0.609s] -- Up-to-date: /home/lucas/Documents/Pratica4/workspace_2/install/aws_robomaker_small_warehouse_world/share/aws_robomaker_small_warehouse_world/models/aws_robomaker_warehouse_RoofB_01/materials
[0.610s] -- Up-to-date: /home/lucas/Documents/Pratica4/workspace_2/install/aws_robomaker_small_warehouse_world/share/aws_robomaker_small_warehouse_world/models/aws_robomaker_warehouse_RoofB_01/materials/textures
[0.610s] -- Up-to-date: /home/lucas/Documents/Pratica4/workspace_2/install/aws_robomaker_small_warehouse_world/share/aws_robomaker_small_warehouse_world/models/aws_robomaker_warehouse_RoofB_01/materials/textures/aws_robomaker_warehouse_RoofB_01.png
[0.610s] -- Up-to-date: /home/lucas/Documents/Pratica4/workspace_2/install/aws_robomaker_small_warehouse_world/share/aws_robomaker_small_warehouse_world/models/aws_robomaker_warehouse_ShelfE_01
[0.610s] -- Up-to-date: /home/lucas/Documents/Pratica4/workspace_2/install/aws_robomaker_small_warehouse_world/share/aws_robomaker_small_warehouse_world/models/aws_robomaker_warehouse_ShelfE_01/model.config
[0.610s] -- Up-to-date: /home/lucas/Documents/Pratica4/workspace_2/install/aws_robomaker_small_warehouse_world/share/aws_robomaker_small_warehouse_world/models/aws_robomaker_warehouse_ShelfE_01/meshes
[0.610s] -- Up-to-date: /home/lucas/Documents/Pratica4/workspace_2/install/aws_robomaker_small_warehouse_world/share/aws_robomaker_small_warehouse_world/models/aws_robomaker_warehouse_ShelfE_01/meshes/aws_robomaker_warehouse_ShelfE_01_visual.DAE
[0.610s] -- Up-to-date: /home/lucas/Documents/Pratica4/workspace_2/install/aws_robomaker_small_warehouse_world/share/aws_robomaker_small_warehouse_world/models/aws_robomaker_warehouse_ShelfE_01/meshes/aws_robomaker_warehouse_ShelfE_01_collision.DAE
[0.611s] -- Up-to-date: /home/lucas/Documents/Pratica4/workspace_2/install/aws_robomaker_small_warehouse_world/share/aws_robomaker_small_warehouse_world/models/aws_robomaker_warehouse_ShelfE_01/model.sdf
[0.611s] -- Up-to-date: /home/lucas/Documents/Pratica4/workspace_2/install/aws_robomaker_small_warehouse_world/share/aws_robomaker_small_warehouse_world/models/aws_robomaker_warehouse_ShelfE_01/materials
[0.614s] -- Up-to-date: /home/lucas/Documents/Pratica4/workspace_2/install/aws_robomaker_small_warehouse_world/share/aws_robomaker_small_warehouse_world/models/aws_robomaker_warehouse_ShelfE_01/materials/textures
[0.614s] -- Up-to-date: /home/lucas/Documents/Pratica4/workspace_2/install/aws_robomaker_small_warehouse_world/share/aws_robomaker_small_warehouse_world/models/aws_robomaker_warehouse_ShelfE_01/materials/textures/aws_robomaker_warehouse_ShelfE_01.png
[0.614s] -- Up-to-date: /home/lucas/Documents/Pratica4/workspace_2/install/aws_robomaker_small_warehouse_world/share/aws_robomaker_small_warehouse_world/models/aws_robomaker_warehouse_ShelfE_01/materials/textures/aws_robomaker_warehouse_ShelfE_02.png
[0.615s] -- Up-to-date: /home/lucas/Documents/Pratica4/workspace_2/install/aws_robomaker_small_warehouse_world/share/aws_robomaker_small_warehouse_world/models/aws_robomaker_warehouse_ShelfE_01/materials/textures/aws_robomaker_warehouse_ShelfE_04.png
[0.615s] -- Up-to-date: /home/lucas/Documents/Pratica4/workspace_2/install/aws_robomaker_small_warehouse_world/share/aws_robomaker_small_warehouse_world/models/aws_robomaker_warehouse_ShelfE_01/materials/textures/aws_robomaker_warehouse_ShelfE_03.png
[0.615s] -- Up-to-date: /home/lucas/Documents/Pratica4/workspace_2/install/aws_robomaker_small_warehouse_world/share/aws_robomaker_small_warehouse_world/models/aws_robomaker_warehouse_ShelfE_01/materials/.DS_Store
[0.615s] -- Up-to-date: /home/lucas/Documents/Pratica4/workspace_2/install/aws_robomaker_small_warehouse_world/share/aws_robomaker_small_warehouse_world/models/aws_robomaker_warehouse_ShelfE_01/.DS_Store
[0.615s] -- Up-to-date: /home/lucas/Documents/Pratica4/workspace_2/install/aws_robomaker_small_warehouse_world/share/aws_robomaker_small_warehouse_world/models/aws_robomaker_warehouse_ClutteringD_01
[0.616s] -- Up-to-date: /home/lucas/Documents/Pratica4/workspace_2/install/aws_robomaker_small_warehouse_world/share/aws_robomaker_small_warehouse_world/models/aws_robomaker_warehouse_ClutteringD_01/model.config
[0.616s] -- Up-to-date: /home/lucas/Documents/Pratica4/workspace_2/install/aws_robomaker_small_warehouse_world/share/aws_robomaker_small_warehouse_world/models/aws_robomaker_warehouse_ClutteringD_01/meshes
[0.616s] -- Up-to-date: /home/lucas/Documents/Pratica4/workspace_2/install/aws_robomaker_small_warehouse_world/share/aws_robomaker_small_warehouse_world/models/aws_robomaker_warehouse_ClutteringD_01/meshes/aws_robomaker_warehouse_ClutteringD_01_collision.DAE
[0.616s] -- Up-to-date: /home/lucas/Documents/Pratica4/workspace_2/install/aws_robomaker_small_warehouse_world/share/aws_robomaker_small_warehouse_world/models/aws_robomaker_warehouse_ClutteringD_01/meshes/aws_robomaker_warehouse_ClutteringD_01_visual.DAE
[0.616s] -- Up-to-date: /home/lucas/Documents/Pratica4/workspace_2/install/aws_robomaker_small_warehouse_world/share/aws_robomaker_small_warehouse_world/models/aws_robomaker_warehouse_ClutteringD_01/model.sdf
[0.617s] -- Up-to-date: /home/lucas/Documents/Pratica4/workspace_2/install/aws_robomaker_small_warehouse_world/share/aws_robomaker_small_warehouse_world/models/aws_robomaker_warehouse_ClutteringD_01/materials
[0.617s] -- Up-to-date: /home/lucas/Documents/Pratica4/workspace_2/install/aws_robomaker_small_warehouse_world/share/aws_robomaker_small_warehouse_world/models/aws_robomaker_warehouse_ClutteringD_01/materials/textures
[0.617s] -- Up-to-date: /home/lucas/Documents/Pratica4/workspace_2/install/aws_robomaker_small_warehouse_world/share/aws_robomaker_small_warehouse_world/models/aws_robomaker_warehouse_ClutteringD_01/materials/textures/aws_robomaker_warehouse_ClutteringD_01.png
[0.617s] -- Up-to-date: /home/lucas/Documents/Pratica4/workspace_2/install/aws_robomaker_small_warehouse_world/share/aws_robomaker_small_warehouse_world/models/aws_robomaker_warehouse_ClutteringD_01/materials/textures/aws_robomaker_warehouse_ClutteringD_02.png
[0.617s] -- Up-to-date: /home/lucas/Documents/Pratica4/workspace_2/install/aws_robomaker_small_warehouse_world/share/aws_robomaker_small_warehouse_world/models/aws_robomaker_warehouse_Lamp_01
[0.627s] -- Up-to-date: /home/lucas/Documents/Pratica4/workspace_2/install/aws_robomaker_small_warehouse_world/share/aws_robomaker_small_warehouse_world/models/aws_robomaker_warehouse_Lamp_01/model.config
[0.627s] -- Up-to-date: /home/lucas/Documents/Pratica4/workspace_2/install/aws_robomaker_small_warehouse_world/share/aws_robomaker_small_warehouse_world/models/aws_robomaker_warehouse_Lamp_01/meshes
[0.628s] -- Up-to-date: /home/lucas/Documents/Pratica4/workspace_2/install/aws_robomaker_small_warehouse_world/share/aws_robomaker_small_warehouse_world/models/aws_robomaker_warehouse_Lamp_01/meshes/aws_robomaker_warehouse_Lamp_01_visual.DAE
[0.628s] -- Up-to-date: /home/lucas/Documents/Pratica4/workspace_2/install/aws_robomaker_small_warehouse_world/share/aws_robomaker_small_warehouse_world/models/aws_robomaker_warehouse_Lamp_01/meshes/aws_robomaker_warehouse_Lamp_01_collision.DAE
[0.628s] -- Up-to-date: /home/lucas/Documents/Pratica4/workspace_2/install/aws_robomaker_small_warehouse_world/share/aws_robomaker_small_warehouse_world/models/aws_robomaker_warehouse_Lamp_01/model.sdf
[0.629s] -- Up-to-date: /home/lucas/Documents/Pratica4/workspace_2/install/aws_robomaker_small_warehouse_world/share/aws_robomaker_small_warehouse_world/models/aws_robomaker_warehouse_Lamp_01/materials
[0.629s] -- Up-to-date: /home/lucas/Documents/Pratica4/workspace_2/install/aws_robomaker_small_warehouse_world/share/aws_robomaker_small_warehouse_world/models/aws_robomaker_warehouse_Lamp_01/materials/textures
[0.629s] -- Up-to-date: /home/lucas/Documents/Pratica4/workspace_2/install/aws_robomaker_small_warehouse_world/share/aws_robomaker_small_warehouse_world/models/aws_robomaker_warehouse_Lamp_01/materials/textures/aws_robomaker_warehouse_Lamp_01.png
[0.629s] -- Up-to-date: /home/lucas/Documents/Pratica4/workspace_2/install/aws_robomaker_small_warehouse_world/share/aws_robomaker_small_warehouse_world/models/aws_robomaker_warehouse_ShelfF_01
[0.630s] -- Up-to-date: /home/lucas/Documents/Pratica4/workspace_2/install/aws_robomaker_small_warehouse_world/share/aws_robomaker_small_warehouse_world/models/aws_robomaker_warehouse_ShelfF_01/model.config
[0.630s] -- Up-to-date: /home/lucas/Documents/Pratica4/workspace_2/install/aws_robomaker_small_warehouse_world/share/aws_robomaker_small_warehouse_world/models/aws_robomaker_warehouse_ShelfF_01/meshes
[0.630s] -- Up-to-date: /home/lucas/Documents/Pratica4/workspace_2/install/aws_robomaker_small_warehouse_world/share/aws_robomaker_small_warehouse_world/models/aws_robomaker_warehouse_ShelfF_01/meshes/aws_robomaker_warehouse_ShelfF_01_collision.DAE
[0.630s] -- Up-to-date: /home/lucas/Documents/Pratica4/workspace_2/install/aws_robomaker_small_warehouse_world/share/aws_robomaker_small_warehouse_world/models/aws_robomaker_warehouse_ShelfF_01/meshes/aws_robomaker_warehouse_ShelfF_01_visual.DAE
[0.630s] -- Up-to-date: /home/lucas/Documents/Pratica4/workspace_2/install/aws_robomaker_small_warehouse_world/share/aws_robomaker_small_warehouse_world/models/aws_robomaker_warehouse_ShelfF_01/model.sdf
[0.631s] -- Up-to-date: /home/lucas/Documents/Pratica4/workspace_2/install/aws_robomaker_small_warehouse_world/share/aws_robomaker_small_warehouse_world/models/aws_robomaker_warehouse_ShelfF_01/materials
[0.631s] -- Up-to-date: /home/lucas/Documents/Pratica4/workspace_2/install/aws_robomaker_small_warehouse_world/share/aws_robomaker_small_warehouse_world/models/aws_robomaker_warehouse_ShelfF_01/materials/textures
[0.631s] -- Up-to-date: /home/lucas/Documents/Pratica4/workspace_2/install/aws_robomaker_small_warehouse_world/share/aws_robomaker_small_warehouse_world/models/aws_robomaker_warehouse_ShelfF_01/materials/textures/aws_robomaker_warehouse_ShelfF_01.png
[0.631s] -- Up-to-date: /home/lucas/Documents/Pratica4/workspace_2/install/aws_robomaker_small_warehouse_world/share/aws_robomaker_small_warehouse_world/models/aws_robomaker_warehouse_ShelfF_01/materials/textures/aws_robomaker_warehouse_ShelfF_02.png
[0.631s] -- Up-to-date: /home/lucas/Documents/Pratica4/workspace_2/install/aws_robomaker_small_warehouse_world/share/aws_robomaker_small_warehouse_world/models/aws_robomaker_warehouse_ShelfF_01/materials/textures/aws_robomaker_warehouse_ShelfF_03.png
[0.632s] -- Up-to-date: /home/lucas/Documents/Pratica4/workspace_2/install/aws_robomaker_small_warehouse_world/share/aws_robomaker_small_warehouse_world/models/.DS_Store
[0.632s] -- Up-to-date: /home/lucas/Documents/Pratica4/workspace_2/install/aws_robomaker_small_warehouse_world/share/aws_robomaker_small_warehouse_world/models/aws_robomaker_warehouse_Bucket_01
[0.632s] -- Up-to-date: /home/lucas/Documents/Pratica4/workspace_2/install/aws_robomaker_small_warehouse_world/share/aws_robomaker_small_warehouse_world/models/aws_robomaker_warehouse_Bucket_01/model.config
[0.632s] -- Up-to-date: /home/lucas/Documents/Pratica4/workspace_2/install/aws_robomaker_small_warehouse_world/share/aws_robomaker_small_warehouse_world/models/aws_robomaker_warehouse_Bucket_01/meshes
[0.632s] -- Up-to-date: /home/lucas/Documents/Pratica4/workspace_2/install/aws_robomaker_small_warehouse_world/share/aws_robomaker_small_warehouse_world/models/aws_robomaker_warehouse_Bucket_01/meshes/aws_robomaker_warehouse_Bucket_01_collision.DAE
[0.632s] -- Up-to-date: /home/lucas/Documents/Pratica4/workspace_2/install/aws_robomaker_small_warehouse_world/share/aws_robomaker_small_warehouse_world/models/aws_robomaker_warehouse_Bucket_01/meshes/aws_robomaker_warehouse_Bucket_01_visual.DAE
[0.633s] -- Up-to-date: /home/lucas/Documents/Pratica4/workspace_2/install/aws_robomaker_small_warehouse_world/share/aws_robomaker_small_warehouse_world/models/aws_robomaker_warehouse_Bucket_01/model.sdf
[0.633s] -- Up-to-date: /home/lucas/Documents/Pratica4/workspace_2/install/aws_robomaker_small_warehouse_world/share/aws_robomaker_small_warehouse_world/models/aws_robomaker_warehouse_Bucket_01/materials
[0.634s] -- Up-to-date: /home/lucas/Documents/Pratica4/workspace_2/install/aws_robomaker_small_warehouse_world/share/aws_robomaker_small_warehouse_world/models/aws_robomaker_warehouse_Bucket_01/materials/textures
[0.635s] -- Up-to-date: /home/lucas/Documents/Pratica4/workspace_2/install/aws_robomaker_small_warehouse_world/share/aws_robomaker_small_warehouse_world/models/aws_robomaker_warehouse_Bucket_01/materials/textures/aws_robomaker_warehouse_Bucket_01.png
[0.635s] -- Up-to-date: /home/lucas/Documents/Pratica4/workspace_2/install/aws_robomaker_small_warehouse_world/share/aws_robomaker_small_warehouse_world/models/aws_robomaker_warehouse_Bucket_01/materials/.DS_Store
[0.657s] -- Up-to-date: /home/lucas/Documents/Pratica4/workspace_2/install/aws_robomaker_small_warehouse_world/share/aws_robomaker_small_warehouse_world/models/aws_robomaker_warehouse_Bucket_01/.DS_Store
[0.657s] -- Up-to-date: /home/lucas/Documents/Pratica4/workspace_2/install/aws_robomaker_small_warehouse_world/share/aws_robomaker_small_warehouse_world/worlds
[0.657s] -- Up-to-date: /home/lucas/Documents/Pratica4/workspace_2/install/aws_robomaker_small_warehouse_world/share/aws_robomaker_small_warehouse_world/worlds/no_roof_small_warehouse
[0.658s] -- Up-to-date: /home/lucas/Documents/Pratica4/workspace_2/install/aws_robomaker_small_warehouse_world/share/aws_robomaker_small_warehouse_world/worlds/no_roof_small_warehouse/no_roof_small_warehouse.world
[0.658s] -- Up-to-date: /home/lucas/Documents/Pratica4/workspace_2/install/aws_robomaker_small_warehouse_world/share/aws_robomaker_small_warehouse_world/worlds/small_warehouse
[0.658s] -- Up-to-date: /home/lucas/Documents/Pratica4/workspace_2/install/aws_robomaker_small_warehouse_world/share/aws_robomaker_small_warehouse_world/worlds/small_warehouse/small_warehouse.world
[0.658s] -- Up-to-date: /home/lucas/Documents/Pratica4/workspace_2/install/aws_robomaker_small_warehouse_world/share/aws_robomaker_small_warehouse_world/maps
[0.659s] -- Up-to-date: /home/lucas/Documents/Pratica4/workspace_2/install/aws_robomaker_small_warehouse_world/share/aws_robomaker_small_warehouse_world/maps/002
[0.659s] -- Up-to-date: /home/lucas/Documents/Pratica4/workspace_2/install/aws_robomaker_small_warehouse_world/share/aws_robomaker_small_warehouse_world/maps/002/map.yaml
[0.659s] -- Up-to-date: /home/lucas/Documents/Pratica4/workspace_2/install/aws_robomaker_small_warehouse_world/share/aws_robomaker_small_warehouse_world/maps/002/map.pgm
[0.659s] -- Up-to-date: /home/lucas/Documents/Pratica4/workspace_2/install/aws_robomaker_small_warehouse_world/share/aws_robomaker_small_warehouse_world/maps/.DS_Store
[0.659s] -- Up-to-date: /home/lucas/Documents/Pratica4/workspace_2/install/aws_robomaker_small_warehouse_world/share/aws_robomaker_small_warehouse_world/maps/005
[0.659s] -- Up-to-date: /home/lucas/Documents/Pratica4/workspace_2/install/aws_robomaker_small_warehouse_world/share/aws_robomaker_small_warehouse_world/maps/005/map_rotated.pgm
[0.659s] -- Up-to-date: /home/lucas/Documents/Pratica4/workspace_2/install/aws_robomaker_small_warehouse_world/share/aws_robomaker_small_warehouse_world/maps/005/map_rotated.png
[0.660s] -- Up-to-date: /home/lucas/Documents/Pratica4/workspace_2/install/aws_robomaker_small_warehouse_world/share/aws_robomaker_small_warehouse_world/maps/005/map.yaml
[0.660s] -- Up-to-date: /home/lucas/Documents/Pratica4/workspace_2/install/aws_robomaker_small_warehouse_world/share/aws_robomaker_small_warehouse_world/maps/005/map.pgm
[0.660s] -- Up-to-date: /home/lucas/Documents/Pratica4/workspace_2/install/aws_robomaker_small_warehouse_world/share/aws_robomaker_small_warehouse_world/rviz
[0.660s] -- Up-to-date: /home/lucas/Documents/Pratica4/workspace_2/install/aws_robomaker_small_warehouse_world/share/aws_robomaker_small_warehouse_world/rviz/basic_data.rviz
[0.660s] -- Up-to-date: /home/lucas/Documents/Pratica4/workspace_2/install/aws_robomaker_small_warehouse_world/share/aws_robomaker_small_warehouse_world/environment/aws_robomaker_small_warehouse_world.dsv
[0.660s] -- Up-to-date: /home/lucas/Documents/Pratica4/workspace_2/install/aws_robomaker_small_warehouse_world/share/ament_index/resource_index/package_run_dependencies/aws_robomaker_small_warehouse_world
[0.661s] -- Up-to-date: /home/lucas/Documents/Pratica4/workspace_2/install/aws_robomaker_small_warehouse_world/share/ament_index/resource_index/parent_prefix_path/aws_robomaker_small_warehouse_world
[0.661s] -- Up-to-date: /home/lucas/Documents/Pratica4/workspace_2/install/aws_robomaker_small_warehouse_world/share/aws_robomaker_small_warehouse_world/environment/ament_prefix_path.sh
[0.661s] -- Up-to-date: /home/lucas/Documents/Pratica4/workspace_2/install/aws_robomaker_small_warehouse_world/share/aws_robomaker_small_warehouse_world/environment/ament_prefix_path.dsv
[0.661s] -- Up-to-date: /home/lucas/Documents/Pratica4/workspace_2/install/aws_robomaker_small_warehouse_world/share/aws_robomaker_small_warehouse_world/environment/path.sh
[0.661s] -- Up-to-date: /home/lucas/Documents/Pratica4/workspace_2/install/aws_robomaker_small_warehouse_world/share/aws_robomaker_small_warehouse_world/environment/path.dsv
[0.661s] -- Up-to-date: /home/lucas/Documents/Pratica4/workspace_2/install/aws_robomaker_small_warehouse_world/share/aws_robomaker_small_warehouse_world/local_setup.bash
[0.661s] -- Up-to-date: /home/lucas/Documents/Pratica4/workspace_2/install/aws_robomaker_small_warehouse_world/share/aws_robomaker_small_warehouse_world/local_setup.sh
[0.662s] -- Up-to-date: /home/lucas/Documents/Pratica4/workspace_2/install/aws_robomaker_small_warehouse_world/share/aws_robomaker_small_warehouse_world/local_setup.zsh
[0.662s] -- Up-to-date: /home/lucas/Documents/Pratica4/workspace_2/install/aws_robomaker_small_warehouse_world/share/aws_robomaker_small_warehouse_world/local_setup.dsv
[0.662s] -- Installing: /home/lucas/Documents/Pratica4/workspace_2/install/aws_robomaker_small_warehouse_world/share/aws_robomaker_small_warehouse_world/package.dsv
[0.662s] -- Up-to-date: /home/lucas/Documents/Pratica4/workspace_2/install/aws_robomaker_small_warehouse_world/share/ament_index/resource_index/packages/aws_robomaker_small_warehouse_world
[0.662s] -- Up-to-date: /home/lucas/Documents/Pratica4/workspace_2/install/aws_robomaker_small_warehouse_world/share/aws_robomaker_small_warehouse_world/cmake/ament_cmake_export_dependencies-extras.cmake
[0.662s] -- Up-to-date: /home/lucas/Documents/Pratica4/workspace_2/install/aws_robomaker_small_warehouse_world/share/aws_robomaker_small_warehouse_world/cmake/aws_robomaker_small_warehouse_worldConfig.cmake
[0.662s] -- Up-to-date: /home/lucas/Documents/Pratica4/workspace_2/install/aws_robomaker_small_warehouse_world/share/aws_robomaker_small_warehouse_world/cmake/aws_robomaker_small_warehouse_worldConfig-version.cmake
[0.663s] -- Up-to-date: /home/lucas/Documents/Pratica4/workspace_2/install/aws_robomaker_small_warehouse_world/share/aws_robomaker_small_warehouse_world/package.xml
[0.663s] Invoked command in '/home/lucas/Documents/Pratica4/workspace_2/build/aws_robomaker_small_warehouse_world' returned '0': CMAKE_PREFIX_PATH=${CMAKE_PREFIX_PATH}:/opt/ros/humble /usr/bin/cmake --install /home/lucas/Documents/Pratica4/workspace_2/build/aws_robomaker_small_warehouse_world
