[1.223s] DEBUG:colcon:Command line arguments: ['/usr/bin/colcon', 'build', '--packages-select', 'cpp_pubsub']
[1.223s] DEBUG:colcon:Parsed command line arguments: Namespace(log_base=None, log_level=None, verb_name='build', build_base='build', install_base='install', merge_install=False, symlink_install=False, test_result_base=None, continue_on_error=False, executor='parallel', parallel_workers=4, event_handlers=None, ignore_user_meta=False, metas=['./colcon.meta'], base_paths=['.'], packages_ignore=None, packages_ignore_regex=None, paths=None, packages_up_to=None, packages_up_to_regex=None, packages_above=None, packages_above_and_dependencies=None, packages_above_depth=None, packages_select_by_dep=None, packages_skip_by_dep=None, packages_skip_up_to=None, packages_select_build_failed=False, packages_skip_build_finished=False, packages_select_test_failures=False, packages_skip_test_passed=False, packages_select=['cpp_pubsub'], packages_skip=None, packages_select_regex=None, packages_skip_regex=None, packages_start=None, packages_end=None, allow_overriding=[], cmake_args=None, cmake_target=None, cmake_target_skip_unavailable=False, cmake_clean_cache=False, cmake_clean_first=False, cmake_force_configure=False, ament_cmake_args=None, catkin_cmake_args=None, catkin_skip_building_tests=False, verb_parser=<colcon_defaults.argument_parser.defaults.DefaultArgumentsDecorator object at 0x7fbc17148ee0>, verb_extension=<colcon_core.verb.build.BuildVerb object at 0x7fbc171489d0>, main=<bound method BuildVerb.main of <colcon_core.verb.build.BuildVerb object at 0x7fbc171489d0>>)
[6.752s] Level 1:colcon.colcon_core.package_discovery:discover_packages(colcon_meta) check parameters
[6.752s] Level 1:colcon.colcon_core.package_discovery:discover_packages(recursive) check parameters
[6.753s] Level 1:colcon.colcon_core.package_discovery:discover_packages(ignore) check parameters
[6.753s] Level 1:colcon.colcon_core.package_discovery:discover_packages(path) check parameters
[6.753s] Level 1:colcon.colcon_core.package_discovery:discover_packages(colcon_meta) discover
[6.753s] Level 1:colcon.colcon_core.package_discovery:discover_packages(recursive) discover
[6.753s] INFO:colcon.colcon_core.package_discovery:Crawling recursively for packages in '/home/lucas/Documents/Pratica4/workspace_2/src'
[6.754s] Level 1:colcon.colcon_core.package_identification:_identify(.) by extensions ['ignore', 'ignore_ament_install']
[6.754s] Level 1:colcon.colcon_core.package_identification:_identify(.) by extension 'ignore'
[6.754s] Level 1:colcon.colcon_core.package_identification:_identify(.) by extension 'ignore_ament_install'
[6.754s] Level 1:colcon.colcon_core.package_identification:_identify(.) by extensions ['colcon_pkg']
[6.754s] Level 1:colcon.colcon_core.package_identification:_identify(.) by extension 'colcon_pkg'
[6.754s] Level 1:colcon.colcon_core.package_identification:_identify(.) by extensions ['colcon_meta']
[6.754s] Level 1:colcon.colcon_core.package_identification:_identify(.) by extension 'colcon_meta'
[6.754s] Level 1:colcon.colcon_core.package_identification:_identify(.) by extensions ['ros']
[6.754s] Level 1:colcon.colcon_core.package_identification:_identify(.) by extension 'ros'
[6.767s] Level 1:colcon.colcon_core.package_identification:_identify(.) by extensions ['cmake', 'python']
[6.767s] Level 1:colcon.colcon_core.package_identification:_identify(.) by extension 'cmake'
[6.767s] Level 1:colcon.colcon_core.package_identification:_identify(.) by extension 'python'
[6.767s] Level 1:colcon.colcon_core.package_identification:_identify(.) by extensions ['python_setup_py']
[6.767s] Level 1:colcon.colcon_core.package_identification:_identify(.) by extension 'python_setup_py'
[6.768s] Level 1:colcon.colcon_core.package_identification:_identify(aws-robomaker-small-warehouse-world) by extensions ['ignore', 'ignore_ament_install']
[6.768s] Level 1:colcon.colcon_core.package_identification:_identify(aws-robomaker-small-warehouse-world) by extension 'ignore'
[6.768s] Level 1:colcon.colcon_core.package_identification:_identify(aws-robomaker-small-warehouse-world) by extension 'ignore_ament_install'
[6.768s] Level 1:colcon.colcon_core.package_identification:_identify(aws-robomaker-small-warehouse-world) by extensions ['colcon_pkg']
[6.768s] Level 1:colcon.colcon_core.package_identification:_identify(aws-robomaker-small-warehouse-world) by extension 'colcon_pkg'
[6.768s] Level 1:colcon.colcon_core.package_identification:_identify(aws-robomaker-small-warehouse-world) by extensions ['colcon_meta']
[6.768s] Level 1:colcon.colcon_core.package_identification:_identify(aws-robomaker-small-warehouse-world) by extension 'colcon_meta'
[6.768s] Level 1:colcon.colcon_core.package_identification:_identify(aws-robomaker-small-warehouse-world) by extensions ['ros']
[6.768s] Level 1:colcon.colcon_core.package_identification:_identify(aws-robomaker-small-warehouse-world) by extension 'ros'
[6.813s] DEBUG:colcon.colcon_core.package_identification:Package 'aws-robomaker-small-warehouse-world' with type 'ros.ament_cmake' and name 'aws_robomaker_small_warehouse_world'
[6.813s] Level 1:colcon.colcon_core.package_identification:_identify(build) by extensions ['ignore', 'ignore_ament_install']
[6.813s] Level 1:colcon.colcon_core.package_identification:_identify(build) by extension 'ignore'
[6.813s] Level 1:colcon.colcon_core.package_identification:_identify(build) ignored
[6.814s] Level 1:colcon.colcon_core.package_identification:_identify(cpp_pubsub) by extensions ['ignore', 'ignore_ament_install']
[6.814s] Level 1:colcon.colcon_core.package_identification:_identify(cpp_pubsub) by extension 'ignore'
[6.814s] Level 1:colcon.colcon_core.package_identification:_identify(cpp_pubsub) by extension 'ignore_ament_install'
[6.814s] Level 1:colcon.colcon_core.package_identification:_identify(cpp_pubsub) by extensions ['colcon_pkg']
[6.814s] Level 1:colcon.colcon_core.package_identification:_identify(cpp_pubsub) by extension 'colcon_pkg'
[6.814s] Level 1:colcon.colcon_core.package_identification:_identify(cpp_pubsub) by extensions ['colcon_meta']
[6.814s] Level 1:colcon.colcon_core.package_identification:_identify(cpp_pubsub) by extension 'colcon_meta'
[6.814s] Level 1:colcon.colcon_core.package_identification:_identify(cpp_pubsub) by extensions ['ros']
[6.815s] Level 1:colcon.colcon_core.package_identification:_identify(cpp_pubsub) by extension 'ros'
[6.816s] DEBUG:colcon.colcon_core.package_identification:Package 'cpp_pubsub' with type 'ros.ament_cmake' and name 'cpp_pubsub'
[6.816s] Level 1:colcon.colcon_core.package_identification:_identify(install) by extensions ['ignore', 'ignore_ament_install']
[6.816s] Level 1:colcon.colcon_core.package_identification:_identify(install) by extension 'ignore'
[6.816s] Level 1:colcon.colcon_core.package_identification:_identify(install) ignored
[6.817s] Level 1:colcon.colcon_core.package_identification:_identify(ira_laser_tools) by extensions ['ignore', 'ignore_ament_install']
[6.817s] Level 1:colcon.colcon_core.package_identification:_identify(ira_laser_tools) by extension 'ignore'
[6.817s] Level 1:colcon.colcon_core.package_identification:_identify(ira_laser_tools) by extension 'ignore_ament_install'
[6.817s] Level 1:colcon.colcon_core.package_identification:_identify(ira_laser_tools) by extensions ['colcon_pkg']
[6.817s] Level 1:colcon.colcon_core.package_identification:_identify(ira_laser_tools) by extension 'colcon_pkg'
[6.817s] Level 1:colcon.colcon_core.package_identification:_identify(ira_laser_tools) by extensions ['colcon_meta']
[6.817s] Level 1:colcon.colcon_core.package_identification:_identify(ira_laser_tools) by extension 'colcon_meta'
[6.817s] Level 1:colcon.colcon_core.package_identification:_identify(ira_laser_tools) by extensions ['ros']
[6.817s] Level 1:colcon.colcon_core.package_identification:_identify(ira_laser_tools) by extension 'ros'
[6.827s] DEBUG:colcon.colcon_core.package_identification:Package 'ira_laser_tools' with type 'ros.ament_cmake' and name 'ira_laser_tools'
[6.827s] Level 1:colcon.colcon_core.package_identification:_identify(laser_ugv_system) by extensions ['ignore', 'ignore_ament_install']
[6.827s] Level 1:colcon.colcon_core.package_identification:_identify(laser_ugv_system) by extension 'ignore'
[6.828s] Level 1:colcon.colcon_core.package_identification:_identify(laser_ugv_system) by extension 'ignore_ament_install'
[6.828s] Level 1:colcon.colcon_core.package_identification:_identify(laser_ugv_system) by extensions ['colcon_pkg']
[6.828s] Level 1:colcon.colcon_core.package_identification:_identify(laser_ugv_system) by extension 'colcon_pkg'
[6.828s] Level 1:colcon.colcon_core.package_identification:_identify(laser_ugv_system) by extensions ['colcon_meta']
[6.828s] Level 1:colcon.colcon_core.package_identification:_identify(laser_ugv_system) by extension 'colcon_meta'
[6.828s] Level 1:colcon.colcon_core.package_identification:_identify(laser_ugv_system) by extensions ['ros']
[6.828s] Level 1:colcon.colcon_core.package_identification:_identify(laser_ugv_system) by extension 'ros'
[6.828s] Level 1:colcon.colcon_core.package_identification:_identify(laser_ugv_system) by extensions ['cmake', 'python']
[6.829s] Level 1:colcon.colcon_core.package_identification:_identify(laser_ugv_system) by extension 'cmake'
[6.829s] Level 1:colcon.colcon_core.package_identification:_identify(laser_ugv_system) by extension 'python'
[6.829s] Level 1:colcon.colcon_core.package_identification:_identify(laser_ugv_system) by extensions ['python_setup_py']
[6.829s] Level 1:colcon.colcon_core.package_identification:_identify(laser_ugv_system) by extension 'python_setup_py'
[6.829s] Level 1:colcon.colcon_core.package_identification:_identify(laser_ugv_system/images) by extensions ['ignore', 'ignore_ament_install']
[6.829s] Level 1:colcon.colcon_core.package_identification:_identify(laser_ugv_system/images) by extension 'ignore'
[6.829s] Level 1:colcon.colcon_core.package_identification:_identify(laser_ugv_system/images) by extension 'ignore_ament_install'
[6.830s] Level 1:colcon.colcon_core.package_identification:_identify(laser_ugv_system/images) by extensions ['colcon_pkg']
[6.830s] Level 1:colcon.colcon_core.package_identification:_identify(laser_ugv_system/images) by extension 'colcon_pkg'
[6.830s] Level 1:colcon.colcon_core.package_identification:_identify(laser_ugv_system/images) by extensions ['colcon_meta']
[6.830s] Level 1:colcon.colcon_core.package_identification:_identify(laser_ugv_system/images) by extension 'colcon_meta'
[6.830s] Level 1:colcon.colcon_core.package_identification:_identify(laser_ugv_system/images) by extensions ['ros']
[6.830s] Level 1:colcon.colcon_core.package_identification:_identify(laser_ugv_system/images) by extension 'ros'
[6.830s] Level 1:colcon.colcon_core.package_identification:_identify(laser_ugv_system/images) by extensions ['cmake', 'python']
[6.830s] Level 1:colcon.colcon_core.package_identification:_identify(laser_ugv_system/images) by extension 'cmake'
[6.830s] Level 1:colcon.colcon_core.package_identification:_identify(laser_ugv_system/images) by extension 'python'
[6.830s] Level 1:colcon.colcon_core.package_identification:_identify(laser_ugv_system/images) by extensions ['python_setup_py']
[6.831s] Level 1:colcon.colcon_core.package_identification:_identify(laser_ugv_system/images) by extension 'python_setup_py'
[6.831s] Level 1:colcon.colcon_core.package_identification:_identify(laser_ugv_system/ugv_navigation) by extensions ['ignore', 'ignore_ament_install']
[6.831s] Level 1:colcon.colcon_core.package_identification:_identify(laser_ugv_system/ugv_navigation) by extension 'ignore'
[6.831s] Level 1:colcon.colcon_core.package_identification:_identify(laser_ugv_system/ugv_navigation) by extension 'ignore_ament_install'
[6.831s] Level 1:colcon.colcon_core.package_identification:_identify(laser_ugv_system/ugv_navigation) by extensions ['colcon_pkg']
[6.831s] Level 1:colcon.colcon_core.package_identification:_identify(laser_ugv_system/ugv_navigation) by extension 'colcon_pkg'
[6.831s] Level 1:colcon.colcon_core.package_identification:_identify(laser_ugv_system/ugv_navigation) by extensions ['colcon_meta']
[6.831s] Level 1:colcon.colcon_core.package_identification:_identify(laser_ugv_system/ugv_navigation) by extension 'colcon_meta'
[6.832s] Level 1:colcon.colcon_core.package_identification:_identify(laser_ugv_system/ugv_navigation) by extensions ['ros']
[6.832s] Level 1:colcon.colcon_core.package_identification:_identify(laser_ugv_system/ugv_navigation) by extension 'ros'
[6.833s] DEBUG:colcon.colcon_core.package_identification:Package 'laser_ugv_system/ugv_navigation' with type 'ros.ament_cmake' and name 'ugv_navigation'
[6.833s] Level 1:colcon.colcon_core.package_identification:_identify(laser_ugv_system/ugv_robots_descriptions) by extensions ['ignore', 'ignore_ament_install']
[6.833s] Level 1:colcon.colcon_core.package_identification:_identify(laser_ugv_system/ugv_robots_descriptions) by extension 'ignore'
[6.834s] Level 1:colcon.colcon_core.package_identification:_identify(laser_ugv_system/ugv_robots_descriptions) by extension 'ignore_ament_install'
[6.834s] Level 1:colcon.colcon_core.package_identification:_identify(laser_ugv_system/ugv_robots_descriptions) by extensions ['colcon_pkg']
[6.834s] Level 1:colcon.colcon_core.package_identification:_identify(laser_ugv_system/ugv_robots_descriptions) by extension 'colcon_pkg'
[6.834s] Level 1:colcon.colcon_core.package_identification:_identify(laser_ugv_system/ugv_robots_descriptions) by extensions ['colcon_meta']
[6.834s] Level 1:colcon.colcon_core.package_identification:_identify(laser_ugv_system/ugv_robots_descriptions) by extension 'colcon_meta'
[6.834s] Level 1:colcon.colcon_core.package_identification:_identify(laser_ugv_system/ugv_robots_descriptions) by extensions ['ros']
[6.834s] Level 1:colcon.colcon_core.package_identification:_identify(laser_ugv_system/ugv_robots_descriptions) by extension 'ros'
[6.836s] DEBUG:colcon.colcon_core.package_identification:Package 'laser_ugv_system/ugv_robots_descriptions' with type 'ros.ament_cmake' and name 'ugv_robots_descriptions'
[6.836s] Level 1:colcon.colcon_core.package_identification:_identify(laser_ugv_system/ugv_simulation) by extensions ['ignore', 'ignore_ament_install']
[6.836s] Level 1:colcon.colcon_core.package_identification:_identify(laser_ugv_system/ugv_simulation) by extension 'ignore'
[6.837s] Level 1:colcon.colcon_core.package_identification:_identify(laser_ugv_system/ugv_simulation) by extension 'ignore_ament_install'
[6.837s] Level 1:colcon.colcon_core.package_identification:_identify(laser_ugv_system/ugv_simulation) by extensions ['colcon_pkg']
[6.837s] Level 1:colcon.colcon_core.package_identification:_identify(laser_ugv_system/ugv_simulation) by extension 'colcon_pkg'
[6.837s] Level 1:colcon.colcon_core.package_identification:_identify(laser_ugv_system/ugv_simulation) by extensions ['colcon_meta']
[6.837s] Level 1:colcon.colcon_core.package_identification:_identify(laser_ugv_system/ugv_simulation) by extension 'colcon_meta'
[6.837s] Level 1:colcon.colcon_core.package_identification:_identify(laser_ugv_system/ugv_simulation) by extensions ['ros']
[6.837s] Level 1:colcon.colcon_core.package_identification:_identify(laser_ugv_system/ugv_simulation) by extension 'ros'
[6.849s] DEBUG:colcon.colcon_core.package_identification:Package 'laser_ugv_system/ugv_simulation' with type 'ros.ament_cmake' and name 'ugv_simulation'
[6.849s] Level 1:colcon.colcon_core.package_identification:_identify(log) by extensions ['ignore', 'ignore_ament_install']
[6.849s] Level 1:colcon.colcon_core.package_identification:_identify(log) by extension 'ignore'
[6.850s] Level 1:colcon.colcon_core.package_identification:_identify(log) ignored
[6.850s] Level 1:colcon.colcon_core.package_identification:_identify(my_code) by extensions ['ignore', 'ignore_ament_install']
[6.850s] Level 1:colcon.colcon_core.package_identification:_identify(my_code) by extension 'ignore'
[6.850s] Level 1:colcon.colcon_core.package_identification:_identify(my_code) by extension 'ignore_ament_install'
[6.850s] Level 1:colcon.colcon_core.package_identification:_identify(my_code) by extensions ['colcon_pkg']
[6.850s] Level 1:colcon.colcon_core.package_identification:_identify(my_code) by extension 'colcon_pkg'
[6.850s] Level 1:colcon.colcon_core.package_identification:_identify(my_code) by extensions ['colcon_meta']
[6.851s] Level 1:colcon.colcon_core.package_identification:_identify(my_code) by extension 'colcon_meta'
[6.851s] Level 1:colcon.colcon_core.package_identification:_identify(my_code) by extensions ['ros']
[6.851s] Level 1:colcon.colcon_core.package_identification:_identify(my_code) by extension 'ros'
[6.862s] DEBUG:colcon.colcon_core.package_identification:Package 'my_code' with type 'ros.ament_cmake' and name 'my_code'
[6.862s] Level 1:colcon.colcon_core.package_identification:_identify(palletron_bringup) by extensions ['ignore', 'ignore_ament_install']
[6.862s] Level 1:colcon.colcon_core.package_identification:_identify(palletron_bringup) by extension 'ignore'
[6.863s] Level 1:colcon.colcon_core.package_identification:_identify(palletron_bringup) by extension 'ignore_ament_install'
[6.863s] Level 1:colcon.colcon_core.package_identification:_identify(palletron_bringup) by extensions ['colcon_pkg']
[6.863s] Level 1:colcon.colcon_core.package_identification:_identify(palletron_bringup) by extension 'colcon_pkg'
[6.863s] Level 1:colcon.colcon_core.package_identification:_identify(palletron_bringup) by extensions ['colcon_meta']
[6.863s] Level 1:colcon.colcon_core.package_identification:_identify(palletron_bringup) by extension 'colcon_meta'
[6.863s] Level 1:colcon.colcon_core.package_identification:_identify(palletron_bringup) by extensions ['ros']
[6.863s] Level 1:colcon.colcon_core.package_identification:_identify(palletron_bringup) by extension 'ros'
[6.883s] DEBUG:colcon.colcon_core.package_identification:Package 'palletron_bringup' with type 'ros.ament_cmake' and name 'palletron_bringup'
[6.884s] Level 1:colcon.colcon_core.package_identification:_identify(palletron_gazebo) by extensions ['ignore', 'ignore_ament_install']
[6.884s] Level 1:colcon.colcon_core.package_identification:_identify(palletron_gazebo) by extension 'ignore'
[6.884s] Level 1:colcon.colcon_core.package_identification:_identify(palletron_gazebo) by extension 'ignore_ament_install'
[6.885s] Level 1:colcon.colcon_core.package_identification:_identify(palletron_gazebo) by extensions ['colcon_pkg']
[6.885s] Level 1:colcon.colcon_core.package_identification:_identify(palletron_gazebo) by extension 'colcon_pkg'
[6.885s] Level 1:colcon.colcon_core.package_identification:_identify(palletron_gazebo) by extensions ['colcon_meta']
[6.885s] Level 1:colcon.colcon_core.package_identification:_identify(palletron_gazebo) by extension 'colcon_meta'
[6.886s] Level 1:colcon.colcon_core.package_identification:_identify(palletron_gazebo) by extensions ['ros']
[6.886s] Level 1:colcon.colcon_core.package_identification:_identify(palletron_gazebo) by extension 'ros'
[6.888s] DEBUG:colcon.colcon_core.package_identification:Package 'palletron_gazebo' with type 'ros.ament_cmake' and name 'palletron_gazebo'
[6.889s] Level 1:colcon.colcon_core.package_identification:_identify(palletron_visualization) by extensions ['ignore', 'ignore_ament_install']
[6.889s] Level 1:colcon.colcon_core.package_identification:_identify(palletron_visualization) by extension 'ignore'
[6.890s] Level 1:colcon.colcon_core.package_identification:_identify(palletron_visualization) by extension 'ignore_ament_install'
[6.890s] Level 1:colcon.colcon_core.package_identification:_identify(palletron_visualization) by extensions ['colcon_pkg']
[6.890s] Level 1:colcon.colcon_core.package_identification:_identify(palletron_visualization) by extension 'colcon_pkg'
[6.891s] Level 1:colcon.colcon_core.package_identification:_identify(palletron_visualization) by extensions ['colcon_meta']
[6.891s] Level 1:colcon.colcon_core.package_identification:_identify(palletron_visualization) by extension 'colcon_meta'
[6.891s] Level 1:colcon.colcon_core.package_identification:_identify(palletron_visualization) by extensions ['ros']
[6.891s] Level 1:colcon.colcon_core.package_identification:_identify(palletron_visualization) by extension 'ros'
[6.894s] DEBUG:colcon.colcon_core.package_identification:Package 'palletron_visualization' with type 'ros.ament_cmake' and name 'palletron_visualization'
[6.894s] Level 1:colcon.colcon_core.package_discovery:discover_packages(recursive) using defaults
[6.894s] Level 1:colcon.colcon_core.package_discovery:discover_packages(ignore) discover
[6.894s] Level 1:colcon.colcon_core.package_discovery:discover_packages(ignore) using defaults
[6.895s] Level 1:colcon.colcon_core.package_discovery:discover_packages(path) discover
[6.895s] Level 1:colcon.colcon_core.package_discovery:discover_packages(path) using defaults
[7.458s] INFO:colcon.colcon_core.package_selection:Skipping not selected package 'aws_robomaker_small_warehouse_world' in 'aws-robomaker-small-warehouse-world'
[7.458s] INFO:colcon.colcon_core.package_selection:Skipping not selected package 'ira_laser_tools' in 'ira_laser_tools'
[7.459s] INFO:colcon.colcon_core.package_selection:Skipping not selected package 'my_code' in 'my_code'
[7.459s] INFO:colcon.colcon_core.package_selection:Skipping not selected package 'palletron_bringup' in 'palletron_bringup'
[7.459s] INFO:colcon.colcon_core.package_selection:Skipping not selected package 'palletron_gazebo' in 'palletron_gazebo'
[7.459s] INFO:colcon.colcon_core.package_selection:Skipping not selected package 'palletron_visualization' in 'palletron_visualization'
[7.459s] INFO:colcon.colcon_core.package_selection:Skipping not selected package 'ugv_navigation' in 'laser_ugv_system/ugv_navigation'
[7.459s] INFO:colcon.colcon_core.package_selection:Skipping not selected package 'ugv_robots_descriptions' in 'laser_ugv_system/ugv_robots_descriptions'
[7.459s] INFO:colcon.colcon_core.package_selection:Skipping not selected package 'ugv_simulation' in 'laser_ugv_system/ugv_simulation'
[7.476s] Level 1:colcon.colcon_core.package_discovery:discover_packages(prefix_path) check parameters
[7.476s] Level 1:colcon.colcon_core.package_discovery:discover_packages(prefix_path) discover
[7.481s] DEBUG:colcon.colcon_installed_package_information.package_discovery:Found 9 installed packages in /home/lucas/Documents/Pratica4/workspace_2/install
[7.483s] DEBUG:colcon.colcon_installed_package_information.package_discovery:Found 360 installed packages in /opt/ros/humble
[7.485s] Level 1:colcon.colcon_core.package_discovery:discover_packages(prefix_path) using defaults
[7.535s] ERROR:colcon.colcon_core.package_augmentation:Exception in package augmentation extension 'python': 
Traceback (most recent call last):
  File "/usr/lib/python3/dist-packages/colcon_core/package_augmentation/__init__.py", line 97, in augment_packages
    retval = extension.augment_packages(
  File "/usr/lib/python3/dist-packages/colcon_installed_package_information/package_augmentation/python.py", line 44, in augment_packages
    dist = next(iter(dists))
StopIteration

[7.544s] Level 5:colcon.colcon_core.verb:set package 'cpp_pubsub' build argument 'cmake_args' from command line to 'None'
[7.544s] Level 5:colcon.colcon_core.verb:set package 'cpp_pubsub' build argument 'cmake_target' from command line to 'None'
[7.544s] Level 5:colcon.colcon_core.verb:set package 'cpp_pubsub' build argument 'cmake_target_skip_unavailable' from command line to 'False'
[7.544s] Level 5:colcon.colcon_core.verb:set package 'cpp_pubsub' build argument 'cmake_clean_cache' from command line to 'False'
[7.544s] Level 5:colcon.colcon_core.verb:set package 'cpp_pubsub' build argument 'cmake_clean_first' from command line to 'False'
[7.544s] Level 5:colcon.colcon_core.verb:set package 'cpp_pubsub' build argument 'cmake_force_configure' from command line to 'False'
[7.544s] Level 5:colcon.colcon_core.verb:set package 'cpp_pubsub' build argument 'ament_cmake_args' from command line to 'None'
[7.544s] Level 5:colcon.colcon_core.verb:set package 'cpp_pubsub' build argument 'catkin_cmake_args' from command line to 'None'
[7.545s] Level 5:colcon.colcon_core.verb:set package 'cpp_pubsub' build argument 'catkin_skip_building_tests' from command line to 'False'
[7.545s] DEBUG:colcon.colcon_core.verb:Building package 'cpp_pubsub' with the following arguments: {'ament_cmake_args': None, 'build_base': '/home/lucas/Documents/Pratica4/workspace_2/src/build/cpp_pubsub', 'catkin_cmake_args': None, 'catkin_skip_building_tests': False, 'cmake_args': None, 'cmake_clean_cache': False, 'cmake_clean_first': False, 'cmake_force_configure': False, 'cmake_target': None, 'cmake_target_skip_unavailable': False, 'install_base': '/home/lucas/Documents/Pratica4/workspace_2/src/install/cpp_pubsub', 'merge_install': False, 'path': '/home/lucas/Documents/Pratica4/workspace_2/src/cpp_pubsub', 'symlink_install': False, 'test_result_base': None}
[7.545s] INFO:colcon.colcon_core.executor:Executing jobs using 'parallel' executor
[7.546s] DEBUG:colcon.colcon_parallel_executor.executor.parallel:run_until_complete
[7.546s] INFO:colcon.colcon_ros.task.ament_cmake.build:Building ROS package in '/home/lucas/Documents/Pratica4/workspace_2/src/cpp_pubsub' with build type 'ament_cmake'
[7.547s] INFO:colcon.colcon_cmake.task.cmake.build:Building CMake package in '/home/lucas/Documents/Pratica4/workspace_2/src/cpp_pubsub'
[7.622s] INFO:colcon.colcon_core.plugin_system:Skipping extension 'colcon_core.shell.bat': Not used on non-Windows systems
[7.623s] INFO:colcon.colcon_core.shell:Skip shell extension 'powershell' for command environment: Not usable outside of PowerShell
[7.623s] DEBUG:colcon.colcon_core.shell:Skip shell extension 'dsv' for command environment
[7.650s] DEBUG:colcon.colcon_core.event_handler.log_command:Invoking command in '/home/lucas/Documents/Pratica4/workspace_2/src/build/cpp_pubsub': CMAKE_PREFIX_PATH=${CMAKE_PREFIX_PATH}:/opt/ros/humble /usr/bin/cmake /home/lucas/Documents/Pratica4/workspace_2/src/cpp_pubsub -DCMAKE_INSTALL_PREFIX=/home/lucas/Documents/Pratica4/workspace_2/src/install/cpp_pubsub
[20.811s] DEBUG:colcon.colcon_core.event_handler.log_command:Invoked command in '/home/lucas/Documents/Pratica4/workspace_2/src/build/cpp_pubsub' returned '0': CMAKE_PREFIX_PATH=${CMAKE_PREFIX_PATH}:/opt/ros/humble /usr/bin/cmake /home/lucas/Documents/Pratica4/workspace_2/src/cpp_pubsub -DCMAKE_INSTALL_PREFIX=/home/lucas/Documents/Pratica4/workspace_2/src/install/cpp_pubsub
[20.815s] DEBUG:colcon.colcon_core.event_handler.log_command:Invoking command in '/home/lucas/Documents/Pratica4/workspace_2/src/build/cpp_pubsub': CMAKE_PREFIX_PATH=${CMAKE_PREFIX_PATH}:/opt/ros/humble /usr/bin/cmake --build /home/lucas/Documents/Pratica4/workspace_2/src/build/cpp_pubsub -- -j4 -l4
[36.498s] DEBUG:colcon.colcon_core.event_handler.log_command:Invoked command in '/home/lucas/Documents/Pratica4/workspace_2/src/build/cpp_pubsub' returned '0': CMAKE_PREFIX_PATH=${CMAKE_PREFIX_PATH}:/opt/ros/humble /usr/bin/cmake --build /home/lucas/Documents/Pratica4/workspace_2/src/build/cpp_pubsub -- -j4 -l4
[36.566s] DEBUG:colcon.colcon_core.event_handler.log_command:Invoking command in '/home/lucas/Documents/Pratica4/workspace_2/src/build/cpp_pubsub': CMAKE_PREFIX_PATH=${CMAKE_PREFIX_PATH}:/opt/ros/humble /usr/bin/cmake --install /home/lucas/Documents/Pratica4/workspace_2/src/build/cpp_pubsub
[36.587s] Level 1:colcon.colcon_core.environment:create_environment_scripts_only(cpp_pubsub)
[36.588s] DEBUG:colcon.colcon_core.event_handler.log_command:Invoked command in '/home/lucas/Documents/Pratica4/workspace_2/src/build/cpp_pubsub' returned '0': CMAKE_PREFIX_PATH=${CMAKE_PREFIX_PATH}:/opt/ros/humble /usr/bin/cmake --install /home/lucas/Documents/Pratica4/workspace_2/src/build/cpp_pubsub
[36.803s] Level 1:colcon.colcon_core.environment:checking '/home/lucas/Documents/Pratica4/workspace_2/src/install/cpp_pubsub' for CMake module files
[36.804s] Level 1:colcon.colcon_core.environment:checking '/home/lucas/Documents/Pratica4/workspace_2/src/install/cpp_pubsub' for CMake config files
[36.805s] Level 1:colcon.colcon_core.shell:create_environment_hook('cpp_pubsub', 'cmake_prefix_path')
[36.805s] INFO:colcon.colcon_core.shell:Creating environment hook '/home/lucas/Documents/Pratica4/workspace_2/src/install/cpp_pubsub/share/cpp_pubsub/hook/cmake_prefix_path.ps1'
[36.818s] INFO:colcon.colcon_core.shell:Creating environment descriptor '/home/lucas/Documents/Pratica4/workspace_2/src/install/cpp_pubsub/share/cpp_pubsub/hook/cmake_prefix_path.dsv'
[36.836s] INFO:colcon.colcon_core.shell:Creating environment hook '/home/lucas/Documents/Pratica4/workspace_2/src/install/cpp_pubsub/share/cpp_pubsub/hook/cmake_prefix_path.sh'
[36.838s] Level 1:colcon.colcon_core.environment:checking '/home/lucas/Documents/Pratica4/workspace_2/src/install/cpp_pubsub/lib'
[36.839s] Level 1:colcon.colcon_core.environment:checking '/home/lucas/Documents/Pratica4/workspace_2/src/install/cpp_pubsub/bin'
[36.839s] Level 1:colcon.colcon_core.environment:checking '/home/lucas/Documents/Pratica4/workspace_2/src/install/cpp_pubsub/lib/pkgconfig/cpp_pubsub.pc'
[36.840s] Level 1:colcon.colcon_core.environment:checking '/home/lucas/Documents/Pratica4/workspace_2/src/install/cpp_pubsub/lib/python3.10/site-packages'
[36.840s] Level 1:colcon.colcon_core.environment:checking '/home/lucas/Documents/Pratica4/workspace_2/src/install/cpp_pubsub/bin'
[36.841s] INFO:colcon.colcon_core.shell:Creating package script '/home/lucas/Documents/Pratica4/workspace_2/src/install/cpp_pubsub/share/cpp_pubsub/package.ps1'
[36.846s] INFO:colcon.colcon_core.shell:Creating package descriptor '/home/lucas/Documents/Pratica4/workspace_2/src/install/cpp_pubsub/share/cpp_pubsub/package.dsv'
[36.855s] INFO:colcon.colcon_core.shell:Creating package script '/home/lucas/Documents/Pratica4/workspace_2/src/install/cpp_pubsub/share/cpp_pubsub/package.sh'
[36.857s] INFO:colcon.colcon_core.shell:Creating package script '/home/lucas/Documents/Pratica4/workspace_2/src/install/cpp_pubsub/share/cpp_pubsub/package.bash'
[36.876s] INFO:colcon.colcon_core.shell:Creating package script '/home/lucas/Documents/Pratica4/workspace_2/src/install/cpp_pubsub/share/cpp_pubsub/package.zsh'
[36.880s] Level 1:colcon.colcon_core.environment:create_file_with_runtime_dependencies(/home/lucas/Documents/Pratica4/workspace_2/src/install/cpp_pubsub/share/colcon-core/packages/cpp_pubsub)
[36.938s] Level 1:colcon.colcon_core.environment:create_environment_scripts_only(cpp_pubsub)
[36.939s] Level 1:colcon.colcon_core.environment:checking '/home/lucas/Documents/Pratica4/workspace_2/src/install/cpp_pubsub' for CMake module files
[36.940s] Level 1:colcon.colcon_core.environment:checking '/home/lucas/Documents/Pratica4/workspace_2/src/install/cpp_pubsub' for CMake config files
[36.940s] Level 1:colcon.colcon_core.shell:create_environment_hook('cpp_pubsub', 'cmake_prefix_path')
[36.940s] INFO:colcon.colcon_core.shell:Creating environment hook '/home/lucas/Documents/Pratica4/workspace_2/src/install/cpp_pubsub/share/cpp_pubsub/hook/cmake_prefix_path.ps1'
[37.137s] INFO:colcon.colcon_core.shell:Creating environment descriptor '/home/lucas/Documents/Pratica4/workspace_2/src/install/cpp_pubsub/share/cpp_pubsub/hook/cmake_prefix_path.dsv'
[37.259s] INFO:colcon.colcon_core.shell:Creating environment hook '/home/lucas/Documents/Pratica4/workspace_2/src/install/cpp_pubsub/share/cpp_pubsub/hook/cmake_prefix_path.sh'
[37.362s] Level 1:colcon.colcon_core.environment:checking '/home/lucas/Documents/Pratica4/workspace_2/src/install/cpp_pubsub/lib'
[37.362s] Level 1:colcon.colcon_core.environment:checking '/home/lucas/Documents/Pratica4/workspace_2/src/install/cpp_pubsub/bin'
[37.363s] Level 1:colcon.colcon_core.environment:checking '/home/lucas/Documents/Pratica4/workspace_2/src/install/cpp_pubsub/lib/pkgconfig/cpp_pubsub.pc'
[37.364s] Level 1:colcon.colcon_core.environment:checking '/home/lucas/Documents/Pratica4/workspace_2/src/install/cpp_pubsub/lib/python3.10/site-packages'
[37.365s] Level 1:colcon.colcon_core.environment:checking '/home/lucas/Documents/Pratica4/workspace_2/src/install/cpp_pubsub/bin'
[37.368s] INFO:colcon.colcon_core.shell:Creating package script '/home/lucas/Documents/Pratica4/workspace_2/src/install/cpp_pubsub/share/cpp_pubsub/package.ps1'
[37.463s] INFO:colcon.colcon_core.shell:Creating package descriptor '/home/lucas/Documents/Pratica4/workspace_2/src/install/cpp_pubsub/share/cpp_pubsub/package.dsv'
[37.474s] INFO:colcon.colcon_core.shell:Creating package script '/home/lucas/Documents/Pratica4/workspace_2/src/install/cpp_pubsub/share/cpp_pubsub/package.sh'
[37.479s] INFO:colcon.colcon_core.shell:Creating package script '/home/lucas/Documents/Pratica4/workspace_2/src/install/cpp_pubsub/share/cpp_pubsub/package.bash'
[37.482s] INFO:colcon.colcon_core.shell:Creating package script '/home/lucas/Documents/Pratica4/workspace_2/src/install/cpp_pubsub/share/cpp_pubsub/package.zsh'
[37.484s] Level 1:colcon.colcon_core.environment:create_file_with_runtime_dependencies(/home/lucas/Documents/Pratica4/workspace_2/src/install/cpp_pubsub/share/colcon-core/packages/cpp_pubsub)
[37.485s] DEBUG:colcon.colcon_parallel_executor.executor.parallel:closing loop
[37.487s] DEBUG:colcon.colcon_parallel_executor.executor.parallel:loop closed
[37.487s] DEBUG:colcon.colcon_parallel_executor.executor.parallel:run_until_complete finished with '0'
[37.487s] DEBUG:colcon.colcon_core.event_reactor:joining thread
[37.865s] INFO:colcon.colcon_core.plugin_system:Skipping extension 'colcon_notification.desktop_notification.terminal_notifier': Not used on non-Darwin systems
[37.866s] INFO:colcon.colcon_core.plugin_system:Skipping extension 'colcon_notification.desktop_notification.win32': Not used on non-Windows systems
[37.867s] INFO:colcon.colcon_notification.desktop_notification:Sending desktop notification using 'notify2'
[37.934s] DEBUG:colcon.colcon_core.event_reactor:joined thread
[37.936s] INFO:colcon.colcon_core.shell:Creating prefix script '/home/lucas/Documents/Pratica4/workspace_2/src/install/local_setup.ps1'
[37.939s] INFO:colcon.colcon_core.shell:Creating prefix util module '/home/lucas/Documents/Pratica4/workspace_2/src/install/_local_setup_util_ps1.py'
[37.950s] INFO:colcon.colcon_core.shell:Creating prefix chain script '/home/lucas/Documents/Pratica4/workspace_2/src/install/setup.ps1'
[37.971s] INFO:colcon.colcon_core.shell:Creating prefix script '/home/lucas/Documents/Pratica4/workspace_2/src/install/local_setup.sh'
[37.973s] INFO:colcon.colcon_core.shell:Creating prefix util module '/home/lucas/Documents/Pratica4/workspace_2/src/install/_local_setup_util_sh.py'
[37.975s] INFO:colcon.colcon_core.shell:Creating prefix chain script '/home/lucas/Documents/Pratica4/workspace_2/src/install/setup.sh'
[37.979s] INFO:colcon.colcon_core.shell:Creating prefix script '/home/lucas/Documents/Pratica4/workspace_2/src/install/local_setup.bash'
[37.980s] INFO:colcon.colcon_core.shell:Creating prefix chain script '/home/lucas/Documents/Pratica4/workspace_2/src/install/setup.bash'
[37.985s] INFO:colcon.colcon_core.shell:Creating prefix script '/home/lucas/Documents/Pratica4/workspace_2/src/install/local_setup.zsh'
[37.987s] INFO:colcon.colcon_core.shell:Creating prefix chain script '/home/lucas/Documents/Pratica4/workspace_2/src/install/setup.zsh'
