[0.379s] Invoking command in '/home/lucas/Documents/Pratica4/workspace_2/build/my_code': CMAKE_PREFIX_PATH=/opt/ros/humble /usr/bin/cmake --build /home/lucas/Documents/Pratica4/workspace_2/build/my_code -- -j4 -l4
[0.416s] -- Found ament_cmake: 1.3.8 (/opt/ros/humble/share/ament_cmake/cmake)
[0.719s] -- Found ament_lint_auto: 0.12.10 (/opt/ros/humble/share/ament_lint_auto/cmake)
[1.025s] -- Added test 'lint_cmake' to check CMake code style
[1.025s] -- Added test 'xmllint' to check XML markup files
[1.244s] -- Configuring done
[1.494s] -- Generating done
[1.494s] -- Build files have been written to: /home/lucas/Documents/Pratica4/workspace_2/build/my_code
[1.562s] Invoked command in '/home/lucas/Documents/Pratica4/workspace_2/build/my_code' returned '0': CMAKE_PREFIX_PATH=/opt/ros/humble /usr/bin/cmake --build /home/lucas/Documents/Pratica4/workspace_2/build/my_code -- -j4 -l4
[1.620s] Invoking command in '/home/lucas/Documents/Pratica4/workspace_2/build/my_code': CMAKE_PREFIX_PATH=/opt/ros/humble /usr/bin/cmake --install /home/lucas/Documents/Pratica4/workspace_2/build/my_code
[1.639s] -- Install configuration: ""
[1.639s] -- Installing: /home/lucas/Documents/Pratica4/workspace_2/install/my_code/share/my_code/world
[1.640s] -- Installing: /home/lucas/Documents/Pratica4/workspace_2/install/my_code/share/my_code/world/map.yaml
[1.640s] -- Installing: /home/lucas/Documents/Pratica4/workspace_2/install/my_code/share/my_code/world/map.pgm
[1.643s] -- Installing: /home/lucas/Documents/Pratica4/workspace_2/install/my_code/share/my_code/world/map2.pgm
[1.653s] -- Up-to-date: /home/lucas/Documents/Pratica4/workspace_2/install/my_code/share/ament_index/resource_index/package_run_dependencies/my_code
[1.654s] -- Up-to-date: /home/lucas/Documents/Pratica4/workspace_2/install/my_code/share/ament_index/resource_index/parent_prefix_path/my_code
[1.654s] -- Up-to-date: /home/lucas/Documents/Pratica4/workspace_2/install/my_code/share/my_code/environment/ament_prefix_path.sh
[1.654s] -- Installing: /home/lucas/Documents/Pratica4/workspace_2/install/my_code/share/my_code/environment/ament_prefix_path.dsv
[1.654s] -- Up-to-date: /home/lucas/Documents/Pratica4/workspace_2/install/my_code/share/my_code/environment/path.sh
[1.654s] -- Installing: /home/lucas/Documents/Pratica4/workspace_2/install/my_code/share/my_code/environment/path.dsv
[1.655s] -- Up-to-date: /home/lucas/Documents/Pratica4/workspace_2/install/my_code/share/my_code/local_setup.bash
[1.655s] -- Up-to-date: /home/lucas/Documents/Pratica4/workspace_2/install/my_code/share/my_code/local_setup.sh
[1.656s] -- Up-to-date: /home/lucas/Documents/Pratica4/workspace_2/install/my_code/share/my_code/local_setup.zsh
[1.656s] -- Installing: /home/lucas/Documents/Pratica4/workspace_2/install/my_code/share/my_code/local_setup.dsv
[1.657s] -- Installing: /home/lucas/Documents/Pratica4/workspace_2/install/my_code/share/my_code/package.dsv
[1.658s] -- Up-to-date: /home/lucas/Documents/Pratica4/workspace_2/install/my_code/share/ament_index/resource_index/packages/my_code
[1.659s] -- Up-to-date: /home/lucas/Documents/Pratica4/workspace_2/install/my_code/share/my_code/cmake/my_codeConfig.cmake
[1.659s] -- Up-to-date: /home/lucas/Documents/Pratica4/workspace_2/install/my_code/share/my_code/cmake/my_codeConfig-version.cmake
[1.659s] -- Up-to-date: /home/lucas/Documents/Pratica4/workspace_2/install/my_code/share/my_code/package.xml
[1.664s] Invoked command in '/home/lucas/Documents/Pratica4/workspace_2/build/my_code' returned '0': CMAKE_PREFIX_PATH=/opt/ros/humble /usr/bin/cmake --install /home/lucas/Documents/Pratica4/workspace_2/build/my_code
