[0.038s] Invoking command in '/home/lucas/Documents/Pratica4/workspace_2/build/action_tutorials_interfaces': CMAKE_PREFIX_PATH=${CMAKE_PREFIX_PATH}:/opt/ros/humble /usr/bin/cmake --build /home/lucas/Documents/Pratica4/workspace_2/build/action_tutorials_interfaces -- -j4 -l4
[0.312s] [35m[1mConsolidate compiler generated dependencies of target action_tutorials_interfaces__rosidl_generator_c[0m
[0.313s] [  3%] Built target action_tutorials_interfaces__cpp
[0.313s] [ 12%] Built target action_tutorials_interfaces__rosidl_generator_c
[0.315s] [ 12%] Built target ament_cmake_python_copy_action_tutorials_interfaces
[0.315s] [35m[1mConsolidate compiler generated dependencies of target action_tutorials_interfaces__rosidl_typesupport_cpp[0m
[0.320s] [35m[1mConsolidate compiler generated dependencies of target action_tutorials_interfaces__rosidl_typesupport_fastrtps_cpp[0m
[0.322s] [35m[1mConsolidate compiler generated dependencies of target action_tutorials_interfaces__rosidl_typesupport_introspection_cpp[0m
[0.322s] [35m[1mConsolidate compiler generated dependencies of target action_tutorials_interfaces__rosidl_typesupport_fastrtps_c[0m
[0.323s] [ 22%] Built target action_tutorials_interfaces__rosidl_typesupport_fastrtps_cpp
[0.323s] [ 32%] Built target action_tutorials_interfaces__rosidl_typesupport_cpp
[0.328s] [ 41%] Built target action_tutorials_interfaces__rosidl_typesupport_introspection_cpp
[0.328s] [35m[1mConsolidate compiler generated dependencies of target action_tutorials_interfaces__rosidl_typesupport_introspection_c[0m
[0.345s] [35m[1mConsolidate compiler generated dependencies of target action_tutorials_interfaces__rosidl_typesupport_c[0m
[0.355s] [ 51%] Built target action_tutorials_interfaces__rosidl_typesupport_fastrtps_c
[0.368s] [ 61%] Built target action_tutorials_interfaces__rosidl_typesupport_introspection_c
[0.408s] [ 70%] Built target action_tutorials_interfaces__rosidl_typesupport_c
[0.506s] [ 70%] Built target action_tutorials_interfaces
[0.578s] [ 74%] Built target action_tutorials_interfaces__py
[0.609s] [35m[1mConsolidate compiler generated dependencies of target action_tutorials_interfaces__rosidl_generator_py[0m
[0.645s] [ 80%] Built target action_tutorials_interfaces__rosidl_generator_py
[0.680s] [35m[1mConsolidate compiler generated dependencies of target action_tutorials_interfaces__rosidl_typesupport_introspection_c__pyext[0m
[0.689s] [35m[1mConsolidate compiler generated dependencies of target action_tutorials_interfaces__rosidl_typesupport_fastrtps_c__pyext[0m
[0.719s] [35m[1mConsolidate compiler generated dependencies of target action_tutorials_interfaces__rosidl_typesupport_c__pyext[0m
[0.720s] [ 87%] Built target action_tutorials_interfaces__rosidl_typesupport_introspection_c__pyext
[0.806s] [ 93%] Built target action_tutorials_interfaces__rosidl_typesupport_fastrtps_c__pyext
[0.820s] [100%] Built target action_tutorials_interfaces__rosidl_typesupport_c__pyext
[1.007s] running egg_info
[1.017s] writing action_tutorials_interfaces.egg-info/PKG-INFO
[1.017s] writing dependency_links to action_tutorials_interfaces.egg-info/dependency_links.txt
[1.017s] writing top-level names to action_tutorials_interfaces.egg-info/top_level.txt
[1.022s] reading manifest file 'action_tutorials_interfaces.egg-info/SOURCES.txt'
[1.024s] writing manifest file 'action_tutorials_interfaces.egg-info/SOURCES.txt'
[1.134s] [100%] Built target ament_cmake_python_build_action_tutorials_interfaces_egg
[1.174s] Invoked command in '/home/lucas/Documents/Pratica4/workspace_2/build/action_tutorials_interfaces' returned '0': CMAKE_PREFIX_PATH=${CMAKE_PREFIX_PATH}:/opt/ros/humble /usr/bin/cmake --build /home/lucas/Documents/Pratica4/workspace_2/build/action_tutorials_interfaces -- -j4 -l4
[1.357s] Invoking command in '/home/lucas/Documents/Pratica4/workspace_2/build/action_tutorials_interfaces': CMAKE_PREFIX_PATH=${CMAKE_PREFIX_PATH}:/opt/ros/humble /usr/bin/cmake --install /home/lucas/Documents/Pratica4/workspace_2/build/action_tutorials_interfaces
[1.385s] -- Install configuration: ""
[1.386s] -- Up-to-date: /home/lucas/Documents/Pratica4/workspace_2/install/action_tutorials_interfaces/share/ament_index/resource_index/rosidl_interfaces/action_tutorials_interfaces
[1.387s] -- Up-to-date: /home/lucas/Documents/Pratica4/workspace_2/install/action_tutorials_interfaces/include/action_tutorials_interfaces/action_tutorials_interfaces
[1.389s] -- Up-to-date: /home/lucas/Documents/Pratica4/workspace_2/install/action_tutorials_interfaces/include/action_tutorials_interfaces/action_tutorials_interfaces/action
[1.389s] -- Up-to-date: /home/lucas/Documents/Pratica4/workspace_2/install/action_tutorials_interfaces/include/action_tutorials_interfaces/action_tutorials_interfaces/action/fibonacci.h
[1.390s] -- Up-to-date: /home/lucas/Documents/Pratica4/workspace_2/install/action_tutorials_interfaces/include/action_tutorials_interfaces/action_tutorials_interfaces/action/detail
[1.390s] -- Up-to-date: /home/lucas/Documents/Pratica4/workspace_2/install/action_tutorials_interfaces/include/action_tutorials_interfaces/action_tutorials_interfaces/action/detail/fibonacci__struct.h
[1.391s] -- Up-to-date: /home/lucas/Documents/Pratica4/workspace_2/install/action_tutorials_interfaces/include/action_tutorials_interfaces/action_tutorials_interfaces/action/detail/fibonacci__type_support.h
[1.391s] -- Up-to-date: /home/lucas/Documents/Pratica4/workspace_2/install/action_tutorials_interfaces/include/action_tutorials_interfaces/action_tutorials_interfaces/action/detail/fibonacci__functions.c
[1.391s] -- Up-to-date: /home/lucas/Documents/Pratica4/workspace_2/install/action_tutorials_interfaces/include/action_tutorials_interfaces/action_tutorials_interfaces/action/detail/fibonacci__functions.h
[1.392s] -- Up-to-date: /home/lucas/Documents/Pratica4/workspace_2/install/action_tutorials_interfaces/include/action_tutorials_interfaces/action_tutorials_interfaces/msg
[1.392s] -- Up-to-date: /home/lucas/Documents/Pratica4/workspace_2/install/action_tutorials_interfaces/include/action_tutorials_interfaces/action_tutorials_interfaces/msg/rosidl_generator_c__visibility_control.h
[1.397s] -- Up-to-date: /home/lucas/Documents/Pratica4/workspace_2/install/action_tutorials_interfaces/share/action_tutorials_interfaces/environment/library_path.sh
[1.398s] -- Up-to-date: /home/lucas/Documents/Pratica4/workspace_2/install/action_tutorials_interfaces/share/action_tutorials_interfaces/environment/library_path.dsv
[1.398s] -- Up-to-date: /home/lucas/Documents/Pratica4/workspace_2/install/action_tutorials_interfaces/lib/libaction_tutorials_interfaces__rosidl_generator_c.so
[1.399s] -- Up-to-date: /home/lucas/Documents/Pratica4/workspace_2/install/action_tutorials_interfaces/include/action_tutorials_interfaces/action_tutorials_interfaces
[1.400s] -- Up-to-date: /home/lucas/Documents/Pratica4/workspace_2/install/action_tutorials_interfaces/include/action_tutorials_interfaces/action_tutorials_interfaces/action
[1.401s] -- Up-to-date: /home/lucas/Documents/Pratica4/workspace_2/install/action_tutorials_interfaces/include/action_tutorials_interfaces/action_tutorials_interfaces/action/detail
[1.401s] -- Up-to-date: /home/lucas/Documents/Pratica4/workspace_2/install/action_tutorials_interfaces/include/action_tutorials_interfaces/action_tutorials_interfaces/action/detail/fibonacci__rosidl_typesupport_fastrtps_c.h
[1.401s] -- Up-to-date: /home/lucas/Documents/Pratica4/workspace_2/install/action_tutorials_interfaces/include/action_tutorials_interfaces/action_tutorials_interfaces/msg
[1.402s] -- Up-to-date: /home/lucas/Documents/Pratica4/workspace_2/install/action_tutorials_interfaces/include/action_tutorials_interfaces/action_tutorials_interfaces/msg/rosidl_typesupport_fastrtps_c__visibility_control.h
[1.403s] -- Up-to-date: /home/lucas/Documents/Pratica4/workspace_2/install/action_tutorials_interfaces/lib/libaction_tutorials_interfaces__rosidl_typesupport_fastrtps_c.so
[1.403s] -- Up-to-date: /home/lucas/Documents/Pratica4/workspace_2/install/action_tutorials_interfaces/include/action_tutorials_interfaces/action_tutorials_interfaces
[1.404s] -- Up-to-date: /home/lucas/Documents/Pratica4/workspace_2/install/action_tutorials_interfaces/include/action_tutorials_interfaces/action_tutorials_interfaces/action
[1.404s] -- Up-to-date: /home/lucas/Documents/Pratica4/workspace_2/install/action_tutorials_interfaces/include/action_tutorials_interfaces/action_tutorials_interfaces/action/detail
[1.405s] -- Up-to-date: /home/lucas/Documents/Pratica4/workspace_2/install/action_tutorials_interfaces/include/action_tutorials_interfaces/action_tutorials_interfaces/action/detail/fibonacci__rosidl_typesupport_introspection_c.h
[1.405s] -- Up-to-date: /home/lucas/Documents/Pratica4/workspace_2/install/action_tutorials_interfaces/include/action_tutorials_interfaces/action_tutorials_interfaces/action/detail/fibonacci__type_support.c
[1.405s] -- Up-to-date: /home/lucas/Documents/Pratica4/workspace_2/install/action_tutorials_interfaces/include/action_tutorials_interfaces/action_tutorials_interfaces/msg
[1.406s] -- Up-to-date: /home/lucas/Documents/Pratica4/workspace_2/install/action_tutorials_interfaces/include/action_tutorials_interfaces/action_tutorials_interfaces/msg/rosidl_typesupport_introspection_c__visibility_control.h
[1.407s] -- Up-to-date: /home/lucas/Documents/Pratica4/workspace_2/install/action_tutorials_interfaces/lib/libaction_tutorials_interfaces__rosidl_typesupport_introspection_c.so
[1.408s] -- Up-to-date: /home/lucas/Documents/Pratica4/workspace_2/install/action_tutorials_interfaces/lib/libaction_tutorials_interfaces__rosidl_typesupport_c.so
[1.409s] -- Up-to-date: /home/lucas/Documents/Pratica4/workspace_2/install/action_tutorials_interfaces/include/action_tutorials_interfaces/action_tutorials_interfaces
[1.409s] -- Up-to-date: /home/lucas/Documents/Pratica4/workspace_2/install/action_tutorials_interfaces/include/action_tutorials_interfaces/action_tutorials_interfaces/action
[1.410s] -- Up-to-date: /home/lucas/Documents/Pratica4/workspace_2/install/action_tutorials_interfaces/include/action_tutorials_interfaces/action_tutorials_interfaces/action/fibonacci.hpp
[1.410s] -- Up-to-date: /home/lucas/Documents/Pratica4/workspace_2/install/action_tutorials_interfaces/include/action_tutorials_interfaces/action_tutorials_interfaces/action/detail
[1.410s] -- Up-to-date: /home/lucas/Documents/Pratica4/workspace_2/install/action_tutorials_interfaces/include/action_tutorials_interfaces/action_tutorials_interfaces/action/detail/fibonacci__builder.hpp
[1.411s] -- Up-to-date: /home/lucas/Documents/Pratica4/workspace_2/install/action_tutorials_interfaces/include/action_tutorials_interfaces/action_tutorials_interfaces/action/detail/fibonacci__traits.hpp
[1.411s] -- Up-to-date: /home/lucas/Documents/Pratica4/workspace_2/install/action_tutorials_interfaces/include/action_tutorials_interfaces/action_tutorials_interfaces/action/detail/fibonacci__struct.hpp
[1.411s] -- Up-to-date: /home/lucas/Documents/Pratica4/workspace_2/install/action_tutorials_interfaces/include/action_tutorials_interfaces/action_tutorials_interfaces
[1.416s] -- Up-to-date: /home/lucas/Documents/Pratica4/workspace_2/install/action_tutorials_interfaces/include/action_tutorials_interfaces/action_tutorials_interfaces/action
[1.416s] -- Up-to-date: /home/lucas/Documents/Pratica4/workspace_2/install/action_tutorials_interfaces/include/action_tutorials_interfaces/action_tutorials_interfaces/action/detail
[1.416s] -- Up-to-date: /home/lucas/Documents/Pratica4/workspace_2/install/action_tutorials_interfaces/include/action_tutorials_interfaces/action_tutorials_interfaces/action/detail/fibonacci__rosidl_typesupport_fastrtps_cpp.hpp
[1.416s] -- Up-to-date: /home/lucas/Documents/Pratica4/workspace_2/install/action_tutorials_interfaces/include/action_tutorials_interfaces/action_tutorials_interfaces/action/detail/dds_fastrtps
[1.417s] -- Up-to-date: /home/lucas/Documents/Pratica4/workspace_2/install/action_tutorials_interfaces/include/action_tutorials_interfaces/action_tutorials_interfaces/msg
[1.417s] -- Up-to-date: /home/lucas/Documents/Pratica4/workspace_2/install/action_tutorials_interfaces/include/action_tutorials_interfaces/action_tutorials_interfaces/msg/rosidl_typesupport_fastrtps_cpp__visibility_control.h
[1.417s] -- Up-to-date: /home/lucas/Documents/Pratica4/workspace_2/install/action_tutorials_interfaces/lib/libaction_tutorials_interfaces__rosidl_typesupport_fastrtps_cpp.so
[1.417s] -- Up-to-date: /home/lucas/Documents/Pratica4/workspace_2/install/action_tutorials_interfaces/include/action_tutorials_interfaces/action_tutorials_interfaces
[1.417s] -- Up-to-date: /home/lucas/Documents/Pratica4/workspace_2/install/action_tutorials_interfaces/include/action_tutorials_interfaces/action_tutorials_interfaces/action
[1.417s] -- Up-to-date: /home/lucas/Documents/Pratica4/workspace_2/install/action_tutorials_interfaces/include/action_tutorials_interfaces/action_tutorials_interfaces/action/detail
[1.417s] -- Up-to-date: /home/lucas/Documents/Pratica4/workspace_2/install/action_tutorials_interfaces/include/action_tutorials_interfaces/action_tutorials_interfaces/action/detail/fibonacci__type_support.cpp
[1.418s] -- Up-to-date: /home/lucas/Documents/Pratica4/workspace_2/install/action_tutorials_interfaces/include/action_tutorials_interfaces/action_tutorials_interfaces/action/detail/fibonacci__rosidl_typesupport_introspection_cpp.hpp
[1.418s] -- Up-to-date: /home/lucas/Documents/Pratica4/workspace_2/install/action_tutorials_interfaces/lib/libaction_tutorials_interfaces__rosidl_typesupport_introspection_cpp.so
[1.418s] -- Up-to-date: /home/lucas/Documents/Pratica4/workspace_2/install/action_tutorials_interfaces/lib/libaction_tutorials_interfaces__rosidl_typesupport_cpp.so
[1.418s] -- Up-to-date: /home/lucas/Documents/Pratica4/workspace_2/install/action_tutorials_interfaces/share/action_tutorials_interfaces/environment/pythonpath.sh
[1.418s] -- Up-to-date: /home/lucas/Documents/Pratica4/workspace_2/install/action_tutorials_interfaces/share/action_tutorials_interfaces/environment/pythonpath.dsv
[1.419s] -- Up-to-date: /home/lucas/Documents/Pratica4/workspace_2/install/action_tutorials_interfaces/local/lib/python3.10/dist-packages/action_tutorials_interfaces-0.0.0-py3.10.egg-info
[1.419s] -- Installing: /home/lucas/Documents/Pratica4/workspace_2/install/action_tutorials_interfaces/local/lib/python3.10/dist-packages/action_tutorials_interfaces-0.0.0-py3.10.egg-info/dependency_links.txt
[1.419s] -- Installing: /home/lucas/Documents/Pratica4/workspace_2/install/action_tutorials_interfaces/local/lib/python3.10/dist-packages/action_tutorials_interfaces-0.0.0-py3.10.egg-info/PKG-INFO
[1.419s] -- Installing: /home/lucas/Documents/Pratica4/workspace_2/install/action_tutorials_interfaces/local/lib/python3.10/dist-packages/action_tutorials_interfaces-0.0.0-py3.10.egg-info/SOURCES.txt
[1.420s] -- Installing: /home/lucas/Documents/Pratica4/workspace_2/install/action_tutorials_interfaces/local/lib/python3.10/dist-packages/action_tutorials_interfaces-0.0.0-py3.10.egg-info/top_level.txt
[1.420s] -- Up-to-date: /home/lucas/Documents/Pratica4/workspace_2/install/action_tutorials_interfaces/local/lib/python3.10/dist-packages/action_tutorials_interfaces
[1.420s] -- Up-to-date: /home/lucas/Documents/Pratica4/workspace_2/install/action_tutorials_interfaces/local/lib/python3.10/dist-packages/action_tutorials_interfaces/action
[1.420s] -- Up-to-date: /home/lucas/Documents/Pratica4/workspace_2/install/action_tutorials_interfaces/local/lib/python3.10/dist-packages/action_tutorials_interfaces/action/__init__.py
[1.420s] -- Up-to-date: /home/lucas/Documents/Pratica4/workspace_2/install/action_tutorials_interfaces/local/lib/python3.10/dist-packages/action_tutorials_interfaces/action/_fibonacci.py
[1.421s] -- Up-to-date: /home/lucas/Documents/Pratica4/workspace_2/install/action_tutorials_interfaces/local/lib/python3.10/dist-packages/action_tutorials_interfaces/action/_fibonacci_s.c
[1.421s] -- Up-to-date: /home/lucas/Documents/Pratica4/workspace_2/install/action_tutorials_interfaces/local/lib/python3.10/dist-packages/action_tutorials_interfaces/action_tutorials_interfaces_s__rosidl_typesupport_fastrtps_c.cpython-310-x86_64-linux-gnu.so
[1.421s] -- Up-to-date: /home/lucas/Documents/Pratica4/workspace_2/install/action_tutorials_interfaces/local/lib/python3.10/dist-packages/action_tutorials_interfaces/libaction_tutorials_interfaces__rosidl_generator_py.so
[1.421s] -- Up-to-date: /home/lucas/Documents/Pratica4/workspace_2/install/action_tutorials_interfaces/local/lib/python3.10/dist-packages/action_tutorials_interfaces/__init__.py
[1.421s] -- Up-to-date: /home/lucas/Documents/Pratica4/workspace_2/install/action_tutorials_interfaces/local/lib/python3.10/dist-packages/action_tutorials_interfaces/action_tutorials_interfaces_s__rosidl_typesupport_introspection_c.cpython-310-x86_64-linux-gnu.so
[1.421s] -- Up-to-date: /home/lucas/Documents/Pratica4/workspace_2/install/action_tutorials_interfaces/local/lib/python3.10/dist-packages/action_tutorials_interfaces/action_tutorials_interfaces_s__rosidl_typesupport_c.cpython-310-x86_64-linux-gnu.so
[1.422s] -- Up-to-date: /home/lucas/Documents/Pratica4/workspace_2/install/action_tutorials_interfaces/local/lib/python3.10/dist-packages/action_tutorials_interfaces/_action_tutorials_interfaces_s.ep.rosidl_typesupport_c.c
[1.422s] -- Up-to-date: /home/lucas/Documents/Pratica4/workspace_2/install/action_tutorials_interfaces/local/lib/python3.10/dist-packages/action_tutorials_interfaces/_action_tutorials_interfaces_s.ep.rosidl_typesupport_introspection_c.c
[1.422s] -- Up-to-date: /home/lucas/Documents/Pratica4/workspace_2/install/action_tutorials_interfaces/local/lib/python3.10/dist-packages/action_tutorials_interfaces/_action_tutorials_interfaces_s.ep.rosidl_typesupport_fastrtps_c.c
[1.518s] Listing '/home/lucas/Documents/Pratica4/workspace_2/install/action_tutorials_interfaces/local/lib/python3.10/dist-packages/action_tutorials_interfaces'...
[1.520s] Listing '/home/lucas/Documents/Pratica4/workspace_2/install/action_tutorials_interfaces/local/lib/python3.10/dist-packages/action_tutorials_interfaces/action'...
[1.552s] -- Up-to-date: /home/lucas/Documents/Pratica4/workspace_2/install/action_tutorials_interfaces/local/lib/python3.10/dist-packages/action_tutorials_interfaces/action_tutorials_interfaces_s__rosidl_typesupport_fastrtps_c.cpython-310-x86_64-linux-gnu.so
[1.554s] -- Up-to-date: /home/lucas/Documents/Pratica4/workspace_2/install/action_tutorials_interfaces/local/lib/python3.10/dist-packages/action_tutorials_interfaces/action_tutorials_interfaces_s__rosidl_typesupport_introspection_c.cpython-310-x86_64-linux-gnu.so
[1.555s] -- Up-to-date: /home/lucas/Documents/Pratica4/workspace_2/install/action_tutorials_interfaces/local/lib/python3.10/dist-packages/action_tutorials_interfaces/action_tutorials_interfaces_s__rosidl_typesupport_c.cpython-310-x86_64-linux-gnu.so
[1.557s] -- Up-to-date: /home/lucas/Documents/Pratica4/workspace_2/install/action_tutorials_interfaces/lib/libaction_tutorials_interfaces__rosidl_generator_py.so
[1.564s] -- Up-to-date: /home/lucas/Documents/Pratica4/workspace_2/install/action_tutorials_interfaces/share/action_tutorials_interfaces/action/Fibonacci.idl
[1.566s] -- Up-to-date: /home/lucas/Documents/Pratica4/workspace_2/install/action_tutorials_interfaces/share/action_tutorials_interfaces/action/Fibonacci.action
[1.567s] -- Up-to-date: /home/lucas/Documents/Pratica4/workspace_2/install/action_tutorials_interfaces/share/ament_index/resource_index/package_run_dependencies/action_tutorials_interfaces
[1.567s] -- Up-to-date: /home/lucas/Documents/Pratica4/workspace_2/install/action_tutorials_interfaces/share/ament_index/resource_index/parent_prefix_path/action_tutorials_interfaces
[1.573s] -- Up-to-date: /home/lucas/Documents/Pratica4/workspace_2/install/action_tutorials_interfaces/share/action_tutorials_interfaces/environment/ament_prefix_path.sh
[1.574s] -- Up-to-date: /home/lucas/Documents/Pratica4/workspace_2/install/action_tutorials_interfaces/share/action_tutorials_interfaces/environment/ament_prefix_path.dsv
[1.574s] -- Up-to-date: /home/lucas/Documents/Pratica4/workspace_2/install/action_tutorials_interfaces/share/action_tutorials_interfaces/environment/path.sh
[1.574s] -- Up-to-date: /home/lucas/Documents/Pratica4/workspace_2/install/action_tutorials_interfaces/share/action_tutorials_interfaces/environment/path.dsv
[1.574s] -- Up-to-date: /home/lucas/Documents/Pratica4/workspace_2/install/action_tutorials_interfaces/share/action_tutorials_interfaces/local_setup.bash
[1.575s] -- Up-to-date: /home/lucas/Documents/Pratica4/workspace_2/install/action_tutorials_interfaces/share/action_tutorials_interfaces/local_setup.sh
[1.575s] -- Up-to-date: /home/lucas/Documents/Pratica4/workspace_2/install/action_tutorials_interfaces/share/action_tutorials_interfaces/local_setup.zsh
[1.576s] -- Up-to-date: /home/lucas/Documents/Pratica4/workspace_2/install/action_tutorials_interfaces/share/action_tutorials_interfaces/local_setup.dsv
[1.576s] -- Installing: /home/lucas/Documents/Pratica4/workspace_2/install/action_tutorials_interfaces/share/action_tutorials_interfaces/package.dsv
[1.576s] -- Up-to-date: /home/lucas/Documents/Pratica4/workspace_2/install/action_tutorials_interfaces/share/ament_index/resource_index/packages/action_tutorials_interfaces
[1.576s] -- Up-to-date: /home/lucas/Documents/Pratica4/workspace_2/install/action_tutorials_interfaces/share/action_tutorials_interfaces/cmake/export_action_tutorials_interfaces__rosidl_generator_cExport.cmake
[1.576s] -- Up-to-date: /home/lucas/Documents/Pratica4/workspace_2/install/action_tutorials_interfaces/share/action_tutorials_interfaces/cmake/export_action_tutorials_interfaces__rosidl_generator_cExport-noconfig.cmake
[1.577s] -- Up-to-date: /home/lucas/Documents/Pratica4/workspace_2/install/action_tutorials_interfaces/share/action_tutorials_interfaces/cmake/export_action_tutorials_interfaces__rosidl_typesupport_fastrtps_cExport.cmake
[1.577s] -- Up-to-date: /home/lucas/Documents/Pratica4/workspace_2/install/action_tutorials_interfaces/share/action_tutorials_interfaces/cmake/export_action_tutorials_interfaces__rosidl_typesupport_fastrtps_cExport-noconfig.cmake
[1.577s] -- Up-to-date: /home/lucas/Documents/Pratica4/workspace_2/install/action_tutorials_interfaces/share/action_tutorials_interfaces/cmake/action_tutorials_interfaces__rosidl_typesupport_introspection_cExport.cmake
[1.577s] -- Up-to-date: /home/lucas/Documents/Pratica4/workspace_2/install/action_tutorials_interfaces/share/action_tutorials_interfaces/cmake/action_tutorials_interfaces__rosidl_typesupport_introspection_cExport-noconfig.cmake
[1.578s] -- Up-to-date: /home/lucas/Documents/Pratica4/workspace_2/install/action_tutorials_interfaces/share/action_tutorials_interfaces/cmake/action_tutorials_interfaces__rosidl_typesupport_cExport.cmake
[1.578s] -- Up-to-date: /home/lucas/Documents/Pratica4/workspace_2/install/action_tutorials_interfaces/share/action_tutorials_interfaces/cmake/action_tutorials_interfaces__rosidl_typesupport_cExport-noconfig.cmake
[1.578s] -- Up-to-date: /home/lucas/Documents/Pratica4/workspace_2/install/action_tutorials_interfaces/share/action_tutorials_interfaces/cmake/export_action_tutorials_interfaces__rosidl_generator_cppExport.cmake
[1.578s] -- Up-to-date: /home/lucas/Documents/Pratica4/workspace_2/install/action_tutorials_interfaces/share/action_tutorials_interfaces/cmake/export_action_tutorials_interfaces__rosidl_typesupport_fastrtps_cppExport.cmake
[1.578s] -- Up-to-date: /home/lucas/Documents/Pratica4/workspace_2/install/action_tutorials_interfaces/share/action_tutorials_interfaces/cmake/export_action_tutorials_interfaces__rosidl_typesupport_fastrtps_cppExport-noconfig.cmake
[1.579s] -- Up-to-date: /home/lucas/Documents/Pratica4/workspace_2/install/action_tutorials_interfaces/share/action_tutorials_interfaces/cmake/action_tutorials_interfaces__rosidl_typesupport_introspection_cppExport.cmake
[1.579s] -- Up-to-date: /home/lucas/Documents/Pratica4/workspace_2/install/action_tutorials_interfaces/share/action_tutorials_interfaces/cmake/action_tutorials_interfaces__rosidl_typesupport_introspection_cppExport-noconfig.cmake
[1.579s] -- Up-to-date: /home/lucas/Documents/Pratica4/workspace_2/install/action_tutorials_interfaces/share/action_tutorials_interfaces/cmake/action_tutorials_interfaces__rosidl_typesupport_cppExport.cmake
[1.579s] -- Up-to-date: /home/lucas/Documents/Pratica4/workspace_2/install/action_tutorials_interfaces/share/action_tutorials_interfaces/cmake/action_tutorials_interfaces__rosidl_typesupport_cppExport-noconfig.cmake
[1.579s] -- Up-to-date: /home/lucas/Documents/Pratica4/workspace_2/install/action_tutorials_interfaces/share/action_tutorials_interfaces/cmake/export_action_tutorials_interfaces__rosidl_generator_pyExport.cmake
[1.580s] -- Up-to-date: /home/lucas/Documents/Pratica4/workspace_2/install/action_tutorials_interfaces/share/action_tutorials_interfaces/cmake/export_action_tutorials_interfaces__rosidl_generator_pyExport-noconfig.cmake
[1.580s] -- Up-to-date: /home/lucas/Documents/Pratica4/workspace_2/install/action_tutorials_interfaces/share/action_tutorials_interfaces/cmake/rosidl_cmake-extras.cmake
[1.580s] -- Up-to-date: /home/lucas/Documents/Pratica4/workspace_2/install/action_tutorials_interfaces/share/action_tutorials_interfaces/cmake/ament_cmake_export_dependencies-extras.cmake
[1.580s] -- Up-to-date: /home/lucas/Documents/Pratica4/workspace_2/install/action_tutorials_interfaces/share/action_tutorials_interfaces/cmake/ament_cmake_export_include_directories-extras.cmake
[1.580s] -- Up-to-date: /home/lucas/Documents/Pratica4/workspace_2/install/action_tutorials_interfaces/share/action_tutorials_interfaces/cmake/ament_cmake_export_libraries-extras.cmake
[1.581s] -- Up-to-date: /home/lucas/Documents/Pratica4/workspace_2/install/action_tutorials_interfaces/share/action_tutorials_interfaces/cmake/ament_cmake_export_targets-extras.cmake
[1.581s] -- Up-to-date: /home/lucas/Documents/Pratica4/workspace_2/install/action_tutorials_interfaces/share/action_tutorials_interfaces/cmake/rosidl_cmake_export_typesupport_targets-extras.cmake
[1.581s] -- Up-to-date: /home/lucas/Documents/Pratica4/workspace_2/install/action_tutorials_interfaces/share/action_tutorials_interfaces/cmake/rosidl_cmake_export_typesupport_libraries-extras.cmake
[1.585s] -- Up-to-date: /home/lucas/Documents/Pratica4/workspace_2/install/action_tutorials_interfaces/share/action_tutorials_interfaces/cmake/action_tutorials_interfacesConfig.cmake
[1.585s] -- Up-to-date: /home/lucas/Documents/Pratica4/workspace_2/install/action_tutorials_interfaces/share/action_tutorials_interfaces/cmake/action_tutorials_interfacesConfig-version.cmake
[1.585s] -- Up-to-date: /home/lucas/Documents/Pratica4/workspace_2/install/action_tutorials_interfaces/share/action_tutorials_interfaces/package.xml
[1.588s] Invoked command in '/home/lucas/Documents/Pratica4/workspace_2/build/action_tutorials_interfaces' returned '0': CMAKE_PREFIX_PATH=${CMAKE_PREFIX_PATH}:/opt/ros/humble /usr/bin/cmake --install /home/lucas/Documents/Pratica4/workspace_2/build/action_tutorials_interfaces
