[0.251s] Invoking command in '/home/lucas/Documents/Pratica4/workspace_2/build/ugv_robots_descriptions': CMAKE_PREFIX_PATH=${CMAKE_PREFIX_PATH}:/opt/ros/humble /usr/bin/cmake --build /home/lucas/Documents/Pratica4/workspace_2/build/ugv_robots_descriptions -- -j4 -l4
[0.615s] Invoked command in '/home/lucas/Documents/Pratica4/workspace_2/build/ugv_robots_descriptions' returned '0': CMAKE_PREFIX_PATH=${CMAKE_PREFIX_PATH}:/opt/ros/humble /usr/bin/cmake --build /home/lucas/Documents/Pratica4/workspace_2/build/ugv_robots_descriptions -- -j4 -l4
[0.676s] Invoking command in '/home/lucas/Documents/Pratica4/workspace_2/build/ugv_robots_descriptions': CMAKE_PREFIX_PATH=${CMAKE_PREFIX_PATH}:/opt/ros/humble /usr/bin/cmake --install /home/lucas/Documents/Pratica4/workspace_2/build/ugv_robots_descriptions
[0.699s] -- Install configuration: ""
[0.700s] -- Up-to-date: /home/lucas/Documents/Pratica4/workspace_2/install/ugv_robots_descriptions/share/ugv_robots_descriptions/launch
[0.725s] -- Up-to-date: /home/lucas/Documents/Pratica4/workspace_2/install/ugv_robots_descriptions/share/ugv_robots_descriptions/launch/l1br_description_launch.py
[0.725s] -- Up-to-date: /home/lucas/Documents/Pratica4/workspace_2/install/ugv_robots_descriptions/share/ugv_robots_descriptions/launch/oni_description_launch.py
[0.726s] -- Up-to-date: /home/lucas/Documents/Pratica4/workspace_2/install/ugv_robots_descriptions/share/ugv_robots_descriptions/robots_description
[0.798s] -- Up-to-date: /home/lucas/Documents/Pratica4/workspace_2/install/ugv_robots_descriptions/share/ugv_robots_descriptions/robots_description/oni
[0.891s] -- Up-to-date: /home/lucas/Documents/Pratica4/workspace_2/install/ugv_robots_descriptions/share/ugv_robots_descriptions/robots_description/oni/meshes
[0.971s] -- Up-to-date: /home/lucas/Documents/Pratica4/workspace_2/install/ugv_robots_descriptions/share/ugv_robots_descriptions/robots_description/oni/meshes/chassis.dae
[0.972s] -- Up-to-date: /home/lucas/Documents/Pratica4/workspace_2/install/ugv_robots_descriptions/share/ugv_robots_descriptions/robots_description/oni/meshes/fr_wheel.dae
[0.972s] -- Up-to-date: /home/lucas/Documents/Pratica4/workspace_2/install/ugv_robots_descriptions/share/ugv_robots_descriptions/robots_description/oni/meshes/rplidar.dae
[0.973s] -- Up-to-date: /home/lucas/Documents/Pratica4/workspace_2/install/ugv_robots_descriptions/share/ugv_robots_descriptions/robots_description/oni/meshes/fl_wheel.dae
[0.973s] -- Up-to-date: /home/lucas/Documents/Pratica4/workspace_2/install/ugv_robots_descriptions/share/ugv_robots_descriptions/robots_description/oni/urdf
[1.010s] -- Up-to-date: /home/lucas/Documents/Pratica4/workspace_2/install/ugv_robots_descriptions/share/ugv_robots_descriptions/robots_description/oni/urdf/sensors
[1.012s] -- Up-to-date: /home/lucas/Documents/Pratica4/workspace_2/install/ugv_robots_descriptions/share/ugv_robots_descriptions/robots_description/oni/urdf/sensors/laser_sensor.urdf.xacro
[1.013s] -- Up-to-date: /home/lucas/Documents/Pratica4/workspace_2/install/ugv_robots_descriptions/share/ugv_robots_descriptions/robots_description/oni/urdf/sensors/imu_sensor.urdf.xacro
[1.014s] -- Up-to-date: /home/lucas/Documents/Pratica4/workspace_2/install/ugv_robots_descriptions/share/ugv_robots_descriptions/robots_description/oni/urdf/robot_parts
[1.015s] -- Up-to-date: /home/lucas/Documents/Pratica4/workspace_2/install/ugv_robots_descriptions/share/ugv_robots_descriptions/robots_description/oni/urdf/robot_parts/traction_wheel.urdf.xacro
[1.015s] -- Up-to-date: /home/lucas/Documents/Pratica4/workspace_2/install/ugv_robots_descriptions/share/ugv_robots_descriptions/robots_description/oni/urdf/robot_parts/robot_base.urdf.xacro
[1.015s] -- Up-to-date: /home/lucas/Documents/Pratica4/workspace_2/install/ugv_robots_descriptions/share/ugv_robots_descriptions/robots_description/oni/urdf/oni.urdf.xacro
[1.016s] -- Up-to-date: /home/lucas/Documents/Pratica4/workspace_2/install/ugv_robots_descriptions/share/ugv_robots_descriptions/robots_description/oni/urdf/oni_omni_drive_control.urdf.xacro
[1.016s] -- Up-to-date: /home/lucas/Documents/Pratica4/workspace_2/install/ugv_robots_descriptions/share/ugv_robots_descriptions/robots_description/l1br
[1.016s] -- Up-to-date: /home/lucas/Documents/Pratica4/workspace_2/install/ugv_robots_descriptions/share/ugv_robots_descriptions/robots_description/l1br/config
[1.016s] -- Up-to-date: /home/lucas/Documents/Pratica4/workspace_2/install/ugv_robots_descriptions/share/ugv_robots_descriptions/robots_description/l1br/config/l1br_control.yaml
[1.017s] -- Up-to-date: /home/lucas/Documents/Pratica4/workspace_2/install/ugv_robots_descriptions/share/ugv_robots_descriptions/robots_description/l1br/meshes
[1.017s] -- Up-to-date: /home/lucas/Documents/Pratica4/workspace_2/install/ugv_robots_descriptions/share/ugv_robots_descriptions/robots_description/l1br/meshes/wheel.dae
[1.017s] -- Up-to-date: /home/lucas/Documents/Pratica4/workspace_2/install/ugv_robots_descriptions/share/ugv_robots_descriptions/robots_description/l1br/meshes/chassis.dae
[1.017s] -- Up-to-date: /home/lucas/Documents/Pratica4/workspace_2/install/ugv_robots_descriptions/share/ugv_robots_descriptions/robots_description/l1br/meshes/rplidar.dae
[1.018s] -- Up-to-date: /home/lucas/Documents/Pratica4/workspace_2/install/ugv_robots_descriptions/share/ugv_robots_descriptions/robots_description/l1br/meshes/tray.dae
[1.018s] -- Up-to-date: /home/lucas/Documents/Pratica4/workspace_2/install/ugv_robots_descriptions/share/ugv_robots_descriptions/robots_description/l1br/urdf
[1.027s] -- Up-to-date: /home/lucas/Documents/Pratica4/workspace_2/install/ugv_robots_descriptions/share/ugv_robots_descriptions/robots_description/l1br/urdf/l1br.urdf.xacro
[1.028s] -- Up-to-date: /home/lucas/Documents/Pratica4/workspace_2/install/ugv_robots_descriptions/share/ugv_robots_descriptions/robots_description/l1br/urdf/sensors
[1.028s] -- Up-to-date: /home/lucas/Documents/Pratica4/workspace_2/install/ugv_robots_descriptions/share/ugv_robots_descriptions/robots_description/l1br/urdf/sensors/laser_sensor.urdf.xacro
[1.029s] -- Up-to-date: /home/lucas/Documents/Pratica4/workspace_2/install/ugv_robots_descriptions/share/ugv_robots_descriptions/robots_description/l1br/urdf/sensors/imu_sensor.urdf.xacro
[1.030s] -- Up-to-date: /home/lucas/Documents/Pratica4/workspace_2/install/ugv_robots_descriptions/share/ugv_robots_descriptions/robots_description/l1br/urdf/robot_parts
[1.030s] -- Up-to-date: /home/lucas/Documents/Pratica4/workspace_2/install/ugv_robots_descriptions/share/ugv_robots_descriptions/robots_description/l1br/urdf/robot_parts/caster_wheel.urdf.xacro
[1.031s] -- Up-to-date: /home/lucas/Documents/Pratica4/workspace_2/install/ugv_robots_descriptions/share/ugv_robots_descriptions/robots_description/l1br/urdf/robot_parts/piston.urdf.xacro
[1.031s] -- Up-to-date: /home/lucas/Documents/Pratica4/workspace_2/install/ugv_robots_descriptions/share/ugv_robots_descriptions/robots_description/l1br/urdf/robot_parts/traction_wheel.urdf.xacro
[1.031s] -- Up-to-date: /home/lucas/Documents/Pratica4/workspace_2/install/ugv_robots_descriptions/share/ugv_robots_descriptions/robots_description/l1br/urdf/robot_parts/robot_base.urdf.xacro
[1.032s] -- Up-to-date: /home/lucas/Documents/Pratica4/workspace_2/install/ugv_robots_descriptions/share/ugv_robots_descriptions/robots_description/l1br/urdf/robot_parts/tray.urdf.xacro
[1.033s] -- Up-to-date: /home/lucas/Documents/Pratica4/workspace_2/install/ugv_robots_descriptions/share/ugv_robots_descriptions/robots_description/l1br/urdf/l1br_diff_drive_control.urdf.xacro
[1.033s] -- Up-to-date: /home/lucas/Documents/Pratica4/workspace_2/install/ugv_robots_descriptions/share/ugv_robots_descriptions/rviz
[1.033s] -- Up-to-date: /home/lucas/Documents/Pratica4/workspace_2/install/ugv_robots_descriptions/share/ugv_robots_descriptions/rviz/rviz_minimal_visualization_oni_config.rviz
[1.034s] -- Up-to-date: /home/lucas/Documents/Pratica4/workspace_2/install/ugv_robots_descriptions/share/ugv_robots_descriptions/rviz/rviz_minimal_visualization_l1br_config.rviz
[1.034s] -- Up-to-date: /home/lucas/Documents/Pratica4/workspace_2/install/ugv_robots_descriptions/share/ament_index/resource_index/package_run_dependencies/ugv_robots_descriptions
[1.035s] -- Up-to-date: /home/lucas/Documents/Pratica4/workspace_2/install/ugv_robots_descriptions/share/ament_index/resource_index/parent_prefix_path/ugv_robots_descriptions
[1.035s] -- Up-to-date: /home/lucas/Documents/Pratica4/workspace_2/install/ugv_robots_descriptions/share/ugv_robots_descriptions/environment/ament_prefix_path.sh
[1.035s] -- Up-to-date: /home/lucas/Documents/Pratica4/workspace_2/install/ugv_robots_descriptions/share/ugv_robots_descriptions/environment/ament_prefix_path.dsv
[1.036s] -- Up-to-date: /home/lucas/Documents/Pratica4/workspace_2/install/ugv_robots_descriptions/share/ugv_robots_descriptions/environment/path.sh
[1.036s] -- Up-to-date: /home/lucas/Documents/Pratica4/workspace_2/install/ugv_robots_descriptions/share/ugv_robots_descriptions/environment/path.dsv
[1.036s] -- Up-to-date: /home/lucas/Documents/Pratica4/workspace_2/install/ugv_robots_descriptions/share/ugv_robots_descriptions/local_setup.bash
[1.037s] -- Up-to-date: /home/lucas/Documents/Pratica4/workspace_2/install/ugv_robots_descriptions/share/ugv_robots_descriptions/local_setup.sh
[1.037s] -- Up-to-date: /home/lucas/Documents/Pratica4/workspace_2/install/ugv_robots_descriptions/share/ugv_robots_descriptions/local_setup.zsh
[1.038s] -- Up-to-date: /home/lucas/Documents/Pratica4/workspace_2/install/ugv_robots_descriptions/share/ugv_robots_descriptions/local_setup.dsv
[1.038s] -- Installing: /home/lucas/Documents/Pratica4/workspace_2/install/ugv_robots_descriptions/share/ugv_robots_descriptions/package.dsv
[1.051s] -- Up-to-date: /home/lucas/Documents/Pratica4/workspace_2/install/ugv_robots_descriptions/share/ament_index/resource_index/packages/ugv_robots_descriptions
[1.051s] -- Up-to-date: /home/lucas/Documents/Pratica4/workspace_2/install/ugv_robots_descriptions/share/ugv_robots_descriptions/cmake/ugv_robots_descriptionsConfig.cmake
[1.052s] -- Up-to-date: /home/lucas/Documents/Pratica4/workspace_2/install/ugv_robots_descriptions/share/ugv_robots_descriptions/cmake/ugv_robots_descriptionsConfig-version.cmake
[1.052s] -- Up-to-date: /home/lucas/Documents/Pratica4/workspace_2/install/ugv_robots_descriptions/share/ugv_robots_descriptions/package.xml
[1.060s] Invoked command in '/home/lucas/Documents/Pratica4/workspace_2/build/ugv_robots_descriptions' returned '0': CMAKE_PREFIX_PATH=${CMAKE_PREFIX_PATH}:/opt/ros/humble /usr/bin/cmake --install /home/lucas/Documents/Pratica4/workspace_2/build/ugv_robots_descriptions
