[0.017s] Invoking command in '/home/lucas/Documents/Pratica4/workspace_2/build/cpp_parameters': CMAKE_PREFIX_PATH=${CMAKE_PREFIX_PATH}:/opt/ros/humble /usr/bin/cmake --build /home/lucas/Documents/Pratica4/workspace_2/build/cpp_parameters -- -j4 -l4
[0.046s] -- Found ament_cmake: 1.3.8 (/opt/ros/humble/share/ament_cmake/cmake)
[0.209s] -- Found rclcpp: 16.0.8 (/opt/ros/humble/share/rclcpp/cmake)
[0.254s] -- Found rosidl_generator_c: 3.1.5 (/opt/ros/humble/share/rosidl_generator_c/cmake)
[0.259s] -- Found rosidl_adapter: 3.1.5 (/opt/ros/humble/share/rosidl_adapter/cmake)
[0.271s] -- Found rosidl_generator_cpp: 3.1.5 (/opt/ros/humble/share/rosidl_generator_cpp/cmake)
[0.289s] -- Using all available rosidl_typesupport_c: rosidl_typesupport_fastrtps_c;rosidl_typesupport_introspection_c
[0.312s] -- Using all available rosidl_typesupport_cpp: rosidl_typesupport_fastrtps_cpp;rosidl_typesupport_introspection_cpp
[0.397s] -- Found rmw_implementation_cmake: 6.1.1 (/opt/ros/humble/share/rmw_implementation_cmake/cmake)
[0.400s] -- Found rmw_fastrtps_cpp: 6.2.6 (/opt/ros/humble/share/rmw_fastrtps_cpp/cmake)
[0.567s] -- Using RMW implementation 'rmw_fastrtps_cpp' as default
[0.774s] -- Found ament_lint_auto: 0.12.10 (/opt/ros/humble/share/ament_lint_auto/cmake)
[0.861s] -- Added test 'cppcheck' to perform static code analysis on C / C++ code
[0.861s] -- Configured cppcheck include dirs: 
[0.861s] -- Configured cppcheck exclude dirs and/or files: 
[0.861s] -- Added test 'flake8' to check Python code syntax and style conventions
[0.863s] -- Added test 'lint_cmake' to check CMake code style
[0.863s] -- Added test 'pep257' to check Python code against some of the docstring style conventions in PEP 257
[0.865s] -- Added test 'uncrustify' to check C / C++ code style
[0.866s] -- Configured uncrustify additional arguments: 
[0.866s] -- Added test 'xmllint' to check XML markup files
[0.867s] -- Configuring done
[0.880s] -- Generating done
[0.882s] -- Build files have been written to: /home/lucas/Documents/Pratica4/workspace_2/build/cpp_parameters
[0.914s] [35m[1mConsolidate compiler generated dependencies of target minimal_param_node[0m
[0.942s] [100%] Built target minimal_param_node
[0.956s] Invoked command in '/home/lucas/Documents/Pratica4/workspace_2/build/cpp_parameters' returned '0': CMAKE_PREFIX_PATH=${CMAKE_PREFIX_PATH}:/opt/ros/humble /usr/bin/cmake --build /home/lucas/Documents/Pratica4/workspace_2/build/cpp_parameters -- -j4 -l4
[0.998s] Invoking command in '/home/lucas/Documents/Pratica4/workspace_2/build/cpp_parameters': CMAKE_PREFIX_PATH=${CMAKE_PREFIX_PATH}:/opt/ros/humble /usr/bin/cmake --install /home/lucas/Documents/Pratica4/workspace_2/build/cpp_parameters
[1.007s] -- Install configuration: ""
[1.007s] -- Up-to-date: /home/lucas/Documents/Pratica4/workspace_2/install/cpp_parameters/lib/cpp_parameters/minimal_param_node
[1.008s] -- Installing: /home/lucas/Documents/Pratica4/workspace_2/install/cpp_parameters/share/cpp_parameters/launch
[1.008s] -- Installing: /home/lucas/Documents/Pratica4/workspace_2/install/cpp_parameters/share/cpp_parameters/launch/cpp_parameters_launch.py
[1.008s] -- Up-to-date: /home/lucas/Documents/Pratica4/workspace_2/install/cpp_parameters/share/ament_index/resource_index/package_run_dependencies/cpp_parameters
[1.008s] -- Installing: /home/lucas/Documents/Pratica4/workspace_2/install/cpp_parameters/share/ament_index/resource_index/parent_prefix_path/cpp_parameters
[1.008s] -- Up-to-date: /home/lucas/Documents/Pratica4/workspace_2/install/cpp_parameters/share/cpp_parameters/environment/ament_prefix_path.sh
[1.009s] -- Installing: /home/lucas/Documents/Pratica4/workspace_2/install/cpp_parameters/share/cpp_parameters/environment/ament_prefix_path.dsv
[1.009s] -- Up-to-date: /home/lucas/Documents/Pratica4/workspace_2/install/cpp_parameters/share/cpp_parameters/environment/path.sh
[1.009s] -- Installing: /home/lucas/Documents/Pratica4/workspace_2/install/cpp_parameters/share/cpp_parameters/environment/path.dsv
[1.009s] -- Up-to-date: /home/lucas/Documents/Pratica4/workspace_2/install/cpp_parameters/share/cpp_parameters/local_setup.bash
[1.010s] -- Up-to-date: /home/lucas/Documents/Pratica4/workspace_2/install/cpp_parameters/share/cpp_parameters/local_setup.sh
[1.010s] -- Up-to-date: /home/lucas/Documents/Pratica4/workspace_2/install/cpp_parameters/share/cpp_parameters/local_setup.zsh
[1.010s] -- Installing: /home/lucas/Documents/Pratica4/workspace_2/install/cpp_parameters/share/cpp_parameters/local_setup.dsv
[1.010s] -- Installing: /home/lucas/Documents/Pratica4/workspace_2/install/cpp_parameters/share/cpp_parameters/package.dsv
[1.010s] -- Up-to-date: /home/lucas/Documents/Pratica4/workspace_2/install/cpp_parameters/share/ament_index/resource_index/packages/cpp_parameters
[1.011s] -- Up-to-date: /home/lucas/Documents/Pratica4/workspace_2/install/cpp_parameters/share/cpp_parameters/cmake/cpp_parametersConfig.cmake
[1.011s] -- Up-to-date: /home/lucas/Documents/Pratica4/workspace_2/install/cpp_parameters/share/cpp_parameters/cmake/cpp_parametersConfig-version.cmake
[1.011s] -- Up-to-date: /home/lucas/Documents/Pratica4/workspace_2/install/cpp_parameters/share/cpp_parameters/package.xml
[1.013s] Invoked command in '/home/lucas/Documents/Pratica4/workspace_2/build/cpp_parameters' returned '0': CMAKE_PREFIX_PATH=${CMAKE_PREFIX_PATH}:/opt/ros/humble /usr/bin/cmake --install /home/lucas/Documents/Pratica4/workspace_2/build/cpp_parameters
