[0.299s] Invoking command in '/home/lucas/Documents/Pratica4/workspace_2/build/more_interfaces': CMAKE_PREFIX_PATH=${CMAKE_PREFIX_PATH}:/opt/ros/humble /usr/bin/cmake --build /home/lucas/Documents/Pratica4/workspace_2/build/more_interfaces -- -j4 -l4
[0.346s] -- Found ament_cmake: 1.3.8 (/opt/ros/humble/share/ament_cmake/cmake)
[0.546s] -- Found rosidl_default_generators: 1.2.0 (/opt/ros/humble/share/rosidl_default_generators/cmake)
[0.552s] -- Using all available rosidl_typesupport_c: rosidl_typesupport_fastrtps_c;rosidl_typesupport_introspection_c
[0.558s] -- Found rosidl_adapter: 3.1.5 (/opt/ros/humble/share/rosidl_adapter/cmake)
[0.596s] -- Using all available rosidl_typesupport_cpp: rosidl_typesupport_fastrtps_cpp;rosidl_typesupport_introspection_cpp
[0.633s] -- Found rclcpp: 16.0.8 (/opt/ros/humble/share/rclcpp/cmake)
[0.715s] -- Found rmw_implementation_cmake: 6.1.1 (/opt/ros/humble/share/rmw_implementation_cmake/cmake)
[0.717s] -- Found rmw_fastrtps_cpp: 6.2.6 (/opt/ros/humble/share/rmw_fastrtps_cpp/cmake)
[0.877s] -- Using RMW implementation 'rmw_fastrtps_cpp' as default
[1.077s] [0mCMake Deprecation Warning at /opt/ros/humble/share/rosidl_cmake/cmake/rosidl_target_interfaces.cmake:32 (message):
[1.077s]   Use rosidl_get_typesupport_target() and target_link_libraries() instead of
[1.077s]   rosidl_target_interfaces()
[1.077s] Call Stack (most recent call first):
[1.077s]   CMakeLists.txt:20 (rosidl_target_interfaces)
[1.077s] 
[1.078s] [0m
[1.078s] [31mCMake Error at /opt/ros/humble/share/rosidl_cmake/cmake/rosidl_target_interfaces.cmake:42 (message):
[1.078s]   rosidl_target_interfaces() the second argument 'more_interfaces' must be a
[1.078s]   valid target name
[1.078s] Call Stack (most recent call first):
[1.078s]   CMakeLists.txt:20 (rosidl_target_interfaces)
[1.078s] 
[1.078s] [0m
[1.079s] -- Configuring incomplete, errors occurred!
[1.079s] See also "/home/lucas/Documents/Pratica4/workspace_2/build/more_interfaces/CMakeFiles/CMakeOutput.log".
[1.085s] gmake: *** [Makefile:747: cmake_check_build_system] Error 1
[1.087s] Invoked command in '/home/lucas/Documents/Pratica4/workspace_2/build/more_interfaces' returned '2': CMAKE_PREFIX_PATH=${CMAKE_PREFIX_PATH}:/opt/ros/humble /usr/bin/cmake --build /home/lucas/Documents/Pratica4/workspace_2/build/more_interfaces -- -j4 -l4
