-- Install configuration: ""
-- Up-to-date: /home/lucas/Documents/Pratica4/workspace_2/install/my_code/share/my_code/world
-- Up-to-date: /home/lucas/Documents/Pratica4/workspace_2/install/my_code/share/my_code/world/map.yaml
-- Up-to-date: /home/lucas/Documents/Pratica4/workspace_2/install/my_code/share/my_code/world/map.pgm
-- Up-to-date: /home/lucas/Documents/Pratica4/workspace_2/install/my_code/share/my_code/world/map2.pgm
-- Up-to-date: /home/lucas/Documents/Pratica4/workspace_2/install/my_code/share/ament_index/resource_index/package_run_dependencies/my_code
-- Up-to-date: /home/lucas/Documents/Pratica4/workspace_2/install/my_code/share/ament_index/resource_index/parent_prefix_path/my_code
-- Up-to-date: /home/lucas/Documents/Pratica4/workspace_2/install/my_code/share/my_code/environment/ament_prefix_path.sh
-- Up-to-date: /home/lucas/Documents/Pratica4/workspace_2/install/my_code/share/my_code/environment/ament_prefix_path.dsv
-- Up-to-date: /home/lucas/Documents/Pratica4/workspace_2/install/my_code/share/my_code/environment/path.sh
-- Up-to-date: /home/lucas/Documents/Pratica4/workspace_2/install/my_code/share/my_code/environment/path.dsv
-- Up-to-date: /home/lucas/Documents/Pratica4/workspace_2/install/my_code/share/my_code/local_setup.bash
-- Up-to-date: /home/lucas/Documents/Pratica4/workspace_2/install/my_code/share/my_code/local_setup.sh
-- Up-to-date: /home/lucas/Documents/Pratica4/workspace_2/install/my_code/share/my_code/local_setup.zsh
-- Up-to-date: /home/lucas/Documents/Pratica4/workspace_2/install/my_code/share/my_code/local_setup.dsv
-- Installing: /home/lucas/Documents/Pratica4/workspace_2/install/my_code/share/my_code/package.dsv
-- Up-to-date: /home/lucas/Documents/Pratica4/workspace_2/install/my_code/share/ament_index/resource_index/packages/my_code
-- Up-to-date: /home/lucas/Documents/Pratica4/workspace_2/install/my_code/share/my_code/cmake/my_codeConfig.cmake
-- Up-to-date: /home/lucas/Documents/Pratica4/workspace_2/install/my_code/share/my_code/cmake/my_codeConfig-version.cmake
-- Up-to-date: /home/lucas/Documents/Pratica4/workspace_2/install/my_code/share/my_code/package.xml
