[0.040s] Invoking command in '/home/lucas/Documents/Pratica4/workspace_2/build/ira_laser_tools': CMAKE_PREFIX_PATH=${CMAKE_PREFIX_PATH}:/opt/ros/humble /usr/bin/cmake --build /home/lucas/Documents/Pratica4/workspace_2/build/ira_laser_tools -- -j4 -l4
[0.273s] [ 50%] Built target laserscan_multi_merger
[0.292s] [100%] Built target laserscan_virtualizer
[0.320s] Invoked command in '/home/lucas/Documents/Pratica4/workspace_2/build/ira_laser_tools' returned '0': CMAKE_PREFIX_PATH=${CMAKE_PREFIX_PATH}:/opt/ros/humble /usr/bin/cmake --build /home/lucas/Documents/Pratica4/workspace_2/build/ira_laser_tools -- -j4 -l4
[0.441s] Invoking command in '/home/lucas/Documents/Pratica4/workspace_2/build/ira_laser_tools': CMAKE_PREFIX_PATH=${CMAKE_PREFIX_PATH}:/opt/ros/humble /usr/bin/cmake --install /home/lucas/Documents/Pratica4/workspace_2/build/ira_laser_tools
[0.459s] -- Install configuration: ""
[0.459s] -- Up-to-date: /home/lucas/Documents/Pratica4/workspace_2/install/ira_laser_tools/lib/ira_laser_tools/laserscan_multi_merger
[0.461s] -- Up-to-date: /home/lucas/Documents/Pratica4/workspace_2/install/ira_laser_tools/lib/ira_laser_tools/laserscan_virtualizer
[0.461s] -- Up-to-date: /home/lucas/Documents/Pratica4/workspace_2/install/ira_laser_tools/share/ira_laser_tools/launch
[0.461s] -- Up-to-date: /home/lucas/Documents/Pratica4/workspace_2/install/ira_laser_tools/share/ira_laser_tools/launch/laserscan_multi_merger.launch
[0.462s] -- Up-to-date: /home/lucas/Documents/Pratica4/workspace_2/install/ira_laser_tools/share/ira_laser_tools/launch/laserscan_virtualizer.launch
[0.462s] -- Up-to-date: /home/lucas/Documents/Pratica4/workspace_2/install/ira_laser_tools/share/ament_index/resource_index/package_run_dependencies/ira_laser_tools
[0.462s] -- Up-to-date: /home/lucas/Documents/Pratica4/workspace_2/install/ira_laser_tools/share/ament_index/resource_index/parent_prefix_path/ira_laser_tools
[0.462s] -- Up-to-date: /home/lucas/Documents/Pratica4/workspace_2/install/ira_laser_tools/share/ira_laser_tools/environment/ament_prefix_path.sh
[0.462s] -- Up-to-date: /home/lucas/Documents/Pratica4/workspace_2/install/ira_laser_tools/share/ira_laser_tools/environment/ament_prefix_path.dsv
[0.462s] -- Up-to-date: /home/lucas/Documents/Pratica4/workspace_2/install/ira_laser_tools/share/ira_laser_tools/environment/path.sh
[0.463s] -- Up-to-date: /home/lucas/Documents/Pratica4/workspace_2/install/ira_laser_tools/share/ira_laser_tools/environment/path.dsv
[0.463s] -- Up-to-date: /home/lucas/Documents/Pratica4/workspace_2/install/ira_laser_tools/share/ira_laser_tools/local_setup.bash
[0.463s] -- Up-to-date: /home/lucas/Documents/Pratica4/workspace_2/install/ira_laser_tools/share/ira_laser_tools/local_setup.sh
[0.464s] -- Up-to-date: /home/lucas/Documents/Pratica4/workspace_2/install/ira_laser_tools/share/ira_laser_tools/local_setup.zsh
[0.464s] -- Up-to-date: /home/lucas/Documents/Pratica4/workspace_2/install/ira_laser_tools/share/ira_laser_tools/local_setup.dsv
[0.464s] -- Installing: /home/lucas/Documents/Pratica4/workspace_2/install/ira_laser_tools/share/ira_laser_tools/package.dsv
[0.464s] -- Up-to-date: /home/lucas/Documents/Pratica4/workspace_2/install/ira_laser_tools/share/ament_index/resource_index/packages/ira_laser_tools
[0.464s] -- Up-to-date: /home/lucas/Documents/Pratica4/workspace_2/install/ira_laser_tools/share/ira_laser_tools/cmake/ament_cmake_export_dependencies-extras.cmake
[0.464s] -- Up-to-date: /home/lucas/Documents/Pratica4/workspace_2/install/ira_laser_tools/share/ira_laser_tools/cmake/ira_laser_toolsConfig.cmake
[0.468s] -- Up-to-date: /home/lucas/Documents/Pratica4/workspace_2/install/ira_laser_tools/share/ira_laser_tools/cmake/ira_laser_toolsConfig-version.cmake
[0.470s] -- Up-to-date: /home/lucas/Documents/Pratica4/workspace_2/install/ira_laser_tools/share/ira_laser_tools/package.xml
[0.471s] Invoked command in '/home/lucas/Documents/Pratica4/workspace_2/build/ira_laser_tools' returned '0': CMAKE_PREFIX_PATH=${CMAKE_PREFIX_PATH}:/opt/ros/humble /usr/bin/cmake --install /home/lucas/Documents/Pratica4/workspace_2/build/ira_laser_tools
