[0.141s] Invoking command in '/home/lucas/Documents/Pratica4/workspace_2/build/cpp_launch_example': CMAKE_PREFIX_PATH=${CMAKE_PREFIX_PATH}:/opt/ros/humble /usr/bin/cmake --build /home/lucas/Documents/Pratica4/workspace_2/build/cpp_launch_example -- -j4 -l4
[0.233s] Invoked command in '/home/lucas/Documents/Pratica4/workspace_2/build/cpp_launch_example' returned '0': CMAKE_PREFIX_PATH=${CMAKE_PREFIX_PATH}:/opt/ros/humble /usr/bin/cmake --build /home/lucas/Documents/Pratica4/workspace_2/build/cpp_launch_example -- -j4 -l4
[0.281s] Invoking command in '/home/lucas/Documents/Pratica4/workspace_2/build/cpp_launch_example': CMAKE_PREFIX_PATH=${CMAKE_PREFIX_PATH}:/opt/ros/humble /usr/bin/cmake --install /home/lucas/Documents/Pratica4/workspace_2/build/cpp_launch_example
[0.296s] -- Install configuration: ""
[0.296s] -- Up-to-date: /home/lucas/Documents/Pratica4/workspace_2/install/cpp_launch_example/share/cpp_launch_example//launch
[0.296s] -- Up-to-date: /home/lucas/Documents/Pratica4/workspace_2/install/cpp_launch_example/share/cpp_launch_example//launch/my_script_launch.py
[0.296s] -- Installing: /home/lucas/Documents/Pratica4/workspace_2/install/cpp_launch_example/share/cpp_launch_example//launch/turtlesim_mimic_launch.py
[0.302s] -- Up-to-date: /home/lucas/Documents/Pratica4/workspace_2/install/cpp_launch_example/share/ament_index/resource_index/package_run_dependencies/cpp_launch_example
[0.303s] -- Up-to-date: /home/lucas/Documents/Pratica4/workspace_2/install/cpp_launch_example/share/ament_index/resource_index/parent_prefix_path/cpp_launch_example
[0.303s] -- Up-to-date: /home/lucas/Documents/Pratica4/workspace_2/install/cpp_launch_example/share/cpp_launch_example/environment/ament_prefix_path.sh
[0.304s] -- Up-to-date: /home/lucas/Documents/Pratica4/workspace_2/install/cpp_launch_example/share/cpp_launch_example/environment/ament_prefix_path.dsv
[0.304s] -- Up-to-date: /home/lucas/Documents/Pratica4/workspace_2/install/cpp_launch_example/share/cpp_launch_example/environment/path.sh
[0.306s] -- Up-to-date: /home/lucas/Documents/Pratica4/workspace_2/install/cpp_launch_example/share/cpp_launch_example/environment/path.dsv
[0.306s] -- Up-to-date: /home/lucas/Documents/Pratica4/workspace_2/install/cpp_launch_example/share/cpp_launch_example/local_setup.bash
[0.307s] -- Up-to-date: /home/lucas/Documents/Pratica4/workspace_2/install/cpp_launch_example/share/cpp_launch_example/local_setup.sh
[0.307s] -- Up-to-date: /home/lucas/Documents/Pratica4/workspace_2/install/cpp_launch_example/share/cpp_launch_example/local_setup.zsh
[0.307s] -- Up-to-date: /home/lucas/Documents/Pratica4/workspace_2/install/cpp_launch_example/share/cpp_launch_example/local_setup.dsv
[0.307s] -- Up-to-date: /home/lucas/Documents/Pratica4/workspace_2/install/cpp_launch_example/share/cpp_launch_example/package.dsv
[0.307s] -- Up-to-date: /home/lucas/Documents/Pratica4/workspace_2/install/cpp_launch_example/share/ament_index/resource_index/packages/cpp_launch_example
[0.307s] -- Up-to-date: /home/lucas/Documents/Pratica4/workspace_2/install/cpp_launch_example/share/cpp_launch_example/cmake/cpp_launch_exampleConfig.cmake
[0.308s] -- Up-to-date: /home/lucas/Documents/Pratica4/workspace_2/install/cpp_launch_example/share/cpp_launch_example/cmake/cpp_launch_exampleConfig-version.cmake
[0.308s] -- Up-to-date: /home/lucas/Documents/Pratica4/workspace_2/install/cpp_launch_example/share/cpp_launch_example/package.xml
[0.323s] Invoked command in '/home/lucas/Documents/Pratica4/workspace_2/build/cpp_launch_example' returned '0': CMAKE_PREFIX_PATH=${CMAKE_PREFIX_PATH}:/opt/ros/humble /usr/bin/cmake --install /home/lucas/Documents/Pratica4/workspace_2/build/cpp_launch_example
