[0.239s] Invoking command in '/home/lucas/Documents/Pratica4/workspace_2/build/aws_robomaker_small_warehouse_world': CMAKE_PREFIX_PATH=${CMAKE_PREFIX_PATH}:/opt/ros/humble /usr/bin/cmake --build /home/lucas/Documents/Pratica4/workspace_2/build/aws_robomaker_small_warehouse_world -- -j4 -l4
[0.399s] Invoked command in '/home/lucas/Documents/Pratica4/workspace_2/build/aws_robomaker_small_warehouse_world' returned '0': CMAKE_PREFIX_PATH=${CMAKE_PREFIX_PATH}:/opt/ros/humble /usr/bin/cmake --build /home/lucas/Documents/Pratica4/workspace_2/build/aws_robomaker_small_warehouse_world -- -j4 -l4
[0.568s] Invoking command in '/home/lucas/Documents/Pratica4/workspace_2/build/aws_robomaker_small_warehouse_world': CMAKE_PREFIX_PATH=${CMAKE_PREFIX_PATH}:/opt/ros/humble /usr/bin/cmake --install /home/lucas/Documents/Pratica4/workspace_2/build/aws_robomaker_small_warehouse_world
[0.584s] -- Install configuration: ""
[0.584s] -- Up-to-date: /home/lucas/Documents/Pratica4/workspace_2/install/aws_robomaker_small_warehouse_world/share/aws_robomaker_small_warehouse_world/launch
[0.584s] -- Up-to-date: /home/lucas/Documents/Pratica4/workspace_2/install/aws_robomaker_small_warehouse_world/share/aws_robomaker_small_warehouse_world/launch/small_warehouse.launch.py
[0.585s] -- Up-to-date: /home/lucas/Documents/Pratica4/workspace_2/install/aws_robomaker_small_warehouse_world/share/aws_robomaker_small_warehouse_world/launch/no_roof_small_warehouse.launch.py
[0.585s] -- Up-to-date: /home/lucas/Documents/Pratica4/workspace_2/install/aws_robomaker_small_warehouse_world/share/aws_robomaker_small_warehouse_world/models
[0.585s] -- Up-to-date: /home/lucas/Documents/Pratica4/workspace_2/install/aws_robomaker_small_warehouse_world/share/aws_robomaker_small_warehouse_world/models/aws_robomaker_warehouse_ClutteringA_01
[0.585s] -- Up-to-date: /home/lucas/Documents/Pratica4/workspace_2/install/aws_robomaker_small_warehouse_world/share/aws_robomaker_small_warehouse_world/models/aws_robomaker_warehouse_ClutteringA_01/model.config
[0.585s] -- Up-to-date: /home/lucas/Documents/Pratica4/workspace_2/install/aws_robomaker_small_warehouse_world/share/aws_robomaker_small_warehouse_world/models/aws_robomaker_warehouse_ClutteringA_01/meshes
[0.585s] -- Up-to-date: /home/lucas/Documents/Pratica4/workspace_2/install/aws_robomaker_small_warehouse_world/share/aws_robomaker_small_warehouse_world/models/aws_robomaker_warehouse_ClutteringA_01/meshes/aws_robomaker_warehouse_ClutteringA_01_collision.DAE
[0.585s] -- Up-to-date: /home/lucas/Documents/Pratica4/workspace_2/install/aws_robomaker_small_warehouse_world/share/aws_robomaker_small_warehouse_world/models/aws_robomaker_warehouse_ClutteringA_01/meshes/aws_robomaker_warehouse_ClutteringA_01_visual.DAE
[0.585s] -- Up-to-date: /home/lucas/Documents/Pratica4/workspace_2/install/aws_robomaker_small_warehouse_world/share/aws_robomaker_small_warehouse_world/models/aws_robomaker_warehouse_ClutteringA_01/model.sdf
[0.586s] -- Up-to-date: /home/lucas/Documents/Pratica4/workspace_2/install/aws_robomaker_small_warehouse_world/share/aws_robomaker_small_warehouse_world/models/aws_robomaker_warehouse_ClutteringA_01/materials
[0.604s] -- Up-to-date: /home/lucas/Documents/Pratica4/workspace_2/install/aws_robomaker_small_warehouse_world/share/aws_robomaker_small_warehouse_world/models/aws_robomaker_warehouse_ClutteringA_01/materials/textures
[0.604s] -- Up-to-date: /home/lucas/Documents/Pratica4/workspace_2/install/aws_robomaker_small_warehouse_world/share/aws_robomaker_small_warehouse_world/models/aws_robomaker_warehouse_ClutteringA_01/materials/textures/aws_robomaker_warehouse_ClutteringA_03.png
[0.604s] -- Up-to-date: /home/lucas/Documents/Pratica4/workspace_2/install/aws_robomaker_small_warehouse_world/share/aws_robomaker_small_warehouse_world/models/aws_robomaker_warehouse_ClutteringA_01/materials/textures/aws_robomaker_warehouse_ClutteringA_02.png
[0.604s] -- Up-to-date: /home/lucas/Documents/Pratica4/workspace_2/install/aws_robomaker_small_warehouse_world/share/aws_robomaker_small_warehouse_world/models/aws_robomaker_warehouse_ClutteringA_01/materials/textures/aws_robomaker_warehouse_ClutteringA_01.png
[0.604s] -- Up-to-date: /home/lucas/Documents/Pratica4/workspace_2/install/aws_robomaker_small_warehouse_world/share/aws_robomaker_small_warehouse_world/models/aws_robomaker_warehouse_ClutteringA_01/materials/textures/.DS_Store
[0.604s] -- Up-to-date: /home/lucas/Documents/Pratica4/workspace_2/install/aws_robomaker_small_warehouse_world/share/aws_robomaker_small_warehouse_world/models/aws_robomaker_warehouse_ClutteringA_01/materials/.DS_Store
[0.604s] -- Up-to-date: /home/lucas/Documents/Pratica4/workspace_2/install/aws_robomaker_small_warehouse_world/share/aws_robomaker_small_warehouse_world/models/aws_robomaker_warehouse_ClutteringA_01/.DS_Store
[0.605s] -- Up-to-date: /home/lucas/Documents/Pratica4/workspace_2/install/aws_robomaker_small_warehouse_world/share/aws_robomaker_small_warehouse_world/models/aws_robomaker_warehouse_GroundB_01
[0.605s] -- Up-to-date: /home/lucas/Documents/Pratica4/workspace_2/install/aws_robomaker_small_warehouse_world/share/aws_robomaker_small_warehouse_world/models/aws_robomaker_warehouse_GroundB_01/model.config
[0.606s] -- Up-to-date: /home/lucas/Documents/Pratica4/workspace_2/install/aws_robomaker_small_warehouse_world/share/aws_robomaker_small_warehouse_world/models/aws_robomaker_warehouse_GroundB_01/meshes
[0.606s] -- Up-to-date: /home/lucas/Documents/Pratica4/workspace_2/install/aws_robomaker_small_warehouse_world/share/aws_robomaker_small_warehouse_world/models/aws_robomaker_warehouse_GroundB_01/meshes/aws_robomaker_warehouse_GroundB_01_collision.DAE
[0.607s] -- Up-to-date: /home/lucas/Documents/Pratica4/workspace_2/install/aws_robomaker_small_warehouse_world/share/aws_robomaker_small_warehouse_world/models/aws_robomaker_warehouse_GroundB_01/meshes/aws_robomaker_warehouse_GroundB_01_visual.DAE
[0.608s] -- Up-to-date: /home/lucas/Documents/Pratica4/workspace_2/install/aws_robomaker_small_warehouse_world/share/aws_robomaker_small_warehouse_world/models/aws_robomaker_warehouse_GroundB_01/model.sdf
[0.610s] -- Up-to-date: /home/lucas/Documents/Pratica4/workspace_2/install/aws_robomaker_small_warehouse_world/share/aws_robomaker_small_warehouse_world/models/aws_robomaker_warehouse_GroundB_01/materials
[0.610s] -- Up-to-date: /home/lucas/Documents/Pratica4/workspace_2/install/aws_robomaker_small_warehouse_world/share/aws_robomaker_small_warehouse_world/models/aws_robomaker_warehouse_GroundB_01/materials/textures
[0.611s] -- Up-to-date: /home/lucas/Documents/Pratica4/workspace_2/install/aws_robomaker_small_warehouse_world/share/aws_robomaker_small_warehouse_world/models/aws_robomaker_warehouse_GroundB_01/materials/textures/aws_robomaker_warehouse_GroundB_01.png
[0.612s] -- Up-to-date: /home/lucas/Documents/Pratica4/workspace_2/install/aws_robomaker_small_warehouse_world/share/aws_robomaker_small_warehouse_world/models/aws_robomaker_warehouse_GroundB_01/materials/textures/aws_robomaker_warehouse_GroundB_02.png
[0.613s] -- Up-to-date: /home/lucas/Documents/Pratica4/workspace_2/install/aws_robomaker_small_warehouse_world/share/aws_robomaker_small_warehouse_world/models/aws_robomaker_warehouse_WallB_01
[0.613s] -- Up-to-date: /home/lucas/Documents/Pratica4/workspace_2/install/aws_robomaker_small_warehouse_world/share/aws_robomaker_small_warehouse_world/models/aws_robomaker_warehouse_WallB_01/model.config
[0.613s] -- Up-to-date: /home/lucas/Documents/Pratica4/workspace_2/install/aws_robomaker_small_warehouse_world/share/aws_robomaker_small_warehouse_world/models/aws_robomaker_warehouse_WallB_01/meshes
[0.613s] -- Up-to-date: /home/lucas/Documents/Pratica4/workspace_2/install/aws_robomaker_small_warehouse_world/share/aws_robomaker_small_warehouse_world/models/aws_robomaker_warehouse_WallB_01/meshes/aws_robomaker_warehouse_WallB_01_collision.DAE
[0.613s] -- Up-to-date: /home/lucas/Documents/Pratica4/workspace_2/install/aws_robomaker_small_warehouse_world/share/aws_robomaker_small_warehouse_world/models/aws_robomaker_warehouse_WallB_01/meshes/aws_robomaker_warehouse_WallB_01_visual.DAE
[0.613s] -- Up-to-date: /home/lucas/Documents/Pratica4/workspace_2/install/aws_robomaker_small_warehouse_world/share/aws_robomaker_small_warehouse_world/models/aws_robomaker_warehouse_WallB_01/model.sdf
[0.618s] -- Up-to-date: /home/lucas/Documents/Pratica4/workspace_2/install/aws_robomaker_small_warehouse_world/share/aws_robomaker_small_warehouse_world/models/aws_robomaker_warehouse_WallB_01/materials
[0.618s] -- Up-to-date: /home/lucas/Documents/Pratica4/workspace_2/install/aws_robomaker_small_warehouse_world/share/aws_robomaker_small_warehouse_world/models/aws_robomaker_warehouse_WallB_01/materials/textures
[0.619s] -- Up-to-date: /home/lucas/Documents/Pratica4/workspace_2/install/aws_robomaker_small_warehouse_world/share/aws_robomaker_small_warehouse_world/models/aws_robomaker_warehouse_WallB_01/materials/textures/aws_robomaker_warehouse_WallB_01.png
[0.619s] -- Up-to-date: /home/lucas/Documents/Pratica4/workspace_2/install/aws_robomaker_small_warehouse_world/share/aws_robomaker_small_warehouse_world/models/aws_robomaker_warehouse_DeskC_01
[0.619s] -- Up-to-date: /home/lucas/Documents/Pratica4/workspace_2/install/aws_robomaker_small_warehouse_world/share/aws_robomaker_small_warehouse_world/models/aws_robomaker_warehouse_DeskC_01/model.config
[0.620s] -- Up-to-date: /home/lucas/Documents/Pratica4/workspace_2/install/aws_robomaker_small_warehouse_world/share/aws_robomaker_small_warehouse_world/models/aws_robomaker_warehouse_DeskC_01/meshes
[0.620s] -- Up-to-date: /home/lucas/Documents/Pratica4/workspace_2/install/aws_robomaker_small_warehouse_world/share/aws_robomaker_small_warehouse_world/models/aws_robomaker_warehouse_DeskC_01/meshes/aws_robomaker_warehouse_DeskC_01_collision.DAE
[0.620s] -- Up-to-date: /home/lucas/Documents/Pratica4/workspace_2/install/aws_robomaker_small_warehouse_world/share/aws_robomaker_small_warehouse_world/models/aws_robomaker_warehouse_DeskC_01/meshes/aws_robomaker_warehouse_DeskC_01_visual.DAE
[0.620s] -- Up-to-date: /home/lucas/Documents/Pratica4/workspace_2/install/aws_robomaker_small_warehouse_world/share/aws_robomaker_small_warehouse_world/models/aws_robomaker_warehouse_DeskC_01/model.sdf
[0.620s] -- Up-to-date: /home/lucas/Documents/Pratica4/workspace_2/install/aws_robomaker_small_warehouse_world/share/aws_robomaker_small_warehouse_world/models/aws_robomaker_warehouse_DeskC_01/materials
[0.620s] -- Up-to-date: /home/lucas/Documents/Pratica4/workspace_2/install/aws_robomaker_small_warehouse_world/share/aws_robomaker_small_warehouse_world/models/aws_robomaker_warehouse_DeskC_01/materials/textures
[0.620s] -- Up-to-date: /home/lucas/Documents/Pratica4/workspace_2/install/aws_robomaker_small_warehouse_world/share/aws_robomaker_small_warehouse_world/models/aws_robomaker_warehouse_DeskC_01/materials/textures/aws_robomaker_warehouse_DeskC_04.png
[0.621s] -- Up-to-date: /home/lucas/Documents/Pratica4/workspace_2/install/aws_robomaker_small_warehouse_world/share/aws_robomaker_small_warehouse_world/models/aws_robomaker_warehouse_DeskC_01/materials/textures/aws_robomaker_warehouse_DeskC_02.png
[0.621s] -- Up-to-date: /home/lucas/Documents/Pratica4/workspace_2/install/aws_robomaker_small_warehouse_world/share/aws_robomaker_small_warehouse_world/models/aws_robomaker_warehouse_DeskC_01/materials/textures/aws_robomaker_warehouse_DeskC_01.png
[0.621s] -- Up-to-date: /home/lucas/Documents/Pratica4/workspace_2/install/aws_robomaker_small_warehouse_world/share/aws_robomaker_small_warehouse_world/models/aws_robomaker_warehouse_DeskC_01/materials/textures/aws_robomaker_warehouse_DeskC_03.psd
[0.621s] -- Up-to-date: /home/lucas/Documents/Pratica4/workspace_2/install/aws_robomaker_small_warehouse_world/share/aws_robomaker_small_warehouse_world/models/aws_robomaker_warehouse_DeskC_01/materials/textures/aws_robomaker_warehouse_DeskC_03.png
[0.621s] -- Up-to-date: /home/lucas/Documents/Pratica4/workspace_2/install/aws_robomaker_small_warehouse_world/share/aws_robomaker_small_warehouse_world/models/aws_robomaker_warehouse_DeskC_01/materials/.DS_Store
[0.621s] -- Up-to-date: /home/lucas/Documents/Pratica4/workspace_2/install/aws_robomaker_small_warehouse_world/share/aws_robomaker_small_warehouse_world/models/aws_robomaker_warehouse_PalletJackB_01
[0.622s] -- Up-to-date: /home/lucas/Documents/Pratica4/workspace_2/install/aws_robomaker_small_warehouse_world/share/aws_robomaker_small_warehouse_world/models/aws_robomaker_warehouse_PalletJackB_01/model.config
[0.622s] -- Up-to-date: /home/lucas/Documents/Pratica4/workspace_2/install/aws_robomaker_small_warehouse_world/share/aws_robomaker_small_warehouse_world/models/aws_robomaker_warehouse_PalletJackB_01/meshes
[0.622s] -- Up-to-date: /home/lucas/Documents/Pratica4/workspace_2/install/aws_robomaker_small_warehouse_world/share/aws_robomaker_small_warehouse_world/models/aws_robomaker_warehouse_PalletJackB_01/meshes/aws_robomaker_warehouse_PalletJackB_01_visual.DAE
[0.623s] -- Up-to-date: /home/lucas/Documents/Pratica4/workspace_2/install/aws_robomaker_small_warehouse_world/share/aws_robomaker_small_warehouse_world/models/aws_robomaker_warehouse_PalletJackB_01/meshes/aws_robomaker_warehouse_PalletJackB_01_collision.DAE
[0.623s] -- Up-to-date: /home/lucas/Documents/Pratica4/workspace_2/install/aws_robomaker_small_warehouse_world/share/aws_robomaker_small_warehouse_world/models/aws_robomaker_warehouse_PalletJackB_01/model.sdf
[0.623s] -- Up-to-date: /home/lucas/Documents/Pratica4/workspace_2/install/aws_robomaker_small_warehouse_world/share/aws_robomaker_small_warehouse_world/models/aws_robomaker_warehouse_PalletJackB_01/materials
[0.623s] -- Up-to-date: /home/lucas/Documents/Pratica4/workspace_2/install/aws_robomaker_small_warehouse_world/share/aws_robomaker_small_warehouse_world/models/aws_robomaker_warehouse_PalletJackB_01/materials/textures
[0.623s] -- Up-to-date: /home/lucas/Documents/Pratica4/workspace_2/install/aws_robomaker_small_warehouse_world/share/aws_robomaker_small_warehouse_world/models/aws_robomaker_warehouse_PalletJackB_01/materials/textures/aws_robomaker_warehouse_PalletJackB_01.png
[0.642s] -- Up-to-date: /home/lucas/Documents/Pratica4/workspace_2/install/aws_robomaker_small_warehouse_world/share/aws_robomaker_small_warehouse_world/models/aws_robomaker_warehouse_PalletJackB_01/materials/textures/aws_robomaker_warehouse_PalletJackB_02.png
[0.642s] -- Up-to-date: /home/lucas/Documents/Pratica4/workspace_2/install/aws_robomaker_small_warehouse_world/share/aws_robomaker_small_warehouse_world/models/aws_robomaker_warehouse_PalletJackB_01/materials/.DS_Store
[0.642s] -- Up-to-date: /home/lucas/Documents/Pratica4/workspace_2/install/aws_robomaker_small_warehouse_world/share/aws_robomaker_small_warehouse_world/models/aws_robomaker_warehouse_PalletJackB_01/.DS_Store
[0.642s] -- Up-to-date: /home/lucas/Documents/Pratica4/workspace_2/install/aws_robomaker_small_warehouse_world/share/aws_robomaker_small_warehouse_world/models/aws_robomaker_warehouse_ShelfD_01
[0.643s] -- Up-to-date: /home/lucas/Documents/Pratica4/workspace_2/install/aws_robomaker_small_warehouse_world/share/aws_robomaker_small_warehouse_world/models/aws_robomaker_warehouse_ShelfD_01/model.config
[0.643s] -- Up-to-date: /home/lucas/Documents/Pratica4/workspace_2/install/aws_robomaker_small_warehouse_world/share/aws_robomaker_small_warehouse_world/models/aws_robomaker_warehouse_ShelfD_01/meshes
[0.643s] -- Up-to-date: /home/lucas/Documents/Pratica4/workspace_2/install/aws_robomaker_small_warehouse_world/share/aws_robomaker_small_warehouse_world/models/aws_robomaker_warehouse_ShelfD_01/meshes/aws_robomaker_warehouse_ShelfD_01_collision.DAE
[0.643s] -- Up-to-date: /home/lucas/Documents/Pratica4/workspace_2/install/aws_robomaker_small_warehouse_world/share/aws_robomaker_small_warehouse_world/models/aws_robomaker_warehouse_ShelfD_01/meshes/aws_robomaker_warehouse_ShelfD_01_visual.DAE
[0.643s] -- Up-to-date: /home/lucas/Documents/Pratica4/workspace_2/install/aws_robomaker_small_warehouse_world/share/aws_robomaker_small_warehouse_world/models/aws_robomaker_warehouse_ShelfD_01/model.sdf
[0.643s] -- Up-to-date: /home/lucas/Documents/Pratica4/workspace_2/install/aws_robomaker_small_warehouse_world/share/aws_robomaker_small_warehouse_world/models/aws_robomaker_warehouse_ShelfD_01/materials
[0.643s] -- Up-to-date: /home/lucas/Documents/Pratica4/workspace_2/install/aws_robomaker_small_warehouse_world/share/aws_robomaker_small_warehouse_world/models/aws_robomaker_warehouse_ShelfD_01/materials/textures
[0.644s] -- Up-to-date: /home/lucas/Documents/Pratica4/workspace_2/install/aws_robomaker_small_warehouse_world/share/aws_robomaker_small_warehouse_world/models/aws_robomaker_warehouse_ShelfD_01/materials/textures/aws_robomaker_warehouse_ShelfD_04.png
[0.644s] -- Up-to-date: /home/lucas/Documents/Pratica4/workspace_2/install/aws_robomaker_small_warehouse_world/share/aws_robomaker_small_warehouse_world/models/aws_robomaker_warehouse_ShelfD_01/materials/textures/aws_robomaker_warehouse_ShelfD_02.png
[0.644s] -- Up-to-date: /home/lucas/Documents/Pratica4/workspace_2/install/aws_robomaker_small_warehouse_world/share/aws_robomaker_small_warehouse_world/models/aws_robomaker_warehouse_ShelfD_01/materials/textures/aws_robomaker_warehouse_ShelfD_03.png
[0.644s] -- Up-to-date: /home/lucas/Documents/Pratica4/workspace_2/install/aws_robomaker_small_warehouse_world/share/aws_robomaker_small_warehouse_world/models/aws_robomaker_warehouse_ShelfD_01/materials/textures/aws_robomaker_warehouse_ShelfD_01.png
[0.644s] -- Up-to-date: /home/lucas/Documents/Pratica4/workspace_2/install/aws_robomaker_small_warehouse_world/share/aws_robomaker_small_warehouse_world/models/aws_robomaker_warehouse_ClutteringC_01
[0.644s] -- Up-to-date: /home/lucas/Documents/Pratica4/workspace_2/install/aws_robomaker_small_warehouse_world/share/aws_robomaker_small_warehouse_world/models/aws_robomaker_warehouse_ClutteringC_01/model.config
[0.644s] -- Up-to-date: /home/lucas/Documents/Pratica4/workspace_2/install/aws_robomaker_small_warehouse_world/share/aws_robomaker_small_warehouse_world/models/aws_robomaker_warehouse_ClutteringC_01/meshes
[0.644s] -- Up-to-date: /home/lucas/Documents/Pratica4/workspace_2/install/aws_robomaker_small_warehouse_world/share/aws_robomaker_small_warehouse_world/models/aws_robomaker_warehouse_ClutteringC_01/meshes/aws_robomaker_warehouse_ClutteringC_01_visual.DAE
[0.645s] -- Up-to-date: /home/lucas/Documents/Pratica4/workspace_2/install/aws_robomaker_small_warehouse_world/share/aws_robomaker_small_warehouse_world/models/aws_robomaker_warehouse_ClutteringC_01/meshes/aws_robomaker_warehouse_ClutteringC_01_collision.DAE
[0.645s] -- Up-to-date: /home/lucas/Documents/Pratica4/workspace_2/install/aws_robomaker_small_warehouse_world/share/aws_robomaker_small_warehouse_world/models/aws_robomaker_warehouse_ClutteringC_01/model.sdf
[0.645s] -- Up-to-date: /home/lucas/Documents/Pratica4/workspace_2/install/aws_robomaker_small_warehouse_world/share/aws_robomaker_small_warehouse_world/models/aws_robomaker_warehouse_ClutteringC_01/materials
[0.645s] -- Up-to-date: /home/lucas/Documents/Pratica4/workspace_2/install/aws_robomaker_small_warehouse_world/share/aws_robomaker_small_warehouse_world/models/aws_robomaker_warehouse_ClutteringC_01/materials/textures
[0.645s] -- Up-to-date: /home/lucas/Documents/Pratica4/workspace_2/install/aws_robomaker_small_warehouse_world/share/aws_robomaker_small_warehouse_world/models/aws_robomaker_warehouse_ClutteringC_01/materials/textures/aws_robomaker_warehouse_ClutteringC_01.png
[0.645s] -- Up-to-date: /home/lucas/Documents/Pratica4/workspace_2/install/aws_robomaker_small_warehouse_world/share/aws_robomaker_small_warehouse_world/models/aws_robomaker_warehouse_ClutteringC_01/materials/textures/aws_robomaker_warehouse_ClutteringC_02.png
[0.645s] -- Up-to-date: /home/lucas/Documents/Pratica4/workspace_2/install/aws_robomaker_small_warehouse_world/share/aws_robomaker_small_warehouse_world/models/aws_robomaker_warehouse_TrashCanC_01
[0.646s] -- Up-to-date: /home/lucas/Documents/Pratica4/workspace_2/install/aws_robomaker_small_warehouse_world/share/aws_robomaker_small_warehouse_world/models/aws_robomaker_warehouse_TrashCanC_01/model.config
[0.646s] -- Up-to-date: /home/lucas/Documents/Pratica4/workspace_2/install/aws_robomaker_small_warehouse_world/share/aws_robomaker_small_warehouse_world/models/aws_robomaker_warehouse_TrashCanC_01/meshes
[0.646s] -- Up-to-date: /home/lucas/Documents/Pratica4/workspace_2/install/aws_robomaker_small_warehouse_world/share/aws_robomaker_small_warehouse_world/models/aws_robomaker_warehouse_TrashCanC_01/meshes/aws_robomaker_warehouse_TrashCanC_01_collision.DAE
[0.646s] -- Up-to-date: /home/lucas/Documents/Pratica4/workspace_2/install/aws_robomaker_small_warehouse_world/share/aws_robomaker_small_warehouse_world/models/aws_robomaker_warehouse_TrashCanC_01/meshes/aws_robomaker_warehouse_TrashCanC_01_visual.DAE
[0.646s] -- Up-to-date: /home/lucas/Documents/Pratica4/workspace_2/install/aws_robomaker_small_warehouse_world/share/aws_robomaker_small_warehouse_world/models/aws_robomaker_warehouse_TrashCanC_01/model.sdf
[0.646s] -- Up-to-date: /home/lucas/Documents/Pratica4/workspace_2/install/aws_robomaker_small_warehouse_world/share/aws_robomaker_small_warehouse_world/models/aws_robomaker_warehouse_TrashCanC_01/materials
[0.646s] -- Up-to-date: /home/lucas/Documents/Pratica4/workspace_2/install/aws_robomaker_small_warehouse_world/share/aws_robomaker_small_warehouse_world/models/aws_robomaker_warehouse_TrashCanC_01/materials/textures
[0.647s] -- Up-to-date: /home/lucas/Documents/Pratica4/workspace_2/install/aws_robomaker_small_warehouse_world/share/aws_robomaker_small_warehouse_world/models/aws_robomaker_warehouse_TrashCanC_01/materials/textures/aws_robomaker_warehouse_TrashCanC_01.png
[0.647s] -- Up-to-date: /home/lucas/Documents/Pratica4/workspace_2/install/aws_robomaker_small_warehouse_world/share/aws_robomaker_small_warehouse_world/models/aws_robomaker_warehouse_RoofB_01
[0.647s] -- Up-to-date: /home/lucas/Documents/Pratica4/workspace_2/install/aws_robomaker_small_warehouse_world/share/aws_robomaker_small_warehouse_world/models/aws_robomaker_warehouse_RoofB_01/model.config
[0.647s] -- Up-to-date: /home/lucas/Documents/Pratica4/workspace_2/install/aws_robomaker_small_warehouse_world/share/aws_robomaker_small_warehouse_world/models/aws_robomaker_warehouse_RoofB_01/meshes
[0.647s] -- Up-to-date: /home/lucas/Documents/Pratica4/workspace_2/install/aws_robomaker_small_warehouse_world/share/aws_robomaker_small_warehouse_world/models/aws_robomaker_warehouse_RoofB_01/meshes/aws_robomaker_warehouse_RoofB_01_collision.DAE
[0.647s] -- Up-to-date: /home/lucas/Documents/Pratica4/workspace_2/install/aws_robomaker_small_warehouse_world/share/aws_robomaker_small_warehouse_world/models/aws_robomaker_warehouse_RoofB_01/meshes/aws_robomaker_warehouse_RoofB_01_visual.DAE
[0.647s] -- Up-to-date: /home/lucas/Documents/Pratica4/workspace_2/install/aws_robomaker_small_warehouse_world/share/aws_robomaker_small_warehouse_world/models/aws_robomaker_warehouse_RoofB_01/model.sdf
[0.647s] -- Up-to-date: /home/lucas/Documents/Pratica4/workspace_2/install/aws_robomaker_small_warehouse_world/share/aws_robomaker_small_warehouse_world/models/aws_robomaker_warehouse_RoofB_01/materials
[0.648s] -- Up-to-date: /home/lucas/Documents/Pratica4/workspace_2/install/aws_robomaker_small_warehouse_world/share/aws_robomaker_small_warehouse_world/models/aws_robomaker_warehouse_RoofB_01/materials/textures
[0.648s] -- Up-to-date: /home/lucas/Documents/Pratica4/workspace_2/install/aws_robomaker_small_warehouse_world/share/aws_robomaker_small_warehouse_world/models/aws_robomaker_warehouse_RoofB_01/materials/textures/aws_robomaker_warehouse_RoofB_01.png
[0.648s] -- Up-to-date: /home/lucas/Documents/Pratica4/workspace_2/install/aws_robomaker_small_warehouse_world/share/aws_robomaker_small_warehouse_world/models/aws_robomaker_warehouse_ShelfE_01
[0.648s] -- Up-to-date: /home/lucas/Documents/Pratica4/workspace_2/install/aws_robomaker_small_warehouse_world/share/aws_robomaker_small_warehouse_world/models/aws_robomaker_warehouse_ShelfE_01/model.config
[0.648s] -- Up-to-date: /home/lucas/Documents/Pratica4/workspace_2/install/aws_robomaker_small_warehouse_world/share/aws_robomaker_small_warehouse_world/models/aws_robomaker_warehouse_ShelfE_01/meshes
[0.648s] -- Up-to-date: /home/lucas/Documents/Pratica4/workspace_2/install/aws_robomaker_small_warehouse_world/share/aws_robomaker_small_warehouse_world/models/aws_robomaker_warehouse_ShelfE_01/meshes/aws_robomaker_warehouse_ShelfE_01_visual.DAE
[0.648s] -- Up-to-date: /home/lucas/Documents/Pratica4/workspace_2/install/aws_robomaker_small_warehouse_world/share/aws_robomaker_small_warehouse_world/models/aws_robomaker_warehouse_ShelfE_01/meshes/aws_robomaker_warehouse_ShelfE_01_collision.DAE
[0.649s] -- Up-to-date: /home/lucas/Documents/Pratica4/workspace_2/install/aws_robomaker_small_warehouse_world/share/aws_robomaker_small_warehouse_world/models/aws_robomaker_warehouse_ShelfE_01/model.sdf
[0.649s] -- Up-to-date: /home/lucas/Documents/Pratica4/workspace_2/install/aws_robomaker_small_warehouse_world/share/aws_robomaker_small_warehouse_world/models/aws_robomaker_warehouse_ShelfE_01/materials
[0.649s] -- Up-to-date: /home/lucas/Documents/Pratica4/workspace_2/install/aws_robomaker_small_warehouse_world/share/aws_robomaker_small_warehouse_world/models/aws_robomaker_warehouse_ShelfE_01/materials/textures
[0.654s] -- Up-to-date: /home/lucas/Documents/Pratica4/workspace_2/install/aws_robomaker_small_warehouse_world/share/aws_robomaker_small_warehouse_world/models/aws_robomaker_warehouse_ShelfE_01/materials/textures/aws_robomaker_warehouse_ShelfE_01.png
[0.654s] -- Up-to-date: /home/lucas/Documents/Pratica4/workspace_2/install/aws_robomaker_small_warehouse_world/share/aws_robomaker_small_warehouse_world/models/aws_robomaker_warehouse_ShelfE_01/materials/textures/aws_robomaker_warehouse_ShelfE_02.png
[0.654s] -- Up-to-date: /home/lucas/Documents/Pratica4/workspace_2/install/aws_robomaker_small_warehouse_world/share/aws_robomaker_small_warehouse_world/models/aws_robomaker_warehouse_ShelfE_01/materials/textures/aws_robomaker_warehouse_ShelfE_04.png
[0.655s] -- Up-to-date: /home/lucas/Documents/Pratica4/workspace_2/install/aws_robomaker_small_warehouse_world/share/aws_robomaker_small_warehouse_world/models/aws_robomaker_warehouse_ShelfE_01/materials/textures/aws_robomaker_warehouse_ShelfE_03.png
[0.655s] -- Up-to-date: /home/lucas/Documents/Pratica4/workspace_2/install/aws_robomaker_small_warehouse_world/share/aws_robomaker_small_warehouse_world/models/aws_robomaker_warehouse_ShelfE_01/materials/.DS_Store
[0.655s] -- Up-to-date: /home/lucas/Documents/Pratica4/workspace_2/install/aws_robomaker_small_warehouse_world/share/aws_robomaker_small_warehouse_world/models/aws_robomaker_warehouse_ShelfE_01/.DS_Store
[0.655s] -- Up-to-date: /home/lucas/Documents/Pratica4/workspace_2/install/aws_robomaker_small_warehouse_world/share/aws_robomaker_small_warehouse_world/models/aws_robomaker_warehouse_ClutteringD_01
[0.655s] -- Up-to-date: /home/lucas/Documents/Pratica4/workspace_2/install/aws_robomaker_small_warehouse_world/share/aws_robomaker_small_warehouse_world/models/aws_robomaker_warehouse_ClutteringD_01/model.config
[0.655s] -- Up-to-date: /home/lucas/Documents/Pratica4/workspace_2/install/aws_robomaker_small_warehouse_world/share/aws_robomaker_small_warehouse_world/models/aws_robomaker_warehouse_ClutteringD_01/meshes
[0.655s] -- Up-to-date: /home/lucas/Documents/Pratica4/workspace_2/install/aws_robomaker_small_warehouse_world/share/aws_robomaker_small_warehouse_world/models/aws_robomaker_warehouse_ClutteringD_01/meshes/aws_robomaker_warehouse_ClutteringD_01_collision.DAE
[0.655s] -- Up-to-date: /home/lucas/Documents/Pratica4/workspace_2/install/aws_robomaker_small_warehouse_world/share/aws_robomaker_small_warehouse_world/models/aws_robomaker_warehouse_ClutteringD_01/meshes/aws_robomaker_warehouse_ClutteringD_01_visual.DAE
[0.656s] -- Up-to-date: /home/lucas/Documents/Pratica4/workspace_2/install/aws_robomaker_small_warehouse_world/share/aws_robomaker_small_warehouse_world/models/aws_robomaker_warehouse_ClutteringD_01/model.sdf
[0.656s] -- Up-to-date: /home/lucas/Documents/Pratica4/workspace_2/install/aws_robomaker_small_warehouse_world/share/aws_robomaker_small_warehouse_world/models/aws_robomaker_warehouse_ClutteringD_01/materials
[0.656s] -- Up-to-date: /home/lucas/Documents/Pratica4/workspace_2/install/aws_robomaker_small_warehouse_world/share/aws_robomaker_small_warehouse_world/models/aws_robomaker_warehouse_ClutteringD_01/materials/textures
[0.656s] -- Up-to-date: /home/lucas/Documents/Pratica4/workspace_2/install/aws_robomaker_small_warehouse_world/share/aws_robomaker_small_warehouse_world/models/aws_robomaker_warehouse_ClutteringD_01/materials/textures/aws_robomaker_warehouse_ClutteringD_01.png
[0.656s] -- Up-to-date: /home/lucas/Documents/Pratica4/workspace_2/install/aws_robomaker_small_warehouse_world/share/aws_robomaker_small_warehouse_world/models/aws_robomaker_warehouse_ClutteringD_01/materials/textures/aws_robomaker_warehouse_ClutteringD_02.png
[0.656s] -- Up-to-date: /home/lucas/Documents/Pratica4/workspace_2/install/aws_robomaker_small_warehouse_world/share/aws_robomaker_small_warehouse_world/models/aws_robomaker_warehouse_Lamp_01
[0.656s] -- Up-to-date: /home/lucas/Documents/Pratica4/workspace_2/install/aws_robomaker_small_warehouse_world/share/aws_robomaker_small_warehouse_world/models/aws_robomaker_warehouse_Lamp_01/model.config
[0.657s] -- Up-to-date: /home/lucas/Documents/Pratica4/workspace_2/install/aws_robomaker_small_warehouse_world/share/aws_robomaker_small_warehouse_world/models/aws_robomaker_warehouse_Lamp_01/meshes
[0.657s] -- Up-to-date: /home/lucas/Documents/Pratica4/workspace_2/install/aws_robomaker_small_warehouse_world/share/aws_robomaker_small_warehouse_world/models/aws_robomaker_warehouse_Lamp_01/meshes/aws_robomaker_warehouse_Lamp_01_visual.DAE
[0.657s] -- Up-to-date: /home/lucas/Documents/Pratica4/workspace_2/install/aws_robomaker_small_warehouse_world/share/aws_robomaker_small_warehouse_world/models/aws_robomaker_warehouse_Lamp_01/meshes/aws_robomaker_warehouse_Lamp_01_collision.DAE
[0.657s] -- Up-to-date: /home/lucas/Documents/Pratica4/workspace_2/install/aws_robomaker_small_warehouse_world/share/aws_robomaker_small_warehouse_world/models/aws_robomaker_warehouse_Lamp_01/model.sdf
[0.657s] -- Up-to-date: /home/lucas/Documents/Pratica4/workspace_2/install/aws_robomaker_small_warehouse_world/share/aws_robomaker_small_warehouse_world/models/aws_robomaker_warehouse_Lamp_01/materials
[0.657s] -- Up-to-date: /home/lucas/Documents/Pratica4/workspace_2/install/aws_robomaker_small_warehouse_world/share/aws_robomaker_small_warehouse_world/models/aws_robomaker_warehouse_Lamp_01/materials/textures
[0.657s] -- Up-to-date: /home/lucas/Documents/Pratica4/workspace_2/install/aws_robomaker_small_warehouse_world/share/aws_robomaker_small_warehouse_world/models/aws_robomaker_warehouse_Lamp_01/materials/textures/aws_robomaker_warehouse_Lamp_01.png
[0.657s] -- Up-to-date: /home/lucas/Documents/Pratica4/workspace_2/install/aws_robomaker_small_warehouse_world/share/aws_robomaker_small_warehouse_world/models/aws_robomaker_warehouse_ShelfF_01
[0.658s] -- Up-to-date: /home/lucas/Documents/Pratica4/workspace_2/install/aws_robomaker_small_warehouse_world/share/aws_robomaker_small_warehouse_world/models/aws_robomaker_warehouse_ShelfF_01/model.config
[0.658s] -- Up-to-date: /home/lucas/Documents/Pratica4/workspace_2/install/aws_robomaker_small_warehouse_world/share/aws_robomaker_small_warehouse_world/models/aws_robomaker_warehouse_ShelfF_01/meshes
[0.658s] -- Up-to-date: /home/lucas/Documents/Pratica4/workspace_2/install/aws_robomaker_small_warehouse_world/share/aws_robomaker_small_warehouse_world/models/aws_robomaker_warehouse_ShelfF_01/meshes/aws_robomaker_warehouse_ShelfF_01_collision.DAE
[0.658s] -- Up-to-date: /home/lucas/Documents/Pratica4/workspace_2/install/aws_robomaker_small_warehouse_world/share/aws_robomaker_small_warehouse_world/models/aws_robomaker_warehouse_ShelfF_01/meshes/aws_robomaker_warehouse_ShelfF_01_visual.DAE
[0.658s] -- Up-to-date: /home/lucas/Documents/Pratica4/workspace_2/install/aws_robomaker_small_warehouse_world/share/aws_robomaker_small_warehouse_world/models/aws_robomaker_warehouse_ShelfF_01/model.sdf
[0.658s] -- Up-to-date: /home/lucas/Documents/Pratica4/workspace_2/install/aws_robomaker_small_warehouse_world/share/aws_robomaker_small_warehouse_world/models/aws_robomaker_warehouse_ShelfF_01/materials
[0.659s] -- Up-to-date: /home/lucas/Documents/Pratica4/workspace_2/install/aws_robomaker_small_warehouse_world/share/aws_robomaker_small_warehouse_world/models/aws_robomaker_warehouse_ShelfF_01/materials/textures
[0.659s] -- Up-to-date: /home/lucas/Documents/Pratica4/workspace_2/install/aws_robomaker_small_warehouse_world/share/aws_robomaker_small_warehouse_world/models/aws_robomaker_warehouse_ShelfF_01/materials/textures/aws_robomaker_warehouse_ShelfF_01.png
[0.659s] -- Up-to-date: /home/lucas/Documents/Pratica4/workspace_2/install/aws_robomaker_small_warehouse_world/share/aws_robomaker_small_warehouse_world/models/aws_robomaker_warehouse_ShelfF_01/materials/textures/aws_robomaker_warehouse_ShelfF_02.png
[0.659s] -- Up-to-date: /home/lucas/Documents/Pratica4/workspace_2/install/aws_robomaker_small_warehouse_world/share/aws_robomaker_small_warehouse_world/models/aws_robomaker_warehouse_ShelfF_01/materials/textures/aws_robomaker_warehouse_ShelfF_03.png
[0.659s] -- Up-to-date: /home/lucas/Documents/Pratica4/workspace_2/install/aws_robomaker_small_warehouse_world/share/aws_robomaker_small_warehouse_world/models/.DS_Store
[0.659s] -- Up-to-date: /home/lucas/Documents/Pratica4/workspace_2/install/aws_robomaker_small_warehouse_world/share/aws_robomaker_small_warehouse_world/models/aws_robomaker_warehouse_Bucket_01
[0.659s] -- Up-to-date: /home/lucas/Documents/Pratica4/workspace_2/install/aws_robomaker_small_warehouse_world/share/aws_robomaker_small_warehouse_world/models/aws_robomaker_warehouse_Bucket_01/model.config
[0.660s] -- Up-to-date: /home/lucas/Documents/Pratica4/workspace_2/install/aws_robomaker_small_warehouse_world/share/aws_robomaker_small_warehouse_world/models/aws_robomaker_warehouse_Bucket_01/meshes
[0.660s] -- Up-to-date: /home/lucas/Documents/Pratica4/workspace_2/install/aws_robomaker_small_warehouse_world/share/aws_robomaker_small_warehouse_world/models/aws_robomaker_warehouse_Bucket_01/meshes/aws_robomaker_warehouse_Bucket_01_collision.DAE
[0.660s] -- Up-to-date: /home/lucas/Documents/Pratica4/workspace_2/install/aws_robomaker_small_warehouse_world/share/aws_robomaker_small_warehouse_world/models/aws_robomaker_warehouse_Bucket_01/meshes/aws_robomaker_warehouse_Bucket_01_visual.DAE
[0.660s] -- Up-to-date: /home/lucas/Documents/Pratica4/workspace_2/install/aws_robomaker_small_warehouse_world/share/aws_robomaker_small_warehouse_world/models/aws_robomaker_warehouse_Bucket_01/model.sdf
[0.660s] -- Up-to-date: /home/lucas/Documents/Pratica4/workspace_2/install/aws_robomaker_small_warehouse_world/share/aws_robomaker_small_warehouse_world/models/aws_robomaker_warehouse_Bucket_01/materials
[0.660s] -- Up-to-date: /home/lucas/Documents/Pratica4/workspace_2/install/aws_robomaker_small_warehouse_world/share/aws_robomaker_small_warehouse_world/models/aws_robomaker_warehouse_Bucket_01/materials/textures
[0.661s] -- Up-to-date: /home/lucas/Documents/Pratica4/workspace_2/install/aws_robomaker_small_warehouse_world/share/aws_robomaker_small_warehouse_world/models/aws_robomaker_warehouse_Bucket_01/materials/textures/aws_robomaker_warehouse_Bucket_01.png
[0.661s] -- Up-to-date: /home/lucas/Documents/Pratica4/workspace_2/install/aws_robomaker_small_warehouse_world/share/aws_robomaker_small_warehouse_world/models/aws_robomaker_warehouse_Bucket_01/materials/.DS_Store
[0.661s] -- Up-to-date: /home/lucas/Documents/Pratica4/workspace_2/install/aws_robomaker_small_warehouse_world/share/aws_robomaker_small_warehouse_world/models/aws_robomaker_warehouse_Bucket_01/.DS_Store
[0.661s] -- Up-to-date: /home/lucas/Documents/Pratica4/workspace_2/install/aws_robomaker_small_warehouse_world/share/aws_robomaker_small_warehouse_world/worlds
[0.661s] -- Up-to-date: /home/lucas/Documents/Pratica4/workspace_2/install/aws_robomaker_small_warehouse_world/share/aws_robomaker_small_warehouse_world/worlds/no_roof_small_warehouse
[0.661s] -- Up-to-date: /home/lucas/Documents/Pratica4/workspace_2/install/aws_robomaker_small_warehouse_world/share/aws_robomaker_small_warehouse_world/worlds/no_roof_small_warehouse/no_roof_small_warehouse.world
[0.661s] -- Up-to-date: /home/lucas/Documents/Pratica4/workspace_2/install/aws_robomaker_small_warehouse_world/share/aws_robomaker_small_warehouse_world/worlds/small_warehouse
[0.662s] -- Up-to-date: /home/lucas/Documents/Pratica4/workspace_2/install/aws_robomaker_small_warehouse_world/share/aws_robomaker_small_warehouse_world/worlds/small_warehouse/small_warehouse.world
[0.662s] -- Up-to-date: /home/lucas/Documents/Pratica4/workspace_2/install/aws_robomaker_small_warehouse_world/share/aws_robomaker_small_warehouse_world/maps
[0.662s] -- Up-to-date: /home/lucas/Documents/Pratica4/workspace_2/install/aws_robomaker_small_warehouse_world/share/aws_robomaker_small_warehouse_world/maps/002
[0.662s] -- Up-to-date: /home/lucas/Documents/Pratica4/workspace_2/install/aws_robomaker_small_warehouse_world/share/aws_robomaker_small_warehouse_world/maps/002/map.yaml
[0.663s] -- Up-to-date: /home/lucas/Documents/Pratica4/workspace_2/install/aws_robomaker_small_warehouse_world/share/aws_robomaker_small_warehouse_world/maps/002/map.pgm
[0.663s] -- Up-to-date: /home/lucas/Documents/Pratica4/workspace_2/install/aws_robomaker_small_warehouse_world/share/aws_robomaker_small_warehouse_world/maps/.DS_Store
[0.663s] -- Up-to-date: /home/lucas/Documents/Pratica4/workspace_2/install/aws_robomaker_small_warehouse_world/share/aws_robomaker_small_warehouse_world/maps/005
[0.664s] -- Up-to-date: /home/lucas/Documents/Pratica4/workspace_2/install/aws_robomaker_small_warehouse_world/share/aws_robomaker_small_warehouse_world/maps/005/map_rotated.pgm
[0.664s] -- Up-to-date: /home/lucas/Documents/Pratica4/workspace_2/install/aws_robomaker_small_warehouse_world/share/aws_robomaker_small_warehouse_world/maps/005/map_rotated.png
[0.664s] -- Up-to-date: /home/lucas/Documents/Pratica4/workspace_2/install/aws_robomaker_small_warehouse_world/share/aws_robomaker_small_warehouse_world/maps/005/map.yaml
[0.664s] -- Up-to-date: /home/lucas/Documents/Pratica4/workspace_2/install/aws_robomaker_small_warehouse_world/share/aws_robomaker_small_warehouse_world/maps/005/map.pgm
[0.664s] -- Up-to-date: /home/lucas/Documents/Pratica4/workspace_2/install/aws_robomaker_small_warehouse_world/share/aws_robomaker_small_warehouse_world/rviz
[0.664s] -- Up-to-date: /home/lucas/Documents/Pratica4/workspace_2/install/aws_robomaker_small_warehouse_world/share/aws_robomaker_small_warehouse_world/rviz/basic_data.rviz
[0.664s] -- Up-to-date: /home/lucas/Documents/Pratica4/workspace_2/install/aws_robomaker_small_warehouse_world/share/aws_robomaker_small_warehouse_world/environment/aws_robomaker_small_warehouse_world.dsv
[0.665s] -- Up-to-date: /home/lucas/Documents/Pratica4/workspace_2/install/aws_robomaker_small_warehouse_world/share/ament_index/resource_index/package_run_dependencies/aws_robomaker_small_warehouse_world
[0.665s] -- Up-to-date: /home/lucas/Documents/Pratica4/workspace_2/install/aws_robomaker_small_warehouse_world/share/ament_index/resource_index/parent_prefix_path/aws_robomaker_small_warehouse_world
[0.665s] -- Up-to-date: /home/lucas/Documents/Pratica4/workspace_2/install/aws_robomaker_small_warehouse_world/share/aws_robomaker_small_warehouse_world/environment/ament_prefix_path.sh
[0.665s] -- Up-to-date: /home/lucas/Documents/Pratica4/workspace_2/install/aws_robomaker_small_warehouse_world/share/aws_robomaker_small_warehouse_world/environment/ament_prefix_path.dsv
[0.665s] -- Up-to-date: /home/lucas/Documents/Pratica4/workspace_2/install/aws_robomaker_small_warehouse_world/share/aws_robomaker_small_warehouse_world/environment/path.sh
[0.665s] -- Up-to-date: /home/lucas/Documents/Pratica4/workspace_2/install/aws_robomaker_small_warehouse_world/share/aws_robomaker_small_warehouse_world/environment/path.dsv
[0.665s] -- Up-to-date: /home/lucas/Documents/Pratica4/workspace_2/install/aws_robomaker_small_warehouse_world/share/aws_robomaker_small_warehouse_world/local_setup.bash
[0.666s] -- Up-to-date: /home/lucas/Documents/Pratica4/workspace_2/install/aws_robomaker_small_warehouse_world/share/aws_robomaker_small_warehouse_world/local_setup.sh
[0.666s] -- Up-to-date: /home/lucas/Documents/Pratica4/workspace_2/install/aws_robomaker_small_warehouse_world/share/aws_robomaker_small_warehouse_world/local_setup.zsh
[0.666s] -- Up-to-date: /home/lucas/Documents/Pratica4/workspace_2/install/aws_robomaker_small_warehouse_world/share/aws_robomaker_small_warehouse_world/local_setup.dsv
[0.666s] -- Installing: /home/lucas/Documents/Pratica4/workspace_2/install/aws_robomaker_small_warehouse_world/share/aws_robomaker_small_warehouse_world/package.dsv
[0.666s] -- Up-to-date: /home/lucas/Documents/Pratica4/workspace_2/install/aws_robomaker_small_warehouse_world/share/ament_index/resource_index/packages/aws_robomaker_small_warehouse_world
[0.666s] -- Up-to-date: /home/lucas/Documents/Pratica4/workspace_2/install/aws_robomaker_small_warehouse_world/share/aws_robomaker_small_warehouse_world/cmake/ament_cmake_export_dependencies-extras.cmake
[0.667s] -- Up-to-date: /home/lucas/Documents/Pratica4/workspace_2/install/aws_robomaker_small_warehouse_world/share/aws_robomaker_small_warehouse_world/cmake/aws_robomaker_small_warehouse_worldConfig.cmake
[0.667s] -- Up-to-date: /home/lucas/Documents/Pratica4/workspace_2/install/aws_robomaker_small_warehouse_world/share/aws_robomaker_small_warehouse_world/cmake/aws_robomaker_small_warehouse_worldConfig-version.cmake
[0.667s] -- Up-to-date: /home/lucas/Documents/Pratica4/workspace_2/install/aws_robomaker_small_warehouse_world/share/aws_robomaker_small_warehouse_world/package.xml
[0.669s] Invoked command in '/home/lucas/Documents/Pratica4/workspace_2/build/aws_robomaker_small_warehouse_world' returned '0': CMAKE_PREFIX_PATH=${CMAKE_PREFIX_PATH}:/opt/ros/humble /usr/bin/cmake --install /home/lucas/Documents/Pratica4/workspace_2/build/aws_robomaker_small_warehouse_world
