[0.025s] Invoking command in '/home/lucas/Documents/Pratica4/workspace_2/build/ugv_robots_descriptions': CMAKE_PREFIX_PATH=${CMAKE_PREFIX_PATH}:/opt/ros/humble /usr/bin/cmake --build /home/lucas/Documents/Pratica4/workspace_2/build/ugv_robots_descriptions -- -j4 -l4
[0.134s] Invoked command in '/home/lucas/Documents/Pratica4/workspace_2/build/ugv_robots_descriptions' returned '0': CMAKE_PREFIX_PATH=${CMAKE_PREFIX_PATH}:/opt/ros/humble /usr/bin/cmake --build /home/lucas/Documents/Pratica4/workspace_2/build/ugv_robots_descriptions -- -j4 -l4
[0.214s] Invoking command in '/home/lucas/Documents/Pratica4/workspace_2/build/ugv_robots_descriptions': CMAKE_PREFIX_PATH=${CMAKE_PREFIX_PATH}:/opt/ros/humble /usr/bin/cmake --install /home/lucas/Documents/Pratica4/workspace_2/build/ugv_robots_descriptions
[0.235s] -- Install configuration: ""
[0.267s] -- Up-to-date: /home/lucas/Documents/Pratica4/workspace_2/install/ugv_robots_descriptions/share/ugv_robots_descriptions/launch
[0.269s] -- Up-to-date: /home/lucas/Documents/Pratica4/workspace_2/install/ugv_robots_descriptions/share/ugv_robots_descriptions/launch/l1br_description_launch.py
[0.270s] -- Up-to-date: /home/lucas/Documents/Pratica4/workspace_2/install/ugv_robots_descriptions/share/ugv_robots_descriptions/launch/oni_description_launch.py
[0.271s] -- Up-to-date: /home/lucas/Documents/Pratica4/workspace_2/install/ugv_robots_descriptions/share/ugv_robots_descriptions/robots_description
[0.273s] -- Up-to-date: /home/lucas/Documents/Pratica4/workspace_2/install/ugv_robots_descriptions/share/ugv_robots_descriptions/robots_description/oni
[0.279s] -- Up-to-date: /home/lucas/Documents/Pratica4/workspace_2/install/ugv_robots_descriptions/share/ugv_robots_descriptions/robots_description/oni/meshes
[0.280s] -- Up-to-date: /home/lucas/Documents/Pratica4/workspace_2/install/ugv_robots_descriptions/share/ugv_robots_descriptions/robots_description/oni/meshes/chassis.dae
[0.281s] -- Up-to-date: /home/lucas/Documents/Pratica4/workspace_2/install/ugv_robots_descriptions/share/ugv_robots_descriptions/robots_description/oni/meshes/fr_wheel.dae
[0.281s] -- Up-to-date: /home/lucas/Documents/Pratica4/workspace_2/install/ugv_robots_descriptions/share/ugv_robots_descriptions/robots_description/oni/meshes/rplidar.dae
[0.303s] -- Up-to-date: /home/lucas/Documents/Pratica4/workspace_2/install/ugv_robots_descriptions/share/ugv_robots_descriptions/robots_description/oni/meshes/fl_wheel.dae
[0.304s] -- Up-to-date: /home/lucas/Documents/Pratica4/workspace_2/install/ugv_robots_descriptions/share/ugv_robots_descriptions/robots_description/oni/urdf
[0.305s] -- Up-to-date: /home/lucas/Documents/Pratica4/workspace_2/install/ugv_robots_descriptions/share/ugv_robots_descriptions/robots_description/oni/urdf/sensors
[0.305s] -- Up-to-date: /home/lucas/Documents/Pratica4/workspace_2/install/ugv_robots_descriptions/share/ugv_robots_descriptions/robots_description/oni/urdf/sensors/laser_sensor.urdf.xacro
[0.305s] -- Up-to-date: /home/lucas/Documents/Pratica4/workspace_2/install/ugv_robots_descriptions/share/ugv_robots_descriptions/robots_description/oni/urdf/sensors/imu_sensor.urdf.xacro
[0.305s] -- Up-to-date: /home/lucas/Documents/Pratica4/workspace_2/install/ugv_robots_descriptions/share/ugv_robots_descriptions/robots_description/oni/urdf/robot_parts
[0.306s] -- Up-to-date: /home/lucas/Documents/Pratica4/workspace_2/install/ugv_robots_descriptions/share/ugv_robots_descriptions/robots_description/oni/urdf/robot_parts/traction_wheel.urdf.xacro
[0.306s] -- Up-to-date: /home/lucas/Documents/Pratica4/workspace_2/install/ugv_robots_descriptions/share/ugv_robots_descriptions/robots_description/oni/urdf/robot_parts/robot_base.urdf.xacro
[0.306s] -- Up-to-date: /home/lucas/Documents/Pratica4/workspace_2/install/ugv_robots_descriptions/share/ugv_robots_descriptions/robots_description/oni/urdf/oni.urdf.xacro
[0.306s] -- Up-to-date: /home/lucas/Documents/Pratica4/workspace_2/install/ugv_robots_descriptions/share/ugv_robots_descriptions/robots_description/oni/urdf/oni_omni_drive_control.urdf.xacro
[0.307s] -- Up-to-date: /home/lucas/Documents/Pratica4/workspace_2/install/ugv_robots_descriptions/share/ugv_robots_descriptions/robots_description/l1br
[0.307s] -- Up-to-date: /home/lucas/Documents/Pratica4/workspace_2/install/ugv_robots_descriptions/share/ugv_robots_descriptions/robots_description/l1br/config
[0.307s] -- Up-to-date: /home/lucas/Documents/Pratica4/workspace_2/install/ugv_robots_descriptions/share/ugv_robots_descriptions/robots_description/l1br/config/l1br_control.yaml
[0.307s] -- Up-to-date: /home/lucas/Documents/Pratica4/workspace_2/install/ugv_robots_descriptions/share/ugv_robots_descriptions/robots_description/l1br/meshes
[0.308s] -- Up-to-date: /home/lucas/Documents/Pratica4/workspace_2/install/ugv_robots_descriptions/share/ugv_robots_descriptions/robots_description/l1br/meshes/wheel.dae
[0.308s] -- Up-to-date: /home/lucas/Documents/Pratica4/workspace_2/install/ugv_robots_descriptions/share/ugv_robots_descriptions/robots_description/l1br/meshes/chassis.dae
[0.308s] -- Up-to-date: /home/lucas/Documents/Pratica4/workspace_2/install/ugv_robots_descriptions/share/ugv_robots_descriptions/robots_description/l1br/meshes/rplidar.dae
[0.308s] -- Up-to-date: /home/lucas/Documents/Pratica4/workspace_2/install/ugv_robots_descriptions/share/ugv_robots_descriptions/robots_description/l1br/meshes/tray.dae
[0.309s] -- Up-to-date: /home/lucas/Documents/Pratica4/workspace_2/install/ugv_robots_descriptions/share/ugv_robots_descriptions/robots_description/l1br/urdf
[0.309s] -- Up-to-date: /home/lucas/Documents/Pratica4/workspace_2/install/ugv_robots_descriptions/share/ugv_robots_descriptions/robots_description/l1br/urdf/l1br.urdf.xacro
[0.309s] -- Up-to-date: /home/lucas/Documents/Pratica4/workspace_2/install/ugv_robots_descriptions/share/ugv_robots_descriptions/robots_description/l1br/urdf/sensors
[0.331s] -- Up-to-date: /home/lucas/Documents/Pratica4/workspace_2/install/ugv_robots_descriptions/share/ugv_robots_descriptions/robots_description/l1br/urdf/sensors/laser_sensor.urdf.xacro
[0.333s] -- Up-to-date: /home/lucas/Documents/Pratica4/workspace_2/install/ugv_robots_descriptions/share/ugv_robots_descriptions/robots_description/l1br/urdf/sensors/imu_sensor.urdf.xacro
[0.333s] -- Up-to-date: /home/lucas/Documents/Pratica4/workspace_2/install/ugv_robots_descriptions/share/ugv_robots_descriptions/robots_description/l1br/urdf/robot_parts
[0.333s] -- Up-to-date: /home/lucas/Documents/Pratica4/workspace_2/install/ugv_robots_descriptions/share/ugv_robots_descriptions/robots_description/l1br/urdf/robot_parts/caster_wheel.urdf.xacro
[0.333s] -- Up-to-date: /home/lucas/Documents/Pratica4/workspace_2/install/ugv_robots_descriptions/share/ugv_robots_descriptions/robots_description/l1br/urdf/robot_parts/piston.urdf.xacro
[0.333s] -- Up-to-date: /home/lucas/Documents/Pratica4/workspace_2/install/ugv_robots_descriptions/share/ugv_robots_descriptions/robots_description/l1br/urdf/robot_parts/traction_wheel.urdf.xacro
[0.334s] -- Up-to-date: /home/lucas/Documents/Pratica4/workspace_2/install/ugv_robots_descriptions/share/ugv_robots_descriptions/robots_description/l1br/urdf/robot_parts/robot_base.urdf.xacro
[0.334s] -- Up-to-date: /home/lucas/Documents/Pratica4/workspace_2/install/ugv_robots_descriptions/share/ugv_robots_descriptions/robots_description/l1br/urdf/robot_parts/tray.urdf.xacro
[0.334s] -- Up-to-date: /home/lucas/Documents/Pratica4/workspace_2/install/ugv_robots_descriptions/share/ugv_robots_descriptions/robots_description/l1br/urdf/l1br_diff_drive_control.urdf.xacro
[0.334s] -- Up-to-date: /home/lucas/Documents/Pratica4/workspace_2/install/ugv_robots_descriptions/share/ugv_robots_descriptions/rviz
[0.334s] -- Up-to-date: /home/lucas/Documents/Pratica4/workspace_2/install/ugv_robots_descriptions/share/ugv_robots_descriptions/rviz/rviz_minimal_visualization_oni_config.rviz
[0.334s] -- Up-to-date: /home/lucas/Documents/Pratica4/workspace_2/install/ugv_robots_descriptions/share/ugv_robots_descriptions/rviz/rviz_minimal_visualization_l1br_config.rviz
[0.334s] -- Up-to-date: /home/lucas/Documents/Pratica4/workspace_2/install/ugv_robots_descriptions/share/ament_index/resource_index/package_run_dependencies/ugv_robots_descriptions
[0.335s] -- Up-to-date: /home/lucas/Documents/Pratica4/workspace_2/install/ugv_robots_descriptions/share/ament_index/resource_index/parent_prefix_path/ugv_robots_descriptions
[0.335s] -- Up-to-date: /home/lucas/Documents/Pratica4/workspace_2/install/ugv_robots_descriptions/share/ugv_robots_descriptions/environment/ament_prefix_path.sh
[0.335s] -- Up-to-date: /home/lucas/Documents/Pratica4/workspace_2/install/ugv_robots_descriptions/share/ugv_robots_descriptions/environment/ament_prefix_path.dsv
[0.335s] -- Up-to-date: /home/lucas/Documents/Pratica4/workspace_2/install/ugv_robots_descriptions/share/ugv_robots_descriptions/environment/path.sh
[0.335s] -- Up-to-date: /home/lucas/Documents/Pratica4/workspace_2/install/ugv_robots_descriptions/share/ugv_robots_descriptions/environment/path.dsv
[0.335s] -- Up-to-date: /home/lucas/Documents/Pratica4/workspace_2/install/ugv_robots_descriptions/share/ugv_robots_descriptions/local_setup.bash
[0.335s] -- Up-to-date: /home/lucas/Documents/Pratica4/workspace_2/install/ugv_robots_descriptions/share/ugv_robots_descriptions/local_setup.sh
[0.335s] -- Up-to-date: /home/lucas/Documents/Pratica4/workspace_2/install/ugv_robots_descriptions/share/ugv_robots_descriptions/local_setup.zsh
[0.336s] -- Up-to-date: /home/lucas/Documents/Pratica4/workspace_2/install/ugv_robots_descriptions/share/ugv_robots_descriptions/local_setup.dsv
[0.336s] -- Installing: /home/lucas/Documents/Pratica4/workspace_2/install/ugv_robots_descriptions/share/ugv_robots_descriptions/package.dsv
[0.336s] -- Up-to-date: /home/lucas/Documents/Pratica4/workspace_2/install/ugv_robots_descriptions/share/ament_index/resource_index/packages/ugv_robots_descriptions
[0.336s] -- Up-to-date: /home/lucas/Documents/Pratica4/workspace_2/install/ugv_robots_descriptions/share/ugv_robots_descriptions/cmake/ugv_robots_descriptionsConfig.cmake
[0.336s] -- Up-to-date: /home/lucas/Documents/Pratica4/workspace_2/install/ugv_robots_descriptions/share/ugv_robots_descriptions/cmake/ugv_robots_descriptionsConfig-version.cmake
[0.336s] -- Up-to-date: /home/lucas/Documents/Pratica4/workspace_2/install/ugv_robots_descriptions/share/ugv_robots_descriptions/package.xml
[0.337s] Invoked command in '/home/lucas/Documents/Pratica4/workspace_2/build/ugv_robots_descriptions' returned '0': CMAKE_PREFIX_PATH=${CMAKE_PREFIX_PATH}:/opt/ros/humble /usr/bin/cmake --install /home/lucas/Documents/Pratica4/workspace_2/build/ugv_robots_descriptions
