[0.108s] Invoking command in '/home/lucas/Documents/Pratica4/workspace_2/build/cpp_parameters': CMAKE_PREFIX_PATH=${CMAKE_PREFIX_PATH}:/opt/ros/humble /usr/bin/cmake --build /home/lucas/Documents/Pratica4/workspace_2/build/cpp_parameters -- -j4 -l4
[1.480s] [100%] Built target minimal_param_node
[1.893s] Invoked command in '/home/lucas/Documents/Pratica4/workspace_2/build/cpp_parameters' returned '0': CMAKE_PREFIX_PATH=${CMAKE_PREFIX_PATH}:/opt/ros/humble /usr/bin/cmake --build /home/lucas/Documents/Pratica4/workspace_2/build/cpp_parameters -- -j4 -l4
[1.976s] Invoking command in '/home/lucas/Documents/Pratica4/workspace_2/build/cpp_parameters': CMAKE_PREFIX_PATH=${CMAKE_PREFIX_PATH}:/opt/ros/humble /usr/bin/cmake --install /home/lucas/Documents/Pratica4/workspace_2/build/cpp_parameters
[2.009s] -- Install configuration: ""
[2.121s] -- Up-to-date: /home/lucas/Documents/Pratica4/workspace_2/install/cpp_parameters/lib/cpp_parameters/minimal_param_node
[2.123s] -- Up-to-date: /home/lucas/Documents/Pratica4/workspace_2/install/cpp_parameters/share/cpp_parameters/launch
[2.124s] -- Up-to-date: /home/lucas/Documents/Pratica4/workspace_2/install/cpp_parameters/share/cpp_parameters/launch/cpp_parameters_launch.py
[2.124s] -- Up-to-date: /home/lucas/Documents/Pratica4/workspace_2/install/cpp_parameters/share/ament_index/resource_index/package_run_dependencies/cpp_parameters
[2.125s] -- Up-to-date: /home/lucas/Documents/Pratica4/workspace_2/install/cpp_parameters/share/ament_index/resource_index/parent_prefix_path/cpp_parameters
[2.126s] -- Up-to-date: /home/lucas/Documents/Pratica4/workspace_2/install/cpp_parameters/share/cpp_parameters/environment/ament_prefix_path.sh
[2.128s] -- Up-to-date: /home/lucas/Documents/Pratica4/workspace_2/install/cpp_parameters/share/cpp_parameters/environment/ament_prefix_path.dsv
[2.129s] -- Up-to-date: /home/lucas/Documents/Pratica4/workspace_2/install/cpp_parameters/share/cpp_parameters/environment/path.sh
[2.130s] -- Up-to-date: /home/lucas/Documents/Pratica4/workspace_2/install/cpp_parameters/share/cpp_parameters/environment/path.dsv
[2.130s] -- Up-to-date: /home/lucas/Documents/Pratica4/workspace_2/install/cpp_parameters/share/cpp_parameters/local_setup.bash
[2.130s] -- Up-to-date: /home/lucas/Documents/Pratica4/workspace_2/install/cpp_parameters/share/cpp_parameters/local_setup.sh
[2.130s] -- Up-to-date: /home/lucas/Documents/Pratica4/workspace_2/install/cpp_parameters/share/cpp_parameters/local_setup.zsh
[2.130s] -- Up-to-date: /home/lucas/Documents/Pratica4/workspace_2/install/cpp_parameters/share/cpp_parameters/local_setup.dsv
[2.131s] -- Up-to-date: /home/lucas/Documents/Pratica4/workspace_2/install/cpp_parameters/share/cpp_parameters/package.dsv
[2.131s] -- Up-to-date: /home/lucas/Documents/Pratica4/workspace_2/install/cpp_parameters/share/ament_index/resource_index/packages/cpp_parameters
[2.131s] -- Up-to-date: /home/lucas/Documents/Pratica4/workspace_2/install/cpp_parameters/share/cpp_parameters/cmake/cpp_parametersConfig.cmake
[2.131s] -- Up-to-date: /home/lucas/Documents/Pratica4/workspace_2/install/cpp_parameters/share/cpp_parameters/cmake/cpp_parametersConfig-version.cmake
[2.131s] -- Up-to-date: /home/lucas/Documents/Pratica4/workspace_2/install/cpp_parameters/share/cpp_parameters/package.xml
[2.145s] Invoked command in '/home/lucas/Documents/Pratica4/workspace_2/build/cpp_parameters' returned '0': CMAKE_PREFIX_PATH=${CMAKE_PREFIX_PATH}:/opt/ros/humble /usr/bin/cmake --install /home/lucas/Documents/Pratica4/workspace_2/build/cpp_parameters
