[0.117s] Invoking command in '/home/lucas/Documents/Pratica4/workspace_2/build/polygon_base': CMAKE_PREFIX_PATH=${CMAKE_PREFIX_PATH}:/opt/ros/humble /usr/bin/cmake --build /home/lucas/Documents/Pratica4/workspace_2/build/polygon_base -- -j4 -l4
[0.824s] [35m[1mConsolidate compiler generated dependencies of target area_node[0m
[1.382s] [100%] Built target area_node
[1.399s] Invoked command in '/home/lucas/Documents/Pratica4/workspace_2/build/polygon_base' returned '0': CMAKE_PREFIX_PATH=${CMAKE_PREFIX_PATH}:/opt/ros/humble /usr/bin/cmake --build /home/lucas/Documents/Pratica4/workspace_2/build/polygon_base -- -j4 -l4
[1.445s] Invoking command in '/home/lucas/Documents/Pratica4/workspace_2/build/polygon_base': CMAKE_PREFIX_PATH=${CMAKE_PREFIX_PATH}:/opt/ros/humble /usr/bin/cmake --install /home/lucas/Documents/Pratica4/workspace_2/build/polygon_base
[1.460s] -- Install configuration: ""
[1.508s] -- Up-to-date: /home/lucas/Documents/Pratica4/workspace_2/install/polygon_base/lib/polygon_base/area_node
[1.510s] -- Up-to-date: /home/lucas/Documents/Pratica4/workspace_2/install/polygon_base/include
[1.511s] -- Up-to-date: /home/lucas/Documents/Pratica4/workspace_2/install/polygon_base/include/polygon_base
[1.511s] -- Up-to-date: /home/lucas/Documents/Pratica4/workspace_2/install/polygon_base/include/polygon_base/regular_polygon.hpp
[1.512s] -- Up-to-date: /home/lucas/Documents/Pratica4/workspace_2/install/polygon_base/share/ament_index/resource_index/package_run_dependencies/polygon_base
[1.513s] -- Up-to-date: /home/lucas/Documents/Pratica4/workspace_2/install/polygon_base/share/ament_index/resource_index/parent_prefix_path/polygon_base
[1.514s] -- Up-to-date: /home/lucas/Documents/Pratica4/workspace_2/install/polygon_base/share/polygon_base/environment/ament_prefix_path.sh
[1.514s] -- Up-to-date: /home/lucas/Documents/Pratica4/workspace_2/install/polygon_base/share/polygon_base/environment/ament_prefix_path.dsv
[1.515s] -- Up-to-date: /home/lucas/Documents/Pratica4/workspace_2/install/polygon_base/share/polygon_base/environment/path.sh
[1.516s] -- Up-to-date: /home/lucas/Documents/Pratica4/workspace_2/install/polygon_base/share/polygon_base/environment/path.dsv
[1.516s] -- Up-to-date: /home/lucas/Documents/Pratica4/workspace_2/install/polygon_base/share/polygon_base/local_setup.bash
[1.517s] -- Up-to-date: /home/lucas/Documents/Pratica4/workspace_2/install/polygon_base/share/polygon_base/local_setup.sh
[1.517s] -- Up-to-date: /home/lucas/Documents/Pratica4/workspace_2/install/polygon_base/share/polygon_base/local_setup.zsh
[1.518s] -- Up-to-date: /home/lucas/Documents/Pratica4/workspace_2/install/polygon_base/share/polygon_base/local_setup.dsv
[1.518s] -- Installing: /home/lucas/Documents/Pratica4/workspace_2/install/polygon_base/share/polygon_base/package.dsv
[1.519s] -- Up-to-date: /home/lucas/Documents/Pratica4/workspace_2/install/polygon_base/share/ament_index/resource_index/packages/polygon_base
[1.519s] -- Up-to-date: /home/lucas/Documents/Pratica4/workspace_2/install/polygon_base/share/polygon_base/cmake/ament_cmake_export_include_directories-extras.cmake
[1.520s] -- Up-to-date: /home/lucas/Documents/Pratica4/workspace_2/install/polygon_base/share/polygon_base/cmake/polygon_baseConfig.cmake
[1.521s] -- Up-to-date: /home/lucas/Documents/Pratica4/workspace_2/install/polygon_base/share/polygon_base/cmake/polygon_baseConfig-version.cmake
[1.522s] -- Up-to-date: /home/lucas/Documents/Pratica4/workspace_2/install/polygon_base/share/polygon_base/package.xml
[1.525s] Invoked command in '/home/lucas/Documents/Pratica4/workspace_2/build/polygon_base' returned '0': CMAKE_PREFIX_PATH=${CMAKE_PREFIX_PATH}:/opt/ros/humble /usr/bin/cmake --install /home/lucas/Documents/Pratica4/workspace_2/build/polygon_base
