[0.383s] Invoking command in '/home/lucas/Documents/Pratica4/workspace_2/build/palletron_gazebo': CMAKE_PREFIX_PATH=${CMAKE_PREFIX_PATH}:/opt/ros/humble /usr/bin/cmake --build /home/lucas/Documents/Pratica4/workspace_2/build/palletron_gazebo -- -j4 -l4
[1.001s] Invoked command in '/home/lucas/Documents/Pratica4/workspace_2/build/palletron_gazebo' returned '0': CMAKE_PREFIX_PATH=${CMAKE_PREFIX_PATH}:/opt/ros/humble /usr/bin/cmake --build /home/lucas/Documents/Pratica4/workspace_2/build/palletron_gazebo -- -j4 -l4
[1.194s] Invoking command in '/home/lucas/Documents/Pratica4/workspace_2/build/palletron_gazebo': CMAKE_PREFIX_PATH=${CMAKE_PREFIX_PATH}:/opt/ros/humble /usr/bin/cmake --install /home/lucas/Documents/Pratica4/workspace_2/build/palletron_gazebo
[1.352s] -- Install configuration: ""
[1.352s] -- Up-to-date: /home/lucas/Documents/Pratica4/workspace_2/install/palletron_gazebo/share/palletron_gazebo/launch
[1.353s] -- Up-to-date: /home/lucas/Documents/Pratica4/workspace_2/install/palletron_gazebo/share/palletron_gazebo/launch/spawn_robot.launch.py
[1.353s] -- Up-to-date: /home/lucas/Documents/Pratica4/workspace_2/install/palletron_gazebo/share/palletron_gazebo/launch/spawn_multi_robots.launch.py
[1.353s] -- Up-to-date: /home/lucas/Documents/Pratica4/workspace_2/install/palletron_gazebo/share/palletron_gazebo/params
[1.354s] -- Up-to-date: /home/lucas/Documents/Pratica4/workspace_2/install/palletron_gazebo/share/palletron_gazebo/params/spawn
[1.354s] -- Up-to-date: /home/lucas/Documents/Pratica4/workspace_2/install/palletron_gazebo/share/palletron_gazebo/params/spawn/three_robots.yaml
[1.354s] -- Up-to-date: /home/lucas/Documents/Pratica4/workspace_2/install/palletron_gazebo/share/palletron_gazebo/params/spawn/one_robot.yaml
[1.354s] -- Up-to-date: /home/lucas/Documents/Pratica4/workspace_2/install/palletron_gazebo/share/palletron_gazebo/params/spawn/two_robots.yaml
[1.354s] -- Up-to-date: /home/lucas/Documents/Pratica4/workspace_2/install/palletron_gazebo/share/palletron_gazebo/params/xacro
[1.354s] -- Up-to-date: /home/lucas/Documents/Pratica4/workspace_2/install/palletron_gazebo/share/palletron_gazebo/params/xacro/default_optionals.yaml
[1.354s] -- Up-to-date: /home/lucas/Documents/Pratica4/workspace_2/install/palletron_gazebo/share/palletron_gazebo/urdf
[1.354s] -- Up-to-date: /home/lucas/Documents/Pratica4/workspace_2/install/palletron_gazebo/share/palletron_gazebo/urdf/chassis
[1.355s] -- Up-to-date: /home/lucas/Documents/Pratica4/workspace_2/install/palletron_gazebo/share/palletron_gazebo/urdf/chassis/chassis_without_mesh.urdf.xacro
[1.355s] -- Up-to-date: /home/lucas/Documents/Pratica4/workspace_2/install/palletron_gazebo/share/palletron_gazebo/urdf/sensors
[1.439s] -- Up-to-date: /home/lucas/Documents/Pratica4/workspace_2/install/palletron_gazebo/share/palletron_gazebo/urdf/sensors/hokuyo.urdf.xacro
[1.439s] -- Up-to-date: /home/lucas/Documents/Pratica4/workspace_2/install/palletron_gazebo/share/palletron_gazebo/urdf/sensors/imu.urdf.xacro
[1.440s] -- Up-to-date: /home/lucas/Documents/Pratica4/workspace_2/install/palletron_gazebo/share/palletron_gazebo/urdf/inertias.urdf.xacro
[1.440s] -- Up-to-date: /home/lucas/Documents/Pratica4/workspace_2/install/palletron_gazebo/share/palletron_gazebo/urdf/palletron.xacro
[1.440s] -- Up-to-date: /home/lucas/Documents/Pratica4/workspace_2/install/palletron_gazebo/share/palletron_gazebo/urdf/plugins
[1.440s] -- Up-to-date: /home/lucas/Documents/Pratica4/workspace_2/install/palletron_gazebo/share/palletron_gazebo/urdf/plugins/differential_drive_plugin.gazebo.xacro
[1.442s] -- Up-to-date: /home/lucas/Documents/Pratica4/workspace_2/install/palletron_gazebo/share/palletron_gazebo/urdf/plugins/p3d_plugin.gazebo.xacro
[1.442s] -- Up-to-date: /home/lucas/Documents/Pratica4/workspace_2/install/palletron_gazebo/share/palletron_gazebo/urdf/wheels
[1.442s] -- Up-to-date: /home/lucas/Documents/Pratica4/workspace_2/install/palletron_gazebo/share/palletron_gazebo/urdf/wheels/caster_wheel.urdf.xacro
[1.448s] -- Up-to-date: /home/lucas/Documents/Pratica4/workspace_2/install/palletron_gazebo/share/palletron_gazebo/urdf/wheels/drive_wheel.urdf.xacro
[1.448s] -- Up-to-date: /home/lucas/Documents/Pratica4/workspace_2/install/palletron_gazebo/share/palletron_gazebo/urdf/wheels/dummy_caster_wheel.urdf.xacro
[1.448s] -- Up-to-date: /home/lucas/Documents/Pratica4/workspace_2/install/palletron_gazebo/share/palletron_gazebo/urdf/common_properties.urdf.xacro
[1.448s] -- Up-to-date: /home/lucas/Documents/Pratica4/workspace_2/install/palletron_gazebo/share/ament_index/resource_index/package_run_dependencies/palletron_gazebo
[1.448s] -- Up-to-date: /home/lucas/Documents/Pratica4/workspace_2/install/palletron_gazebo/share/ament_index/resource_index/parent_prefix_path/palletron_gazebo
[1.448s] -- Up-to-date: /home/lucas/Documents/Pratica4/workspace_2/install/palletron_gazebo/share/palletron_gazebo/environment/ament_prefix_path.sh
[1.448s] -- Up-to-date: /home/lucas/Documents/Pratica4/workspace_2/install/palletron_gazebo/share/palletron_gazebo/environment/ament_prefix_path.dsv
[1.449s] -- Up-to-date: /home/lucas/Documents/Pratica4/workspace_2/install/palletron_gazebo/share/palletron_gazebo/environment/path.sh
[1.449s] -- Up-to-date: /home/lucas/Documents/Pratica4/workspace_2/install/palletron_gazebo/share/palletron_gazebo/environment/path.dsv
[1.449s] -- Up-to-date: /home/lucas/Documents/Pratica4/workspace_2/install/palletron_gazebo/share/palletron_gazebo/local_setup.bash
[1.449s] -- Up-to-date: /home/lucas/Documents/Pratica4/workspace_2/install/palletron_gazebo/share/palletron_gazebo/local_setup.sh
[1.449s] -- Up-to-date: /home/lucas/Documents/Pratica4/workspace_2/install/palletron_gazebo/share/palletron_gazebo/local_setup.zsh
[1.449s] -- Up-to-date: /home/lucas/Documents/Pratica4/workspace_2/install/palletron_gazebo/share/palletron_gazebo/local_setup.dsv
[1.449s] -- Installing: /home/lucas/Documents/Pratica4/workspace_2/install/palletron_gazebo/share/palletron_gazebo/package.dsv
[1.537s] -- Up-to-date: /home/lucas/Documents/Pratica4/workspace_2/install/palletron_gazebo/share/ament_index/resource_index/packages/palletron_gazebo
[1.537s] -- Up-to-date: /home/lucas/Documents/Pratica4/workspace_2/install/palletron_gazebo/share/palletron_gazebo/cmake/palletron_gazeboConfig.cmake
[1.538s] -- Up-to-date: /home/lucas/Documents/Pratica4/workspace_2/install/palletron_gazebo/share/palletron_gazebo/cmake/palletron_gazeboConfig-version.cmake
[1.538s] -- Up-to-date: /home/lucas/Documents/Pratica4/workspace_2/install/palletron_gazebo/share/palletron_gazebo/package.xml
[1.582s] Invoked command in '/home/lucas/Documents/Pratica4/workspace_2/build/palletron_gazebo' returned '0': CMAKE_PREFIX_PATH=${CMAKE_PREFIX_PATH}:/opt/ros/humble /usr/bin/cmake --install /home/lucas/Documents/Pratica4/workspace_2/build/palletron_gazebo
