[0.014s] Invoking command in '/home/lucas/Documents/Pratica4/workspace_2/build/polygon_plugins': AMENT_PREFIX_PATH=/home/lucas/Documents/Pratica4/workspace_2/install/polygon_base:${AMENT_PREFIX_PATH} CMAKE_PREFIX_PATH=/home/lucas/Documents/Pratica4/workspace_2/install/polygon_base:/home/lucas/Documents/Pratica4/workspace_2/install/cpp_parameters:/home/lucas/Documents/Pratica4/workspace_2/install/ugv_simulation:/home/lucas/Documents/Pratica4/workspace_2/install/ugv_robots_descriptions:/home/lucas/Documents/Pratica4/workspace_2/install/ugv_navigation:/home/lucas/Documents/Pratica4/workspace_2/install/palletron_visualization:/home/lucas/Documents/Pratica4/workspace_2/install/palletron_gazebo:/home/lucas/Documents/Pratica4/workspace_2/install/palletron_bringup:/home/lucas/Documents/Pratica4/workspace_2/install/my_code:/home/lucas/Documents/Pratica4/workspace_2/install/more_interfaces:/home/lucas/Documents/Pratica4/workspace_2/install/ira_laser_tools:/home/lucas/Documents/Pratica4/workspace_2/install/cpp_srvcli:/home/lucas/Documents/Pratica4/workspace_2/install/aws_robomaker_small_warehouse_world:/opt/ros/humble /usr/bin/cmake /home/lucas/Documents/Pratica4/workspace_2/src/polygon_plugins -DCMAKE_INSTALL_PREFIX=/home/lucas/Documents/Pratica4/workspace_2/install/polygon_plugins
[0.126s] -- The C compiler identification is GNU 11.4.0
[0.219s] -- The CXX compiler identification is GNU 11.4.0
[0.231s] -- Detecting C compiler ABI info
[0.343s] -- Detecting C compiler ABI info - done
[0.359s] -- Check for working C compiler: /usr/bin/cc - skipped
[0.360s] -- Detecting C compile features
[0.361s] -- Detecting C compile features - done
[0.371s] -- Detecting CXX compiler ABI info
[0.553s] -- Detecting CXX compiler ABI info - done
[0.574s] -- Check for working CXX compiler: /usr/bin/c++ - skipped
[0.575s] -- Detecting CXX compile features
[0.576s] -- Detecting CXX compile features - done
[0.584s] -- Found ament_cmake: 1.3.8 (/opt/ros/humble/share/ament_cmake/cmake)
[0.796s] -- Found Python3: /usr/bin/python3 (found version "3.10.12") found components: Interpreter 
[0.967s] -- Found ament_cmake_ros: 0.10.0 (/opt/ros/humble/share/ament_cmake_ros/cmake)
[0.986s] -- Found polygon_base: 0.0.0 (/home/lucas/Documents/Pratica4/workspace_2/install/polygon_base/share/polygon_base/cmake)
[0.994s] -- Found pluginlib: 5.1.0 (/opt/ros/humble/share/pluginlib/cmake)
[1.070s] -- Found ament_lint_auto: 0.12.10 (/opt/ros/humble/share/ament_lint_auto/cmake)
[1.197s] -- Added test 'cppcheck' to perform static code analysis on C / C++ code
[1.197s] -- Configured cppcheck include dirs: $<BUILD_INTERFACE:/home/lucas/Documents/Pratica4/workspace_2/src/polygon_plugins/include>
[1.197s] -- Configured cppcheck exclude dirs and/or files: 
[1.200s] -- Added test 'lint_cmake' to check CMake code style
[1.201s] -- Added test 'uncrustify' to check C / C++ code style
[1.201s] -- Configured uncrustify additional arguments: 
[1.203s] -- Added test 'xmllint' to check XML markup files
[1.208s] -- Configuring done
[1.216s] -- Generating done
[1.219s] -- Build files have been written to: /home/lucas/Documents/Pratica4/workspace_2/build/polygon_plugins
[1.227s] Invoked command in '/home/lucas/Documents/Pratica4/workspace_2/build/polygon_plugins' returned '0': AMENT_PREFIX_PATH=/home/lucas/Documents/Pratica4/workspace_2/install/polygon_base:${AMENT_PREFIX_PATH} CMAKE_PREFIX_PATH=/home/lucas/Documents/Pratica4/workspace_2/install/polygon_base:/home/lucas/Documents/Pratica4/workspace_2/install/cpp_parameters:/home/lucas/Documents/Pratica4/workspace_2/install/ugv_simulation:/home/lucas/Documents/Pratica4/workspace_2/install/ugv_robots_descriptions:/home/lucas/Documents/Pratica4/workspace_2/install/ugv_navigation:/home/lucas/Documents/Pratica4/workspace_2/install/palletron_visualization:/home/lucas/Documents/Pratica4/workspace_2/install/palletron_gazebo:/home/lucas/Documents/Pratica4/workspace_2/install/palletron_bringup:/home/lucas/Documents/Pratica4/workspace_2/install/my_code:/home/lucas/Documents/Pratica4/workspace_2/install/more_interfaces:/home/lucas/Documents/Pratica4/workspace_2/install/ira_laser_tools:/home/lucas/Documents/Pratica4/workspace_2/install/cpp_srvcli:/home/lucas/Documents/Pratica4/workspace_2/install/aws_robomaker_small_warehouse_world:/opt/ros/humble /usr/bin/cmake /home/lucas/Documents/Pratica4/workspace_2/src/polygon_plugins -DCMAKE_INSTALL_PREFIX=/home/lucas/Documents/Pratica4/workspace_2/install/polygon_plugins
[1.230s] Invoking command in '/home/lucas/Documents/Pratica4/workspace_2/build/polygon_plugins': AMENT_PREFIX_PATH=/home/lucas/Documents/Pratica4/workspace_2/install/polygon_base:${AMENT_PREFIX_PATH} CMAKE_PREFIX_PATH=/home/lucas/Documents/Pratica4/workspace_2/install/polygon_base:/home/lucas/Documents/Pratica4/workspace_2/install/cpp_parameters:/home/lucas/Documents/Pratica4/workspace_2/install/ugv_simulation:/home/lucas/Documents/Pratica4/workspace_2/install/ugv_robots_descriptions:/home/lucas/Documents/Pratica4/workspace_2/install/ugv_navigation:/home/lucas/Documents/Pratica4/workspace_2/install/palletron_visualization:/home/lucas/Documents/Pratica4/workspace_2/install/palletron_gazebo:/home/lucas/Documents/Pratica4/workspace_2/install/palletron_bringup:/home/lucas/Documents/Pratica4/workspace_2/install/my_code:/home/lucas/Documents/Pratica4/workspace_2/install/more_interfaces:/home/lucas/Documents/Pratica4/workspace_2/install/ira_laser_tools:/home/lucas/Documents/Pratica4/workspace_2/install/cpp_srvcli:/home/lucas/Documents/Pratica4/workspace_2/install/aws_robomaker_small_warehouse_world:/opt/ros/humble /usr/bin/cmake --build /home/lucas/Documents/Pratica4/workspace_2/build/polygon_plugins -- -j4 -l4
[1.293s] [ 50%] [32mBuilding CXX object CMakeFiles/polygon_plugins.dir/src/polygon_plugins.cpp.o[0m
[2.284s] [100%] [32m[1mLinking CXX shared library libpolygon_plugins.so[0m
[2.405s] [100%] Built target polygon_plugins
[2.420s] Invoked command in '/home/lucas/Documents/Pratica4/workspace_2/build/polygon_plugins' returned '0': AMENT_PREFIX_PATH=/home/lucas/Documents/Pratica4/workspace_2/install/polygon_base:${AMENT_PREFIX_PATH} CMAKE_PREFIX_PATH=/home/lucas/Documents/Pratica4/workspace_2/install/polygon_base:/home/lucas/Documents/Pratica4/workspace_2/install/cpp_parameters:/home/lucas/Documents/Pratica4/workspace_2/install/ugv_simulation:/home/lucas/Documents/Pratica4/workspace_2/install/ugv_robots_descriptions:/home/lucas/Documents/Pratica4/workspace_2/install/ugv_navigation:/home/lucas/Documents/Pratica4/workspace_2/install/palletron_visualization:/home/lucas/Documents/Pratica4/workspace_2/install/palletron_gazebo:/home/lucas/Documents/Pratica4/workspace_2/install/palletron_bringup:/home/lucas/Documents/Pratica4/workspace_2/install/my_code:/home/lucas/Documents/Pratica4/workspace_2/install/more_interfaces:/home/lucas/Documents/Pratica4/workspace_2/install/ira_laser_tools:/home/lucas/Documents/Pratica4/workspace_2/install/cpp_srvcli:/home/lucas/Documents/Pratica4/workspace_2/install/aws_robomaker_small_warehouse_world:/opt/ros/humble /usr/bin/cmake --build /home/lucas/Documents/Pratica4/workspace_2/build/polygon_plugins -- -j4 -l4
[2.451s] Invoking command in '/home/lucas/Documents/Pratica4/workspace_2/build/polygon_plugins': AMENT_PREFIX_PATH=/home/lucas/Documents/Pratica4/workspace_2/install/polygon_base:${AMENT_PREFIX_PATH} CMAKE_PREFIX_PATH=/home/lucas/Documents/Pratica4/workspace_2/install/polygon_base:/home/lucas/Documents/Pratica4/workspace_2/install/cpp_parameters:/home/lucas/Documents/Pratica4/workspace_2/install/ugv_simulation:/home/lucas/Documents/Pratica4/workspace_2/install/ugv_robots_descriptions:/home/lucas/Documents/Pratica4/workspace_2/install/ugv_navigation:/home/lucas/Documents/Pratica4/workspace_2/install/palletron_visualization:/home/lucas/Documents/Pratica4/workspace_2/install/palletron_gazebo:/home/lucas/Documents/Pratica4/workspace_2/install/palletron_bringup:/home/lucas/Documents/Pratica4/workspace_2/install/my_code:/home/lucas/Documents/Pratica4/workspace_2/install/more_interfaces:/home/lucas/Documents/Pratica4/workspace_2/install/ira_laser_tools:/home/lucas/Documents/Pratica4/workspace_2/install/cpp_srvcli:/home/lucas/Documents/Pratica4/workspace_2/install/aws_robomaker_small_warehouse_world:/opt/ros/humble /usr/bin/cmake --install /home/lucas/Documents/Pratica4/workspace_2/build/polygon_plugins
[2.465s] -- Install configuration: ""
[2.465s] -- Installing: /home/lucas/Documents/Pratica4/workspace_2/install/polygon_plugins/share/polygon_plugins/plugins.xml
[2.466s] -- Installing: /home/lucas/Documents/Pratica4/workspace_2/install/polygon_plugins/include
[2.466s] -- Installing: /home/lucas/Documents/Pratica4/workspace_2/install/polygon_plugins/include/polygon_plugins
[2.466s] -- Installing: /home/lucas/Documents/Pratica4/workspace_2/install/polygon_plugins/include/polygon_plugins/visibility_control.h
[2.468s] -- Installing: /home/lucas/Documents/Pratica4/workspace_2/install/polygon_plugins/include/polygon_plugins/polygon_plugins.hpp
[2.468s] -- Installing: /home/lucas/Documents/Pratica4/workspace_2/install/polygon_plugins/lib/libpolygon_plugins.so
[2.468s] -- Set runtime path of "/home/lucas/Documents/Pratica4/workspace_2/install/polygon_plugins/lib/libpolygon_plugins.so" to ""
[2.469s] -- Installing: /home/lucas/Documents/Pratica4/workspace_2/install/polygon_plugins/share/polygon_plugins/environment/library_path.sh
[2.469s] -- Installing: /home/lucas/Documents/Pratica4/workspace_2/install/polygon_plugins/share/polygon_plugins/environment/library_path.dsv
[2.469s] -- Installing: /home/lucas/Documents/Pratica4/workspace_2/install/polygon_plugins/share/ament_index/resource_index/package_run_dependencies/polygon_plugins
[2.469s] -- Installing: /home/lucas/Documents/Pratica4/workspace_2/install/polygon_plugins/share/ament_index/resource_index/parent_prefix_path/polygon_plugins
[2.470s] -- Installing: /home/lucas/Documents/Pratica4/workspace_2/install/polygon_plugins/share/polygon_plugins/environment/ament_prefix_path.sh
[2.470s] -- Installing: /home/lucas/Documents/Pratica4/workspace_2/install/polygon_plugins/share/polygon_plugins/environment/ament_prefix_path.dsv
[2.470s] -- Installing: /home/lucas/Documents/Pratica4/workspace_2/install/polygon_plugins/share/polygon_plugins/environment/path.sh
[2.471s] -- Installing: /home/lucas/Documents/Pratica4/workspace_2/install/polygon_plugins/share/polygon_plugins/environment/path.dsv
[2.471s] -- Installing: /home/lucas/Documents/Pratica4/workspace_2/install/polygon_plugins/share/polygon_plugins/local_setup.bash
[2.471s] -- Installing: /home/lucas/Documents/Pratica4/workspace_2/install/polygon_plugins/share/polygon_plugins/local_setup.sh
[2.471s] -- Installing: /home/lucas/Documents/Pratica4/workspace_2/install/polygon_plugins/share/polygon_plugins/local_setup.zsh
[2.472s] -- Installing: /home/lucas/Documents/Pratica4/workspace_2/install/polygon_plugins/share/polygon_plugins/local_setup.dsv
[2.472s] -- Installing: /home/lucas/Documents/Pratica4/workspace_2/install/polygon_plugins/share/polygon_plugins/package.dsv
[2.472s] -- Installing: /home/lucas/Documents/Pratica4/workspace_2/install/polygon_plugins/share/ament_index/resource_index/packages/polygon_plugins
[2.472s] -- Installing: /home/lucas/Documents/Pratica4/workspace_2/install/polygon_plugins/share/ament_index/resource_index/polygon_base__pluginlib__plugin/polygon_plugins
[2.473s] -- Installing: /home/lucas/Documents/Pratica4/workspace_2/install/polygon_plugins/share/polygon_plugins/cmake/export_polygon_pluginsExport.cmake
[2.473s] -- Installing: /home/lucas/Documents/Pratica4/workspace_2/install/polygon_plugins/share/polygon_plugins/cmake/export_polygon_pluginsExport-noconfig.cmake
[2.473s] -- Installing: /home/lucas/Documents/Pratica4/workspace_2/install/polygon_plugins/share/polygon_plugins/cmake/ament_cmake_export_include_directories-extras.cmake
[2.474s] -- Installing: /home/lucas/Documents/Pratica4/workspace_2/install/polygon_plugins/share/polygon_plugins/cmake/ament_cmake_export_libraries-extras.cmake
[2.474s] -- Installing: /home/lucas/Documents/Pratica4/workspace_2/install/polygon_plugins/share/polygon_plugins/cmake/ament_cmake_export_targets-extras.cmake
[2.474s] -- Installing: /home/lucas/Documents/Pratica4/workspace_2/install/polygon_plugins/share/polygon_plugins/cmake/polygon_pluginsConfig.cmake
[2.474s] -- Installing: /home/lucas/Documents/Pratica4/workspace_2/install/polygon_plugins/share/polygon_plugins/cmake/polygon_pluginsConfig-version.cmake
[2.475s] -- Installing: /home/lucas/Documents/Pratica4/workspace_2/install/polygon_plugins/share/polygon_plugins/package.xml
[2.478s] Invoked command in '/home/lucas/Documents/Pratica4/workspace_2/build/polygon_plugins' returned '0': AMENT_PREFIX_PATH=/home/lucas/Documents/Pratica4/workspace_2/install/polygon_base:${AMENT_PREFIX_PATH} CMAKE_PREFIX_PATH=/home/lucas/Documents/Pratica4/workspace_2/install/polygon_base:/home/lucas/Documents/Pratica4/workspace_2/install/cpp_parameters:/home/lucas/Documents/Pratica4/workspace_2/install/ugv_simulation:/home/lucas/Documents/Pratica4/workspace_2/install/ugv_robots_descriptions:/home/lucas/Documents/Pratica4/workspace_2/install/ugv_navigation:/home/lucas/Documents/Pratica4/workspace_2/install/palletron_visualization:/home/lucas/Documents/Pratica4/workspace_2/install/palletron_gazebo:/home/lucas/Documents/Pratica4/workspace_2/install/palletron_bringup:/home/lucas/Documents/Pratica4/workspace_2/install/my_code:/home/lucas/Documents/Pratica4/workspace_2/install/more_interfaces:/home/lucas/Documents/Pratica4/workspace_2/install/ira_laser_tools:/home/lucas/Documents/Pratica4/workspace_2/install/cpp_srvcli:/home/lucas/Documents/Pratica4/workspace_2/install/aws_robomaker_small_warehouse_world:/opt/ros/humble /usr/bin/cmake --install /home/lucas/Documents/Pratica4/workspace_2/build/polygon_plugins
