[0.155s] Invoking command in '/home/lucas/Documents/Pratica4/workspace_2/build/aws_robomaker_small_warehouse_world': CMAKE_PREFIX_PATH=${CMAKE_PREFIX_PATH}:/opt/ros/humble /usr/bin/cmake --build /home/lucas/Documents/Pratica4/workspace_2/build/aws_robomaker_small_warehouse_world -- -j4 -l4
[0.400s] Invoked command in '/home/lucas/Documents/Pratica4/workspace_2/build/aws_robomaker_small_warehouse_world' returned '0': CMAKE_PREFIX_PATH=${CMAKE_PREFIX_PATH}:/opt/ros/humble /usr/bin/cmake --build /home/lucas/Documents/Pratica4/workspace_2/build/aws_robomaker_small_warehouse_world -- -j4 -l4
[0.493s] Invoking command in '/home/lucas/Documents/Pratica4/workspace_2/build/aws_robomaker_small_warehouse_world': CMAKE_PREFIX_PATH=${CMAKE_PREFIX_PATH}:/opt/ros/humble /usr/bin/cmake --install /home/lucas/Documents/Pratica4/workspace_2/build/aws_robomaker_small_warehouse_world
[0.508s] -- Install configuration: ""
[0.512s] -- Up-to-date: /home/lucas/Documents/Pratica4/workspace_2/install/aws_robomaker_small_warehouse_world/share/aws_robomaker_small_warehouse_world/launch
[0.512s] -- Up-to-date: /home/lucas/Documents/Pratica4/workspace_2/install/aws_robomaker_small_warehouse_world/share/aws_robomaker_small_warehouse_world/launch/small_warehouse.launch.py
[0.512s] -- Up-to-date: /home/lucas/Documents/Pratica4/workspace_2/install/aws_robomaker_small_warehouse_world/share/aws_robomaker_small_warehouse_world/launch/no_roof_small_warehouse.launch.py
[0.512s] -- Up-to-date: /home/lucas/Documents/Pratica4/workspace_2/install/aws_robomaker_small_warehouse_world/share/aws_robomaker_small_warehouse_world/models
[0.513s] -- Up-to-date: /home/lucas/Documents/Pratica4/workspace_2/install/aws_robomaker_small_warehouse_world/share/aws_robomaker_small_warehouse_world/models/aws_robomaker_warehouse_ClutteringA_01
[0.513s] -- Up-to-date: /home/lucas/Documents/Pratica4/workspace_2/install/aws_robomaker_small_warehouse_world/share/aws_robomaker_small_warehouse_world/models/aws_robomaker_warehouse_ClutteringA_01/model.config
[0.513s] -- Up-to-date: /home/lucas/Documents/Pratica4/workspace_2/install/aws_robomaker_small_warehouse_world/share/aws_robomaker_small_warehouse_world/models/aws_robomaker_warehouse_ClutteringA_01/meshes
[0.513s] -- Up-to-date: /home/lucas/Documents/Pratica4/workspace_2/install/aws_robomaker_small_warehouse_world/share/aws_robomaker_small_warehouse_world/models/aws_robomaker_warehouse_ClutteringA_01/meshes/aws_robomaker_warehouse_ClutteringA_01_collision.DAE
[0.514s] -- Up-to-date: /home/lucas/Documents/Pratica4/workspace_2/install/aws_robomaker_small_warehouse_world/share/aws_robomaker_small_warehouse_world/models/aws_robomaker_warehouse_ClutteringA_01/meshes/aws_robomaker_warehouse_ClutteringA_01_visual.DAE
[0.514s] -- Up-to-date: /home/lucas/Documents/Pratica4/workspace_2/install/aws_robomaker_small_warehouse_world/share/aws_robomaker_small_warehouse_world/models/aws_robomaker_warehouse_ClutteringA_01/model.sdf
[0.514s] -- Up-to-date: /home/lucas/Documents/Pratica4/workspace_2/install/aws_robomaker_small_warehouse_world/share/aws_robomaker_small_warehouse_world/models/aws_robomaker_warehouse_ClutteringA_01/materials
[0.514s] -- Up-to-date: /home/lucas/Documents/Pratica4/workspace_2/install/aws_robomaker_small_warehouse_world/share/aws_robomaker_small_warehouse_world/models/aws_robomaker_warehouse_ClutteringA_01/materials/textures
[0.514s] -- Up-to-date: /home/lucas/Documents/Pratica4/workspace_2/install/aws_robomaker_small_warehouse_world/share/aws_robomaker_small_warehouse_world/models/aws_robomaker_warehouse_ClutteringA_01/materials/textures/aws_robomaker_warehouse_ClutteringA_03.png
[0.515s] -- Up-to-date: /home/lucas/Documents/Pratica4/workspace_2/install/aws_robomaker_small_warehouse_world/share/aws_robomaker_small_warehouse_world/models/aws_robomaker_warehouse_ClutteringA_01/materials/textures/aws_robomaker_warehouse_ClutteringA_02.png
[0.516s] -- Up-to-date: /home/lucas/Documents/Pratica4/workspace_2/install/aws_robomaker_small_warehouse_world/share/aws_robomaker_small_warehouse_world/models/aws_robomaker_warehouse_ClutteringA_01/materials/textures/aws_robomaker_warehouse_ClutteringA_01.png
[0.517s] -- Up-to-date: /home/lucas/Documents/Pratica4/workspace_2/install/aws_robomaker_small_warehouse_world/share/aws_robomaker_small_warehouse_world/models/aws_robomaker_warehouse_ClutteringA_01/materials/textures/.DS_Store
[0.517s] -- Up-to-date: /home/lucas/Documents/Pratica4/workspace_2/install/aws_robomaker_small_warehouse_world/share/aws_robomaker_small_warehouse_world/models/aws_robomaker_warehouse_ClutteringA_01/materials/.DS_Store
[0.517s] -- Up-to-date: /home/lucas/Documents/Pratica4/workspace_2/install/aws_robomaker_small_warehouse_world/share/aws_robomaker_small_warehouse_world/models/aws_robomaker_warehouse_ClutteringA_01/.DS_Store
[0.517s] -- Up-to-date: /home/lucas/Documents/Pratica4/workspace_2/install/aws_robomaker_small_warehouse_world/share/aws_robomaker_small_warehouse_world/models/aws_robomaker_warehouse_GroundB_01
[0.519s] -- Up-to-date: /home/lucas/Documents/Pratica4/workspace_2/install/aws_robomaker_small_warehouse_world/share/aws_robomaker_small_warehouse_world/models/aws_robomaker_warehouse_GroundB_01/model.config
[0.519s] -- Up-to-date: /home/lucas/Documents/Pratica4/workspace_2/install/aws_robomaker_small_warehouse_world/share/aws_robomaker_small_warehouse_world/models/aws_robomaker_warehouse_GroundB_01/meshes
[0.520s] -- Up-to-date: /home/lucas/Documents/Pratica4/workspace_2/install/aws_robomaker_small_warehouse_world/share/aws_robomaker_small_warehouse_world/models/aws_robomaker_warehouse_GroundB_01/meshes/aws_robomaker_warehouse_GroundB_01_collision.DAE
[0.521s] -- Up-to-date: /home/lucas/Documents/Pratica4/workspace_2/install/aws_robomaker_small_warehouse_world/share/aws_robomaker_small_warehouse_world/models/aws_robomaker_warehouse_GroundB_01/meshes/aws_robomaker_warehouse_GroundB_01_visual.DAE
[0.522s] -- Up-to-date: /home/lucas/Documents/Pratica4/workspace_2/install/aws_robomaker_small_warehouse_world/share/aws_robomaker_small_warehouse_world/models/aws_robomaker_warehouse_GroundB_01/model.sdf
[0.522s] -- Up-to-date: /home/lucas/Documents/Pratica4/workspace_2/install/aws_robomaker_small_warehouse_world/share/aws_robomaker_small_warehouse_world/models/aws_robomaker_warehouse_GroundB_01/materials
[0.523s] -- Up-to-date: /home/lucas/Documents/Pratica4/workspace_2/install/aws_robomaker_small_warehouse_world/share/aws_robomaker_small_warehouse_world/models/aws_robomaker_warehouse_GroundB_01/materials/textures
[0.523s] -- Up-to-date: /home/lucas/Documents/Pratica4/workspace_2/install/aws_robomaker_small_warehouse_world/share/aws_robomaker_small_warehouse_world/models/aws_robomaker_warehouse_GroundB_01/materials/textures/aws_robomaker_warehouse_GroundB_01.png
[0.524s] -- Up-to-date: /home/lucas/Documents/Pratica4/workspace_2/install/aws_robomaker_small_warehouse_world/share/aws_robomaker_small_warehouse_world/models/aws_robomaker_warehouse_GroundB_01/materials/textures/aws_robomaker_warehouse_GroundB_02.png
[0.524s] -- Up-to-date: /home/lucas/Documents/Pratica4/workspace_2/install/aws_robomaker_small_warehouse_world/share/aws_robomaker_small_warehouse_world/models/aws_robomaker_warehouse_WallB_01
[0.524s] -- Up-to-date: /home/lucas/Documents/Pratica4/workspace_2/install/aws_robomaker_small_warehouse_world/share/aws_robomaker_small_warehouse_world/models/aws_robomaker_warehouse_WallB_01/model.config
[0.525s] -- Up-to-date: /home/lucas/Documents/Pratica4/workspace_2/install/aws_robomaker_small_warehouse_world/share/aws_robomaker_small_warehouse_world/models/aws_robomaker_warehouse_WallB_01/meshes
[0.525s] -- Up-to-date: /home/lucas/Documents/Pratica4/workspace_2/install/aws_robomaker_small_warehouse_world/share/aws_robomaker_small_warehouse_world/models/aws_robomaker_warehouse_WallB_01/meshes/aws_robomaker_warehouse_WallB_01_collision.DAE
[0.525s] -- Up-to-date: /home/lucas/Documents/Pratica4/workspace_2/install/aws_robomaker_small_warehouse_world/share/aws_robomaker_small_warehouse_world/models/aws_robomaker_warehouse_WallB_01/meshes/aws_robomaker_warehouse_WallB_01_visual.DAE
[0.526s] -- Up-to-date: /home/lucas/Documents/Pratica4/workspace_2/install/aws_robomaker_small_warehouse_world/share/aws_robomaker_small_warehouse_world/models/aws_robomaker_warehouse_WallB_01/model.sdf
[0.526s] -- Up-to-date: /home/lucas/Documents/Pratica4/workspace_2/install/aws_robomaker_small_warehouse_world/share/aws_robomaker_small_warehouse_world/models/aws_robomaker_warehouse_WallB_01/materials
[0.526s] -- Up-to-date: /home/lucas/Documents/Pratica4/workspace_2/install/aws_robomaker_small_warehouse_world/share/aws_robomaker_small_warehouse_world/models/aws_robomaker_warehouse_WallB_01/materials/textures
[0.527s] -- Up-to-date: /home/lucas/Documents/Pratica4/workspace_2/install/aws_robomaker_small_warehouse_world/share/aws_robomaker_small_warehouse_world/models/aws_robomaker_warehouse_WallB_01/materials/textures/aws_robomaker_warehouse_WallB_01.png
[0.527s] -- Up-to-date: /home/lucas/Documents/Pratica4/workspace_2/install/aws_robomaker_small_warehouse_world/share/aws_robomaker_small_warehouse_world/models/aws_robomaker_warehouse_DeskC_01
[0.527s] -- Up-to-date: /home/lucas/Documents/Pratica4/workspace_2/install/aws_robomaker_small_warehouse_world/share/aws_robomaker_small_warehouse_world/models/aws_robomaker_warehouse_DeskC_01/model.config
[0.528s] -- Up-to-date: /home/lucas/Documents/Pratica4/workspace_2/install/aws_robomaker_small_warehouse_world/share/aws_robomaker_small_warehouse_world/models/aws_robomaker_warehouse_DeskC_01/meshes
[0.528s] -- Up-to-date: /home/lucas/Documents/Pratica4/workspace_2/install/aws_robomaker_small_warehouse_world/share/aws_robomaker_small_warehouse_world/models/aws_robomaker_warehouse_DeskC_01/meshes/aws_robomaker_warehouse_DeskC_01_collision.DAE
[0.529s] -- Up-to-date: /home/lucas/Documents/Pratica4/workspace_2/install/aws_robomaker_small_warehouse_world/share/aws_robomaker_small_warehouse_world/models/aws_robomaker_warehouse_DeskC_01/meshes/aws_robomaker_warehouse_DeskC_01_visual.DAE
[0.529s] -- Up-to-date: /home/lucas/Documents/Pratica4/workspace_2/install/aws_robomaker_small_warehouse_world/share/aws_robomaker_small_warehouse_world/models/aws_robomaker_warehouse_DeskC_01/model.sdf
[0.529s] -- Up-to-date: /home/lucas/Documents/Pratica4/workspace_2/install/aws_robomaker_small_warehouse_world/share/aws_robomaker_small_warehouse_world/models/aws_robomaker_warehouse_DeskC_01/materials
[0.530s] -- Up-to-date: /home/lucas/Documents/Pratica4/workspace_2/install/aws_robomaker_small_warehouse_world/share/aws_robomaker_small_warehouse_world/models/aws_robomaker_warehouse_DeskC_01/materials/textures
[0.530s] -- Up-to-date: /home/lucas/Documents/Pratica4/workspace_2/install/aws_robomaker_small_warehouse_world/share/aws_robomaker_small_warehouse_world/models/aws_robomaker_warehouse_DeskC_01/materials/textures/aws_robomaker_warehouse_DeskC_04.png
[0.531s] -- Up-to-date: /home/lucas/Documents/Pratica4/workspace_2/install/aws_robomaker_small_warehouse_world/share/aws_robomaker_small_warehouse_world/models/aws_robomaker_warehouse_DeskC_01/materials/textures/aws_robomaker_warehouse_DeskC_02.png
[0.531s] -- Up-to-date: /home/lucas/Documents/Pratica4/workspace_2/install/aws_robomaker_small_warehouse_world/share/aws_robomaker_small_warehouse_world/models/aws_robomaker_warehouse_DeskC_01/materials/textures/aws_robomaker_warehouse_DeskC_01.png
[0.533s] -- Up-to-date: /home/lucas/Documents/Pratica4/workspace_2/install/aws_robomaker_small_warehouse_world/share/aws_robomaker_small_warehouse_world/models/aws_robomaker_warehouse_DeskC_01/materials/textures/aws_robomaker_warehouse_DeskC_03.psd
[0.534s] -- Up-to-date: /home/lucas/Documents/Pratica4/workspace_2/install/aws_robomaker_small_warehouse_world/share/aws_robomaker_small_warehouse_world/models/aws_robomaker_warehouse_DeskC_01/materials/textures/aws_robomaker_warehouse_DeskC_03.png
[0.534s] -- Up-to-date: /home/lucas/Documents/Pratica4/workspace_2/install/aws_robomaker_small_warehouse_world/share/aws_robomaker_small_warehouse_world/models/aws_robomaker_warehouse_DeskC_01/materials/.DS_Store
[0.534s] -- Up-to-date: /home/lucas/Documents/Pratica4/workspace_2/install/aws_robomaker_small_warehouse_world/share/aws_robomaker_small_warehouse_world/models/aws_robomaker_warehouse_PalletJackB_01
[0.535s] -- Up-to-date: /home/lucas/Documents/Pratica4/workspace_2/install/aws_robomaker_small_warehouse_world/share/aws_robomaker_small_warehouse_world/models/aws_robomaker_warehouse_PalletJackB_01/model.config
[0.535s] -- Up-to-date: /home/lucas/Documents/Pratica4/workspace_2/install/aws_robomaker_small_warehouse_world/share/aws_robomaker_small_warehouse_world/models/aws_robomaker_warehouse_PalletJackB_01/meshes
[0.535s] -- Up-to-date: /home/lucas/Documents/Pratica4/workspace_2/install/aws_robomaker_small_warehouse_world/share/aws_robomaker_small_warehouse_world/models/aws_robomaker_warehouse_PalletJackB_01/meshes/aws_robomaker_warehouse_PalletJackB_01_visual.DAE
[0.535s] -- Up-to-date: /home/lucas/Documents/Pratica4/workspace_2/install/aws_robomaker_small_warehouse_world/share/aws_robomaker_small_warehouse_world/models/aws_robomaker_warehouse_PalletJackB_01/meshes/aws_robomaker_warehouse_PalletJackB_01_collision.DAE
[0.551s] -- Up-to-date: /home/lucas/Documents/Pratica4/workspace_2/install/aws_robomaker_small_warehouse_world/share/aws_robomaker_small_warehouse_world/models/aws_robomaker_warehouse_PalletJackB_01/model.sdf
[0.552s] -- Up-to-date: /home/lucas/Documents/Pratica4/workspace_2/install/aws_robomaker_small_warehouse_world/share/aws_robomaker_small_warehouse_world/models/aws_robomaker_warehouse_PalletJackB_01/materials
[0.552s] -- Up-to-date: /home/lucas/Documents/Pratica4/workspace_2/install/aws_robomaker_small_warehouse_world/share/aws_robomaker_small_warehouse_world/models/aws_robomaker_warehouse_PalletJackB_01/materials/textures
[0.552s] -- Up-to-date: /home/lucas/Documents/Pratica4/workspace_2/install/aws_robomaker_small_warehouse_world/share/aws_robomaker_small_warehouse_world/models/aws_robomaker_warehouse_PalletJackB_01/materials/textures/aws_robomaker_warehouse_PalletJackB_01.png
[0.552s] -- Up-to-date: /home/lucas/Documents/Pratica4/workspace_2/install/aws_robomaker_small_warehouse_world/share/aws_robomaker_small_warehouse_world/models/aws_robomaker_warehouse_PalletJackB_01/materials/textures/aws_robomaker_warehouse_PalletJackB_02.png
[0.552s] -- Up-to-date: /home/lucas/Documents/Pratica4/workspace_2/install/aws_robomaker_small_warehouse_world/share/aws_robomaker_small_warehouse_world/models/aws_robomaker_warehouse_PalletJackB_01/materials/.DS_Store
[0.553s] -- Up-to-date: /home/lucas/Documents/Pratica4/workspace_2/install/aws_robomaker_small_warehouse_world/share/aws_robomaker_small_warehouse_world/models/aws_robomaker_warehouse_PalletJackB_01/.DS_Store
[0.553s] -- Up-to-date: /home/lucas/Documents/Pratica4/workspace_2/install/aws_robomaker_small_warehouse_world/share/aws_robomaker_small_warehouse_world/models/aws_robomaker_warehouse_ShelfD_01
[0.553s] -- Up-to-date: /home/lucas/Documents/Pratica4/workspace_2/install/aws_robomaker_small_warehouse_world/share/aws_robomaker_small_warehouse_world/models/aws_robomaker_warehouse_ShelfD_01/model.config
[0.553s] -- Up-to-date: /home/lucas/Documents/Pratica4/workspace_2/install/aws_robomaker_small_warehouse_world/share/aws_robomaker_small_warehouse_world/models/aws_robomaker_warehouse_ShelfD_01/meshes
[0.556s] -- Up-to-date: /home/lucas/Documents/Pratica4/workspace_2/install/aws_robomaker_small_warehouse_world/share/aws_robomaker_small_warehouse_world/models/aws_robomaker_warehouse_ShelfD_01/meshes/aws_robomaker_warehouse_ShelfD_01_collision.DAE
[0.556s] -- Up-to-date: /home/lucas/Documents/Pratica4/workspace_2/install/aws_robomaker_small_warehouse_world/share/aws_robomaker_small_warehouse_world/models/aws_robomaker_warehouse_ShelfD_01/meshes/aws_robomaker_warehouse_ShelfD_01_visual.DAE
[0.561s] -- Up-to-date: /home/lucas/Documents/Pratica4/workspace_2/install/aws_robomaker_small_warehouse_world/share/aws_robomaker_small_warehouse_world/models/aws_robomaker_warehouse_ShelfD_01/model.sdf
[0.561s] -- Up-to-date: /home/lucas/Documents/Pratica4/workspace_2/install/aws_robomaker_small_warehouse_world/share/aws_robomaker_small_warehouse_world/models/aws_robomaker_warehouse_ShelfD_01/materials
[0.561s] -- Up-to-date: /home/lucas/Documents/Pratica4/workspace_2/install/aws_robomaker_small_warehouse_world/share/aws_robomaker_small_warehouse_world/models/aws_robomaker_warehouse_ShelfD_01/materials/textures
[0.562s] -- Up-to-date: /home/lucas/Documents/Pratica4/workspace_2/install/aws_robomaker_small_warehouse_world/share/aws_robomaker_small_warehouse_world/models/aws_robomaker_warehouse_ShelfD_01/materials/textures/aws_robomaker_warehouse_ShelfD_04.png
[0.562s] -- Up-to-date: /home/lucas/Documents/Pratica4/workspace_2/install/aws_robomaker_small_warehouse_world/share/aws_robomaker_small_warehouse_world/models/aws_robomaker_warehouse_ShelfD_01/materials/textures/aws_robomaker_warehouse_ShelfD_02.png
[0.562s] -- Up-to-date: /home/lucas/Documents/Pratica4/workspace_2/install/aws_robomaker_small_warehouse_world/share/aws_robomaker_small_warehouse_world/models/aws_robomaker_warehouse_ShelfD_01/materials/textures/aws_robomaker_warehouse_ShelfD_03.png
[0.569s] -- Up-to-date: /home/lucas/Documents/Pratica4/workspace_2/install/aws_robomaker_small_warehouse_world/share/aws_robomaker_small_warehouse_world/models/aws_robomaker_warehouse_ShelfD_01/materials/textures/aws_robomaker_warehouse_ShelfD_01.png
[0.570s] -- Up-to-date: /home/lucas/Documents/Pratica4/workspace_2/install/aws_robomaker_small_warehouse_world/share/aws_robomaker_small_warehouse_world/models/aws_robomaker_warehouse_ClutteringC_01
[0.571s] -- Up-to-date: /home/lucas/Documents/Pratica4/workspace_2/install/aws_robomaker_small_warehouse_world/share/aws_robomaker_small_warehouse_world/models/aws_robomaker_warehouse_ClutteringC_01/model.config
[0.571s] -- Up-to-date: /home/lucas/Documents/Pratica4/workspace_2/install/aws_robomaker_small_warehouse_world/share/aws_robomaker_small_warehouse_world/models/aws_robomaker_warehouse_ClutteringC_01/meshes
[0.571s] -- Up-to-date: /home/lucas/Documents/Pratica4/workspace_2/install/aws_robomaker_small_warehouse_world/share/aws_robomaker_small_warehouse_world/models/aws_robomaker_warehouse_ClutteringC_01/meshes/aws_robomaker_warehouse_ClutteringC_01_visual.DAE
[0.571s] -- Up-to-date: /home/lucas/Documents/Pratica4/workspace_2/install/aws_robomaker_small_warehouse_world/share/aws_robomaker_small_warehouse_world/models/aws_robomaker_warehouse_ClutteringC_01/meshes/aws_robomaker_warehouse_ClutteringC_01_collision.DAE
[0.571s] -- Up-to-date: /home/lucas/Documents/Pratica4/workspace_2/install/aws_robomaker_small_warehouse_world/share/aws_robomaker_small_warehouse_world/models/aws_robomaker_warehouse_ClutteringC_01/model.sdf
[0.572s] -- Up-to-date: /home/lucas/Documents/Pratica4/workspace_2/install/aws_robomaker_small_warehouse_world/share/aws_robomaker_small_warehouse_world/models/aws_robomaker_warehouse_ClutteringC_01/materials
[0.572s] -- Up-to-date: /home/lucas/Documents/Pratica4/workspace_2/install/aws_robomaker_small_warehouse_world/share/aws_robomaker_small_warehouse_world/models/aws_robomaker_warehouse_ClutteringC_01/materials/textures
[0.573s] -- Up-to-date: /home/lucas/Documents/Pratica4/workspace_2/install/aws_robomaker_small_warehouse_world/share/aws_robomaker_small_warehouse_world/models/aws_robomaker_warehouse_ClutteringC_01/materials/textures/aws_robomaker_warehouse_ClutteringC_01.png
[0.573s] -- Up-to-date: /home/lucas/Documents/Pratica4/workspace_2/install/aws_robomaker_small_warehouse_world/share/aws_robomaker_small_warehouse_world/models/aws_robomaker_warehouse_ClutteringC_01/materials/textures/aws_robomaker_warehouse_ClutteringC_02.png
[0.573s] -- Up-to-date: /home/lucas/Documents/Pratica4/workspace_2/install/aws_robomaker_small_warehouse_world/share/aws_robomaker_small_warehouse_world/models/aws_robomaker_warehouse_TrashCanC_01
[0.573s] -- Up-to-date: /home/lucas/Documents/Pratica4/workspace_2/install/aws_robomaker_small_warehouse_world/share/aws_robomaker_small_warehouse_world/models/aws_robomaker_warehouse_TrashCanC_01/model.config
[0.573s] -- Up-to-date: /home/lucas/Documents/Pratica4/workspace_2/install/aws_robomaker_small_warehouse_world/share/aws_robomaker_small_warehouse_world/models/aws_robomaker_warehouse_TrashCanC_01/meshes
[0.573s] -- Up-to-date: /home/lucas/Documents/Pratica4/workspace_2/install/aws_robomaker_small_warehouse_world/share/aws_robomaker_small_warehouse_world/models/aws_robomaker_warehouse_TrashCanC_01/meshes/aws_robomaker_warehouse_TrashCanC_01_collision.DAE
[0.573s] -- Up-to-date: /home/lucas/Documents/Pratica4/workspace_2/install/aws_robomaker_small_warehouse_world/share/aws_robomaker_small_warehouse_world/models/aws_robomaker_warehouse_TrashCanC_01/meshes/aws_robomaker_warehouse_TrashCanC_01_visual.DAE
[0.574s] -- Up-to-date: /home/lucas/Documents/Pratica4/workspace_2/install/aws_robomaker_small_warehouse_world/share/aws_robomaker_small_warehouse_world/models/aws_robomaker_warehouse_TrashCanC_01/model.sdf
[0.574s] -- Up-to-date: /home/lucas/Documents/Pratica4/workspace_2/install/aws_robomaker_small_warehouse_world/share/aws_robomaker_small_warehouse_world/models/aws_robomaker_warehouse_TrashCanC_01/materials
[0.574s] -- Up-to-date: /home/lucas/Documents/Pratica4/workspace_2/install/aws_robomaker_small_warehouse_world/share/aws_robomaker_small_warehouse_world/models/aws_robomaker_warehouse_TrashCanC_01/materials/textures
[0.574s] -- Up-to-date: /home/lucas/Documents/Pratica4/workspace_2/install/aws_robomaker_small_warehouse_world/share/aws_robomaker_small_warehouse_world/models/aws_robomaker_warehouse_TrashCanC_01/materials/textures/aws_robomaker_warehouse_TrashCanC_01.png
[0.574s] -- Up-to-date: /home/lucas/Documents/Pratica4/workspace_2/install/aws_robomaker_small_warehouse_world/share/aws_robomaker_small_warehouse_world/models/aws_robomaker_warehouse_RoofB_01
[0.574s] -- Up-to-date: /home/lucas/Documents/Pratica4/workspace_2/install/aws_robomaker_small_warehouse_world/share/aws_robomaker_small_warehouse_world/models/aws_robomaker_warehouse_RoofB_01/model.config
[0.574s] -- Up-to-date: /home/lucas/Documents/Pratica4/workspace_2/install/aws_robomaker_small_warehouse_world/share/aws_robomaker_small_warehouse_world/models/aws_robomaker_warehouse_RoofB_01/meshes
[0.574s] -- Up-to-date: /home/lucas/Documents/Pratica4/workspace_2/install/aws_robomaker_small_warehouse_world/share/aws_robomaker_small_warehouse_world/models/aws_robomaker_warehouse_RoofB_01/meshes/aws_robomaker_warehouse_RoofB_01_collision.DAE
[0.575s] -- Up-to-date: /home/lucas/Documents/Pratica4/workspace_2/install/aws_robomaker_small_warehouse_world/share/aws_robomaker_small_warehouse_world/models/aws_robomaker_warehouse_RoofB_01/meshes/aws_robomaker_warehouse_RoofB_01_visual.DAE
[0.575s] -- Up-to-date: /home/lucas/Documents/Pratica4/workspace_2/install/aws_robomaker_small_warehouse_world/share/aws_robomaker_small_warehouse_world/models/aws_robomaker_warehouse_RoofB_01/model.sdf
[0.575s] -- Up-to-date: /home/lucas/Documents/Pratica4/workspace_2/install/aws_robomaker_small_warehouse_world/share/aws_robomaker_small_warehouse_world/models/aws_robomaker_warehouse_RoofB_01/materials
[0.575s] -- Up-to-date: /home/lucas/Documents/Pratica4/workspace_2/install/aws_robomaker_small_warehouse_world/share/aws_robomaker_small_warehouse_world/models/aws_robomaker_warehouse_RoofB_01/materials/textures
[0.575s] -- Up-to-date: /home/lucas/Documents/Pratica4/workspace_2/install/aws_robomaker_small_warehouse_world/share/aws_robomaker_small_warehouse_world/models/aws_robomaker_warehouse_RoofB_01/materials/textures/aws_robomaker_warehouse_RoofB_01.png
[0.575s] -- Up-to-date: /home/lucas/Documents/Pratica4/workspace_2/install/aws_robomaker_small_warehouse_world/share/aws_robomaker_small_warehouse_world/models/aws_robomaker_warehouse_ShelfE_01
[0.575s] -- Up-to-date: /home/lucas/Documents/Pratica4/workspace_2/install/aws_robomaker_small_warehouse_world/share/aws_robomaker_small_warehouse_world/models/aws_robomaker_warehouse_ShelfE_01/model.config
[0.576s] -- Up-to-date: /home/lucas/Documents/Pratica4/workspace_2/install/aws_robomaker_small_warehouse_world/share/aws_robomaker_small_warehouse_world/models/aws_robomaker_warehouse_ShelfE_01/meshes
[0.576s] -- Up-to-date: /home/lucas/Documents/Pratica4/workspace_2/install/aws_robomaker_small_warehouse_world/share/aws_robomaker_small_warehouse_world/models/aws_robomaker_warehouse_ShelfE_01/meshes/aws_robomaker_warehouse_ShelfE_01_visual.DAE
[0.576s] -- Up-to-date: /home/lucas/Documents/Pratica4/workspace_2/install/aws_robomaker_small_warehouse_world/share/aws_robomaker_small_warehouse_world/models/aws_robomaker_warehouse_ShelfE_01/meshes/aws_robomaker_warehouse_ShelfE_01_collision.DAE
[0.576s] -- Up-to-date: /home/lucas/Documents/Pratica4/workspace_2/install/aws_robomaker_small_warehouse_world/share/aws_robomaker_small_warehouse_world/models/aws_robomaker_warehouse_ShelfE_01/model.sdf
[0.576s] -- Up-to-date: /home/lucas/Documents/Pratica4/workspace_2/install/aws_robomaker_small_warehouse_world/share/aws_robomaker_small_warehouse_world/models/aws_robomaker_warehouse_ShelfE_01/materials
[0.576s] -- Up-to-date: /home/lucas/Documents/Pratica4/workspace_2/install/aws_robomaker_small_warehouse_world/share/aws_robomaker_small_warehouse_world/models/aws_robomaker_warehouse_ShelfE_01/materials/textures
[0.576s] -- Up-to-date: /home/lucas/Documents/Pratica4/workspace_2/install/aws_robomaker_small_warehouse_world/share/aws_robomaker_small_warehouse_world/models/aws_robomaker_warehouse_ShelfE_01/materials/textures/aws_robomaker_warehouse_ShelfE_01.png
[0.576s] -- Up-to-date: /home/lucas/Documents/Pratica4/workspace_2/install/aws_robomaker_small_warehouse_world/share/aws_robomaker_small_warehouse_world/models/aws_robomaker_warehouse_ShelfE_01/materials/textures/aws_robomaker_warehouse_ShelfE_02.png
[0.577s] -- Up-to-date: /home/lucas/Documents/Pratica4/workspace_2/install/aws_robomaker_small_warehouse_world/share/aws_robomaker_small_warehouse_world/models/aws_robomaker_warehouse_ShelfE_01/materials/textures/aws_robomaker_warehouse_ShelfE_04.png
[0.577s] -- Up-to-date: /home/lucas/Documents/Pratica4/workspace_2/install/aws_robomaker_small_warehouse_world/share/aws_robomaker_small_warehouse_world/models/aws_robomaker_warehouse_ShelfE_01/materials/textures/aws_robomaker_warehouse_ShelfE_03.png
[0.577s] -- Up-to-date: /home/lucas/Documents/Pratica4/workspace_2/install/aws_robomaker_small_warehouse_world/share/aws_robomaker_small_warehouse_world/models/aws_robomaker_warehouse_ShelfE_01/materials/.DS_Store
[0.577s] -- Up-to-date: /home/lucas/Documents/Pratica4/workspace_2/install/aws_robomaker_small_warehouse_world/share/aws_robomaker_small_warehouse_world/models/aws_robomaker_warehouse_ShelfE_01/.DS_Store
[0.577s] -- Up-to-date: /home/lucas/Documents/Pratica4/workspace_2/install/aws_robomaker_small_warehouse_world/share/aws_robomaker_small_warehouse_world/models/aws_robomaker_warehouse_ClutteringD_01
[0.577s] -- Up-to-date: /home/lucas/Documents/Pratica4/workspace_2/install/aws_robomaker_small_warehouse_world/share/aws_robomaker_small_warehouse_world/models/aws_robomaker_warehouse_ClutteringD_01/model.config
[0.578s] -- Up-to-date: /home/lucas/Documents/Pratica4/workspace_2/install/aws_robomaker_small_warehouse_world/share/aws_robomaker_small_warehouse_world/models/aws_robomaker_warehouse_ClutteringD_01/meshes
[0.578s] -- Up-to-date: /home/lucas/Documents/Pratica4/workspace_2/install/aws_robomaker_small_warehouse_world/share/aws_robomaker_small_warehouse_world/models/aws_robomaker_warehouse_ClutteringD_01/meshes/aws_robomaker_warehouse_ClutteringD_01_collision.DAE
[0.578s] -- Up-to-date: /home/lucas/Documents/Pratica4/workspace_2/install/aws_robomaker_small_warehouse_world/share/aws_robomaker_small_warehouse_world/models/aws_robomaker_warehouse_ClutteringD_01/meshes/aws_robomaker_warehouse_ClutteringD_01_visual.DAE
[0.578s] -- Up-to-date: /home/lucas/Documents/Pratica4/workspace_2/install/aws_robomaker_small_warehouse_world/share/aws_robomaker_small_warehouse_world/models/aws_robomaker_warehouse_ClutteringD_01/model.sdf
[0.578s] -- Up-to-date: /home/lucas/Documents/Pratica4/workspace_2/install/aws_robomaker_small_warehouse_world/share/aws_robomaker_small_warehouse_world/models/aws_robomaker_warehouse_ClutteringD_01/materials
[0.578s] -- Up-to-date: /home/lucas/Documents/Pratica4/workspace_2/install/aws_robomaker_small_warehouse_world/share/aws_robomaker_small_warehouse_world/models/aws_robomaker_warehouse_ClutteringD_01/materials/textures
[0.578s] -- Up-to-date: /home/lucas/Documents/Pratica4/workspace_2/install/aws_robomaker_small_warehouse_world/share/aws_robomaker_small_warehouse_world/models/aws_robomaker_warehouse_ClutteringD_01/materials/textures/aws_robomaker_warehouse_ClutteringD_01.png
[0.579s] -- Up-to-date: /home/lucas/Documents/Pratica4/workspace_2/install/aws_robomaker_small_warehouse_world/share/aws_robomaker_small_warehouse_world/models/aws_robomaker_warehouse_ClutteringD_01/materials/textures/aws_robomaker_warehouse_ClutteringD_02.png
[0.579s] -- Up-to-date: /home/lucas/Documents/Pratica4/workspace_2/install/aws_robomaker_small_warehouse_world/share/aws_robomaker_small_warehouse_world/models/aws_robomaker_warehouse_Lamp_01
[0.579s] -- Up-to-date: /home/lucas/Documents/Pratica4/workspace_2/install/aws_robomaker_small_warehouse_world/share/aws_robomaker_small_warehouse_world/models/aws_robomaker_warehouse_Lamp_01/model.config
[0.579s] -- Up-to-date: /home/lucas/Documents/Pratica4/workspace_2/install/aws_robomaker_small_warehouse_world/share/aws_robomaker_small_warehouse_world/models/aws_robomaker_warehouse_Lamp_01/meshes
[0.579s] -- Up-to-date: /home/lucas/Documents/Pratica4/workspace_2/install/aws_robomaker_small_warehouse_world/share/aws_robomaker_small_warehouse_world/models/aws_robomaker_warehouse_Lamp_01/meshes/aws_robomaker_warehouse_Lamp_01_visual.DAE
[0.579s] -- Up-to-date: /home/lucas/Documents/Pratica4/workspace_2/install/aws_robomaker_small_warehouse_world/share/aws_robomaker_small_warehouse_world/models/aws_robomaker_warehouse_Lamp_01/meshes/aws_robomaker_warehouse_Lamp_01_collision.DAE
[0.579s] -- Up-to-date: /home/lucas/Documents/Pratica4/workspace_2/install/aws_robomaker_small_warehouse_world/share/aws_robomaker_small_warehouse_world/models/aws_robomaker_warehouse_Lamp_01/model.sdf
[0.580s] -- Up-to-date: /home/lucas/Documents/Pratica4/workspace_2/install/aws_robomaker_small_warehouse_world/share/aws_robomaker_small_warehouse_world/models/aws_robomaker_warehouse_Lamp_01/materials
[0.580s] -- Up-to-date: /home/lucas/Documents/Pratica4/workspace_2/install/aws_robomaker_small_warehouse_world/share/aws_robomaker_small_warehouse_world/models/aws_robomaker_warehouse_Lamp_01/materials/textures
[0.580s] -- Up-to-date: /home/lucas/Documents/Pratica4/workspace_2/install/aws_robomaker_small_warehouse_world/share/aws_robomaker_small_warehouse_world/models/aws_robomaker_warehouse_Lamp_01/materials/textures/aws_robomaker_warehouse_Lamp_01.png
[0.580s] -- Up-to-date: /home/lucas/Documents/Pratica4/workspace_2/install/aws_robomaker_small_warehouse_world/share/aws_robomaker_small_warehouse_world/models/aws_robomaker_warehouse_ShelfF_01
[0.580s] -- Up-to-date: /home/lucas/Documents/Pratica4/workspace_2/install/aws_robomaker_small_warehouse_world/share/aws_robomaker_small_warehouse_world/models/aws_robomaker_warehouse_ShelfF_01/model.config
[0.580s] -- Up-to-date: /home/lucas/Documents/Pratica4/workspace_2/install/aws_robomaker_small_warehouse_world/share/aws_robomaker_small_warehouse_world/models/aws_robomaker_warehouse_ShelfF_01/meshes
[0.580s] -- Up-to-date: /home/lucas/Documents/Pratica4/workspace_2/install/aws_robomaker_small_warehouse_world/share/aws_robomaker_small_warehouse_world/models/aws_robomaker_warehouse_ShelfF_01/meshes/aws_robomaker_warehouse_ShelfF_01_collision.DAE
[0.580s] -- Up-to-date: /home/lucas/Documents/Pratica4/workspace_2/install/aws_robomaker_small_warehouse_world/share/aws_robomaker_small_warehouse_world/models/aws_robomaker_warehouse_ShelfF_01/meshes/aws_robomaker_warehouse_ShelfF_01_visual.DAE
[0.581s] -- Up-to-date: /home/lucas/Documents/Pratica4/workspace_2/install/aws_robomaker_small_warehouse_world/share/aws_robomaker_small_warehouse_world/models/aws_robomaker_warehouse_ShelfF_01/model.sdf
[0.581s] -- Up-to-date: /home/lucas/Documents/Pratica4/workspace_2/install/aws_robomaker_small_warehouse_world/share/aws_robomaker_small_warehouse_world/models/aws_robomaker_warehouse_ShelfF_01/materials
[0.587s] -- Up-to-date: /home/lucas/Documents/Pratica4/workspace_2/install/aws_robomaker_small_warehouse_world/share/aws_robomaker_small_warehouse_world/models/aws_robomaker_warehouse_ShelfF_01/materials/textures
[0.588s] -- Up-to-date: /home/lucas/Documents/Pratica4/workspace_2/install/aws_robomaker_small_warehouse_world/share/aws_robomaker_small_warehouse_world/models/aws_robomaker_warehouse_ShelfF_01/materials/textures/aws_robomaker_warehouse_ShelfF_01.png
[0.588s] -- Up-to-date: /home/lucas/Documents/Pratica4/workspace_2/install/aws_robomaker_small_warehouse_world/share/aws_robomaker_small_warehouse_world/models/aws_robomaker_warehouse_ShelfF_01/materials/textures/aws_robomaker_warehouse_ShelfF_02.png
[0.588s] -- Up-to-date: /home/lucas/Documents/Pratica4/workspace_2/install/aws_robomaker_small_warehouse_world/share/aws_robomaker_small_warehouse_world/models/aws_robomaker_warehouse_ShelfF_01/materials/textures/aws_robomaker_warehouse_ShelfF_03.png
[0.588s] -- Up-to-date: /home/lucas/Documents/Pratica4/workspace_2/install/aws_robomaker_small_warehouse_world/share/aws_robomaker_small_warehouse_world/models/.DS_Store
[0.588s] -- Up-to-date: /home/lucas/Documents/Pratica4/workspace_2/install/aws_robomaker_small_warehouse_world/share/aws_robomaker_small_warehouse_world/models/aws_robomaker_warehouse_Bucket_01
[0.589s] -- Up-to-date: /home/lucas/Documents/Pratica4/workspace_2/install/aws_robomaker_small_warehouse_world/share/aws_robomaker_small_warehouse_world/models/aws_robomaker_warehouse_Bucket_01/model.config
[0.589s] -- Up-to-date: /home/lucas/Documents/Pratica4/workspace_2/install/aws_robomaker_small_warehouse_world/share/aws_robomaker_small_warehouse_world/models/aws_robomaker_warehouse_Bucket_01/meshes
[0.589s] -- Up-to-date: /home/lucas/Documents/Pratica4/workspace_2/install/aws_robomaker_small_warehouse_world/share/aws_robomaker_small_warehouse_world/models/aws_robomaker_warehouse_Bucket_01/meshes/aws_robomaker_warehouse_Bucket_01_collision.DAE
[0.589s] -- Up-to-date: /home/lucas/Documents/Pratica4/workspace_2/install/aws_robomaker_small_warehouse_world/share/aws_robomaker_small_warehouse_world/models/aws_robomaker_warehouse_Bucket_01/meshes/aws_robomaker_warehouse_Bucket_01_visual.DAE
[0.590s] -- Up-to-date: /home/lucas/Documents/Pratica4/workspace_2/install/aws_robomaker_small_warehouse_world/share/aws_robomaker_small_warehouse_world/models/aws_robomaker_warehouse_Bucket_01/model.sdf
[0.590s] -- Up-to-date: /home/lucas/Documents/Pratica4/workspace_2/install/aws_robomaker_small_warehouse_world/share/aws_robomaker_small_warehouse_world/models/aws_robomaker_warehouse_Bucket_01/materials
[0.590s] -- Up-to-date: /home/lucas/Documents/Pratica4/workspace_2/install/aws_robomaker_small_warehouse_world/share/aws_robomaker_small_warehouse_world/models/aws_robomaker_warehouse_Bucket_01/materials/textures
[0.590s] -- Up-to-date: /home/lucas/Documents/Pratica4/workspace_2/install/aws_robomaker_small_warehouse_world/share/aws_robomaker_small_warehouse_world/models/aws_robomaker_warehouse_Bucket_01/materials/textures/aws_robomaker_warehouse_Bucket_01.png
[0.590s] -- Up-to-date: /home/lucas/Documents/Pratica4/workspace_2/install/aws_robomaker_small_warehouse_world/share/aws_robomaker_small_warehouse_world/models/aws_robomaker_warehouse_Bucket_01/materials/.DS_Store
[0.590s] -- Up-to-date: /home/lucas/Documents/Pratica4/workspace_2/install/aws_robomaker_small_warehouse_world/share/aws_robomaker_small_warehouse_world/models/aws_robomaker_warehouse_Bucket_01/.DS_Store
[0.590s] -- Up-to-date: /home/lucas/Documents/Pratica4/workspace_2/install/aws_robomaker_small_warehouse_world/share/aws_robomaker_small_warehouse_world/worlds
[0.590s] -- Up-to-date: /home/lucas/Documents/Pratica4/workspace_2/install/aws_robomaker_small_warehouse_world/share/aws_robomaker_small_warehouse_world/worlds/no_roof_small_warehouse
[0.590s] -- Up-to-date: /home/lucas/Documents/Pratica4/workspace_2/install/aws_robomaker_small_warehouse_world/share/aws_robomaker_small_warehouse_world/worlds/no_roof_small_warehouse/no_roof_small_warehouse.world
[0.591s] -- Up-to-date: /home/lucas/Documents/Pratica4/workspace_2/install/aws_robomaker_small_warehouse_world/share/aws_robomaker_small_warehouse_world/worlds/small_warehouse
[0.591s] -- Up-to-date: /home/lucas/Documents/Pratica4/workspace_2/install/aws_robomaker_small_warehouse_world/share/aws_robomaker_small_warehouse_world/worlds/small_warehouse/small_warehouse.world
[0.592s] -- Up-to-date: /home/lucas/Documents/Pratica4/workspace_2/install/aws_robomaker_small_warehouse_world/share/aws_robomaker_small_warehouse_world/maps
[0.592s] -- Up-to-date: /home/lucas/Documents/Pratica4/workspace_2/install/aws_robomaker_small_warehouse_world/share/aws_robomaker_small_warehouse_world/maps/002
[0.592s] -- Up-to-date: /home/lucas/Documents/Pratica4/workspace_2/install/aws_robomaker_small_warehouse_world/share/aws_robomaker_small_warehouse_world/maps/002/map.yaml
[0.593s] -- Up-to-date: /home/lucas/Documents/Pratica4/workspace_2/install/aws_robomaker_small_warehouse_world/share/aws_robomaker_small_warehouse_world/maps/002/map.pgm
[0.593s] -- Up-to-date: /home/lucas/Documents/Pratica4/workspace_2/install/aws_robomaker_small_warehouse_world/share/aws_robomaker_small_warehouse_world/maps/.DS_Store
[0.593s] -- Up-to-date: /home/lucas/Documents/Pratica4/workspace_2/install/aws_robomaker_small_warehouse_world/share/aws_robomaker_small_warehouse_world/maps/005
[0.593s] -- Up-to-date: /home/lucas/Documents/Pratica4/workspace_2/install/aws_robomaker_small_warehouse_world/share/aws_robomaker_small_warehouse_world/maps/005/map_rotated.pgm
[0.593s] -- Up-to-date: /home/lucas/Documents/Pratica4/workspace_2/install/aws_robomaker_small_warehouse_world/share/aws_robomaker_small_warehouse_world/maps/005/map_rotated.png
[0.594s] -- Up-to-date: /home/lucas/Documents/Pratica4/workspace_2/install/aws_robomaker_small_warehouse_world/share/aws_robomaker_small_warehouse_world/maps/005/map.yaml
[0.594s] -- Up-to-date: /home/lucas/Documents/Pratica4/workspace_2/install/aws_robomaker_small_warehouse_world/share/aws_robomaker_small_warehouse_world/maps/005/map.pgm
[0.594s] -- Up-to-date: /home/lucas/Documents/Pratica4/workspace_2/install/aws_robomaker_small_warehouse_world/share/aws_robomaker_small_warehouse_world/rviz
[0.594s] -- Up-to-date: /home/lucas/Documents/Pratica4/workspace_2/install/aws_robomaker_small_warehouse_world/share/aws_robomaker_small_warehouse_world/rviz/basic_data.rviz
[0.594s] -- Up-to-date: /home/lucas/Documents/Pratica4/workspace_2/install/aws_robomaker_small_warehouse_world/share/aws_robomaker_small_warehouse_world/environment/aws_robomaker_small_warehouse_world.dsv
[0.595s] -- Up-to-date: /home/lucas/Documents/Pratica4/workspace_2/install/aws_robomaker_small_warehouse_world/share/ament_index/resource_index/package_run_dependencies/aws_robomaker_small_warehouse_world
[0.595s] -- Up-to-date: /home/lucas/Documents/Pratica4/workspace_2/install/aws_robomaker_small_warehouse_world/share/ament_index/resource_index/parent_prefix_path/aws_robomaker_small_warehouse_world
[0.595s] -- Up-to-date: /home/lucas/Documents/Pratica4/workspace_2/install/aws_robomaker_small_warehouse_world/share/aws_robomaker_small_warehouse_world/environment/ament_prefix_path.sh
[0.595s] -- Up-to-date: /home/lucas/Documents/Pratica4/workspace_2/install/aws_robomaker_small_warehouse_world/share/aws_robomaker_small_warehouse_world/environment/ament_prefix_path.dsv
[0.595s] -- Up-to-date: /home/lucas/Documents/Pratica4/workspace_2/install/aws_robomaker_small_warehouse_world/share/aws_robomaker_small_warehouse_world/environment/path.sh
[0.596s] -- Up-to-date: /home/lucas/Documents/Pratica4/workspace_2/install/aws_robomaker_small_warehouse_world/share/aws_robomaker_small_warehouse_world/environment/path.dsv
[0.596s] -- Up-to-date: /home/lucas/Documents/Pratica4/workspace_2/install/aws_robomaker_small_warehouse_world/share/aws_robomaker_small_warehouse_world/local_setup.bash
[0.596s] -- Up-to-date: /home/lucas/Documents/Pratica4/workspace_2/install/aws_robomaker_small_warehouse_world/share/aws_robomaker_small_warehouse_world/local_setup.sh
[0.596s] -- Up-to-date: /home/lucas/Documents/Pratica4/workspace_2/install/aws_robomaker_small_warehouse_world/share/aws_robomaker_small_warehouse_world/local_setup.zsh
[0.596s] -- Up-to-date: /home/lucas/Documents/Pratica4/workspace_2/install/aws_robomaker_small_warehouse_world/share/aws_robomaker_small_warehouse_world/local_setup.dsv
[0.596s] -- Installing: /home/lucas/Documents/Pratica4/workspace_2/install/aws_robomaker_small_warehouse_world/share/aws_robomaker_small_warehouse_world/package.dsv
[0.597s] -- Up-to-date: /home/lucas/Documents/Pratica4/workspace_2/install/aws_robomaker_small_warehouse_world/share/ament_index/resource_index/packages/aws_robomaker_small_warehouse_world
[0.597s] -- Up-to-date: /home/lucas/Documents/Pratica4/workspace_2/install/aws_robomaker_small_warehouse_world/share/aws_robomaker_small_warehouse_world/cmake/ament_cmake_export_dependencies-extras.cmake
[0.597s] -- Up-to-date: /home/lucas/Documents/Pratica4/workspace_2/install/aws_robomaker_small_warehouse_world/share/aws_robomaker_small_warehouse_world/cmake/aws_robomaker_small_warehouse_worldConfig.cmake
[0.597s] -- Up-to-date: /home/lucas/Documents/Pratica4/workspace_2/install/aws_robomaker_small_warehouse_world/share/aws_robomaker_small_warehouse_world/cmake/aws_robomaker_small_warehouse_worldConfig-version.cmake
[0.597s] -- Up-to-date: /home/lucas/Documents/Pratica4/workspace_2/install/aws_robomaker_small_warehouse_world/share/aws_robomaker_small_warehouse_world/package.xml
[0.603s] Invoked command in '/home/lucas/Documents/Pratica4/workspace_2/build/aws_robomaker_small_warehouse_world' returned '0': CMAKE_PREFIX_PATH=${CMAKE_PREFIX_PATH}:/opt/ros/humble /usr/bin/cmake --install /home/lucas/Documents/Pratica4/workspace_2/build/aws_robomaker_small_warehouse_world
