[0.043s] Invoking command in '/home/lucas/Documents/Pratica4/workspace_2/build/cpp_srvcli': CMAKE_PREFIX_PATH=${CMAKE_PREFIX_PATH}:/opt/ros/humble /usr/bin/cmake --build /home/lucas/Documents/Pratica4/workspace_2/build/cpp_srvcli -- -j4 -l4
[0.300s] [35m[1mConsolidate compiler generated dependencies of target server[0m
[0.336s] [35m[1mConsolidate compiler generated dependencies of target client[0m
[0.388s] [ 50%] Built target server
[0.445s] [100%] Built target client
[0.558s] Invoked command in '/home/lucas/Documents/Pratica4/workspace_2/build/cpp_srvcli' returned '0': CMAKE_PREFIX_PATH=${CMAKE_PREFIX_PATH}:/opt/ros/humble /usr/bin/cmake --build /home/lucas/Documents/Pratica4/workspace_2/build/cpp_srvcli -- -j4 -l4
[0.652s] Invoking command in '/home/lucas/Documents/Pratica4/workspace_2/build/cpp_srvcli': CMAKE_PREFIX_PATH=${CMAKE_PREFIX_PATH}:/opt/ros/humble /usr/bin/cmake --install /home/lucas/Documents/Pratica4/workspace_2/build/cpp_srvcli
[0.666s] -- Install configuration: ""
[0.667s] -- Up-to-date: /home/lucas/Documents/Pratica4/workspace_2/install/cpp_srvcli/lib/cpp_srvcli/server
[0.667s] -- Up-to-date: /home/lucas/Documents/Pratica4/workspace_2/install/cpp_srvcli/lib/cpp_srvcli/client
[0.668s] -- Up-to-date: /home/lucas/Documents/Pratica4/workspace_2/install/cpp_srvcli/share/ament_index/resource_index/package_run_dependencies/cpp_srvcli
[0.668s] -- Up-to-date: /home/lucas/Documents/Pratica4/workspace_2/install/cpp_srvcli/share/ament_index/resource_index/parent_prefix_path/cpp_srvcli
[0.668s] -- Up-to-date: /home/lucas/Documents/Pratica4/workspace_2/install/cpp_srvcli/share/cpp_srvcli/environment/ament_prefix_path.sh
[0.669s] -- Up-to-date: /home/lucas/Documents/Pratica4/workspace_2/install/cpp_srvcli/share/cpp_srvcli/environment/ament_prefix_path.dsv
[0.669s] -- Up-to-date: /home/lucas/Documents/Pratica4/workspace_2/install/cpp_srvcli/share/cpp_srvcli/environment/path.sh
[0.669s] -- Up-to-date: /home/lucas/Documents/Pratica4/workspace_2/install/cpp_srvcli/share/cpp_srvcli/environment/path.dsv
[0.669s] -- Up-to-date: /home/lucas/Documents/Pratica4/workspace_2/install/cpp_srvcli/share/cpp_srvcli/local_setup.bash
[0.669s] -- Up-to-date: /home/lucas/Documents/Pratica4/workspace_2/install/cpp_srvcli/share/cpp_srvcli/local_setup.sh
[0.670s] -- Up-to-date: /home/lucas/Documents/Pratica4/workspace_2/install/cpp_srvcli/share/cpp_srvcli/local_setup.zsh
[0.670s] -- Up-to-date: /home/lucas/Documents/Pratica4/workspace_2/install/cpp_srvcli/share/cpp_srvcli/local_setup.dsv
[0.670s] -- Installing: /home/lucas/Documents/Pratica4/workspace_2/install/cpp_srvcli/share/cpp_srvcli/package.dsv
[0.670s] -- Up-to-date: /home/lucas/Documents/Pratica4/workspace_2/install/cpp_srvcli/share/ament_index/resource_index/packages/cpp_srvcli
[0.670s] -- Up-to-date: /home/lucas/Documents/Pratica4/workspace_2/install/cpp_srvcli/share/cpp_srvcli/cmake/cpp_srvcliConfig.cmake
[0.671s] -- Up-to-date: /home/lucas/Documents/Pratica4/workspace_2/install/cpp_srvcli/share/cpp_srvcli/cmake/cpp_srvcliConfig-version.cmake
[0.671s] -- Up-to-date: /home/lucas/Documents/Pratica4/workspace_2/install/cpp_srvcli/share/cpp_srvcli/package.xml
[0.682s] Invoked command in '/home/lucas/Documents/Pratica4/workspace_2/build/cpp_srvcli' returned '0': CMAKE_PREFIX_PATH=${CMAKE_PREFIX_PATH}:/opt/ros/humble /usr/bin/cmake --install /home/lucas/Documents/Pratica4/workspace_2/build/cpp_srvcli
