[0.084s] Invoking command in '/home/lucas/Documents/Pratica4/workspace_2/build/palletron_visualization': CMAKE_PREFIX_PATH=/opt/ros/humble /usr/bin/cmake --build /home/lucas/Documents/Pratica4/workspace_2/build/palletron_visualization -- -j4 -l4
[0.243s] Invoked command in '/home/lucas/Documents/Pratica4/workspace_2/build/palletron_visualization' returned '0': CMAKE_PREFIX_PATH=/opt/ros/humble /usr/bin/cmake --build /home/lucas/Documents/Pratica4/workspace_2/build/palletron_visualization -- -j4 -l4
[0.276s] Invoking command in '/home/lucas/Documents/Pratica4/workspace_2/build/palletron_visualization': CMAKE_PREFIX_PATH=/opt/ros/humble /usr/bin/cmake --install /home/lucas/Documents/Pratica4/workspace_2/build/palletron_visualization
[0.292s] -- Install configuration: ""
[0.293s] -- Up-to-date: /home/lucas/Documents/Pratica4/workspace_2/install/palletron_visualization/share/palletron_visualization/launch
[0.337s] -- Up-to-date: /home/lucas/Documents/Pratica4/workspace_2/install/palletron_visualization/share/palletron_visualization/launch/rviz.launch.py
[0.337s] -- Up-to-date: /home/lucas/Documents/Pratica4/workspace_2/install/palletron_visualization/share/palletron_visualization/rviz
[0.338s] -- Up-to-date: /home/lucas/Documents/Pratica4/workspace_2/install/palletron_visualization/share/palletron_visualization/rviz/navigation_view.rviz
[0.338s] -- Up-to-date: /home/lucas/Documents/Pratica4/workspace_2/install/palletron_visualization/share/palletron_visualization/rviz/minimal_robot_view.rviz
[0.338s] -- Up-to-date: /home/lucas/Documents/Pratica4/workspace_2/install/palletron_visualization/share/ament_index/resource_index/package_run_dependencies/palletron_visualization
[0.338s] -- Up-to-date: /home/lucas/Documents/Pratica4/workspace_2/install/palletron_visualization/share/ament_index/resource_index/parent_prefix_path/palletron_visualization
[0.339s] -- Up-to-date: /home/lucas/Documents/Pratica4/workspace_2/install/palletron_visualization/share/palletron_visualization/environment/ament_prefix_path.sh
[0.339s] -- Up-to-date: /home/lucas/Documents/Pratica4/workspace_2/install/palletron_visualization/share/palletron_visualization/environment/ament_prefix_path.dsv
[0.339s] -- Up-to-date: /home/lucas/Documents/Pratica4/workspace_2/install/palletron_visualization/share/palletron_visualization/environment/path.sh
[0.339s] -- Up-to-date: /home/lucas/Documents/Pratica4/workspace_2/install/palletron_visualization/share/palletron_visualization/environment/path.dsv
[0.339s] -- Up-to-date: /home/lucas/Documents/Pratica4/workspace_2/install/palletron_visualization/share/palletron_visualization/local_setup.bash
[0.340s] -- Up-to-date: /home/lucas/Documents/Pratica4/workspace_2/install/palletron_visualization/share/palletron_visualization/local_setup.sh
[0.340s] -- Up-to-date: /home/lucas/Documents/Pratica4/workspace_2/install/palletron_visualization/share/palletron_visualization/local_setup.zsh
[0.340s] -- Up-to-date: /home/lucas/Documents/Pratica4/workspace_2/install/palletron_visualization/share/palletron_visualization/local_setup.dsv
[0.341s] -- Up-to-date: /home/lucas/Documents/Pratica4/workspace_2/install/palletron_visualization/share/palletron_visualization/package.dsv
[0.341s] -- Up-to-date: /home/lucas/Documents/Pratica4/workspace_2/install/palletron_visualization/share/ament_index/resource_index/packages/palletron_visualization
[0.341s] -- Up-to-date: /home/lucas/Documents/Pratica4/workspace_2/install/palletron_visualization/share/palletron_visualization/cmake/palletron_visualizationConfig.cmake
[0.342s] -- Up-to-date: /home/lucas/Documents/Pratica4/workspace_2/install/palletron_visualization/share/palletron_visualization/cmake/palletron_visualizationConfig-version.cmake
[0.342s] -- Up-to-date: /home/lucas/Documents/Pratica4/workspace_2/install/palletron_visualization/share/palletron_visualization/package.xml
[0.372s] Invoked command in '/home/lucas/Documents/Pratica4/workspace_2/build/palletron_visualization' returned '0': CMAKE_PREFIX_PATH=/opt/ros/humble /usr/bin/cmake --install /home/lucas/Documents/Pratica4/workspace_2/build/palletron_visualization
