[0.352s] Invoking command in '/home/lucas/Documents/Pratica4/workspace_2/build/cpp_parameters': CMAKE_PREFIX_PATH=${CMAKE_PREFIX_PATH}:/opt/ros/humble /usr/bin/cmake --build /home/lucas/Documents/Pratica4/workspace_2/build/cpp_parameters -- -j4 -l4
[0.536s] [100%] Built target minimal_param_node
[0.561s] Invoked command in '/home/lucas/Documents/Pratica4/workspace_2/build/cpp_parameters' returned '0': CMAKE_PREFIX_PATH=${CMAKE_PREFIX_PATH}:/opt/ros/humble /usr/bin/cmake --build /home/lucas/Documents/Pratica4/workspace_2/build/cpp_parameters -- -j4 -l4
[0.778s] Invoking command in '/home/lucas/Documents/Pratica4/workspace_2/build/cpp_parameters': CMAKE_PREFIX_PATH=${CMAKE_PREFIX_PATH}:/opt/ros/humble /usr/bin/cmake --install /home/lucas/Documents/Pratica4/workspace_2/build/cpp_parameters
[0.779s] -- Install configuration: ""
[0.779s] -- Up-to-date: /home/lucas/Documents/Pratica4/workspace_2/install/cpp_parameters/lib/cpp_parameters/minimal_param_node
[0.780s] -- Up-to-date: /home/lucas/Documents/Pratica4/workspace_2/install/cpp_parameters/share/cpp_parameters/launch
[0.780s] -- Up-to-date: /home/lucas/Documents/Pratica4/workspace_2/install/cpp_parameters/share/cpp_parameters/launch/cpp_parameters_launch.py
[0.780s] -- Up-to-date: /home/lucas/Documents/Pratica4/workspace_2/install/cpp_parameters/share/ament_index/resource_index/package_run_dependencies/cpp_parameters
[0.780s] -- Up-to-date: /home/lucas/Documents/Pratica4/workspace_2/install/cpp_parameters/share/ament_index/resource_index/parent_prefix_path/cpp_parameters
[0.780s] -- Up-to-date: /home/lucas/Documents/Pratica4/workspace_2/install/cpp_parameters/share/cpp_parameters/environment/ament_prefix_path.sh
[0.780s] -- Up-to-date: /home/lucas/Documents/Pratica4/workspace_2/install/cpp_parameters/share/cpp_parameters/environment/ament_prefix_path.dsv
[0.781s] -- Up-to-date: /home/lucas/Documents/Pratica4/workspace_2/install/cpp_parameters/share/cpp_parameters/environment/path.sh
[0.781s] -- Up-to-date: /home/lucas/Documents/Pratica4/workspace_2/install/cpp_parameters/share/cpp_parameters/environment/path.dsv
[0.781s] -- Up-to-date: /home/lucas/Documents/Pratica4/workspace_2/install/cpp_parameters/share/cpp_parameters/local_setup.bash
[0.781s] -- Up-to-date: /home/lucas/Documents/Pratica4/workspace_2/install/cpp_parameters/share/cpp_parameters/local_setup.sh
[0.781s] -- Up-to-date: /home/lucas/Documents/Pratica4/workspace_2/install/cpp_parameters/share/cpp_parameters/local_setup.zsh
[0.781s] -- Up-to-date: /home/lucas/Documents/Pratica4/workspace_2/install/cpp_parameters/share/cpp_parameters/local_setup.dsv
[0.782s] -- Installing: /home/lucas/Documents/Pratica4/workspace_2/install/cpp_parameters/share/cpp_parameters/package.dsv
[0.782s] -- Up-to-date: /home/lucas/Documents/Pratica4/workspace_2/install/cpp_parameters/share/ament_index/resource_index/packages/cpp_parameters
[0.782s] -- Up-to-date: /home/lucas/Documents/Pratica4/workspace_2/install/cpp_parameters/share/cpp_parameters/cmake/cpp_parametersConfig.cmake
[0.782s] -- Up-to-date: /home/lucas/Documents/Pratica4/workspace_2/install/cpp_parameters/share/cpp_parameters/cmake/cpp_parametersConfig-version.cmake
[0.782s] -- Up-to-date: /home/lucas/Documents/Pratica4/workspace_2/install/cpp_parameters/share/cpp_parameters/package.xml
[0.880s] Invoked command in '/home/lucas/Documents/Pratica4/workspace_2/build/cpp_parameters' returned '0': CMAKE_PREFIX_PATH=${CMAKE_PREFIX_PATH}:/opt/ros/humble /usr/bin/cmake --install /home/lucas/Documents/Pratica4/workspace_2/build/cpp_parameters
