[0.078s] Invoking command in '/home/lucas/Documents/Pratica4/workspace_2/build/action_tutorials_cpp': CMAKE_PREFIX_PATH=/home/lucas/Documents/Pratica4/workspace_2/install/action_tutorials_interfaces:/home/lucas/Documents/Pratica4/workspace_2/install/ugv_simulation:/home/lucas/Documents/Pratica4/workspace_2/install/ugv_robots_descriptions:/home/lucas/Documents/Pratica4/workspace_2/install/ugv_navigation:/home/lucas/Documents/Pratica4/workspace_2/install/polygon_plugins:/home/lucas/Documents/Pratica4/workspace_2/install/polygon_base:/home/lucas/Documents/Pratica4/workspace_2/install/palletron_visualization:/home/lucas/Documents/Pratica4/workspace_2/install/palletron_gazebo:/home/lucas/Documents/Pratica4/workspace_2/install/palletron_bringup:/home/lucas/Documents/Pratica4/workspace_2/install/my_code:/home/lucas/Documents/Pratica4/workspace_2/install/more_interfaces:/home/lucas/Documents/Pratica4/workspace_2/install/ira_laser_tools:/home/lucas/Documents/Pratica4/workspace_2/install/cpp_srvcli:/home/lucas/Documents/Pratica4/workspace_2/install/cpp_pubsub:/home/lucas/Documents/Pratica4/workspace_2/install/cpp_parameters:/home/lucas/Documents/Pratica4/workspace_2/install/aws_robomaker_small_warehouse_world:/home/lucas/Documents/Pratica4/workspace_2/install/action_tutorials_cpp:/opt/ros/humble LD_LIBRARY_PATH=/home/lucas/Documents/Pratica4/workspace_2/install/action_tutorials_interfaces/lib:/home/lucas/Documents/Pratica4/workspace_2/install/polygon_plugins/lib:/home/lucas/Documents/Pratica4/workspace_2/install/more_interfaces/lib:/home/lucas/Documents/Pratica4/workspace_2/install/action_tutorials_cpp/lib:/usr/lib/x86_64-linux-gnu/gazebo-11/plugins:/opt/ros/humble/opt/rviz_ogre_vendor/lib:/opt/ros/humble/lib/x86_64-linux-gnu:/opt/ros/humble/lib /usr/bin/cmake --build /home/lucas/Documents/Pratica4/workspace_2/build/action_tutorials_cpp -- -j4 -l4
[0.222s] -- Found ament_cmake: 1.3.8 (/opt/ros/humble/share/ament_cmake/cmake)
[0.986s] -- Found action_tutorials_interfaces: 0.0.0 (/home/lucas/Documents/Pratica4/workspace_2/install/action_tutorials_interfaces/share/action_tutorials_interfaces/cmake)
[1.138s] -- Found rosidl_generator_c: 3.1.5 (/opt/ros/humble/share/rosidl_generator_c/cmake)
[1.144s] -- Found rosidl_adapter: 3.1.5 (/opt/ros/humble/share/rosidl_adapter/cmake)
[1.241s] -- Found rosidl_generator_cpp: 3.1.5 (/opt/ros/humble/share/rosidl_generator_cpp/cmake)
[1.271s] -- Using all available rosidl_typesupport_c: rosidl_typesupport_fastrtps_c;rosidl_typesupport_introspection_c
[1.360s] -- Using all available rosidl_typesupport_cpp: rosidl_typesupport_fastrtps_cpp;rosidl_typesupport_introspection_cpp
[1.463s] -- Found rclcpp: 16.0.8 (/opt/ros/humble/share/rclcpp/cmake)
[1.575s] -- Found rmw_implementation_cmake: 6.1.1 (/opt/ros/humble/share/rmw_implementation_cmake/cmake)
[1.578s] -- Found rmw_fastrtps_cpp: 6.2.6 (/opt/ros/humble/share/rmw_fastrtps_cpp/cmake)
[1.800s] -- Using RMW implementation 'rmw_fastrtps_cpp' as default
[2.153s] -- Found rclcpp_action: 16.0.8 (/opt/ros/humble/share/rclcpp_action/cmake)
[2.217s] -- Found rclcpp_components: 16.0.8 (/opt/ros/humble/share/rclcpp_components/cmake)
[2.306s] -- Found ament_lint_auto: 0.12.10 (/opt/ros/humble/share/ament_lint_auto/cmake)
[2.461s] -- Added test 'cppcheck' to perform static code analysis on C / C++ code
[2.462s] -- Configured cppcheck include dirs: $<BUILD_INTERFACE:/home/lucas/Documents/Pratica4/workspace_2/src/action_tutorials_cpp/include>
[2.462s] -- Configured cppcheck exclude dirs and/or files: 
[2.464s] -- Added test 'lint_cmake' to check CMake code style
[2.466s] -- Added test 'uncrustify' to check C / C++ code style
[2.467s] -- Configured uncrustify additional arguments: 
[2.467s] -- Added test 'xmllint' to check XML markup files
[2.470s] -- Configuring done
[2.594s] -- Generating done
[2.596s] -- Build files have been written to: /home/lucas/Documents/Pratica4/workspace_2/build/action_tutorials_cpp
[2.672s] [35m[1mConsolidate compiler generated dependencies of target action_server[0m
[2.704s] [ 12%] [32mBuilding CXX object CMakeFiles/fibonacci_action_client.dir/rclcpp_components/node_main_fibonacci_action_client.cpp.o[0m
[2.705s] [35m[1mConsolidate compiler generated dependencies of target fibonacci_action_server[0m
[2.716s] [ 25%] [32mBuilding CXX object CMakeFiles/action_client.dir/src/fibonacci_action_client.cpp.o[0m
[2.758s] [ 50%] Built target action_server
[2.798s] [ 75%] Built target fibonacci_action_server
[8.481s] [ 87%] [32m[1mLinking CXX executable fibonacci_action_client[0m
[8.807s] [ 87%] Built target fibonacci_action_client
[10.679s] [100%] [32m[1mLinking CXX shared library libaction_client.so[0m
[10.924s] [100%] Built target action_client
[10.938s] Invoked command in '/home/lucas/Documents/Pratica4/workspace_2/build/action_tutorials_cpp' returned '0': CMAKE_PREFIX_PATH=/home/lucas/Documents/Pratica4/workspace_2/install/action_tutorials_interfaces:/home/lucas/Documents/Pratica4/workspace_2/install/ugv_simulation:/home/lucas/Documents/Pratica4/workspace_2/install/ugv_robots_descriptions:/home/lucas/Documents/Pratica4/workspace_2/install/ugv_navigation:/home/lucas/Documents/Pratica4/workspace_2/install/polygon_plugins:/home/lucas/Documents/Pratica4/workspace_2/install/polygon_base:/home/lucas/Documents/Pratica4/workspace_2/install/palletron_visualization:/home/lucas/Documents/Pratica4/workspace_2/install/palletron_gazebo:/home/lucas/Documents/Pratica4/workspace_2/install/palletron_bringup:/home/lucas/Documents/Pratica4/workspace_2/install/my_code:/home/lucas/Documents/Pratica4/workspace_2/install/more_interfaces:/home/lucas/Documents/Pratica4/workspace_2/install/ira_laser_tools:/home/lucas/Documents/Pratica4/workspace_2/install/cpp_srvcli:/home/lucas/Documents/Pratica4/workspace_2/install/cpp_pubsub:/home/lucas/Documents/Pratica4/workspace_2/install/cpp_parameters:/home/lucas/Documents/Pratica4/workspace_2/install/aws_robomaker_small_warehouse_world:/home/lucas/Documents/Pratica4/workspace_2/install/action_tutorials_cpp:/opt/ros/humble LD_LIBRARY_PATH=/home/lucas/Documents/Pratica4/workspace_2/install/action_tutorials_interfaces/lib:/home/lucas/Documents/Pratica4/workspace_2/install/polygon_plugins/lib:/home/lucas/Documents/Pratica4/workspace_2/install/more_interfaces/lib:/home/lucas/Documents/Pratica4/workspace_2/install/action_tutorials_cpp/lib:/usr/lib/x86_64-linux-gnu/gazebo-11/plugins:/opt/ros/humble/opt/rviz_ogre_vendor/lib:/opt/ros/humble/lib/x86_64-linux-gnu:/opt/ros/humble/lib /usr/bin/cmake --build /home/lucas/Documents/Pratica4/workspace_2/build/action_tutorials_cpp -- -j4 -l4
[11.112s] Invoking command in '/home/lucas/Documents/Pratica4/workspace_2/build/action_tutorials_cpp': CMAKE_PREFIX_PATH=/home/lucas/Documents/Pratica4/workspace_2/install/action_tutorials_interfaces:/home/lucas/Documents/Pratica4/workspace_2/install/ugv_simulation:/home/lucas/Documents/Pratica4/workspace_2/install/ugv_robots_descriptions:/home/lucas/Documents/Pratica4/workspace_2/install/ugv_navigation:/home/lucas/Documents/Pratica4/workspace_2/install/polygon_plugins:/home/lucas/Documents/Pratica4/workspace_2/install/polygon_base:/home/lucas/Documents/Pratica4/workspace_2/install/palletron_visualization:/home/lucas/Documents/Pratica4/workspace_2/install/palletron_gazebo:/home/lucas/Documents/Pratica4/workspace_2/install/palletron_bringup:/home/lucas/Documents/Pratica4/workspace_2/install/my_code:/home/lucas/Documents/Pratica4/workspace_2/install/more_interfaces:/home/lucas/Documents/Pratica4/workspace_2/install/ira_laser_tools:/home/lucas/Documents/Pratica4/workspace_2/install/cpp_srvcli:/home/lucas/Documents/Pratica4/workspace_2/install/cpp_pubsub:/home/lucas/Documents/Pratica4/workspace_2/install/cpp_parameters:/home/lucas/Documents/Pratica4/workspace_2/install/aws_robomaker_small_warehouse_world:/home/lucas/Documents/Pratica4/workspace_2/install/action_tutorials_cpp:/opt/ros/humble LD_LIBRARY_PATH=/home/lucas/Documents/Pratica4/workspace_2/install/action_tutorials_interfaces/lib:/home/lucas/Documents/Pratica4/workspace_2/install/polygon_plugins/lib:/home/lucas/Documents/Pratica4/workspace_2/install/more_interfaces/lib:/home/lucas/Documents/Pratica4/workspace_2/install/action_tutorials_cpp/lib:/usr/lib/x86_64-linux-gnu/gazebo-11/plugins:/opt/ros/humble/opt/rviz_ogre_vendor/lib:/opt/ros/humble/lib/x86_64-linux-gnu:/opt/ros/humble/lib /usr/bin/cmake --install /home/lucas/Documents/Pratica4/workspace_2/build/action_tutorials_cpp
[11.122s] -- Install configuration: ""
[11.122s] -- Installing: /home/lucas/Documents/Pratica4/workspace_2/install/action_tutorials_cpp/lib/action_tutorials_cpp/fibonacci_action_client
[11.123s] -- Set runtime path of "/home/lucas/Documents/Pratica4/workspace_2/install/action_tutorials_cpp/lib/action_tutorials_cpp/fibonacci_action_client" to ""
[11.123s] -- Installing: /home/lucas/Documents/Pratica4/workspace_2/install/action_tutorials_cpp/lib/libaction_client.so
[11.126s] -- Set runtime path of "/home/lucas/Documents/Pratica4/workspace_2/install/action_tutorials_cpp/lib/libaction_client.so" to ""
[11.127s] -- Up-to-date: /home/lucas/Documents/Pratica4/workspace_2/install/action_tutorials_cpp/lib/action_tutorials_cpp/fibonacci_action_server
[11.127s] -- Up-to-date: /home/lucas/Documents/Pratica4/workspace_2/install/action_tutorials_cpp/lib/libaction_server.so
[11.128s] -- Up-to-date: /home/lucas/Documents/Pratica4/workspace_2/install/action_tutorials_cpp/share/ament_index/resource_index/package_run_dependencies/action_tutorials_cpp
[11.128s] -- Installing: /home/lucas/Documents/Pratica4/workspace_2/install/action_tutorials_cpp/share/ament_index/resource_index/parent_prefix_path/action_tutorials_cpp
[11.151s] -- Up-to-date: /home/lucas/Documents/Pratica4/workspace_2/install/action_tutorials_cpp/share/action_tutorials_cpp/environment/ament_prefix_path.sh
[11.151s] -- Installing: /home/lucas/Documents/Pratica4/workspace_2/install/action_tutorials_cpp/share/action_tutorials_cpp/environment/ament_prefix_path.dsv
[11.185s] -- Up-to-date: /home/lucas/Documents/Pratica4/workspace_2/install/action_tutorials_cpp/share/action_tutorials_cpp/environment/path.sh
[11.185s] -- Installing: /home/lucas/Documents/Pratica4/workspace_2/install/action_tutorials_cpp/share/action_tutorials_cpp/environment/path.dsv
[11.211s] -- Up-to-date: /home/lucas/Documents/Pratica4/workspace_2/install/action_tutorials_cpp/share/action_tutorials_cpp/local_setup.bash
[11.212s] -- Up-to-date: /home/lucas/Documents/Pratica4/workspace_2/install/action_tutorials_cpp/share/action_tutorials_cpp/local_setup.sh
[11.212s] -- Up-to-date: /home/lucas/Documents/Pratica4/workspace_2/install/action_tutorials_cpp/share/action_tutorials_cpp/local_setup.zsh
[11.213s] -- Installing: /home/lucas/Documents/Pratica4/workspace_2/install/action_tutorials_cpp/share/action_tutorials_cpp/local_setup.dsv
[11.236s] -- Installing: /home/lucas/Documents/Pratica4/workspace_2/install/action_tutorials_cpp/share/action_tutorials_cpp/package.dsv
[11.237s] -- Up-to-date: /home/lucas/Documents/Pratica4/workspace_2/install/action_tutorials_cpp/share/ament_index/resource_index/packages/action_tutorials_cpp
[11.238s] -- Installing: /home/lucas/Documents/Pratica4/workspace_2/install/action_tutorials_cpp/share/ament_index/resource_index/rclcpp_components/action_tutorials_cpp
[11.238s] -- Up-to-date: /home/lucas/Documents/Pratica4/workspace_2/install/action_tutorials_cpp/share/action_tutorials_cpp/cmake/action_tutorials_cppConfig.cmake
[11.239s] -- Up-to-date: /home/lucas/Documents/Pratica4/workspace_2/install/action_tutorials_cpp/share/action_tutorials_cpp/cmake/action_tutorials_cppConfig-version.cmake
[11.240s] -- Up-to-date: /home/lucas/Documents/Pratica4/workspace_2/install/action_tutorials_cpp/share/action_tutorials_cpp/package.xml
[11.248s] Invoked command in '/home/lucas/Documents/Pratica4/workspace_2/build/action_tutorials_cpp' returned '0': CMAKE_PREFIX_PATH=/home/lucas/Documents/Pratica4/workspace_2/install/action_tutorials_interfaces:/home/lucas/Documents/Pratica4/workspace_2/install/ugv_simulation:/home/lucas/Documents/Pratica4/workspace_2/install/ugv_robots_descriptions:/home/lucas/Documents/Pratica4/workspace_2/install/ugv_navigation:/home/lucas/Documents/Pratica4/workspace_2/install/polygon_plugins:/home/lucas/Documents/Pratica4/workspace_2/install/polygon_base:/home/lucas/Documents/Pratica4/workspace_2/install/palletron_visualization:/home/lucas/Documents/Pratica4/workspace_2/install/palletron_gazebo:/home/lucas/Documents/Pratica4/workspace_2/install/palletron_bringup:/home/lucas/Documents/Pratica4/workspace_2/install/my_code:/home/lucas/Documents/Pratica4/workspace_2/install/more_interfaces:/home/lucas/Documents/Pratica4/workspace_2/install/ira_laser_tools:/home/lucas/Documents/Pratica4/workspace_2/install/cpp_srvcli:/home/lucas/Documents/Pratica4/workspace_2/install/cpp_pubsub:/home/lucas/Documents/Pratica4/workspace_2/install/cpp_parameters:/home/lucas/Documents/Pratica4/workspace_2/install/aws_robomaker_small_warehouse_world:/home/lucas/Documents/Pratica4/workspace_2/install/action_tutorials_cpp:/opt/ros/humble LD_LIBRARY_PATH=/home/lucas/Documents/Pratica4/workspace_2/install/action_tutorials_interfaces/lib:/home/lucas/Documents/Pratica4/workspace_2/install/polygon_plugins/lib:/home/lucas/Documents/Pratica4/workspace_2/install/more_interfaces/lib:/home/lucas/Documents/Pratica4/workspace_2/install/action_tutorials_cpp/lib:/usr/lib/x86_64-linux-gnu/gazebo-11/plugins:/opt/ros/humble/opt/rviz_ogre_vendor/lib:/opt/ros/humble/lib/x86_64-linux-gnu:/opt/ros/humble/lib /usr/bin/cmake --install /home/lucas/Documents/Pratica4/workspace_2/build/action_tutorials_cpp
