[0.196s] Invoking command in '/home/lucas/Documents/Pratica4/workspace_2/build/more_interfaces': CMAKE_PREFIX_PATH=${CMAKE_PREFIX_PATH}:/opt/ros/humble /usr/bin/cmake --build /home/lucas/Documents/Pratica4/workspace_2/build/more_interfaces -- -j4 -l4
[0.255s] -- Found ament_cmake: 1.3.8 (/opt/ros/humble/share/ament_cmake/cmake)
[0.423s] -- Found rosidl_default_generators: 1.2.0 (/opt/ros/humble/share/rosidl_default_generators/cmake)
[0.427s] -- Using all available rosidl_typesupport_c: rosidl_typesupport_fastrtps_c;rosidl_typesupport_introspection_c
[0.430s] -- Found rosidl_adapter: 3.1.5 (/opt/ros/humble/share/rosidl_adapter/cmake)
[0.468s] -- Using all available rosidl_typesupport_cpp: rosidl_typesupport_fastrtps_cpp;rosidl_typesupport_introspection_cpp
[0.501s] -- Found rclcpp: 16.0.8 (/opt/ros/humble/share/rclcpp/cmake)
[0.594s] -- Found rmw_implementation_cmake: 6.1.1 (/opt/ros/humble/share/rmw_implementation_cmake/cmake)
[0.597s] -- Found rmw_fastrtps_cpp: 6.2.6 (/opt/ros/humble/share/rmw_fastrtps_cpp/cmake)
[0.780s] -- Using RMW implementation 'rmw_fastrtps_cpp' as default
[0.991s] [31mCMake Error at /opt/ros/humble/share/rosidl_cmake/cmake/rosidl_get_typesupport_target.cmake:29 (message):
[0.991s]   more_interfaces is not a CMake target.  Maybe rosidl_generate_interfaces
[0.991s]   was given a different target name?
[0.992s] Call Stack (most recent call first):
[0.992s]   CMakeLists.txt:16 (rosidl_get_typesupport_target)
[0.992s] 
[0.992s] [0m
[0.992s] -- Configuring incomplete, errors occurred!
[0.992s] See also "/home/lucas/Documents/Pratica4/workspace_2/build/more_interfaces/CMakeFiles/CMakeOutput.log".
[0.999s] gmake: *** [Makefile:747: cmake_check_build_system] Error 1
[1.001s] Invoked command in '/home/lucas/Documents/Pratica4/workspace_2/build/more_interfaces' returned '2': CMAKE_PREFIX_PATH=${CMAKE_PREFIX_PATH}:/opt/ros/humble /usr/bin/cmake --build /home/lucas/Documents/Pratica4/workspace_2/build/more_interfaces -- -j4 -l4
