-- Install configuration: ""
-- Up-to-date: /home/lucas/Documents/Pratica4/workspace_2/install/palletron_gazebo/share/palletron_gazebo/launch
-- Up-to-date: /home/lucas/Documents/Pratica4/workspace_2/install/palletron_gazebo/share/palletron_gazebo/launch/spawn_robot.launch.py
-- Up-to-date: /home/lucas/Documents/Pratica4/workspace_2/install/palletron_gazebo/share/palletron_gazebo/launch/spawn_multi_robots.launch.py
-- Up-to-date: /home/lucas/Documents/Pratica4/workspace_2/install/palletron_gazebo/share/palletron_gazebo/params
-- Up-to-date: /home/lucas/Documents/Pratica4/workspace_2/install/palletron_gazebo/share/palletron_gazebo/params/spawn
-- Up-to-date: /home/lucas/Documents/Pratica4/workspace_2/install/palletron_gazebo/share/palletron_gazebo/params/spawn/three_robots.yaml
-- Up-to-date: /home/lucas/Documents/Pratica4/workspace_2/install/palletron_gazebo/share/palletron_gazebo/params/spawn/one_robot.yaml
-- Up-to-date: /home/lucas/Documents/Pratica4/workspace_2/install/palletron_gazebo/share/palletron_gazebo/params/spawn/two_robots.yaml
-- Up-to-date: /home/lucas/Documents/Pratica4/workspace_2/install/palletron_gazebo/share/palletron_gazebo/params/xacro
-- Up-to-date: /home/lucas/Documents/Pratica4/workspace_2/install/palletron_gazebo/share/palletron_gazebo/params/xacro/default_optionals.yaml
-- Up-to-date: /home/lucas/Documents/Pratica4/workspace_2/install/palletron_gazebo/share/palletron_gazebo/urdf
-- Up-to-date: /home/lucas/Documents/Pratica4/workspace_2/install/palletron_gazebo/share/palletron_gazebo/urdf/chassis
-- Up-to-date: /home/lucas/Documents/Pratica4/workspace_2/install/palletron_gazebo/share/palletron_gazebo/urdf/chassis/chassis_without_mesh.urdf.xacro
-- Up-to-date: /home/lucas/Documents/Pratica4/workspace_2/install/palletron_gazebo/share/palletron_gazebo/urdf/sensors
-- Up-to-date: /home/lucas/Documents/Pratica4/workspace_2/install/palletron_gazebo/share/palletron_gazebo/urdf/sensors/hokuyo.urdf.xacro
-- Up-to-date: /home/lucas/Documents/Pratica4/workspace_2/install/palletron_gazebo/share/palletron_gazebo/urdf/sensors/imu.urdf.xacro
-- Up-to-date: /home/lucas/Documents/Pratica4/workspace_2/install/palletron_gazebo/share/palletron_gazebo/urdf/inertias.urdf.xacro
-- Up-to-date: /home/lucas/Documents/Pratica4/workspace_2/install/palletron_gazebo/share/palletron_gazebo/urdf/palletron.xacro
-- Up-to-date: /home/lucas/Documents/Pratica4/workspace_2/install/palletron_gazebo/share/palletron_gazebo/urdf/plugins
-- Up-to-date: /home/lucas/Documents/Pratica4/workspace_2/install/palletron_gazebo/share/palletron_gazebo/urdf/plugins/differential_drive_plugin.gazebo.xacro
-- Up-to-date: /home/lucas/Documents/Pratica4/workspace_2/install/palletron_gazebo/share/palletron_gazebo/urdf/plugins/p3d_plugin.gazebo.xacro
-- Up-to-date: /home/lucas/Documents/Pratica4/workspace_2/install/palletron_gazebo/share/palletron_gazebo/urdf/wheels
-- Up-to-date: /home/lucas/Documents/Pratica4/workspace_2/install/palletron_gazebo/share/palletron_gazebo/urdf/wheels/caster_wheel.urdf.xacro
-- Up-to-date: /home/lucas/Documents/Pratica4/workspace_2/install/palletron_gazebo/share/palletron_gazebo/urdf/wheels/drive_wheel.urdf.xacro
-- Up-to-date: /home/lucas/Documents/Pratica4/workspace_2/install/palletron_gazebo/share/palletron_gazebo/urdf/wheels/dummy_caster_wheel.urdf.xacro
-- Up-to-date: /home/lucas/Documents/Pratica4/workspace_2/install/palletron_gazebo/share/palletron_gazebo/urdf/common_properties.urdf.xacro
-- Up-to-date: /home/lucas/Documents/Pratica4/workspace_2/install/palletron_gazebo/share/ament_index/resource_index/package_run_dependencies/palletron_gazebo
-- Up-to-date: /home/lucas/Documents/Pratica4/workspace_2/install/palletron_gazebo/share/ament_index/resource_index/parent_prefix_path/palletron_gazebo
-- Up-to-date: /home/lucas/Documents/Pratica4/workspace_2/install/palletron_gazebo/share/palletron_gazebo/environment/ament_prefix_path.sh
-- Up-to-date: /home/lucas/Documents/Pratica4/workspace_2/install/palletron_gazebo/share/palletron_gazebo/environment/ament_prefix_path.dsv
-- Up-to-date: /home/lucas/Documents/Pratica4/workspace_2/install/palletron_gazebo/share/palletron_gazebo/environment/path.sh
-- Up-to-date: /home/lucas/Documents/Pratica4/workspace_2/install/palletron_gazebo/share/palletron_gazebo/environment/path.dsv
-- Up-to-date: /home/lucas/Documents/Pratica4/workspace_2/install/palletron_gazebo/share/palletron_gazebo/local_setup.bash
-- Up-to-date: /home/lucas/Documents/Pratica4/workspace_2/install/palletron_gazebo/share/palletron_gazebo/local_setup.sh
-- Up-to-date: /home/lucas/Documents/Pratica4/workspace_2/install/palletron_gazebo/share/palletron_gazebo/local_setup.zsh
-- Up-to-date: /home/lucas/Documents/Pratica4/workspace_2/install/palletron_gazebo/share/palletron_gazebo/local_setup.dsv
-- Installing: /home/lucas/Documents/Pratica4/workspace_2/install/palletron_gazebo/share/palletron_gazebo/package.dsv
-- Up-to-date: /home/lucas/Documents/Pratica4/workspace_2/install/palletron_gazebo/share/ament_index/resource_index/packages/palletron_gazebo
-- Up-to-date: /home/lucas/Documents/Pratica4/workspace_2/install/palletron_gazebo/share/palletron_gazebo/cmake/palletron_gazeboConfig.cmake
-- Up-to-date: /home/lucas/Documents/Pratica4/workspace_2/install/palletron_gazebo/share/palletron_gazebo/cmake/palletron_gazeboConfig-version.cmake
-- Up-to-date: /home/lucas/Documents/Pratica4/workspace_2/install/palletron_gazebo/share/palletron_gazebo/package.xml
