[0.024s] Invoking command in '/home/lucas/Documents/Pratica4/workspace_2/build/palletron_bringup': CMAKE_PREFIX_PATH=${CMAKE_PREFIX_PATH}:/opt/ros/humble /usr/bin/cmake --build /home/lucas/Documents/Pratica4/workspace_2/build/palletron_bringup -- -j4 -l4
[0.219s] Invoked command in '/home/lucas/Documents/Pratica4/workspace_2/build/palletron_bringup' returned '0': CMAKE_PREFIX_PATH=${CMAKE_PREFIX_PATH}:/opt/ros/humble /usr/bin/cmake --build /home/lucas/Documents/Pratica4/workspace_2/build/palletron_bringup -- -j4 -l4
[0.259s] Invoking command in '/home/lucas/Documents/Pratica4/workspace_2/build/palletron_bringup': CMAKE_PREFIX_PATH=${CMAKE_PREFIX_PATH}:/opt/ros/humble /usr/bin/cmake --install /home/lucas/Documents/Pratica4/workspace_2/build/palletron_bringup
[0.284s] -- Install configuration: ""
[0.288s] -- Up-to-date: /home/lucas/Documents/Pratica4/workspace_2/install/palletron_bringup/share/palletron_bringup/launch
[0.292s] -- Up-to-date: /home/lucas/Documents/Pratica4/workspace_2/install/palletron_bringup/share/palletron_bringup/launch/ira_laserscan_multi_merger.launch.py
[0.295s] -- Up-to-date: /home/lucas/Documents/Pratica4/workspace_2/install/palletron_bringup/share/palletron_bringup/launch/core.launch.py
[0.297s] -- Up-to-date: /home/lucas/Documents/Pratica4/workspace_2/install/palletron_bringup/share/palletron_bringup/launch/localization.launch.py
[0.298s] -- Up-to-date: /home/lucas/Documents/Pratica4/workspace_2/install/palletron_bringup/share/palletron_bringup/launch/slam.launch.py
[0.299s] -- Up-to-date: /home/lucas/Documents/Pratica4/workspace_2/install/palletron_bringup/share/palletron_bringup/launch/navigation.launch.py
[0.300s] -- Up-to-date: /home/lucas/Documents/Pratica4/workspace_2/install/palletron_bringup/share/palletron_bringup/params
[0.301s] -- Up-to-date: /home/lucas/Documents/Pratica4/workspace_2/install/palletron_bringup/share/palletron_bringup/params/default.yaml
[0.302s] -- Up-to-date: /home/lucas/Documents/Pratica4/workspace_2/install/palletron_bringup/share/palletron_bringup/behavior_trees
[0.303s] -- Up-to-date: /home/lucas/Documents/Pratica4/workspace_2/install/palletron_bringup/share/palletron_bringup/behavior_trees/my_nav_to_pose_bt.xml
[0.305s] -- Up-to-date: /home/lucas/Documents/Pratica4/workspace_2/install/palletron_bringup/share/ament_index/resource_index/package_run_dependencies/palletron_bringup
[0.306s] -- Up-to-date: /home/lucas/Documents/Pratica4/workspace_2/install/palletron_bringup/share/ament_index/resource_index/parent_prefix_path/palletron_bringup
[0.307s] -- Up-to-date: /home/lucas/Documents/Pratica4/workspace_2/install/palletron_bringup/share/palletron_bringup/environment/ament_prefix_path.sh
[0.308s] -- Up-to-date: /home/lucas/Documents/Pratica4/workspace_2/install/palletron_bringup/share/palletron_bringup/environment/ament_prefix_path.dsv
[0.309s] -- Up-to-date: /home/lucas/Documents/Pratica4/workspace_2/install/palletron_bringup/share/palletron_bringup/environment/path.sh
[0.309s] -- Up-to-date: /home/lucas/Documents/Pratica4/workspace_2/install/palletron_bringup/share/palletron_bringup/environment/path.dsv
[0.310s] -- Up-to-date: /home/lucas/Documents/Pratica4/workspace_2/install/palletron_bringup/share/palletron_bringup/local_setup.bash
[0.311s] -- Up-to-date: /home/lucas/Documents/Pratica4/workspace_2/install/palletron_bringup/share/palletron_bringup/local_setup.sh
[0.312s] -- Up-to-date: /home/lucas/Documents/Pratica4/workspace_2/install/palletron_bringup/share/palletron_bringup/local_setup.zsh
[0.313s] -- Up-to-date: /home/lucas/Documents/Pratica4/workspace_2/install/palletron_bringup/share/palletron_bringup/local_setup.dsv
[0.313s] -- Installing: /home/lucas/Documents/Pratica4/workspace_2/install/palletron_bringup/share/palletron_bringup/package.dsv
[0.316s] -- Up-to-date: /home/lucas/Documents/Pratica4/workspace_2/install/palletron_bringup/share/ament_index/resource_index/packages/palletron_bringup
[0.316s] -- Up-to-date: /home/lucas/Documents/Pratica4/workspace_2/install/palletron_bringup/share/palletron_bringup/cmake/palletron_bringupConfig.cmake
[0.317s] -- Up-to-date: /home/lucas/Documents/Pratica4/workspace_2/install/palletron_bringup/share/palletron_bringup/cmake/palletron_bringupConfig-version.cmake
[0.318s] -- Up-to-date: /home/lucas/Documents/Pratica4/workspace_2/install/palletron_bringup/share/palletron_bringup/package.xml
[0.323s] Invoked command in '/home/lucas/Documents/Pratica4/workspace_2/build/palletron_bringup' returned '0': CMAKE_PREFIX_PATH=${CMAKE_PREFIX_PATH}:/opt/ros/humble /usr/bin/cmake --install /home/lucas/Documents/Pratica4/workspace_2/build/palletron_bringup
