[0.012s] Invoking command in '/home/lucas/Documents/Pratica4/workspace_2/build/palletron_visualization': CMAKE_PREFIX_PATH=/opt/ros/humble /usr/bin/cmake /home/lucas/Documents/Pratica4/workspace_2/src/palletron_visualization -DCMAKE_INSTALL_PREFIX=/home/lucas/Documents/Pratica4/workspace_2/install/palletron_visualization
[0.163s] -- The C compiler identification is GNU 11.4.0
[0.415s] -- The CXX compiler identification is GNU 11.4.0
[0.425s] -- Detecting C compiler ABI info
[0.567s] -- Detecting C compiler ABI info - done
[0.577s] -- Check for working C compiler: /usr/bin/cc - skipped
[0.577s] -- Detecting C compile features
[0.578s] -- Detecting C compile features - done
[0.582s] -- Detecting CXX compiler ABI info
[0.845s] -- Detecting CXX compiler ABI info - done
[0.857s] -- Check for working CXX compiler: /usr/bin/c++ - skipped
[0.858s] -- Detecting CXX compile features
[0.859s] -- Detecting CXX compile features - done
[0.863s] -- Found ament_cmake: 1.3.8 (/opt/ros/humble/share/ament_cmake/cmake)
[1.105s] -- Found Python3: /usr/bin/python3 (found version "3.10.12") found components: Interpreter 
[1.233s] -- Found ament_lint_auto: 0.12.10 (/opt/ros/humble/share/ament_lint_auto/cmake)
[1.342s] -- Added test 'flake8' to check Python code syntax and style conventions
[1.344s] -- Added test 'lint_cmake' to check CMake code style
[1.346s] -- Added test 'pep257' to check Python code against some of the docstring style conventions in PEP 257
[1.354s] -- Added test 'xmllint' to check XML markup files
[1.355s] -- Configuring done
[1.360s] -- Generating done
[1.362s] -- Build files have been written to: /home/lucas/Documents/Pratica4/workspace_2/build/palletron_visualization
[1.371s] Invoked command in '/home/lucas/Documents/Pratica4/workspace_2/build/palletron_visualization' returned '0': CMAKE_PREFIX_PATH=/opt/ros/humble /usr/bin/cmake /home/lucas/Documents/Pratica4/workspace_2/src/palletron_visualization -DCMAKE_INSTALL_PREFIX=/home/lucas/Documents/Pratica4/workspace_2/install/palletron_visualization
[1.372s] Invoking command in '/home/lucas/Documents/Pratica4/workspace_2/build/palletron_visualization': CMAKE_PREFIX_PATH=/opt/ros/humble /usr/bin/cmake --build /home/lucas/Documents/Pratica4/workspace_2/build/palletron_visualization -- -j4 -l4
[1.438s] Invoked command in '/home/lucas/Documents/Pratica4/workspace_2/build/palletron_visualization' returned '0': CMAKE_PREFIX_PATH=/opt/ros/humble /usr/bin/cmake --build /home/lucas/Documents/Pratica4/workspace_2/build/palletron_visualization -- -j4 -l4
[1.472s] Invoking command in '/home/lucas/Documents/Pratica4/workspace_2/build/palletron_visualization': CMAKE_PREFIX_PATH=/opt/ros/humble /usr/bin/cmake --install /home/lucas/Documents/Pratica4/workspace_2/build/palletron_visualization
[1.482s] -- Install configuration: ""
[1.482s] -- Installing: /home/lucas/Documents/Pratica4/workspace_2/install/palletron_visualization/share/palletron_visualization/launch
[1.483s] -- Installing: /home/lucas/Documents/Pratica4/workspace_2/install/palletron_visualization/share/palletron_visualization/launch/rviz.launch.py
[1.483s] -- Installing: /home/lucas/Documents/Pratica4/workspace_2/install/palletron_visualization/share/palletron_visualization/rviz
[1.483s] -- Installing: /home/lucas/Documents/Pratica4/workspace_2/install/palletron_visualization/share/palletron_visualization/rviz/navigation_view.rviz
[1.483s] -- Installing: /home/lucas/Documents/Pratica4/workspace_2/install/palletron_visualization/share/palletron_visualization/rviz/minimal_robot_view.rviz
[1.483s] -- Installing: /home/lucas/Documents/Pratica4/workspace_2/install/palletron_visualization/share/ament_index/resource_index/package_run_dependencies/palletron_visualization
[1.483s] -- Installing: /home/lucas/Documents/Pratica4/workspace_2/install/palletron_visualization/share/ament_index/resource_index/parent_prefix_path/palletron_visualization
[1.484s] -- Installing: /home/lucas/Documents/Pratica4/workspace_2/install/palletron_visualization/share/palletron_visualization/environment/ament_prefix_path.sh
[1.484s] -- Installing: /home/lucas/Documents/Pratica4/workspace_2/install/palletron_visualization/share/palletron_visualization/environment/ament_prefix_path.dsv
[1.484s] -- Installing: /home/lucas/Documents/Pratica4/workspace_2/install/palletron_visualization/share/palletron_visualization/environment/path.sh
[1.484s] -- Installing: /home/lucas/Documents/Pratica4/workspace_2/install/palletron_visualization/share/palletron_visualization/environment/path.dsv
[1.484s] -- Installing: /home/lucas/Documents/Pratica4/workspace_2/install/palletron_visualization/share/palletron_visualization/local_setup.bash
[1.485s] -- Installing: /home/lucas/Documents/Pratica4/workspace_2/install/palletron_visualization/share/palletron_visualization/local_setup.sh
[1.485s] -- Installing: /home/lucas/Documents/Pratica4/workspace_2/install/palletron_visualization/share/palletron_visualization/local_setup.zsh
[1.485s] -- Installing: /home/lucas/Documents/Pratica4/workspace_2/install/palletron_visualization/share/palletron_visualization/local_setup.dsv
[1.485s] -- Installing: /home/lucas/Documents/Pratica4/workspace_2/install/palletron_visualization/share/palletron_visualization/package.dsv
[1.486s] -- Installing: /home/lucas/Documents/Pratica4/workspace_2/install/palletron_visualization/share/ament_index/resource_index/packages/palletron_visualization
[1.486s] -- Installing: /home/lucas/Documents/Pratica4/workspace_2/install/palletron_visualization/share/palletron_visualization/cmake/palletron_visualizationConfig.cmake
[1.486s] -- Installing: /home/lucas/Documents/Pratica4/workspace_2/install/palletron_visualization/share/palletron_visualization/cmake/palletron_visualizationConfig-version.cmake
[1.486s] -- Installing: /home/lucas/Documents/Pratica4/workspace_2/install/palletron_visualization/share/palletron_visualization/package.xml
[1.489s] Invoked command in '/home/lucas/Documents/Pratica4/workspace_2/build/palletron_visualization' returned '0': CMAKE_PREFIX_PATH=/opt/ros/humble /usr/bin/cmake --install /home/lucas/Documents/Pratica4/workspace_2/build/palletron_visualization
