[0.063s] Invoking command in '/home/lucas/Documents/Pratica4/workspace_2/build/action_tutorials_interfaces': CMAKE_PREFIX_PATH=${CMAKE_PREFIX_PATH}:/opt/ros/humble /usr/bin/cmake --build /home/lucas/Documents/Pratica4/workspace_2/build/action_tutorials_interfaces -- -j4 -l4
[0.208s] [  3%] Built target action_tutorials_interfaces__cpp
[0.208s] [ 12%] Built target action_tutorials_interfaces__rosidl_generator_c
[0.209s] [ 12%] Built target ament_cmake_python_copy_action_tutorials_interfaces
[0.217s] [ 22%] Built target action_tutorials_interfaces__rosidl_typesupport_cpp
[0.238s] [ 32%] Built target action_tutorials_interfaces__rosidl_typesupport_fastrtps_cpp
[0.245s] [ 41%] Built target action_tutorials_interfaces__rosidl_typesupport_introspection_cpp
[0.275s] [ 51%] Built target action_tutorials_interfaces__rosidl_typesupport_fastrtps_c
[0.343s] [ 61%] Built target action_tutorials_interfaces__rosidl_typesupport_c
[0.368s] [ 70%] Built target action_tutorials_interfaces__rosidl_typesupport_introspection_c
[0.466s] [ 70%] Built target action_tutorials_interfaces
[0.529s] [ 74%] Built target action_tutorials_interfaces__py
[0.680s] [ 80%] Built target action_tutorials_interfaces__rosidl_generator_py
[0.692s] [ 87%] Built target action_tutorials_interfaces__rosidl_typesupport_fastrtps_c__pyext
[0.732s] [ 93%] Built target action_tutorials_interfaces__rosidl_typesupport_introspection_c__pyext
[0.754s] [100%] Built target action_tutorials_interfaces__rosidl_typesupport_c__pyext
[1.034s] running egg_info
[1.038s] writing action_tutorials_interfaces.egg-info/PKG-INFO
[1.042s] writing dependency_links to action_tutorials_interfaces.egg-info/dependency_links.txt
[1.056s] writing top-level names to action_tutorials_interfaces.egg-info/top_level.txt
[1.056s] reading manifest file 'action_tutorials_interfaces.egg-info/SOURCES.txt'
[1.057s] writing manifest file 'action_tutorials_interfaces.egg-info/SOURCES.txt'
[1.124s] [100%] Built target ament_cmake_python_build_action_tutorials_interfaces_egg
[1.208s] Invoked command in '/home/lucas/Documents/Pratica4/workspace_2/build/action_tutorials_interfaces' returned '0': CMAKE_PREFIX_PATH=${CMAKE_PREFIX_PATH}:/opt/ros/humble /usr/bin/cmake --build /home/lucas/Documents/Pratica4/workspace_2/build/action_tutorials_interfaces -- -j4 -l4
[1.618s] Invoking command in '/home/lucas/Documents/Pratica4/workspace_2/build/action_tutorials_interfaces': CMAKE_PREFIX_PATH=${CMAKE_PREFIX_PATH}:/opt/ros/humble /usr/bin/cmake --install /home/lucas/Documents/Pratica4/workspace_2/build/action_tutorials_interfaces
[1.662s] -- Install configuration: ""
[1.662s] -- Up-to-date: /home/lucas/Documents/Pratica4/workspace_2/install/action_tutorials_interfaces/share/ament_index/resource_index/rosidl_interfaces/action_tutorials_interfaces
[1.662s] -- Up-to-date: /home/lucas/Documents/Pratica4/workspace_2/install/action_tutorials_interfaces/include/action_tutorials_interfaces/action_tutorials_interfaces
[1.662s] -- Up-to-date: /home/lucas/Documents/Pratica4/workspace_2/install/action_tutorials_interfaces/include/action_tutorials_interfaces/action_tutorials_interfaces/action
[1.662s] -- Up-to-date: /home/lucas/Documents/Pratica4/workspace_2/install/action_tutorials_interfaces/include/action_tutorials_interfaces/action_tutorials_interfaces/action/fibonacci.h
[1.663s] -- Up-to-date: /home/lucas/Documents/Pratica4/workspace_2/install/action_tutorials_interfaces/include/action_tutorials_interfaces/action_tutorials_interfaces/action/detail
[1.663s] -- Up-to-date: /home/lucas/Documents/Pratica4/workspace_2/install/action_tutorials_interfaces/include/action_tutorials_interfaces/action_tutorials_interfaces/action/detail/fibonacci__struct.h
[1.663s] -- Up-to-date: /home/lucas/Documents/Pratica4/workspace_2/install/action_tutorials_interfaces/include/action_tutorials_interfaces/action_tutorials_interfaces/action/detail/fibonacci__type_support.h
[1.663s] -- Up-to-date: /home/lucas/Documents/Pratica4/workspace_2/install/action_tutorials_interfaces/include/action_tutorials_interfaces/action_tutorials_interfaces/action/detail/fibonacci__functions.c
[1.664s] -- Up-to-date: /home/lucas/Documents/Pratica4/workspace_2/install/action_tutorials_interfaces/include/action_tutorials_interfaces/action_tutorials_interfaces/action/detail/fibonacci__functions.h
[1.664s] -- Up-to-date: /home/lucas/Documents/Pratica4/workspace_2/install/action_tutorials_interfaces/include/action_tutorials_interfaces/action_tutorials_interfaces/msg
[1.664s] -- Up-to-date: /home/lucas/Documents/Pratica4/workspace_2/install/action_tutorials_interfaces/include/action_tutorials_interfaces/action_tutorials_interfaces/msg/rosidl_generator_c__visibility_control.h
[1.664s] -- Up-to-date: /home/lucas/Documents/Pratica4/workspace_2/install/action_tutorials_interfaces/share/action_tutorials_interfaces/environment/library_path.sh
[1.665s] -- Up-to-date: /home/lucas/Documents/Pratica4/workspace_2/install/action_tutorials_interfaces/share/action_tutorials_interfaces/environment/library_path.dsv
[1.665s] -- Up-to-date: /home/lucas/Documents/Pratica4/workspace_2/install/action_tutorials_interfaces/lib/libaction_tutorials_interfaces__rosidl_generator_c.so
[1.665s] -- Up-to-date: /home/lucas/Documents/Pratica4/workspace_2/install/action_tutorials_interfaces/include/action_tutorials_interfaces/action_tutorials_interfaces
[1.665s] -- Up-to-date: /home/lucas/Documents/Pratica4/workspace_2/install/action_tutorials_interfaces/include/action_tutorials_interfaces/action_tutorials_interfaces/action
[1.665s] -- Up-to-date: /home/lucas/Documents/Pratica4/workspace_2/install/action_tutorials_interfaces/include/action_tutorials_interfaces/action_tutorials_interfaces/action/detail
[1.689s] -- Up-to-date: /home/lucas/Documents/Pratica4/workspace_2/install/action_tutorials_interfaces/include/action_tutorials_interfaces/action_tutorials_interfaces/action/detail/fibonacci__rosidl_typesupport_fastrtps_c.h
[1.689s] -- Up-to-date: /home/lucas/Documents/Pratica4/workspace_2/install/action_tutorials_interfaces/include/action_tutorials_interfaces/action_tutorials_interfaces/msg
[1.689s] -- Up-to-date: /home/lucas/Documents/Pratica4/workspace_2/install/action_tutorials_interfaces/include/action_tutorials_interfaces/action_tutorials_interfaces/msg/rosidl_typesupport_fastrtps_c__visibility_control.h
[1.689s] -- Up-to-date: /home/lucas/Documents/Pratica4/workspace_2/install/action_tutorials_interfaces/lib/libaction_tutorials_interfaces__rosidl_typesupport_fastrtps_c.so
[1.689s] -- Up-to-date: /home/lucas/Documents/Pratica4/workspace_2/install/action_tutorials_interfaces/include/action_tutorials_interfaces/action_tutorials_interfaces
[1.693s] -- Up-to-date: /home/lucas/Documents/Pratica4/workspace_2/install/action_tutorials_interfaces/include/action_tutorials_interfaces/action_tutorials_interfaces/action
[1.694s] -- Up-to-date: /home/lucas/Documents/Pratica4/workspace_2/install/action_tutorials_interfaces/include/action_tutorials_interfaces/action_tutorials_interfaces/action/detail
[1.696s] -- Up-to-date: /home/lucas/Documents/Pratica4/workspace_2/install/action_tutorials_interfaces/include/action_tutorials_interfaces/action_tutorials_interfaces/action/detail/fibonacci__rosidl_typesupport_introspection_c.h
[1.696s] -- Up-to-date: /home/lucas/Documents/Pratica4/workspace_2/install/action_tutorials_interfaces/include/action_tutorials_interfaces/action_tutorials_interfaces/action/detail/fibonacci__type_support.c
[1.696s] -- Up-to-date: /home/lucas/Documents/Pratica4/workspace_2/install/action_tutorials_interfaces/include/action_tutorials_interfaces/action_tutorials_interfaces/msg
[1.697s] -- Up-to-date: /home/lucas/Documents/Pratica4/workspace_2/install/action_tutorials_interfaces/include/action_tutorials_interfaces/action_tutorials_interfaces/msg/rosidl_typesupport_introspection_c__visibility_control.h
[1.697s] -- Up-to-date: /home/lucas/Documents/Pratica4/workspace_2/install/action_tutorials_interfaces/lib/libaction_tutorials_interfaces__rosidl_typesupport_introspection_c.so
[1.697s] -- Up-to-date: /home/lucas/Documents/Pratica4/workspace_2/install/action_tutorials_interfaces/lib/libaction_tutorials_interfaces__rosidl_typesupport_c.so
[1.700s] -- Up-to-date: /home/lucas/Documents/Pratica4/workspace_2/install/action_tutorials_interfaces/include/action_tutorials_interfaces/action_tutorials_interfaces
[1.700s] -- Up-to-date: /home/lucas/Documents/Pratica4/workspace_2/install/action_tutorials_interfaces/include/action_tutorials_interfaces/action_tutorials_interfaces/action
[1.701s] -- Up-to-date: /home/lucas/Documents/Pratica4/workspace_2/install/action_tutorials_interfaces/include/action_tutorials_interfaces/action_tutorials_interfaces/action/fibonacci.hpp
[1.701s] -- Up-to-date: /home/lucas/Documents/Pratica4/workspace_2/install/action_tutorials_interfaces/include/action_tutorials_interfaces/action_tutorials_interfaces/action/detail
[1.701s] -- Up-to-date: /home/lucas/Documents/Pratica4/workspace_2/install/action_tutorials_interfaces/include/action_tutorials_interfaces/action_tutorials_interfaces/action/detail/fibonacci__builder.hpp
[1.702s] -- Up-to-date: /home/lucas/Documents/Pratica4/workspace_2/install/action_tutorials_interfaces/include/action_tutorials_interfaces/action_tutorials_interfaces/action/detail/fibonacci__traits.hpp
[1.702s] -- Up-to-date: /home/lucas/Documents/Pratica4/workspace_2/install/action_tutorials_interfaces/include/action_tutorials_interfaces/action_tutorials_interfaces/action/detail/fibonacci__struct.hpp
[1.702s] -- Up-to-date: /home/lucas/Documents/Pratica4/workspace_2/install/action_tutorials_interfaces/include/action_tutorials_interfaces/action_tutorials_interfaces
[1.702s] -- Up-to-date: /home/lucas/Documents/Pratica4/workspace_2/install/action_tutorials_interfaces/include/action_tutorials_interfaces/action_tutorials_interfaces/action
[1.702s] -- Up-to-date: /home/lucas/Documents/Pratica4/workspace_2/install/action_tutorials_interfaces/include/action_tutorials_interfaces/action_tutorials_interfaces/action/detail
[1.702s] -- Up-to-date: /home/lucas/Documents/Pratica4/workspace_2/install/action_tutorials_interfaces/include/action_tutorials_interfaces/action_tutorials_interfaces/action/detail/fibonacci__rosidl_typesupport_fastrtps_cpp.hpp
[1.703s] -- Up-to-date: /home/lucas/Documents/Pratica4/workspace_2/install/action_tutorials_interfaces/include/action_tutorials_interfaces/action_tutorials_interfaces/action/detail/dds_fastrtps
[1.703s] -- Up-to-date: /home/lucas/Documents/Pratica4/workspace_2/install/action_tutorials_interfaces/include/action_tutorials_interfaces/action_tutorials_interfaces/msg
[1.703s] -- Up-to-date: /home/lucas/Documents/Pratica4/workspace_2/install/action_tutorials_interfaces/include/action_tutorials_interfaces/action_tutorials_interfaces/msg/rosidl_typesupport_fastrtps_cpp__visibility_control.h
[1.703s] -- Up-to-date: /home/lucas/Documents/Pratica4/workspace_2/install/action_tutorials_interfaces/lib/libaction_tutorials_interfaces__rosidl_typesupport_fastrtps_cpp.so
[1.703s] -- Up-to-date: /home/lucas/Documents/Pratica4/workspace_2/install/action_tutorials_interfaces/include/action_tutorials_interfaces/action_tutorials_interfaces
[1.707s] -- Up-to-date: /home/lucas/Documents/Pratica4/workspace_2/install/action_tutorials_interfaces/include/action_tutorials_interfaces/action_tutorials_interfaces/action
[1.708s] -- Up-to-date: /home/lucas/Documents/Pratica4/workspace_2/install/action_tutorials_interfaces/include/action_tutorials_interfaces/action_tutorials_interfaces/action/detail
[1.709s] -- Up-to-date: /home/lucas/Documents/Pratica4/workspace_2/install/action_tutorials_interfaces/include/action_tutorials_interfaces/action_tutorials_interfaces/action/detail/fibonacci__type_support.cpp
[1.709s] -- Up-to-date: /home/lucas/Documents/Pratica4/workspace_2/install/action_tutorials_interfaces/include/action_tutorials_interfaces/action_tutorials_interfaces/action/detail/fibonacci__rosidl_typesupport_introspection_cpp.hpp
[1.710s] -- Up-to-date: /home/lucas/Documents/Pratica4/workspace_2/install/action_tutorials_interfaces/lib/libaction_tutorials_interfaces__rosidl_typesupport_introspection_cpp.so
[1.711s] -- Up-to-date: /home/lucas/Documents/Pratica4/workspace_2/install/action_tutorials_interfaces/lib/libaction_tutorials_interfaces__rosidl_typesupport_cpp.so
[1.711s] -- Up-to-date: /home/lucas/Documents/Pratica4/workspace_2/install/action_tutorials_interfaces/share/action_tutorials_interfaces/environment/pythonpath.sh
[1.713s] -- Up-to-date: /home/lucas/Documents/Pratica4/workspace_2/install/action_tutorials_interfaces/share/action_tutorials_interfaces/environment/pythonpath.dsv
[1.713s] -- Up-to-date: /home/lucas/Documents/Pratica4/workspace_2/install/action_tutorials_interfaces/local/lib/python3.10/dist-packages/action_tutorials_interfaces-0.0.0-py3.10.egg-info
[1.713s] -- Installing: /home/lucas/Documents/Pratica4/workspace_2/install/action_tutorials_interfaces/local/lib/python3.10/dist-packages/action_tutorials_interfaces-0.0.0-py3.10.egg-info/dependency_links.txt
[1.714s] -- Installing: /home/lucas/Documents/Pratica4/workspace_2/install/action_tutorials_interfaces/local/lib/python3.10/dist-packages/action_tutorials_interfaces-0.0.0-py3.10.egg-info/PKG-INFO
[1.714s] -- Installing: /home/lucas/Documents/Pratica4/workspace_2/install/action_tutorials_interfaces/local/lib/python3.10/dist-packages/action_tutorials_interfaces-0.0.0-py3.10.egg-info/SOURCES.txt
[1.714s] -- Installing: /home/lucas/Documents/Pratica4/workspace_2/install/action_tutorials_interfaces/local/lib/python3.10/dist-packages/action_tutorials_interfaces-0.0.0-py3.10.egg-info/top_level.txt
[1.714s] -- Up-to-date: /home/lucas/Documents/Pratica4/workspace_2/install/action_tutorials_interfaces/local/lib/python3.10/dist-packages/action_tutorials_interfaces
[1.714s] -- Up-to-date: /home/lucas/Documents/Pratica4/workspace_2/install/action_tutorials_interfaces/local/lib/python3.10/dist-packages/action_tutorials_interfaces/action
[1.714s] -- Up-to-date: /home/lucas/Documents/Pratica4/workspace_2/install/action_tutorials_interfaces/local/lib/python3.10/dist-packages/action_tutorials_interfaces/action/__init__.py
[1.715s] -- Up-to-date: /home/lucas/Documents/Pratica4/workspace_2/install/action_tutorials_interfaces/local/lib/python3.10/dist-packages/action_tutorials_interfaces/action/_fibonacci.py
[1.715s] -- Up-to-date: /home/lucas/Documents/Pratica4/workspace_2/install/action_tutorials_interfaces/local/lib/python3.10/dist-packages/action_tutorials_interfaces/action/_fibonacci_s.c
[1.715s] -- Up-to-date: /home/lucas/Documents/Pratica4/workspace_2/install/action_tutorials_interfaces/local/lib/python3.10/dist-packages/action_tutorials_interfaces/action_tutorials_interfaces_s__rosidl_typesupport_fastrtps_c.cpython-310-x86_64-linux-gnu.so
[1.715s] -- Up-to-date: /home/lucas/Documents/Pratica4/workspace_2/install/action_tutorials_interfaces/local/lib/python3.10/dist-packages/action_tutorials_interfaces/libaction_tutorials_interfaces__rosidl_generator_py.so
[1.715s] -- Up-to-date: /home/lucas/Documents/Pratica4/workspace_2/install/action_tutorials_interfaces/local/lib/python3.10/dist-packages/action_tutorials_interfaces/__init__.py
[1.726s] -- Up-to-date: /home/lucas/Documents/Pratica4/workspace_2/install/action_tutorials_interfaces/local/lib/python3.10/dist-packages/action_tutorials_interfaces/action_tutorials_interfaces_s__rosidl_typesupport_introspection_c.cpython-310-x86_64-linux-gnu.so
[1.727s] -- Up-to-date: /home/lucas/Documents/Pratica4/workspace_2/install/action_tutorials_interfaces/local/lib/python3.10/dist-packages/action_tutorials_interfaces/action_tutorials_interfaces_s__rosidl_typesupport_c.cpython-310-x86_64-linux-gnu.so
[1.727s] -- Up-to-date: /home/lucas/Documents/Pratica4/workspace_2/install/action_tutorials_interfaces/local/lib/python3.10/dist-packages/action_tutorials_interfaces/_action_tutorials_interfaces_s.ep.rosidl_typesupport_c.c
[1.727s] -- Up-to-date: /home/lucas/Documents/Pratica4/workspace_2/install/action_tutorials_interfaces/local/lib/python3.10/dist-packages/action_tutorials_interfaces/_action_tutorials_interfaces_s.ep.rosidl_typesupport_introspection_c.c
[1.727s] -- Up-to-date: /home/lucas/Documents/Pratica4/workspace_2/install/action_tutorials_interfaces/local/lib/python3.10/dist-packages/action_tutorials_interfaces/_action_tutorials_interfaces_s.ep.rosidl_typesupport_fastrtps_c.c
[1.809s] Listing '/home/lucas/Documents/Pratica4/workspace_2/install/action_tutorials_interfaces/local/lib/python3.10/dist-packages/action_tutorials_interfaces'...
[1.809s] Listing '/home/lucas/Documents/Pratica4/workspace_2/install/action_tutorials_interfaces/local/lib/python3.10/dist-packages/action_tutorials_interfaces/action'...
[1.822s] -- Up-to-date: /home/lucas/Documents/Pratica4/workspace_2/install/action_tutorials_interfaces/local/lib/python3.10/dist-packages/action_tutorials_interfaces/action_tutorials_interfaces_s__rosidl_typesupport_fastrtps_c.cpython-310-x86_64-linux-gnu.so
[1.823s] -- Up-to-date: /home/lucas/Documents/Pratica4/workspace_2/install/action_tutorials_interfaces/local/lib/python3.10/dist-packages/action_tutorials_interfaces/action_tutorials_interfaces_s__rosidl_typesupport_introspection_c.cpython-310-x86_64-linux-gnu.so
[1.824s] -- Up-to-date: /home/lucas/Documents/Pratica4/workspace_2/install/action_tutorials_interfaces/local/lib/python3.10/dist-packages/action_tutorials_interfaces/action_tutorials_interfaces_s__rosidl_typesupport_c.cpython-310-x86_64-linux-gnu.so
[1.825s] -- Up-to-date: /home/lucas/Documents/Pratica4/workspace_2/install/action_tutorials_interfaces/lib/libaction_tutorials_interfaces__rosidl_generator_py.so
[1.825s] -- Up-to-date: /home/lucas/Documents/Pratica4/workspace_2/install/action_tutorials_interfaces/share/action_tutorials_interfaces/action/Fibonacci.idl
[1.826s] -- Up-to-date: /home/lucas/Documents/Pratica4/workspace_2/install/action_tutorials_interfaces/share/action_tutorials_interfaces/action/Fibonacci.action
[1.826s] -- Up-to-date: /home/lucas/Documents/Pratica4/workspace_2/install/action_tutorials_interfaces/share/ament_index/resource_index/package_run_dependencies/action_tutorials_interfaces
[1.826s] -- Up-to-date: /home/lucas/Documents/Pratica4/workspace_2/install/action_tutorials_interfaces/share/ament_index/resource_index/parent_prefix_path/action_tutorials_interfaces
[1.826s] -- Up-to-date: /home/lucas/Documents/Pratica4/workspace_2/install/action_tutorials_interfaces/share/action_tutorials_interfaces/environment/ament_prefix_path.sh
[1.826s] -- Up-to-date: /home/lucas/Documents/Pratica4/workspace_2/install/action_tutorials_interfaces/share/action_tutorials_interfaces/environment/ament_prefix_path.dsv
[1.827s] -- Up-to-date: /home/lucas/Documents/Pratica4/workspace_2/install/action_tutorials_interfaces/share/action_tutorials_interfaces/environment/path.sh
[1.827s] -- Up-to-date: /home/lucas/Documents/Pratica4/workspace_2/install/action_tutorials_interfaces/share/action_tutorials_interfaces/environment/path.dsv
[1.827s] -- Up-to-date: /home/lucas/Documents/Pratica4/workspace_2/install/action_tutorials_interfaces/share/action_tutorials_interfaces/local_setup.bash
[1.827s] -- Up-to-date: /home/lucas/Documents/Pratica4/workspace_2/install/action_tutorials_interfaces/share/action_tutorials_interfaces/local_setup.sh
[1.828s] -- Up-to-date: /home/lucas/Documents/Pratica4/workspace_2/install/action_tutorials_interfaces/share/action_tutorials_interfaces/local_setup.zsh
[1.828s] -- Up-to-date: /home/lucas/Documents/Pratica4/workspace_2/install/action_tutorials_interfaces/share/action_tutorials_interfaces/local_setup.dsv
[1.828s] -- Installing: /home/lucas/Documents/Pratica4/workspace_2/install/action_tutorials_interfaces/share/action_tutorials_interfaces/package.dsv
[1.828s] -- Up-to-date: /home/lucas/Documents/Pratica4/workspace_2/install/action_tutorials_interfaces/share/ament_index/resource_index/packages/action_tutorials_interfaces
[1.828s] -- Up-to-date: /home/lucas/Documents/Pratica4/workspace_2/install/action_tutorials_interfaces/share/action_tutorials_interfaces/cmake/export_action_tutorials_interfaces__rosidl_generator_cExport.cmake
[1.828s] -- Up-to-date: /home/lucas/Documents/Pratica4/workspace_2/install/action_tutorials_interfaces/share/action_tutorials_interfaces/cmake/export_action_tutorials_interfaces__rosidl_generator_cExport-noconfig.cmake
[1.829s] -- Up-to-date: /home/lucas/Documents/Pratica4/workspace_2/install/action_tutorials_interfaces/share/action_tutorials_interfaces/cmake/export_action_tutorials_interfaces__rosidl_typesupport_fastrtps_cExport.cmake
[1.829s] -- Up-to-date: /home/lucas/Documents/Pratica4/workspace_2/install/action_tutorials_interfaces/share/action_tutorials_interfaces/cmake/export_action_tutorials_interfaces__rosidl_typesupport_fastrtps_cExport-noconfig.cmake
[1.829s] -- Up-to-date: /home/lucas/Documents/Pratica4/workspace_2/install/action_tutorials_interfaces/share/action_tutorials_interfaces/cmake/action_tutorials_interfaces__rosidl_typesupport_introspection_cExport.cmake
[1.829s] -- Up-to-date: /home/lucas/Documents/Pratica4/workspace_2/install/action_tutorials_interfaces/share/action_tutorials_interfaces/cmake/action_tutorials_interfaces__rosidl_typesupport_introspection_cExport-noconfig.cmake
[1.830s] -- Up-to-date: /home/lucas/Documents/Pratica4/workspace_2/install/action_tutorials_interfaces/share/action_tutorials_interfaces/cmake/action_tutorials_interfaces__rosidl_typesupport_cExport.cmake
[1.830s] -- Up-to-date: /home/lucas/Documents/Pratica4/workspace_2/install/action_tutorials_interfaces/share/action_tutorials_interfaces/cmake/action_tutorials_interfaces__rosidl_typesupport_cExport-noconfig.cmake
[1.830s] -- Up-to-date: /home/lucas/Documents/Pratica4/workspace_2/install/action_tutorials_interfaces/share/action_tutorials_interfaces/cmake/export_action_tutorials_interfaces__rosidl_generator_cppExport.cmake
[1.830s] -- Up-to-date: /home/lucas/Documents/Pratica4/workspace_2/install/action_tutorials_interfaces/share/action_tutorials_interfaces/cmake/export_action_tutorials_interfaces__rosidl_typesupport_fastrtps_cppExport.cmake
[1.831s] -- Up-to-date: /home/lucas/Documents/Pratica4/workspace_2/install/action_tutorials_interfaces/share/action_tutorials_interfaces/cmake/export_action_tutorials_interfaces__rosidl_typesupport_fastrtps_cppExport-noconfig.cmake
[1.831s] -- Up-to-date: /home/lucas/Documents/Pratica4/workspace_2/install/action_tutorials_interfaces/share/action_tutorials_interfaces/cmake/action_tutorials_interfaces__rosidl_typesupport_introspection_cppExport.cmake
[1.831s] -- Up-to-date: /home/lucas/Documents/Pratica4/workspace_2/install/action_tutorials_interfaces/share/action_tutorials_interfaces/cmake/action_tutorials_interfaces__rosidl_typesupport_introspection_cppExport-noconfig.cmake
[1.831s] -- Up-to-date: /home/lucas/Documents/Pratica4/workspace_2/install/action_tutorials_interfaces/share/action_tutorials_interfaces/cmake/action_tutorials_interfaces__rosidl_typesupport_cppExport.cmake
[1.831s] -- Up-to-date: /home/lucas/Documents/Pratica4/workspace_2/install/action_tutorials_interfaces/share/action_tutorials_interfaces/cmake/action_tutorials_interfaces__rosidl_typesupport_cppExport-noconfig.cmake
[1.831s] -- Up-to-date: /home/lucas/Documents/Pratica4/workspace_2/install/action_tutorials_interfaces/share/action_tutorials_interfaces/cmake/export_action_tutorials_interfaces__rosidl_generator_pyExport.cmake
[1.831s] -- Up-to-date: /home/lucas/Documents/Pratica4/workspace_2/install/action_tutorials_interfaces/share/action_tutorials_interfaces/cmake/export_action_tutorials_interfaces__rosidl_generator_pyExport-noconfig.cmake
[1.832s] -- Up-to-date: /home/lucas/Documents/Pratica4/workspace_2/install/action_tutorials_interfaces/share/action_tutorials_interfaces/cmake/rosidl_cmake-extras.cmake
[1.832s] -- Up-to-date: /home/lucas/Documents/Pratica4/workspace_2/install/action_tutorials_interfaces/share/action_tutorials_interfaces/cmake/ament_cmake_export_dependencies-extras.cmake
[1.832s] -- Up-to-date: /home/lucas/Documents/Pratica4/workspace_2/install/action_tutorials_interfaces/share/action_tutorials_interfaces/cmake/ament_cmake_export_include_directories-extras.cmake
[1.832s] -- Up-to-date: /home/lucas/Documents/Pratica4/workspace_2/install/action_tutorials_interfaces/share/action_tutorials_interfaces/cmake/ament_cmake_export_libraries-extras.cmake
[1.832s] -- Up-to-date: /home/lucas/Documents/Pratica4/workspace_2/install/action_tutorials_interfaces/share/action_tutorials_interfaces/cmake/ament_cmake_export_targets-extras.cmake
[1.832s] -- Up-to-date: /home/lucas/Documents/Pratica4/workspace_2/install/action_tutorials_interfaces/share/action_tutorials_interfaces/cmake/rosidl_cmake_export_typesupport_targets-extras.cmake
[1.844s] -- Up-to-date: /home/lucas/Documents/Pratica4/workspace_2/install/action_tutorials_interfaces/share/action_tutorials_interfaces/cmake/rosidl_cmake_export_typesupport_libraries-extras.cmake
[1.844s] -- Up-to-date: /home/lucas/Documents/Pratica4/workspace_2/install/action_tutorials_interfaces/share/action_tutorials_interfaces/cmake/action_tutorials_interfacesConfig.cmake
[1.844s] -- Up-to-date: /home/lucas/Documents/Pratica4/workspace_2/install/action_tutorials_interfaces/share/action_tutorials_interfaces/cmake/action_tutorials_interfacesConfig-version.cmake
[1.845s] -- Up-to-date: /home/lucas/Documents/Pratica4/workspace_2/install/action_tutorials_interfaces/share/action_tutorials_interfaces/package.xml
[1.845s] Invoked command in '/home/lucas/Documents/Pratica4/workspace_2/build/action_tutorials_interfaces' returned '0': CMAKE_PREFIX_PATH=${CMAKE_PREFIX_PATH}:/opt/ros/humble /usr/bin/cmake --install /home/lucas/Documents/Pratica4/workspace_2/build/action_tutorials_interfaces
