[3.198s] DEBUG:colcon:Command line arguments: ['/usr/bin/colcon', 'build', '--packages-select', 'cpp_srvcli']
[3.198s] DEBUG:colcon:Parsed command line arguments: Namespace(log_base=None, log_level=None, verb_name='build', build_base='build', install_base='install', merge_install=False, symlink_install=False, test_result_base=None, continue_on_error=False, executor='parallel', parallel_workers=4, event_handlers=None, ignore_user_meta=False, metas=['./colcon.meta'], base_paths=['.'], packages_ignore=None, packages_ignore_regex=None, paths=None, packages_up_to=None, packages_up_to_regex=None, packages_above=None, packages_above_and_dependencies=None, packages_above_depth=None, packages_select_by_dep=None, packages_skip_by_dep=None, packages_skip_up_to=None, packages_select_build_failed=False, packages_skip_build_finished=False, packages_select_test_failures=False, packages_skip_test_passed=False, packages_select=['cpp_srvcli'], packages_skip=None, packages_select_regex=None, packages_skip_regex=None, packages_start=None, packages_end=None, allow_overriding=[], cmake_args=None, cmake_target=None, cmake_target_skip_unavailable=False, cmake_clean_cache=False, cmake_clean_first=False, cmake_force_configure=False, ament_cmake_args=None, catkin_cmake_args=None, catkin_skip_building_tests=False, verb_parser=<colcon_defaults.argument_parser.defaults.DefaultArgumentsDecorator object at 0x713d331d8ee0>, verb_extension=<colcon_core.verb.build.BuildVerb object at 0x713d331d89d0>, main=<bound method BuildVerb.main of <colcon_core.verb.build.BuildVerb object at 0x713d331d89d0>>)
[4.162s] Level 1:colcon.colcon_core.package_discovery:discover_packages(colcon_meta) check parameters
[4.162s] Level 1:colcon.colcon_core.package_discovery:discover_packages(recursive) check parameters
[4.163s] Level 1:colcon.colcon_core.package_discovery:discover_packages(ignore) check parameters
[4.163s] Level 1:colcon.colcon_core.package_discovery:discover_packages(path) check parameters
[4.163s] Level 1:colcon.colcon_core.package_discovery:discover_packages(colcon_meta) discover
[4.163s] Level 1:colcon.colcon_core.package_discovery:discover_packages(recursive) discover
[4.163s] INFO:colcon.colcon_core.package_discovery:Crawling recursively for packages in '/home/lucas/Documents/Pratica4/workspace_2'
[4.163s] Level 1:colcon.colcon_core.package_identification:_identify(.) by extensions ['ignore', 'ignore_ament_install']
[4.163s] Level 1:colcon.colcon_core.package_identification:_identify(.) by extension 'ignore'
[4.163s] Level 1:colcon.colcon_core.package_identification:_identify(.) by extension 'ignore_ament_install'
[4.164s] Level 1:colcon.colcon_core.package_identification:_identify(.) by extensions ['colcon_pkg']
[4.164s] Level 1:colcon.colcon_core.package_identification:_identify(.) by extension 'colcon_pkg'
[4.164s] Level 1:colcon.colcon_core.package_identification:_identify(.) by extensions ['colcon_meta']
[4.164s] Level 1:colcon.colcon_core.package_identification:_identify(.) by extension 'colcon_meta'
[4.164s] Level 1:colcon.colcon_core.package_identification:_identify(.) by extensions ['ros']
[4.164s] Level 1:colcon.colcon_core.package_identification:_identify(.) by extension 'ros'
[4.187s] Level 1:colcon.colcon_core.package_identification:_identify(.) by extensions ['cmake', 'python']
[4.187s] Level 1:colcon.colcon_core.package_identification:_identify(.) by extension 'cmake'
[4.187s] Level 1:colcon.colcon_core.package_identification:_identify(.) by extension 'python'
[4.188s] Level 1:colcon.colcon_core.package_identification:_identify(.) by extensions ['python_setup_py']
[4.188s] Level 1:colcon.colcon_core.package_identification:_identify(.) by extension 'python_setup_py'
[4.188s] Level 1:colcon.colcon_core.package_identification:_identify(build) by extensions ['ignore', 'ignore_ament_install']
[4.188s] Level 1:colcon.colcon_core.package_identification:_identify(build) by extension 'ignore'
[4.188s] Level 1:colcon.colcon_core.package_identification:_identify(build) ignored
[4.188s] Level 1:colcon.colcon_core.package_identification:_identify(install) by extensions ['ignore', 'ignore_ament_install']
[4.189s] Level 1:colcon.colcon_core.package_identification:_identify(install) by extension 'ignore'
[4.189s] Level 1:colcon.colcon_core.package_identification:_identify(install) ignored
[4.189s] Level 1:colcon.colcon_core.package_identification:_identify(log) by extensions ['ignore', 'ignore_ament_install']
[4.189s] Level 1:colcon.colcon_core.package_identification:_identify(log) by extension 'ignore'
[4.189s] Level 1:colcon.colcon_core.package_identification:_identify(log) ignored
[4.189s] Level 1:colcon.colcon_core.package_identification:_identify(src) by extensions ['ignore', 'ignore_ament_install']
[4.189s] Level 1:colcon.colcon_core.package_identification:_identify(src) by extension 'ignore'
[4.189s] Level 1:colcon.colcon_core.package_identification:_identify(src) by extension 'ignore_ament_install'
[4.190s] Level 1:colcon.colcon_core.package_identification:_identify(src) by extensions ['colcon_pkg']
[4.190s] Level 1:colcon.colcon_core.package_identification:_identify(src) by extension 'colcon_pkg'
[4.190s] Level 1:colcon.colcon_core.package_identification:_identify(src) by extensions ['colcon_meta']
[4.190s] Level 1:colcon.colcon_core.package_identification:_identify(src) by extension 'colcon_meta'
[4.190s] Level 1:colcon.colcon_core.package_identification:_identify(src) by extensions ['ros']
[4.190s] Level 1:colcon.colcon_core.package_identification:_identify(src) by extension 'ros'
[4.190s] Level 1:colcon.colcon_core.package_identification:_identify(src) by extensions ['cmake', 'python']
[4.190s] Level 1:colcon.colcon_core.package_identification:_identify(src) by extension 'cmake'
[4.190s] Level 1:colcon.colcon_core.package_identification:_identify(src) by extension 'python'
[4.190s] Level 1:colcon.colcon_core.package_identification:_identify(src) by extensions ['python_setup_py']
[4.190s] Level 1:colcon.colcon_core.package_identification:_identify(src) by extension 'python_setup_py'
[4.191s] Level 1:colcon.colcon_core.package_identification:_identify(src/aws-robomaker-small-warehouse-world) by extensions ['ignore', 'ignore_ament_install']
[4.191s] Level 1:colcon.colcon_core.package_identification:_identify(src/aws-robomaker-small-warehouse-world) by extension 'ignore'
[4.191s] Level 1:colcon.colcon_core.package_identification:_identify(src/aws-robomaker-small-warehouse-world) by extension 'ignore_ament_install'
[4.191s] Level 1:colcon.colcon_core.package_identification:_identify(src/aws-robomaker-small-warehouse-world) by extensions ['colcon_pkg']
[4.191s] Level 1:colcon.colcon_core.package_identification:_identify(src/aws-robomaker-small-warehouse-world) by extension 'colcon_pkg'
[4.191s] Level 1:colcon.colcon_core.package_identification:_identify(src/aws-robomaker-small-warehouse-world) by extensions ['colcon_meta']
[4.191s] Level 1:colcon.colcon_core.package_identification:_identify(src/aws-robomaker-small-warehouse-world) by extension 'colcon_meta'
[4.191s] Level 1:colcon.colcon_core.package_identification:_identify(src/aws-robomaker-small-warehouse-world) by extensions ['ros']
[4.191s] Level 1:colcon.colcon_core.package_identification:_identify(src/aws-robomaker-small-warehouse-world) by extension 'ros'
[4.196s] DEBUG:colcon.colcon_core.package_identification:Package 'src/aws-robomaker-small-warehouse-world' with type 'ros.ament_cmake' and name 'aws_robomaker_small_warehouse_world'
[4.196s] Level 1:colcon.colcon_core.package_identification:_identify(src/build) by extensions ['ignore', 'ignore_ament_install']
[4.196s] Level 1:colcon.colcon_core.package_identification:_identify(src/build) by extension 'ignore'
[4.196s] Level 1:colcon.colcon_core.package_identification:_identify(src/build) ignored
[4.196s] Level 1:colcon.colcon_core.package_identification:_identify(src/cpp_pubsub) by extensions ['ignore', 'ignore_ament_install']
[4.197s] Level 1:colcon.colcon_core.package_identification:_identify(src/cpp_pubsub) by extension 'ignore'
[4.197s] Level 1:colcon.colcon_core.package_identification:_identify(src/cpp_pubsub) by extension 'ignore_ament_install'
[4.197s] Level 1:colcon.colcon_core.package_identification:_identify(src/cpp_pubsub) by extensions ['colcon_pkg']
[4.197s] Level 1:colcon.colcon_core.package_identification:_identify(src/cpp_pubsub) by extension 'colcon_pkg'
[4.197s] Level 1:colcon.colcon_core.package_identification:_identify(src/cpp_pubsub) by extensions ['colcon_meta']
[4.197s] Level 1:colcon.colcon_core.package_identification:_identify(src/cpp_pubsub) by extension 'colcon_meta'
[4.197s] Level 1:colcon.colcon_core.package_identification:_identify(src/cpp_pubsub) by extensions ['ros']
[4.197s] Level 1:colcon.colcon_core.package_identification:_identify(src/cpp_pubsub) by extension 'ros'
[4.198s] DEBUG:colcon.colcon_core.package_identification:Package 'src/cpp_pubsub' with type 'ros.ament_cmake' and name 'cpp_pubsub'
[4.198s] Level 1:colcon.colcon_core.package_identification:_identify(src/cpp_srvcli) by extensions ['ignore', 'ignore_ament_install']
[4.199s] Level 1:colcon.colcon_core.package_identification:_identify(src/cpp_srvcli) by extension 'ignore'
[4.199s] Level 1:colcon.colcon_core.package_identification:_identify(src/cpp_srvcli) by extension 'ignore_ament_install'
[4.199s] Level 1:colcon.colcon_core.package_identification:_identify(src/cpp_srvcli) by extensions ['colcon_pkg']
[4.199s] Level 1:colcon.colcon_core.package_identification:_identify(src/cpp_srvcli) by extension 'colcon_pkg'
[4.199s] Level 1:colcon.colcon_core.package_identification:_identify(src/cpp_srvcli) by extensions ['colcon_meta']
[4.199s] Level 1:colcon.colcon_core.package_identification:_identify(src/cpp_srvcli) by extension 'colcon_meta'
[4.199s] Level 1:colcon.colcon_core.package_identification:_identify(src/cpp_srvcli) by extensions ['ros']
[4.199s] Level 1:colcon.colcon_core.package_identification:_identify(src/cpp_srvcli) by extension 'ros'
[4.200s] DEBUG:colcon.colcon_core.package_identification:Package 'src/cpp_srvcli' with type 'ros.ament_cmake' and name 'cpp_srvcli'
[4.200s] Level 1:colcon.colcon_core.package_identification:_identify(src/install) by extensions ['ignore', 'ignore_ament_install']
[4.201s] Level 1:colcon.colcon_core.package_identification:_identify(src/install) by extension 'ignore'
[4.201s] Level 1:colcon.colcon_core.package_identification:_identify(src/install) ignored
[4.201s] Level 1:colcon.colcon_core.package_identification:_identify(src/ira_laser_tools) by extensions ['ignore', 'ignore_ament_install']
[4.201s] Level 1:colcon.colcon_core.package_identification:_identify(src/ira_laser_tools) by extension 'ignore'
[4.201s] Level 1:colcon.colcon_core.package_identification:_identify(src/ira_laser_tools) by extension 'ignore_ament_install'
[4.201s] Level 1:colcon.colcon_core.package_identification:_identify(src/ira_laser_tools) by extensions ['colcon_pkg']
[4.201s] Level 1:colcon.colcon_core.package_identification:_identify(src/ira_laser_tools) by extension 'colcon_pkg'
[4.201s] Level 1:colcon.colcon_core.package_identification:_identify(src/ira_laser_tools) by extensions ['colcon_meta']
[4.201s] Level 1:colcon.colcon_core.package_identification:_identify(src/ira_laser_tools) by extension 'colcon_meta'
[4.201s] Level 1:colcon.colcon_core.package_identification:_identify(src/ira_laser_tools) by extensions ['ros']
[4.202s] Level 1:colcon.colcon_core.package_identification:_identify(src/ira_laser_tools) by extension 'ros'
[4.204s] DEBUG:colcon.colcon_core.package_identification:Package 'src/ira_laser_tools' with type 'ros.ament_cmake' and name 'ira_laser_tools'
[4.204s] Level 1:colcon.colcon_core.package_identification:_identify(src/laser_ugv_system) by extensions ['ignore', 'ignore_ament_install']
[4.204s] Level 1:colcon.colcon_core.package_identification:_identify(src/laser_ugv_system) by extension 'ignore'
[4.204s] Level 1:colcon.colcon_core.package_identification:_identify(src/laser_ugv_system) by extension 'ignore_ament_install'
[4.204s] Level 1:colcon.colcon_core.package_identification:_identify(src/laser_ugv_system) by extensions ['colcon_pkg']
[4.205s] Level 1:colcon.colcon_core.package_identification:_identify(src/laser_ugv_system) by extension 'colcon_pkg'
[4.205s] Level 1:colcon.colcon_core.package_identification:_identify(src/laser_ugv_system) by extensions ['colcon_meta']
[4.205s] Level 1:colcon.colcon_core.package_identification:_identify(src/laser_ugv_system) by extension 'colcon_meta'
[4.205s] Level 1:colcon.colcon_core.package_identification:_identify(src/laser_ugv_system) by extensions ['ros']
[4.205s] Level 1:colcon.colcon_core.package_identification:_identify(src/laser_ugv_system) by extension 'ros'
[4.205s] Level 1:colcon.colcon_core.package_identification:_identify(src/laser_ugv_system) by extensions ['cmake', 'python']
[4.205s] Level 1:colcon.colcon_core.package_identification:_identify(src/laser_ugv_system) by extension 'cmake'
[4.205s] Level 1:colcon.colcon_core.package_identification:_identify(src/laser_ugv_system) by extension 'python'
[4.205s] Level 1:colcon.colcon_core.package_identification:_identify(src/laser_ugv_system) by extensions ['python_setup_py']
[4.205s] Level 1:colcon.colcon_core.package_identification:_identify(src/laser_ugv_system) by extension 'python_setup_py'
[4.205s] Level 1:colcon.colcon_core.package_identification:_identify(src/laser_ugv_system/images) by extensions ['ignore', 'ignore_ament_install']
[4.206s] Level 1:colcon.colcon_core.package_identification:_identify(src/laser_ugv_system/images) by extension 'ignore'
[4.206s] Level 1:colcon.colcon_core.package_identification:_identify(src/laser_ugv_system/images) by extension 'ignore_ament_install'
[4.206s] Level 1:colcon.colcon_core.package_identification:_identify(src/laser_ugv_system/images) by extensions ['colcon_pkg']
[4.206s] Level 1:colcon.colcon_core.package_identification:_identify(src/laser_ugv_system/images) by extension 'colcon_pkg'
[4.206s] Level 1:colcon.colcon_core.package_identification:_identify(src/laser_ugv_system/images) by extensions ['colcon_meta']
[4.206s] Level 1:colcon.colcon_core.package_identification:_identify(src/laser_ugv_system/images) by extension 'colcon_meta'
[4.206s] Level 1:colcon.colcon_core.package_identification:_identify(src/laser_ugv_system/images) by extensions ['ros']
[4.206s] Level 1:colcon.colcon_core.package_identification:_identify(src/laser_ugv_system/images) by extension 'ros'
[4.206s] Level 1:colcon.colcon_core.package_identification:_identify(src/laser_ugv_system/images) by extensions ['cmake', 'python']
[4.206s] Level 1:colcon.colcon_core.package_identification:_identify(src/laser_ugv_system/images) by extension 'cmake'
[4.206s] Level 1:colcon.colcon_core.package_identification:_identify(src/laser_ugv_system/images) by extension 'python'
[4.207s] Level 1:colcon.colcon_core.package_identification:_identify(src/laser_ugv_system/images) by extensions ['python_setup_py']
[4.207s] Level 1:colcon.colcon_core.package_identification:_identify(src/laser_ugv_system/images) by extension 'python_setup_py'
[4.207s] Level 1:colcon.colcon_core.package_identification:_identify(src/laser_ugv_system/ugv_navigation) by extensions ['ignore', 'ignore_ament_install']
[4.207s] Level 1:colcon.colcon_core.package_identification:_identify(src/laser_ugv_system/ugv_navigation) by extension 'ignore'
[4.207s] Level 1:colcon.colcon_core.package_identification:_identify(src/laser_ugv_system/ugv_navigation) by extension 'ignore_ament_install'
[4.207s] Level 1:colcon.colcon_core.package_identification:_identify(src/laser_ugv_system/ugv_navigation) by extensions ['colcon_pkg']
[4.207s] Level 1:colcon.colcon_core.package_identification:_identify(src/laser_ugv_system/ugv_navigation) by extension 'colcon_pkg'
[4.207s] Level 1:colcon.colcon_core.package_identification:_identify(src/laser_ugv_system/ugv_navigation) by extensions ['colcon_meta']
[4.207s] Level 1:colcon.colcon_core.package_identification:_identify(src/laser_ugv_system/ugv_navigation) by extension 'colcon_meta'
[4.207s] Level 1:colcon.colcon_core.package_identification:_identify(src/laser_ugv_system/ugv_navigation) by extensions ['ros']
[4.207s] Level 1:colcon.colcon_core.package_identification:_identify(src/laser_ugv_system/ugv_navigation) by extension 'ros'
[4.208s] DEBUG:colcon.colcon_core.package_identification:Package 'src/laser_ugv_system/ugv_navigation' with type 'ros.ament_cmake' and name 'ugv_navigation'
[4.209s] Level 1:colcon.colcon_core.package_identification:_identify(src/laser_ugv_system/ugv_robots_descriptions) by extensions ['ignore', 'ignore_ament_install']
[4.209s] Level 1:colcon.colcon_core.package_identification:_identify(src/laser_ugv_system/ugv_robots_descriptions) by extension 'ignore'
[4.209s] Level 1:colcon.colcon_core.package_identification:_identify(src/laser_ugv_system/ugv_robots_descriptions) by extension 'ignore_ament_install'
[4.209s] Level 1:colcon.colcon_core.package_identification:_identify(src/laser_ugv_system/ugv_robots_descriptions) by extensions ['colcon_pkg']
[4.209s] Level 1:colcon.colcon_core.package_identification:_identify(src/laser_ugv_system/ugv_robots_descriptions) by extension 'colcon_pkg'
[4.209s] Level 1:colcon.colcon_core.package_identification:_identify(src/laser_ugv_system/ugv_robots_descriptions) by extensions ['colcon_meta']
[4.209s] Level 1:colcon.colcon_core.package_identification:_identify(src/laser_ugv_system/ugv_robots_descriptions) by extension 'colcon_meta'
[4.209s] Level 1:colcon.colcon_core.package_identification:_identify(src/laser_ugv_system/ugv_robots_descriptions) by extensions ['ros']
[4.209s] Level 1:colcon.colcon_core.package_identification:_identify(src/laser_ugv_system/ugv_robots_descriptions) by extension 'ros'
[4.210s] DEBUG:colcon.colcon_core.package_identification:Package 'src/laser_ugv_system/ugv_robots_descriptions' with type 'ros.ament_cmake' and name 'ugv_robots_descriptions'
[4.211s] Level 1:colcon.colcon_core.package_identification:_identify(src/laser_ugv_system/ugv_simulation) by extensions ['ignore', 'ignore_ament_install']
[4.211s] Level 1:colcon.colcon_core.package_identification:_identify(src/laser_ugv_system/ugv_simulation) by extension 'ignore'
[4.211s] Level 1:colcon.colcon_core.package_identification:_identify(src/laser_ugv_system/ugv_simulation) by extension 'ignore_ament_install'
[4.211s] Level 1:colcon.colcon_core.package_identification:_identify(src/laser_ugv_system/ugv_simulation) by extensions ['colcon_pkg']
[4.211s] Level 1:colcon.colcon_core.package_identification:_identify(src/laser_ugv_system/ugv_simulation) by extension 'colcon_pkg'
[4.211s] Level 1:colcon.colcon_core.package_identification:_identify(src/laser_ugv_system/ugv_simulation) by extensions ['colcon_meta']
[4.211s] Level 1:colcon.colcon_core.package_identification:_identify(src/laser_ugv_system/ugv_simulation) by extension 'colcon_meta'
[4.211s] Level 1:colcon.colcon_core.package_identification:_identify(src/laser_ugv_system/ugv_simulation) by extensions ['ros']
[4.211s] Level 1:colcon.colcon_core.package_identification:_identify(src/laser_ugv_system/ugv_simulation) by extension 'ros'
[4.212s] DEBUG:colcon.colcon_core.package_identification:Package 'src/laser_ugv_system/ugv_simulation' with type 'ros.ament_cmake' and name 'ugv_simulation'
[4.212s] Level 1:colcon.colcon_core.package_identification:_identify(src/log) by extensions ['ignore', 'ignore_ament_install']
[4.213s] Level 1:colcon.colcon_core.package_identification:_identify(src/log) by extension 'ignore'
[4.213s] Level 1:colcon.colcon_core.package_identification:_identify(src/log) ignored
[4.213s] Level 1:colcon.colcon_core.package_identification:_identify(src/my_code) by extensions ['ignore', 'ignore_ament_install']
[4.213s] Level 1:colcon.colcon_core.package_identification:_identify(src/my_code) by extension 'ignore'
[4.213s] Level 1:colcon.colcon_core.package_identification:_identify(src/my_code) by extension 'ignore_ament_install'
[4.213s] Level 1:colcon.colcon_core.package_identification:_identify(src/my_code) by extensions ['colcon_pkg']
[4.213s] Level 1:colcon.colcon_core.package_identification:_identify(src/my_code) by extension 'colcon_pkg'
[4.213s] Level 1:colcon.colcon_core.package_identification:_identify(src/my_code) by extensions ['colcon_meta']
[4.213s] Level 1:colcon.colcon_core.package_identification:_identify(src/my_code) by extension 'colcon_meta'
[4.213s] Level 1:colcon.colcon_core.package_identification:_identify(src/my_code) by extensions ['ros']
[4.213s] Level 1:colcon.colcon_core.package_identification:_identify(src/my_code) by extension 'ros'
[4.214s] DEBUG:colcon.colcon_core.package_identification:Package 'src/my_code' with type 'ros.ament_cmake' and name 'my_code'
[4.214s] Level 1:colcon.colcon_core.package_identification:_identify(src/palletron_bringup) by extensions ['ignore', 'ignore_ament_install']
[4.215s] Level 1:colcon.colcon_core.package_identification:_identify(src/palletron_bringup) by extension 'ignore'
[4.215s] Level 1:colcon.colcon_core.package_identification:_identify(src/palletron_bringup) by extension 'ignore_ament_install'
[4.215s] Level 1:colcon.colcon_core.package_identification:_identify(src/palletron_bringup) by extensions ['colcon_pkg']
[4.215s] Level 1:colcon.colcon_core.package_identification:_identify(src/palletron_bringup) by extension 'colcon_pkg'
[4.215s] Level 1:colcon.colcon_core.package_identification:_identify(src/palletron_bringup) by extensions ['colcon_meta']
[4.215s] Level 1:colcon.colcon_core.package_identification:_identify(src/palletron_bringup) by extension 'colcon_meta'
[4.215s] Level 1:colcon.colcon_core.package_identification:_identify(src/palletron_bringup) by extensions ['ros']
[4.215s] Level 1:colcon.colcon_core.package_identification:_identify(src/palletron_bringup) by extension 'ros'
[4.216s] DEBUG:colcon.colcon_core.package_identification:Package 'src/palletron_bringup' with type 'ros.ament_cmake' and name 'palletron_bringup'
[4.216s] Level 1:colcon.colcon_core.package_identification:_identify(src/palletron_gazebo) by extensions ['ignore', 'ignore_ament_install']
[4.216s] Level 1:colcon.colcon_core.package_identification:_identify(src/palletron_gazebo) by extension 'ignore'
[4.217s] Level 1:colcon.colcon_core.package_identification:_identify(src/palletron_gazebo) by extension 'ignore_ament_install'
[4.217s] Level 1:colcon.colcon_core.package_identification:_identify(src/palletron_gazebo) by extensions ['colcon_pkg']
[4.217s] Level 1:colcon.colcon_core.package_identification:_identify(src/palletron_gazebo) by extension 'colcon_pkg'
[4.217s] Level 1:colcon.colcon_core.package_identification:_identify(src/palletron_gazebo) by extensions ['colcon_meta']
[4.217s] Level 1:colcon.colcon_core.package_identification:_identify(src/palletron_gazebo) by extension 'colcon_meta'
[4.217s] Level 1:colcon.colcon_core.package_identification:_identify(src/palletron_gazebo) by extensions ['ros']
[4.217s] Level 1:colcon.colcon_core.package_identification:_identify(src/palletron_gazebo) by extension 'ros'
[4.218s] DEBUG:colcon.colcon_core.package_identification:Package 'src/palletron_gazebo' with type 'ros.ament_cmake' and name 'palletron_gazebo'
[4.218s] Level 1:colcon.colcon_core.package_identification:_identify(src/palletron_visualization) by extensions ['ignore', 'ignore_ament_install']
[4.218s] Level 1:colcon.colcon_core.package_identification:_identify(src/palletron_visualization) by extension 'ignore'
[4.218s] Level 1:colcon.colcon_core.package_identification:_identify(src/palletron_visualization) by extension 'ignore_ament_install'
[4.219s] Level 1:colcon.colcon_core.package_identification:_identify(src/palletron_visualization) by extensions ['colcon_pkg']
[4.219s] Level 1:colcon.colcon_core.package_identification:_identify(src/palletron_visualization) by extension 'colcon_pkg'
[4.219s] Level 1:colcon.colcon_core.package_identification:_identify(src/palletron_visualization) by extensions ['colcon_meta']
[4.219s] Level 1:colcon.colcon_core.package_identification:_identify(src/palletron_visualization) by extension 'colcon_meta'
[4.219s] Level 1:colcon.colcon_core.package_identification:_identify(src/palletron_visualization) by extensions ['ros']
[4.219s] Level 1:colcon.colcon_core.package_identification:_identify(src/palletron_visualization) by extension 'ros'
[4.220s] DEBUG:colcon.colcon_core.package_identification:Package 'src/palletron_visualization' with type 'ros.ament_cmake' and name 'palletron_visualization'
[4.220s] Level 1:colcon.colcon_core.package_discovery:discover_packages(recursive) using defaults
[4.220s] Level 1:colcon.colcon_core.package_discovery:discover_packages(ignore) discover
[4.220s] Level 1:colcon.colcon_core.package_discovery:discover_packages(ignore) using defaults
[4.220s] Level 1:colcon.colcon_core.package_discovery:discover_packages(path) discover
[4.220s] Level 1:colcon.colcon_core.package_discovery:discover_packages(path) using defaults
[4.505s] INFO:colcon.colcon_core.package_selection:Skipping not selected package 'aws_robomaker_small_warehouse_world' in 'src/aws-robomaker-small-warehouse-world'
[4.505s] INFO:colcon.colcon_core.package_selection:Skipping not selected package 'cpp_pubsub' in 'src/cpp_pubsub'
[4.505s] INFO:colcon.colcon_core.package_selection:Skipping not selected package 'ira_laser_tools' in 'src/ira_laser_tools'
[4.505s] INFO:colcon.colcon_core.package_selection:Skipping not selected package 'my_code' in 'src/my_code'
[4.505s] INFO:colcon.colcon_core.package_selection:Skipping not selected package 'palletron_bringup' in 'src/palletron_bringup'
[4.505s] INFO:colcon.colcon_core.package_selection:Skipping not selected package 'palletron_gazebo' in 'src/palletron_gazebo'
[4.506s] INFO:colcon.colcon_core.package_selection:Skipping not selected package 'palletron_visualization' in 'src/palletron_visualization'
[4.506s] INFO:colcon.colcon_core.package_selection:Skipping not selected package 'ugv_navigation' in 'src/laser_ugv_system/ugv_navigation'
[4.506s] INFO:colcon.colcon_core.package_selection:Skipping not selected package 'ugv_robots_descriptions' in 'src/laser_ugv_system/ugv_robots_descriptions'
[4.506s] INFO:colcon.colcon_core.package_selection:Skipping not selected package 'ugv_simulation' in 'src/laser_ugv_system/ugv_simulation'
[4.534s] Level 1:colcon.colcon_core.package_discovery:discover_packages(prefix_path) check parameters
[4.534s] Level 1:colcon.colcon_core.package_discovery:discover_packages(prefix_path) discover
[4.538s] DEBUG:colcon.colcon_installed_package_information.package_discovery:Found 9 installed packages in /home/lucas/Documents/Pratica4/workspace_2/install
[4.541s] DEBUG:colcon.colcon_installed_package_information.package_discovery:Found 360 installed packages in /opt/ros/humble
[4.543s] Level 1:colcon.colcon_core.package_discovery:discover_packages(prefix_path) using defaults
[4.603s] ERROR:colcon.colcon_core.package_augmentation:Exception in package augmentation extension 'python': 
Traceback (most recent call last):
  File "/usr/lib/python3/dist-packages/colcon_core/package_augmentation/__init__.py", line 97, in augment_packages
    retval = extension.augment_packages(
  File "/usr/lib/python3/dist-packages/colcon_installed_package_information/package_augmentation/python.py", line 44, in augment_packages
    dist = next(iter(dists))
StopIteration

[4.613s] Level 5:colcon.colcon_core.verb:set package 'cpp_srvcli' build argument 'cmake_args' from command line to 'None'
[4.613s] Level 5:colcon.colcon_core.verb:set package 'cpp_srvcli' build argument 'cmake_target' from command line to 'None'
[4.613s] Level 5:colcon.colcon_core.verb:set package 'cpp_srvcli' build argument 'cmake_target_skip_unavailable' from command line to 'False'
[4.613s] Level 5:colcon.colcon_core.verb:set package 'cpp_srvcli' build argument 'cmake_clean_cache' from command line to 'False'
[4.613s] Level 5:colcon.colcon_core.verb:set package 'cpp_srvcli' build argument 'cmake_clean_first' from command line to 'False'
[4.613s] Level 5:colcon.colcon_core.verb:set package 'cpp_srvcli' build argument 'cmake_force_configure' from command line to 'False'
[4.613s] Level 5:colcon.colcon_core.verb:set package 'cpp_srvcli' build argument 'ament_cmake_args' from command line to 'None'
[4.613s] Level 5:colcon.colcon_core.verb:set package 'cpp_srvcli' build argument 'catkin_cmake_args' from command line to 'None'
[4.613s] Level 5:colcon.colcon_core.verb:set package 'cpp_srvcli' build argument 'catkin_skip_building_tests' from command line to 'False'
[4.613s] DEBUG:colcon.colcon_core.verb:Building package 'cpp_srvcli' with the following arguments: {'ament_cmake_args': None, 'build_base': '/home/lucas/Documents/Pratica4/workspace_2/build/cpp_srvcli', 'catkin_cmake_args': None, 'catkin_skip_building_tests': False, 'cmake_args': None, 'cmake_clean_cache': False, 'cmake_clean_first': False, 'cmake_force_configure': False, 'cmake_target': None, 'cmake_target_skip_unavailable': False, 'install_base': '/home/lucas/Documents/Pratica4/workspace_2/install/cpp_srvcli', 'merge_install': False, 'path': '/home/lucas/Documents/Pratica4/workspace_2/src/cpp_srvcli', 'symlink_install': False, 'test_result_base': None}
[4.614s] INFO:colcon.colcon_core.executor:Executing jobs using 'parallel' executor
[4.615s] DEBUG:colcon.colcon_parallel_executor.executor.parallel:run_until_complete
[4.616s] INFO:colcon.colcon_ros.task.ament_cmake.build:Building ROS package in '/home/lucas/Documents/Pratica4/workspace_2/src/cpp_srvcli' with build type 'ament_cmake'
[4.616s] INFO:colcon.colcon_cmake.task.cmake.build:Building CMake package in '/home/lucas/Documents/Pratica4/workspace_2/src/cpp_srvcli'
[4.677s] INFO:colcon.colcon_core.plugin_system:Skipping extension 'colcon_core.shell.bat': Not used on non-Windows systems
[4.677s] INFO:colcon.colcon_core.shell:Skip shell extension 'powershell' for command environment: Not usable outside of PowerShell
[4.677s] DEBUG:colcon.colcon_core.shell:Skip shell extension 'dsv' for command environment
[4.699s] DEBUG:colcon.colcon_core.event_handler.log_command:Invoking command in '/home/lucas/Documents/Pratica4/workspace_2/build/cpp_srvcli': CMAKE_PREFIX_PATH=${CMAKE_PREFIX_PATH}:/opt/ros/humble /usr/bin/cmake /home/lucas/Documents/Pratica4/workspace_2/src/cpp_srvcli -DCMAKE_INSTALL_PREFIX=/home/lucas/Documents/Pratica4/workspace_2/install/cpp_srvcli
[31.898s] DEBUG:colcon.colcon_core.event_handler.log_command:Invoked command in '/home/lucas/Documents/Pratica4/workspace_2/build/cpp_srvcli' returned '0': CMAKE_PREFIX_PATH=${CMAKE_PREFIX_PATH}:/opt/ros/humble /usr/bin/cmake /home/lucas/Documents/Pratica4/workspace_2/src/cpp_srvcli -DCMAKE_INSTALL_PREFIX=/home/lucas/Documents/Pratica4/workspace_2/install/cpp_srvcli
[31.899s] DEBUG:colcon.colcon_core.event_handler.log_command:Invoking command in '/home/lucas/Documents/Pratica4/workspace_2/build/cpp_srvcli': CMAKE_PREFIX_PATH=${CMAKE_PREFIX_PATH}:/opt/ros/humble /usr/bin/cmake --build /home/lucas/Documents/Pratica4/workspace_2/build/cpp_srvcli -- -j4 -l4
[31.967s] DEBUG:colcon.colcon_core.event_handler.log_command:Invoked command in '/home/lucas/Documents/Pratica4/workspace_2/build/cpp_srvcli' returned '0': CMAKE_PREFIX_PATH=${CMAKE_PREFIX_PATH}:/opt/ros/humble /usr/bin/cmake --build /home/lucas/Documents/Pratica4/workspace_2/build/cpp_srvcli -- -j4 -l4
[32.015s] DEBUG:colcon.colcon_core.event_handler.log_command:Invoking command in '/home/lucas/Documents/Pratica4/workspace_2/build/cpp_srvcli': CMAKE_PREFIX_PATH=${CMAKE_PREFIX_PATH}:/opt/ros/humble /usr/bin/cmake --install /home/lucas/Documents/Pratica4/workspace_2/build/cpp_srvcli
[32.032s] Level 1:colcon.colcon_core.environment:create_environment_scripts_only(cpp_srvcli)
[32.035s] DEBUG:colcon.colcon_core.event_handler.log_command:Invoked command in '/home/lucas/Documents/Pratica4/workspace_2/build/cpp_srvcli' returned '0': CMAKE_PREFIX_PATH=${CMAKE_PREFIX_PATH}:/opt/ros/humble /usr/bin/cmake --install /home/lucas/Documents/Pratica4/workspace_2/build/cpp_srvcli
[32.142s] Level 1:colcon.colcon_core.environment:checking '/home/lucas/Documents/Pratica4/workspace_2/install/cpp_srvcli' for CMake module files
[32.143s] Level 1:colcon.colcon_core.environment:checking '/home/lucas/Documents/Pratica4/workspace_2/install/cpp_srvcli' for CMake config files
[32.143s] Level 1:colcon.colcon_core.shell:create_environment_hook('cpp_srvcli', 'cmake_prefix_path')
[32.143s] INFO:colcon.colcon_core.shell:Creating environment hook '/home/lucas/Documents/Pratica4/workspace_2/install/cpp_srvcli/share/cpp_srvcli/hook/cmake_prefix_path.ps1'
[32.157s] INFO:colcon.colcon_core.shell:Creating environment descriptor '/home/lucas/Documents/Pratica4/workspace_2/install/cpp_srvcli/share/cpp_srvcli/hook/cmake_prefix_path.dsv'
[32.177s] INFO:colcon.colcon_core.shell:Creating environment hook '/home/lucas/Documents/Pratica4/workspace_2/install/cpp_srvcli/share/cpp_srvcli/hook/cmake_prefix_path.sh'
[32.179s] Level 1:colcon.colcon_core.environment:checking '/home/lucas/Documents/Pratica4/workspace_2/install/cpp_srvcli/bin'
[32.179s] Level 1:colcon.colcon_core.environment:checking '/home/lucas/Documents/Pratica4/workspace_2/install/cpp_srvcli/lib/pkgconfig/cpp_srvcli.pc'
[32.179s] Level 1:colcon.colcon_core.environment:checking '/home/lucas/Documents/Pratica4/workspace_2/install/cpp_srvcli/lib/python3.10/site-packages'
[32.179s] Level 1:colcon.colcon_core.environment:checking '/home/lucas/Documents/Pratica4/workspace_2/install/cpp_srvcli/bin'
[32.180s] INFO:colcon.colcon_core.shell:Creating package script '/home/lucas/Documents/Pratica4/workspace_2/install/cpp_srvcli/share/cpp_srvcli/package.ps1'
[32.181s] INFO:colcon.colcon_core.shell:Creating package descriptor '/home/lucas/Documents/Pratica4/workspace_2/install/cpp_srvcli/share/cpp_srvcli/package.dsv'
[32.182s] INFO:colcon.colcon_core.shell:Creating package script '/home/lucas/Documents/Pratica4/workspace_2/install/cpp_srvcli/share/cpp_srvcli/package.sh'
[32.183s] INFO:colcon.colcon_core.shell:Creating package script '/home/lucas/Documents/Pratica4/workspace_2/install/cpp_srvcli/share/cpp_srvcli/package.bash'
[32.194s] INFO:colcon.colcon_core.shell:Creating package script '/home/lucas/Documents/Pratica4/workspace_2/install/cpp_srvcli/share/cpp_srvcli/package.zsh'
[32.199s] Level 1:colcon.colcon_core.environment:create_file_with_runtime_dependencies(/home/lucas/Documents/Pratica4/workspace_2/install/cpp_srvcli/share/colcon-core/packages/cpp_srvcli)
[32.232s] Level 1:colcon.colcon_core.environment:create_environment_scripts_only(cpp_srvcli)
[32.233s] Level 1:colcon.colcon_core.environment:checking '/home/lucas/Documents/Pratica4/workspace_2/install/cpp_srvcli' for CMake module files
[32.234s] Level 1:colcon.colcon_core.environment:checking '/home/lucas/Documents/Pratica4/workspace_2/install/cpp_srvcli' for CMake config files
[32.234s] Level 1:colcon.colcon_core.shell:create_environment_hook('cpp_srvcli', 'cmake_prefix_path')
[32.235s] INFO:colcon.colcon_core.shell:Creating environment hook '/home/lucas/Documents/Pratica4/workspace_2/install/cpp_srvcli/share/cpp_srvcli/hook/cmake_prefix_path.ps1'
[32.235s] INFO:colcon.colcon_core.shell:Creating environment descriptor '/home/lucas/Documents/Pratica4/workspace_2/install/cpp_srvcli/share/cpp_srvcli/hook/cmake_prefix_path.dsv'
[32.236s] INFO:colcon.colcon_core.shell:Creating environment hook '/home/lucas/Documents/Pratica4/workspace_2/install/cpp_srvcli/share/cpp_srvcli/hook/cmake_prefix_path.sh'
[32.237s] Level 1:colcon.colcon_core.environment:checking '/home/lucas/Documents/Pratica4/workspace_2/install/cpp_srvcli/bin'
[32.237s] Level 1:colcon.colcon_core.environment:checking '/home/lucas/Documents/Pratica4/workspace_2/install/cpp_srvcli/lib/pkgconfig/cpp_srvcli.pc'
[32.237s] Level 1:colcon.colcon_core.environment:checking '/home/lucas/Documents/Pratica4/workspace_2/install/cpp_srvcli/lib/python3.10/site-packages'
[32.238s] Level 1:colcon.colcon_core.environment:checking '/home/lucas/Documents/Pratica4/workspace_2/install/cpp_srvcli/bin'
[32.238s] INFO:colcon.colcon_core.shell:Creating package script '/home/lucas/Documents/Pratica4/workspace_2/install/cpp_srvcli/share/cpp_srvcli/package.ps1'
[32.239s] INFO:colcon.colcon_core.shell:Creating package descriptor '/home/lucas/Documents/Pratica4/workspace_2/install/cpp_srvcli/share/cpp_srvcli/package.dsv'
[32.240s] INFO:colcon.colcon_core.shell:Creating package script '/home/lucas/Documents/Pratica4/workspace_2/install/cpp_srvcli/share/cpp_srvcli/package.sh'
[32.241s] INFO:colcon.colcon_core.shell:Creating package script '/home/lucas/Documents/Pratica4/workspace_2/install/cpp_srvcli/share/cpp_srvcli/package.bash'
[32.241s] INFO:colcon.colcon_core.shell:Creating package script '/home/lucas/Documents/Pratica4/workspace_2/install/cpp_srvcli/share/cpp_srvcli/package.zsh'
[32.242s] Level 1:colcon.colcon_core.environment:create_file_with_runtime_dependencies(/home/lucas/Documents/Pratica4/workspace_2/install/cpp_srvcli/share/colcon-core/packages/cpp_srvcli)
[32.243s] DEBUG:colcon.colcon_parallel_executor.executor.parallel:closing loop
[32.244s] DEBUG:colcon.colcon_parallel_executor.executor.parallel:loop closed
[32.244s] DEBUG:colcon.colcon_parallel_executor.executor.parallel:run_until_complete finished with '0'
[32.244s] DEBUG:colcon.colcon_core.event_reactor:joining thread
[32.268s] INFO:colcon.colcon_core.plugin_system:Skipping extension 'colcon_notification.desktop_notification.terminal_notifier': Not used on non-Darwin systems
[32.268s] INFO:colcon.colcon_core.plugin_system:Skipping extension 'colcon_notification.desktop_notification.win32': Not used on non-Windows systems
[32.268s] INFO:colcon.colcon_notification.desktop_notification:Sending desktop notification using 'notify2'
[32.298s] DEBUG:colcon.colcon_core.event_reactor:joined thread
[32.299s] INFO:colcon.colcon_core.shell:Creating prefix script '/home/lucas/Documents/Pratica4/workspace_2/install/local_setup.ps1'
[32.302s] INFO:colcon.colcon_core.shell:Creating prefix util module '/home/lucas/Documents/Pratica4/workspace_2/install/_local_setup_util_ps1.py'
[32.312s] INFO:colcon.colcon_core.shell:Creating prefix chain script '/home/lucas/Documents/Pratica4/workspace_2/install/setup.ps1'
[32.315s] INFO:colcon.colcon_core.shell:Creating prefix script '/home/lucas/Documents/Pratica4/workspace_2/install/local_setup.sh'
[32.317s] INFO:colcon.colcon_core.shell:Creating prefix util module '/home/lucas/Documents/Pratica4/workspace_2/install/_local_setup_util_sh.py'
[32.317s] INFO:colcon.colcon_core.shell:Creating prefix chain script '/home/lucas/Documents/Pratica4/workspace_2/install/setup.sh'
[32.321s] INFO:colcon.colcon_core.shell:Creating prefix script '/home/lucas/Documents/Pratica4/workspace_2/install/local_setup.bash'
[32.323s] INFO:colcon.colcon_core.shell:Creating prefix chain script '/home/lucas/Documents/Pratica4/workspace_2/install/setup.bash'
[32.326s] INFO:colcon.colcon_core.shell:Creating prefix script '/home/lucas/Documents/Pratica4/workspace_2/install/local_setup.zsh'
[32.327s] INFO:colcon.colcon_core.shell:Creating prefix chain script '/home/lucas/Documents/Pratica4/workspace_2/install/setup.zsh'
