[0.084s] Invoking command in '/home/lucas/Documents/Pratica4/workspace_2/build/cpp_parameters': CMAKE_PREFIX_PATH=${CMAKE_PREFIX_PATH}:/opt/ros/humble /usr/bin/cmake --build /home/lucas/Documents/Pratica4/workspace_2/build/cpp_parameters -- -j4 -l4
[0.311s] [35m[1mConsolidate compiler generated dependencies of target minimal_param_node[0m
[0.449s] [100%] Built target minimal_param_node
[0.514s] Invoked command in '/home/lucas/Documents/Pratica4/workspace_2/build/cpp_parameters' returned '0': CMAKE_PREFIX_PATH=${CMAKE_PREFIX_PATH}:/opt/ros/humble /usr/bin/cmake --build /home/lucas/Documents/Pratica4/workspace_2/build/cpp_parameters -- -j4 -l4
[0.674s] Invoking command in '/home/lucas/Documents/Pratica4/workspace_2/build/cpp_parameters': CMAKE_PREFIX_PATH=${CMAKE_PREFIX_PATH}:/opt/ros/humble /usr/bin/cmake --install /home/lucas/Documents/Pratica4/workspace_2/build/cpp_parameters
[0.683s] -- Install configuration: ""
[0.686s] -- Up-to-date: /home/lucas/Documents/Pratica4/workspace_2/install/cpp_parameters/lib/cpp_parameters/minimal_param_node
[0.687s] -- Up-to-date: /home/lucas/Documents/Pratica4/workspace_2/install/cpp_parameters/share/cpp_parameters/launch
[0.691s] -- Up-to-date: /home/lucas/Documents/Pratica4/workspace_2/install/cpp_parameters/share/cpp_parameters/launch/cpp_parameters_launch.py
[0.692s] -- Up-to-date: /home/lucas/Documents/Pratica4/workspace_2/install/cpp_parameters/share/ament_index/resource_index/package_run_dependencies/cpp_parameters
[0.692s] -- Up-to-date: /home/lucas/Documents/Pratica4/workspace_2/install/cpp_parameters/share/ament_index/resource_index/parent_prefix_path/cpp_parameters
[0.692s] -- Up-to-date: /home/lucas/Documents/Pratica4/workspace_2/install/cpp_parameters/share/cpp_parameters/environment/ament_prefix_path.sh
[0.692s] -- Up-to-date: /home/lucas/Documents/Pratica4/workspace_2/install/cpp_parameters/share/cpp_parameters/environment/ament_prefix_path.dsv
[0.693s] -- Up-to-date: /home/lucas/Documents/Pratica4/workspace_2/install/cpp_parameters/share/cpp_parameters/environment/path.sh
[0.693s] -- Up-to-date: /home/lucas/Documents/Pratica4/workspace_2/install/cpp_parameters/share/cpp_parameters/environment/path.dsv
[0.693s] -- Up-to-date: /home/lucas/Documents/Pratica4/workspace_2/install/cpp_parameters/share/cpp_parameters/local_setup.bash
[0.693s] -- Up-to-date: /home/lucas/Documents/Pratica4/workspace_2/install/cpp_parameters/share/cpp_parameters/local_setup.sh
[0.693s] -- Up-to-date: /home/lucas/Documents/Pratica4/workspace_2/install/cpp_parameters/share/cpp_parameters/local_setup.zsh
[0.694s] -- Up-to-date: /home/lucas/Documents/Pratica4/workspace_2/install/cpp_parameters/share/cpp_parameters/local_setup.dsv
[0.694s] -- Installing: /home/lucas/Documents/Pratica4/workspace_2/install/cpp_parameters/share/cpp_parameters/package.dsv
[0.694s] -- Up-to-date: /home/lucas/Documents/Pratica4/workspace_2/install/cpp_parameters/share/ament_index/resource_index/packages/cpp_parameters
[0.694s] -- Up-to-date: /home/lucas/Documents/Pratica4/workspace_2/install/cpp_parameters/share/cpp_parameters/cmake/cpp_parametersConfig.cmake
[0.694s] -- Up-to-date: /home/lucas/Documents/Pratica4/workspace_2/install/cpp_parameters/share/cpp_parameters/cmake/cpp_parametersConfig-version.cmake
[0.694s] -- Up-to-date: /home/lucas/Documents/Pratica4/workspace_2/install/cpp_parameters/share/cpp_parameters/package.xml
[0.702s] Invoked command in '/home/lucas/Documents/Pratica4/workspace_2/build/cpp_parameters' returned '0': CMAKE_PREFIX_PATH=${CMAKE_PREFIX_PATH}:/opt/ros/humble /usr/bin/cmake --install /home/lucas/Documents/Pratica4/workspace_2/build/cpp_parameters
