[0.123s] DEBUG:colcon:Command line arguments: ['/usr/bin/colcon', 'build', '--packages-up-to', 'more_interfaces']
[0.124s] DEBUG:colcon:Parsed command line arguments: Namespace(log_base=None, log_level=None, verb_name='build', build_base='build', install_base='install', merge_install=False, symlink_install=False, test_result_base=None, continue_on_error=False, executor='parallel', parallel_workers=4, event_handlers=None, ignore_user_meta=False, metas=['./colcon.meta'], base_paths=['.'], packages_ignore=None, packages_ignore_regex=None, paths=None, packages_up_to=['more_interfaces'], packages_up_to_regex=None, packages_above=None, packages_above_and_dependencies=None, packages_above_depth=None, packages_select_by_dep=None, packages_skip_by_dep=None, packages_skip_up_to=None, packages_select_build_failed=False, packages_skip_build_finished=False, packages_select_test_failures=False, packages_skip_test_passed=False, packages_select=None, packages_skip=None, packages_select_regex=None, packages_skip_regex=None, packages_start=None, packages_end=None, allow_overriding=[], cmake_args=None, cmake_target=None, cmake_target_skip_unavailable=False, cmake_clean_cache=False, cmake_clean_first=False, cmake_force_configure=False, ament_cmake_args=None, catkin_cmake_args=None, catkin_skip_building_tests=False, verb_parser=<colcon_defaults.argument_parser.defaults.DefaultArgumentsDecorator object at 0x7ed92bc45150>, verb_extension=<colcon_core.verb.build.BuildVerb object at 0x7ed92bc44c40>, main=<bound method BuildVerb.main of <colcon_core.verb.build.BuildVerb object at 0x7ed92bc44c40>>)
[0.329s] Level 1:colcon.colcon_core.package_discovery:discover_packages(colcon_meta) check parameters
[0.329s] Level 1:colcon.colcon_core.package_discovery:discover_packages(recursive) check parameters
[0.329s] Level 1:colcon.colcon_core.package_discovery:discover_packages(ignore) check parameters
[0.329s] Level 1:colcon.colcon_core.package_discovery:discover_packages(path) check parameters
[0.329s] Level 1:colcon.colcon_core.package_discovery:discover_packages(colcon_meta) discover
[0.329s] Level 1:colcon.colcon_core.package_discovery:discover_packages(recursive) discover
[0.330s] INFO:colcon.colcon_core.package_discovery:Crawling recursively for packages in '/home/lucas/Documents/Pratica4/workspace_2'
[0.330s] Level 1:colcon.colcon_core.package_identification:_identify(.) by extensions ['ignore', 'ignore_ament_install']
[0.330s] Level 1:colcon.colcon_core.package_identification:_identify(.) by extension 'ignore'
[0.330s] Level 1:colcon.colcon_core.package_identification:_identify(.) by extension 'ignore_ament_install'
[0.330s] Level 1:colcon.colcon_core.package_identification:_identify(.) by extensions ['colcon_pkg']
[0.330s] Level 1:colcon.colcon_core.package_identification:_identify(.) by extension 'colcon_pkg'
[0.330s] Level 1:colcon.colcon_core.package_identification:_identify(.) by extensions ['colcon_meta']
[0.330s] Level 1:colcon.colcon_core.package_identification:_identify(.) by extension 'colcon_meta'
[0.330s] Level 1:colcon.colcon_core.package_identification:_identify(.) by extensions ['ros']
[0.330s] Level 1:colcon.colcon_core.package_identification:_identify(.) by extension 'ros'
[0.346s] Level 1:colcon.colcon_core.package_identification:_identify(.) by extensions ['cmake', 'python']
[0.346s] Level 1:colcon.colcon_core.package_identification:_identify(.) by extension 'cmake'
[0.346s] Level 1:colcon.colcon_core.package_identification:_identify(.) by extension 'python'
[0.346s] Level 1:colcon.colcon_core.package_identification:_identify(.) by extensions ['python_setup_py']
[0.346s] Level 1:colcon.colcon_core.package_identification:_identify(.) by extension 'python_setup_py'
[0.347s] Level 1:colcon.colcon_core.package_identification:_identify(build) by extensions ['ignore', 'ignore_ament_install']
[0.347s] Level 1:colcon.colcon_core.package_identification:_identify(build) by extension 'ignore'
[0.347s] Level 1:colcon.colcon_core.package_identification:_identify(build) ignored
[0.347s] Level 1:colcon.colcon_core.package_identification:_identify(install) by extensions ['ignore', 'ignore_ament_install']
[0.347s] Level 1:colcon.colcon_core.package_identification:_identify(install) by extension 'ignore'
[0.347s] Level 1:colcon.colcon_core.package_identification:_identify(install) ignored
[0.348s] Level 1:colcon.colcon_core.package_identification:_identify(log) by extensions ['ignore', 'ignore_ament_install']
[0.348s] Level 1:colcon.colcon_core.package_identification:_identify(log) by extension 'ignore'
[0.348s] Level 1:colcon.colcon_core.package_identification:_identify(log) ignored
[0.348s] Level 1:colcon.colcon_core.package_identification:_identify(src) by extensions ['ignore', 'ignore_ament_install']
[0.348s] Level 1:colcon.colcon_core.package_identification:_identify(src) by extension 'ignore'
[0.348s] Level 1:colcon.colcon_core.package_identification:_identify(src) by extension 'ignore_ament_install'
[0.348s] Level 1:colcon.colcon_core.package_identification:_identify(src) by extensions ['colcon_pkg']
[0.348s] Level 1:colcon.colcon_core.package_identification:_identify(src) by extension 'colcon_pkg'
[0.348s] Level 1:colcon.colcon_core.package_identification:_identify(src) by extensions ['colcon_meta']
[0.348s] Level 1:colcon.colcon_core.package_identification:_identify(src) by extension 'colcon_meta'
[0.349s] Level 1:colcon.colcon_core.package_identification:_identify(src) by extensions ['ros']
[0.349s] Level 1:colcon.colcon_core.package_identification:_identify(src) by extension 'ros'
[0.349s] Level 1:colcon.colcon_core.package_identification:_identify(src) by extensions ['cmake', 'python']
[0.349s] Level 1:colcon.colcon_core.package_identification:_identify(src) by extension 'cmake'
[0.349s] Level 1:colcon.colcon_core.package_identification:_identify(src) by extension 'python'
[0.349s] Level 1:colcon.colcon_core.package_identification:_identify(src) by extensions ['python_setup_py']
[0.349s] Level 1:colcon.colcon_core.package_identification:_identify(src) by extension 'python_setup_py'
[0.349s] Level 1:colcon.colcon_core.package_identification:_identify(src/aws-robomaker-small-warehouse-world) by extensions ['ignore', 'ignore_ament_install']
[0.349s] Level 1:colcon.colcon_core.package_identification:_identify(src/aws-robomaker-small-warehouse-world) by extension 'ignore'
[0.349s] Level 1:colcon.colcon_core.package_identification:_identify(src/aws-robomaker-small-warehouse-world) by extension 'ignore_ament_install'
[0.350s] Level 1:colcon.colcon_core.package_identification:_identify(src/aws-robomaker-small-warehouse-world) by extensions ['colcon_pkg']
[0.350s] Level 1:colcon.colcon_core.package_identification:_identify(src/aws-robomaker-small-warehouse-world) by extension 'colcon_pkg'
[0.350s] Level 1:colcon.colcon_core.package_identification:_identify(src/aws-robomaker-small-warehouse-world) by extensions ['colcon_meta']
[0.350s] Level 1:colcon.colcon_core.package_identification:_identify(src/aws-robomaker-small-warehouse-world) by extension 'colcon_meta'
[0.350s] Level 1:colcon.colcon_core.package_identification:_identify(src/aws-robomaker-small-warehouse-world) by extensions ['ros']
[0.350s] Level 1:colcon.colcon_core.package_identification:_identify(src/aws-robomaker-small-warehouse-world) by extension 'ros'
[0.354s] DEBUG:colcon.colcon_core.package_identification:Package 'src/aws-robomaker-small-warehouse-world' with type 'ros.ament_cmake' and name 'aws_robomaker_small_warehouse_world'
[0.354s] Level 1:colcon.colcon_core.package_identification:_identify(src/build) by extensions ['ignore', 'ignore_ament_install']
[0.354s] Level 1:colcon.colcon_core.package_identification:_identify(src/build) by extension 'ignore'
[0.354s] Level 1:colcon.colcon_core.package_identification:_identify(src/build) ignored
[0.355s] Level 1:colcon.colcon_core.package_identification:_identify(src/cpp_pubsub) by extensions ['ignore', 'ignore_ament_install']
[0.355s] Level 1:colcon.colcon_core.package_identification:_identify(src/cpp_pubsub) by extension 'ignore'
[0.355s] Level 1:colcon.colcon_core.package_identification:_identify(src/cpp_pubsub) by extension 'ignore_ament_install'
[0.355s] Level 1:colcon.colcon_core.package_identification:_identify(src/cpp_pubsub) by extensions ['colcon_pkg']
[0.355s] Level 1:colcon.colcon_core.package_identification:_identify(src/cpp_pubsub) by extension 'colcon_pkg'
[0.355s] Level 1:colcon.colcon_core.package_identification:_identify(src/cpp_pubsub) by extensions ['colcon_meta']
[0.355s] Level 1:colcon.colcon_core.package_identification:_identify(src/cpp_pubsub) by extension 'colcon_meta'
[0.355s] Level 1:colcon.colcon_core.package_identification:_identify(src/cpp_pubsub) by extensions ['ros']
[0.355s] Level 1:colcon.colcon_core.package_identification:_identify(src/cpp_pubsub) by extension 'ros'
[0.357s] DEBUG:colcon.colcon_core.package_identification:Package 'src/cpp_pubsub' with type 'ros.ament_cmake' and name 'cpp_pubsub'
[0.357s] Level 1:colcon.colcon_core.package_identification:_identify(src/cpp_srvcli) by extensions ['ignore', 'ignore_ament_install']
[0.357s] Level 1:colcon.colcon_core.package_identification:_identify(src/cpp_srvcli) by extension 'ignore'
[0.357s] Level 1:colcon.colcon_core.package_identification:_identify(src/cpp_srvcli) by extension 'ignore_ament_install'
[0.357s] Level 1:colcon.colcon_core.package_identification:_identify(src/cpp_srvcli) by extensions ['colcon_pkg']
[0.357s] Level 1:colcon.colcon_core.package_identification:_identify(src/cpp_srvcli) by extension 'colcon_pkg'
[0.357s] Level 1:colcon.colcon_core.package_identification:_identify(src/cpp_srvcli) by extensions ['colcon_meta']
[0.357s] Level 1:colcon.colcon_core.package_identification:_identify(src/cpp_srvcli) by extension 'colcon_meta'
[0.357s] Level 1:colcon.colcon_core.package_identification:_identify(src/cpp_srvcli) by extensions ['ros']
[0.357s] Level 1:colcon.colcon_core.package_identification:_identify(src/cpp_srvcli) by extension 'ros'
[0.359s] DEBUG:colcon.colcon_core.package_identification:Package 'src/cpp_srvcli' with type 'ros.ament_cmake' and name 'cpp_srvcli'
[0.359s] Level 1:colcon.colcon_core.package_identification:_identify(src/install) by extensions ['ignore', 'ignore_ament_install']
[0.359s] Level 1:colcon.colcon_core.package_identification:_identify(src/install) by extension 'ignore'
[0.359s] Level 1:colcon.colcon_core.package_identification:_identify(src/install) ignored
[0.359s] Level 1:colcon.colcon_core.package_identification:_identify(src/ira_laser_tools) by extensions ['ignore', 'ignore_ament_install']
[0.359s] Level 1:colcon.colcon_core.package_identification:_identify(src/ira_laser_tools) by extension 'ignore'
[0.359s] Level 1:colcon.colcon_core.package_identification:_identify(src/ira_laser_tools) by extension 'ignore_ament_install'
[0.360s] Level 1:colcon.colcon_core.package_identification:_identify(src/ira_laser_tools) by extensions ['colcon_pkg']
[0.360s] Level 1:colcon.colcon_core.package_identification:_identify(src/ira_laser_tools) by extension 'colcon_pkg'
[0.360s] Level 1:colcon.colcon_core.package_identification:_identify(src/ira_laser_tools) by extensions ['colcon_meta']
[0.360s] Level 1:colcon.colcon_core.package_identification:_identify(src/ira_laser_tools) by extension 'colcon_meta'
[0.360s] Level 1:colcon.colcon_core.package_identification:_identify(src/ira_laser_tools) by extensions ['ros']
[0.360s] Level 1:colcon.colcon_core.package_identification:_identify(src/ira_laser_tools) by extension 'ros'
[0.363s] DEBUG:colcon.colcon_core.package_identification:Package 'src/ira_laser_tools' with type 'ros.ament_cmake' and name 'ira_laser_tools'
[0.363s] Level 1:colcon.colcon_core.package_identification:_identify(src/laser_ugv_system) by extensions ['ignore', 'ignore_ament_install']
[0.363s] Level 1:colcon.colcon_core.package_identification:_identify(src/laser_ugv_system) by extension 'ignore'
[0.363s] Level 1:colcon.colcon_core.package_identification:_identify(src/laser_ugv_system) by extension 'ignore_ament_install'
[0.363s] Level 1:colcon.colcon_core.package_identification:_identify(src/laser_ugv_system) by extensions ['colcon_pkg']
[0.363s] Level 1:colcon.colcon_core.package_identification:_identify(src/laser_ugv_system) by extension 'colcon_pkg'
[0.364s] Level 1:colcon.colcon_core.package_identification:_identify(src/laser_ugv_system) by extensions ['colcon_meta']
[0.364s] Level 1:colcon.colcon_core.package_identification:_identify(src/laser_ugv_system) by extension 'colcon_meta'
[0.364s] Level 1:colcon.colcon_core.package_identification:_identify(src/laser_ugv_system) by extensions ['ros']
[0.364s] Level 1:colcon.colcon_core.package_identification:_identify(src/laser_ugv_system) by extension 'ros'
[0.364s] Level 1:colcon.colcon_core.package_identification:_identify(src/laser_ugv_system) by extensions ['cmake', 'python']
[0.364s] Level 1:colcon.colcon_core.package_identification:_identify(src/laser_ugv_system) by extension 'cmake'
[0.364s] Level 1:colcon.colcon_core.package_identification:_identify(src/laser_ugv_system) by extension 'python'
[0.364s] Level 1:colcon.colcon_core.package_identification:_identify(src/laser_ugv_system) by extensions ['python_setup_py']
[0.364s] Level 1:colcon.colcon_core.package_identification:_identify(src/laser_ugv_system) by extension 'python_setup_py'
[0.364s] Level 1:colcon.colcon_core.package_identification:_identify(src/laser_ugv_system/images) by extensions ['ignore', 'ignore_ament_install']
[0.365s] Level 1:colcon.colcon_core.package_identification:_identify(src/laser_ugv_system/images) by extension 'ignore'
[0.365s] Level 1:colcon.colcon_core.package_identification:_identify(src/laser_ugv_system/images) by extension 'ignore_ament_install'
[0.365s] Level 1:colcon.colcon_core.package_identification:_identify(src/laser_ugv_system/images) by extensions ['colcon_pkg']
[0.365s] Level 1:colcon.colcon_core.package_identification:_identify(src/laser_ugv_system/images) by extension 'colcon_pkg'
[0.365s] Level 1:colcon.colcon_core.package_identification:_identify(src/laser_ugv_system/images) by extensions ['colcon_meta']
[0.365s] Level 1:colcon.colcon_core.package_identification:_identify(src/laser_ugv_system/images) by extension 'colcon_meta'
[0.365s] Level 1:colcon.colcon_core.package_identification:_identify(src/laser_ugv_system/images) by extensions ['ros']
[0.365s] Level 1:colcon.colcon_core.package_identification:_identify(src/laser_ugv_system/images) by extension 'ros'
[0.365s] Level 1:colcon.colcon_core.package_identification:_identify(src/laser_ugv_system/images) by extensions ['cmake', 'python']
[0.365s] Level 1:colcon.colcon_core.package_identification:_identify(src/laser_ugv_system/images) by extension 'cmake'
[0.365s] Level 1:colcon.colcon_core.package_identification:_identify(src/laser_ugv_system/images) by extension 'python'
[0.366s] Level 1:colcon.colcon_core.package_identification:_identify(src/laser_ugv_system/images) by extensions ['python_setup_py']
[0.366s] Level 1:colcon.colcon_core.package_identification:_identify(src/laser_ugv_system/images) by extension 'python_setup_py'
[0.366s] Level 1:colcon.colcon_core.package_identification:_identify(src/laser_ugv_system/ugv_navigation) by extensions ['ignore', 'ignore_ament_install']
[0.366s] Level 1:colcon.colcon_core.package_identification:_identify(src/laser_ugv_system/ugv_navigation) by extension 'ignore'
[0.366s] Level 1:colcon.colcon_core.package_identification:_identify(src/laser_ugv_system/ugv_navigation) by extension 'ignore_ament_install'
[0.366s] Level 1:colcon.colcon_core.package_identification:_identify(src/laser_ugv_system/ugv_navigation) by extensions ['colcon_pkg']
[0.366s] Level 1:colcon.colcon_core.package_identification:_identify(src/laser_ugv_system/ugv_navigation) by extension 'colcon_pkg'
[0.366s] Level 1:colcon.colcon_core.package_identification:_identify(src/laser_ugv_system/ugv_navigation) by extensions ['colcon_meta']
[0.366s] Level 1:colcon.colcon_core.package_identification:_identify(src/laser_ugv_system/ugv_navigation) by extension 'colcon_meta'
[0.366s] Level 1:colcon.colcon_core.package_identification:_identify(src/laser_ugv_system/ugv_navigation) by extensions ['ros']
[0.367s] Level 1:colcon.colcon_core.package_identification:_identify(src/laser_ugv_system/ugv_navigation) by extension 'ros'
[0.367s] DEBUG:colcon.colcon_core.package_identification:Package 'src/laser_ugv_system/ugv_navigation' with type 'ros.ament_cmake' and name 'ugv_navigation'
[0.368s] Level 1:colcon.colcon_core.package_identification:_identify(src/laser_ugv_system/ugv_robots_descriptions) by extensions ['ignore', 'ignore_ament_install']
[0.368s] Level 1:colcon.colcon_core.package_identification:_identify(src/laser_ugv_system/ugv_robots_descriptions) by extension 'ignore'
[0.368s] Level 1:colcon.colcon_core.package_identification:_identify(src/laser_ugv_system/ugv_robots_descriptions) by extension 'ignore_ament_install'
[0.368s] Level 1:colcon.colcon_core.package_identification:_identify(src/laser_ugv_system/ugv_robots_descriptions) by extensions ['colcon_pkg']
[0.368s] Level 1:colcon.colcon_core.package_identification:_identify(src/laser_ugv_system/ugv_robots_descriptions) by extension 'colcon_pkg'
[0.368s] Level 1:colcon.colcon_core.package_identification:_identify(src/laser_ugv_system/ugv_robots_descriptions) by extensions ['colcon_meta']
[0.368s] Level 1:colcon.colcon_core.package_identification:_identify(src/laser_ugv_system/ugv_robots_descriptions) by extension 'colcon_meta'
[0.368s] Level 1:colcon.colcon_core.package_identification:_identify(src/laser_ugv_system/ugv_robots_descriptions) by extensions ['ros']
[0.368s] Level 1:colcon.colcon_core.package_identification:_identify(src/laser_ugv_system/ugv_robots_descriptions) by extension 'ros'
[0.369s] DEBUG:colcon.colcon_core.package_identification:Package 'src/laser_ugv_system/ugv_robots_descriptions' with type 'ros.ament_cmake' and name 'ugv_robots_descriptions'
[0.370s] Level 1:colcon.colcon_core.package_identification:_identify(src/laser_ugv_system/ugv_simulation) by extensions ['ignore', 'ignore_ament_install']
[0.370s] Level 1:colcon.colcon_core.package_identification:_identify(src/laser_ugv_system/ugv_simulation) by extension 'ignore'
[0.370s] Level 1:colcon.colcon_core.package_identification:_identify(src/laser_ugv_system/ugv_simulation) by extension 'ignore_ament_install'
[0.370s] Level 1:colcon.colcon_core.package_identification:_identify(src/laser_ugv_system/ugv_simulation) by extensions ['colcon_pkg']
[0.370s] Level 1:colcon.colcon_core.package_identification:_identify(src/laser_ugv_system/ugv_simulation) by extension 'colcon_pkg'
[0.370s] Level 1:colcon.colcon_core.package_identification:_identify(src/laser_ugv_system/ugv_simulation) by extensions ['colcon_meta']
[0.370s] Level 1:colcon.colcon_core.package_identification:_identify(src/laser_ugv_system/ugv_simulation) by extension 'colcon_meta'
[0.370s] Level 1:colcon.colcon_core.package_identification:_identify(src/laser_ugv_system/ugv_simulation) by extensions ['ros']
[0.370s] Level 1:colcon.colcon_core.package_identification:_identify(src/laser_ugv_system/ugv_simulation) by extension 'ros'
[0.371s] DEBUG:colcon.colcon_core.package_identification:Package 'src/laser_ugv_system/ugv_simulation' with type 'ros.ament_cmake' and name 'ugv_simulation'
[0.371s] Level 1:colcon.colcon_core.package_identification:_identify(src/log) by extensions ['ignore', 'ignore_ament_install']
[0.372s] Level 1:colcon.colcon_core.package_identification:_identify(src/log) by extension 'ignore'
[0.372s] Level 1:colcon.colcon_core.package_identification:_identify(src/log) ignored
[0.372s] Level 1:colcon.colcon_core.package_identification:_identify(src/more_interfaces) by extensions ['ignore', 'ignore_ament_install']
[0.372s] Level 1:colcon.colcon_core.package_identification:_identify(src/more_interfaces) by extension 'ignore'
[0.372s] Level 1:colcon.colcon_core.package_identification:_identify(src/more_interfaces) by extension 'ignore_ament_install'
[0.372s] Level 1:colcon.colcon_core.package_identification:_identify(src/more_interfaces) by extensions ['colcon_pkg']
[0.372s] Level 1:colcon.colcon_core.package_identification:_identify(src/more_interfaces) by extension 'colcon_pkg'
[0.372s] Level 1:colcon.colcon_core.package_identification:_identify(src/more_interfaces) by extensions ['colcon_meta']
[0.372s] Level 1:colcon.colcon_core.package_identification:_identify(src/more_interfaces) by extension 'colcon_meta'
[0.373s] Level 1:colcon.colcon_core.package_identification:_identify(src/more_interfaces) by extensions ['ros']
[0.373s] Level 1:colcon.colcon_core.package_identification:_identify(src/more_interfaces) by extension 'ros'
[0.373s] DEBUG:colcon.colcon_core.package_identification:Package 'src/more_interfaces' with type 'ros.ament_cmake' and name 'more_interfaces'
[0.374s] Level 1:colcon.colcon_core.package_identification:_identify(src/my_code) by extensions ['ignore', 'ignore_ament_install']
[0.374s] Level 1:colcon.colcon_core.package_identification:_identify(src/my_code) by extension 'ignore'
[0.374s] Level 1:colcon.colcon_core.package_identification:_identify(src/my_code) by extension 'ignore_ament_install'
[0.374s] Level 1:colcon.colcon_core.package_identification:_identify(src/my_code) by extensions ['colcon_pkg']
[0.374s] Level 1:colcon.colcon_core.package_identification:_identify(src/my_code) by extension 'colcon_pkg'
[0.374s] Level 1:colcon.colcon_core.package_identification:_identify(src/my_code) by extensions ['colcon_meta']
[0.374s] Level 1:colcon.colcon_core.package_identification:_identify(src/my_code) by extension 'colcon_meta'
[0.374s] Level 1:colcon.colcon_core.package_identification:_identify(src/my_code) by extensions ['ros']
[0.374s] Level 1:colcon.colcon_core.package_identification:_identify(src/my_code) by extension 'ros'
[0.375s] DEBUG:colcon.colcon_core.package_identification:Package 'src/my_code' with type 'ros.ament_cmake' and name 'my_code'
[0.375s] Level 1:colcon.colcon_core.package_identification:_identify(src/palletron_bringup) by extensions ['ignore', 'ignore_ament_install']
[0.375s] Level 1:colcon.colcon_core.package_identification:_identify(src/palletron_bringup) by extension 'ignore'
[0.376s] Level 1:colcon.colcon_core.package_identification:_identify(src/palletron_bringup) by extension 'ignore_ament_install'
[0.376s] Level 1:colcon.colcon_core.package_identification:_identify(src/palletron_bringup) by extensions ['colcon_pkg']
[0.376s] Level 1:colcon.colcon_core.package_identification:_identify(src/palletron_bringup) by extension 'colcon_pkg'
[0.376s] Level 1:colcon.colcon_core.package_identification:_identify(src/palletron_bringup) by extensions ['colcon_meta']
[0.376s] Level 1:colcon.colcon_core.package_identification:_identify(src/palletron_bringup) by extension 'colcon_meta'
[0.376s] Level 1:colcon.colcon_core.package_identification:_identify(src/palletron_bringup) by extensions ['ros']
[0.376s] Level 1:colcon.colcon_core.package_identification:_identify(src/palletron_bringup) by extension 'ros'
[0.377s] DEBUG:colcon.colcon_core.package_identification:Package 'src/palletron_bringup' with type 'ros.ament_cmake' and name 'palletron_bringup'
[0.377s] Level 1:colcon.colcon_core.package_identification:_identify(src/palletron_gazebo) by extensions ['ignore', 'ignore_ament_install']
[0.377s] Level 1:colcon.colcon_core.package_identification:_identify(src/palletron_gazebo) by extension 'ignore'
[0.377s] Level 1:colcon.colcon_core.package_identification:_identify(src/palletron_gazebo) by extension 'ignore_ament_install'
[0.377s] Level 1:colcon.colcon_core.package_identification:_identify(src/palletron_gazebo) by extensions ['colcon_pkg']
[0.378s] Level 1:colcon.colcon_core.package_identification:_identify(src/palletron_gazebo) by extension 'colcon_pkg'
[0.378s] Level 1:colcon.colcon_core.package_identification:_identify(src/palletron_gazebo) by extensions ['colcon_meta']
[0.378s] Level 1:colcon.colcon_core.package_identification:_identify(src/palletron_gazebo) by extension 'colcon_meta'
[0.378s] Level 1:colcon.colcon_core.package_identification:_identify(src/palletron_gazebo) by extensions ['ros']
[0.378s] Level 1:colcon.colcon_core.package_identification:_identify(src/palletron_gazebo) by extension 'ros'
[0.379s] DEBUG:colcon.colcon_core.package_identification:Package 'src/palletron_gazebo' with type 'ros.ament_cmake' and name 'palletron_gazebo'
[0.379s] Level 1:colcon.colcon_core.package_identification:_identify(src/palletron_visualization) by extensions ['ignore', 'ignore_ament_install']
[0.379s] Level 1:colcon.colcon_core.package_identification:_identify(src/palletron_visualization) by extension 'ignore'
[0.379s] Level 1:colcon.colcon_core.package_identification:_identify(src/palletron_visualization) by extension 'ignore_ament_install'
[0.380s] Level 1:colcon.colcon_core.package_identification:_identify(src/palletron_visualization) by extensions ['colcon_pkg']
[0.380s] Level 1:colcon.colcon_core.package_identification:_identify(src/palletron_visualization) by extension 'colcon_pkg'
[0.380s] Level 1:colcon.colcon_core.package_identification:_identify(src/palletron_visualization) by extensions ['colcon_meta']
[0.380s] Level 1:colcon.colcon_core.package_identification:_identify(src/palletron_visualization) by extension 'colcon_meta'
[0.380s] Level 1:colcon.colcon_core.package_identification:_identify(src/palletron_visualization) by extensions ['ros']
[0.380s] Level 1:colcon.colcon_core.package_identification:_identify(src/palletron_visualization) by extension 'ros'
[0.381s] DEBUG:colcon.colcon_core.package_identification:Package 'src/palletron_visualization' with type 'ros.ament_cmake' and name 'palletron_visualization'
[0.381s] Level 1:colcon.colcon_core.package_discovery:discover_packages(recursive) using defaults
[0.381s] Level 1:colcon.colcon_core.package_discovery:discover_packages(ignore) discover
[0.381s] Level 1:colcon.colcon_core.package_discovery:discover_packages(ignore) using defaults
[0.381s] Level 1:colcon.colcon_core.package_discovery:discover_packages(path) discover
[0.381s] Level 1:colcon.colcon_core.package_discovery:discover_packages(path) using defaults
[0.417s] INFO:colcon.colcon_core.package_selection:Skipping package 'ugv_simulation' in 'src/laser_ugv_system/ugv_simulation'
[0.417s] INFO:colcon.colcon_core.package_selection:Skipping package 'ugv_robots_descriptions' in 'src/laser_ugv_system/ugv_robots_descriptions'
[0.417s] INFO:colcon.colcon_core.package_selection:Skipping package 'ugv_navigation' in 'src/laser_ugv_system/ugv_navigation'
[0.417s] INFO:colcon.colcon_core.package_selection:Skipping package 'palletron_visualization' in 'src/palletron_visualization'
[0.417s] INFO:colcon.colcon_core.package_selection:Skipping package 'palletron_gazebo' in 'src/palletron_gazebo'
[0.417s] INFO:colcon.colcon_core.package_selection:Skipping package 'palletron_bringup' in 'src/palletron_bringup'
[0.417s] INFO:colcon.colcon_core.package_selection:Skipping package 'my_code' in 'src/my_code'
[0.417s] INFO:colcon.colcon_core.package_selection:Skipping package 'ira_laser_tools' in 'src/ira_laser_tools'
[0.417s] INFO:colcon.colcon_core.package_selection:Skipping package 'cpp_srvcli' in 'src/cpp_srvcli'
[0.417s] INFO:colcon.colcon_core.package_selection:Skipping package 'cpp_pubsub' in 'src/cpp_pubsub'
[0.417s] INFO:colcon.colcon_core.package_selection:Skipping package 'aws_robomaker_small_warehouse_world' in 'src/aws-robomaker-small-warehouse-world'
[0.418s] Level 1:colcon.colcon_core.package_discovery:discover_packages(prefix_path) check parameters
[0.418s] Level 1:colcon.colcon_core.package_discovery:discover_packages(prefix_path) discover
[0.422s] DEBUG:colcon.colcon_installed_package_information.package_discovery:Found 11 installed packages in /home/lucas/Documents/Pratica4/workspace_2/install
[0.424s] DEBUG:colcon.colcon_installed_package_information.package_discovery:Found 360 installed packages in /opt/ros/humble
[0.426s] Level 1:colcon.colcon_core.package_discovery:discover_packages(prefix_path) using defaults
[0.450s] ERROR:colcon.colcon_core.package_augmentation:Exception in package augmentation extension 'python': 
Traceback (most recent call last):
  File "/usr/lib/python3/dist-packages/colcon_core/package_augmentation/__init__.py", line 97, in augment_packages
    retval = extension.augment_packages(
  File "/usr/lib/python3/dist-packages/colcon_installed_package_information/package_augmentation/python.py", line 44, in augment_packages
    dist = next(iter(dists))
StopIteration

[0.460s] Level 5:colcon.colcon_core.verb:set package 'more_interfaces' build argument 'cmake_args' from command line to 'None'
[0.460s] Level 5:colcon.colcon_core.verb:set package 'more_interfaces' build argument 'cmake_target' from command line to 'None'
[0.461s] Level 5:colcon.colcon_core.verb:set package 'more_interfaces' build argument 'cmake_target_skip_unavailable' from command line to 'False'
[0.461s] Level 5:colcon.colcon_core.verb:set package 'more_interfaces' build argument 'cmake_clean_cache' from command line to 'False'
[0.461s] Level 5:colcon.colcon_core.verb:set package 'more_interfaces' build argument 'cmake_clean_first' from command line to 'False'
[0.461s] Level 5:colcon.colcon_core.verb:set package 'more_interfaces' build argument 'cmake_force_configure' from command line to 'False'
[0.461s] Level 5:colcon.colcon_core.verb:set package 'more_interfaces' build argument 'ament_cmake_args' from command line to 'None'
[0.461s] Level 5:colcon.colcon_core.verb:set package 'more_interfaces' build argument 'catkin_cmake_args' from command line to 'None'
[0.461s] Level 5:colcon.colcon_core.verb:set package 'more_interfaces' build argument 'catkin_skip_building_tests' from command line to 'False'
[0.461s] DEBUG:colcon.colcon_core.verb:Building package 'more_interfaces' with the following arguments: {'ament_cmake_args': None, 'build_base': '/home/lucas/Documents/Pratica4/workspace_2/build/more_interfaces', 'catkin_cmake_args': None, 'catkin_skip_building_tests': False, 'cmake_args': None, 'cmake_clean_cache': False, 'cmake_clean_first': False, 'cmake_force_configure': False, 'cmake_target': None, 'cmake_target_skip_unavailable': False, 'install_base': '/home/lucas/Documents/Pratica4/workspace_2/install/more_interfaces', 'merge_install': False, 'path': '/home/lucas/Documents/Pratica4/workspace_2/src/more_interfaces', 'symlink_install': False, 'test_result_base': None}
[0.461s] INFO:colcon.colcon_core.executor:Executing jobs using 'parallel' executor
[0.463s] DEBUG:colcon.colcon_parallel_executor.executor.parallel:run_until_complete
[0.464s] INFO:colcon.colcon_ros.task.ament_cmake.build:Building ROS package in '/home/lucas/Documents/Pratica4/workspace_2/src/more_interfaces' with build type 'ament_cmake'
[0.464s] INFO:colcon.colcon_cmake.task.cmake.build:Building CMake package in '/home/lucas/Documents/Pratica4/workspace_2/src/more_interfaces'
[0.467s] INFO:colcon.colcon_core.plugin_system:Skipping extension 'colcon_core.shell.bat': Not used on non-Windows systems
[0.467s] INFO:colcon.colcon_core.shell:Skip shell extension 'powershell' for command environment: Not usable outside of PowerShell
[0.467s] DEBUG:colcon.colcon_core.shell:Skip shell extension 'dsv' for command environment
[0.741s] DEBUG:colcon.colcon_core.event_handler.log_command:Invoking command in '/home/lucas/Documents/Pratica4/workspace_2/build/more_interfaces': CMAKE_PREFIX_PATH=${CMAKE_PREFIX_PATH}:/opt/ros/humble /usr/bin/cmake --build /home/lucas/Documents/Pratica4/workspace_2/build/more_interfaces -- -j4 -l4
[10.763s] DEBUG:colcon.colcon_core.event_handler.log_command:Invoked command in '/home/lucas/Documents/Pratica4/workspace_2/build/more_interfaces' returned '0': CMAKE_PREFIX_PATH=${CMAKE_PREFIX_PATH}:/opt/ros/humble /usr/bin/cmake --build /home/lucas/Documents/Pratica4/workspace_2/build/more_interfaces -- -j4 -l4
[10.879s] DEBUG:colcon.colcon_core.event_handler.log_command:Invoking command in '/home/lucas/Documents/Pratica4/workspace_2/build/more_interfaces': CMAKE_PREFIX_PATH=${CMAKE_PREFIX_PATH}:/opt/ros/humble /usr/bin/cmake --install /home/lucas/Documents/Pratica4/workspace_2/build/more_interfaces
[11.340s] Level 1:colcon.colcon_core.environment:create_environment_scripts_only(more_interfaces)
[11.341s] DEBUG:colcon.colcon_core.event_handler.log_command:Invoked command in '/home/lucas/Documents/Pratica4/workspace_2/build/more_interfaces' returned '0': CMAKE_PREFIX_PATH=${CMAKE_PREFIX_PATH}:/opt/ros/humble /usr/bin/cmake --install /home/lucas/Documents/Pratica4/workspace_2/build/more_interfaces
[11.344s] Level 1:colcon.colcon_core.environment:checking '/home/lucas/Documents/Pratica4/workspace_2/install/more_interfaces' for CMake module files
[11.344s] Level 1:colcon.colcon_core.environment:checking '/home/lucas/Documents/Pratica4/workspace_2/install/more_interfaces' for CMake config files
[11.345s] Level 1:colcon.colcon_core.shell:create_environment_hook('more_interfaces', 'cmake_prefix_path')
[11.345s] INFO:colcon.colcon_core.shell:Creating environment hook '/home/lucas/Documents/Pratica4/workspace_2/install/more_interfaces/share/more_interfaces/hook/cmake_prefix_path.ps1'
[11.346s] INFO:colcon.colcon_core.shell:Creating environment descriptor '/home/lucas/Documents/Pratica4/workspace_2/install/more_interfaces/share/more_interfaces/hook/cmake_prefix_path.dsv'
[11.347s] INFO:colcon.colcon_core.shell:Creating environment hook '/home/lucas/Documents/Pratica4/workspace_2/install/more_interfaces/share/more_interfaces/hook/cmake_prefix_path.sh'
[11.349s] Level 1:colcon.colcon_core.environment:checking '/home/lucas/Documents/Pratica4/workspace_2/install/more_interfaces/lib'
[11.349s] Level 1:colcon.colcon_core.shell:create_environment_hook('more_interfaces', 'ld_library_path_lib')
[11.349s] INFO:colcon.colcon_core.shell:Creating environment hook '/home/lucas/Documents/Pratica4/workspace_2/install/more_interfaces/share/more_interfaces/hook/ld_library_path_lib.ps1'
[11.350s] INFO:colcon.colcon_core.shell:Creating environment descriptor '/home/lucas/Documents/Pratica4/workspace_2/install/more_interfaces/share/more_interfaces/hook/ld_library_path_lib.dsv'
[11.351s] INFO:colcon.colcon_core.shell:Creating environment hook '/home/lucas/Documents/Pratica4/workspace_2/install/more_interfaces/share/more_interfaces/hook/ld_library_path_lib.sh'
[11.351s] Level 1:colcon.colcon_core.environment:checking '/home/lucas/Documents/Pratica4/workspace_2/install/more_interfaces/bin'
[11.351s] Level 1:colcon.colcon_core.environment:checking '/home/lucas/Documents/Pratica4/workspace_2/install/more_interfaces/lib/pkgconfig/more_interfaces.pc'
[11.352s] Level 1:colcon.colcon_core.environment:checking '/home/lucas/Documents/Pratica4/workspace_2/install/more_interfaces/lib/python3.10/site-packages'
[11.352s] Level 1:colcon.colcon_core.environment:checking '/home/lucas/Documents/Pratica4/workspace_2/install/more_interfaces/bin'
[11.353s] INFO:colcon.colcon_core.shell:Creating package script '/home/lucas/Documents/Pratica4/workspace_2/install/more_interfaces/share/more_interfaces/package.ps1'
[11.354s] INFO:colcon.colcon_core.shell:Creating package descriptor '/home/lucas/Documents/Pratica4/workspace_2/install/more_interfaces/share/more_interfaces/package.dsv'
[11.355s] INFO:colcon.colcon_core.shell:Creating package script '/home/lucas/Documents/Pratica4/workspace_2/install/more_interfaces/share/more_interfaces/package.sh'
[11.356s] INFO:colcon.colcon_core.shell:Creating package script '/home/lucas/Documents/Pratica4/workspace_2/install/more_interfaces/share/more_interfaces/package.bash'
[11.358s] INFO:colcon.colcon_core.shell:Creating package script '/home/lucas/Documents/Pratica4/workspace_2/install/more_interfaces/share/more_interfaces/package.zsh'
[11.358s] Level 1:colcon.colcon_core.environment:create_file_with_runtime_dependencies(/home/lucas/Documents/Pratica4/workspace_2/install/more_interfaces/share/colcon-core/packages/more_interfaces)
[11.450s] Level 1:colcon.colcon_core.environment:create_environment_scripts_only(more_interfaces)
[11.450s] Level 1:colcon.colcon_core.environment:checking '/home/lucas/Documents/Pratica4/workspace_2/install/more_interfaces' for CMake module files
[11.451s] Level 1:colcon.colcon_core.environment:checking '/home/lucas/Documents/Pratica4/workspace_2/install/more_interfaces' for CMake config files
[11.452s] Level 1:colcon.colcon_core.shell:create_environment_hook('more_interfaces', 'cmake_prefix_path')
[11.452s] INFO:colcon.colcon_core.shell:Creating environment hook '/home/lucas/Documents/Pratica4/workspace_2/install/more_interfaces/share/more_interfaces/hook/cmake_prefix_path.ps1'
[11.453s] INFO:colcon.colcon_core.shell:Creating environment descriptor '/home/lucas/Documents/Pratica4/workspace_2/install/more_interfaces/share/more_interfaces/hook/cmake_prefix_path.dsv'
[11.453s] INFO:colcon.colcon_core.shell:Creating environment hook '/home/lucas/Documents/Pratica4/workspace_2/install/more_interfaces/share/more_interfaces/hook/cmake_prefix_path.sh'
[11.454s] Level 1:colcon.colcon_core.environment:checking '/home/lucas/Documents/Pratica4/workspace_2/install/more_interfaces/lib'
[11.454s] Level 1:colcon.colcon_core.shell:create_environment_hook('more_interfaces', 'ld_library_path_lib')
[11.454s] INFO:colcon.colcon_core.shell:Creating environment hook '/home/lucas/Documents/Pratica4/workspace_2/install/more_interfaces/share/more_interfaces/hook/ld_library_path_lib.ps1'
[11.455s] INFO:colcon.colcon_core.shell:Creating environment descriptor '/home/lucas/Documents/Pratica4/workspace_2/install/more_interfaces/share/more_interfaces/hook/ld_library_path_lib.dsv'
[11.455s] INFO:colcon.colcon_core.shell:Creating environment hook '/home/lucas/Documents/Pratica4/workspace_2/install/more_interfaces/share/more_interfaces/hook/ld_library_path_lib.sh'
[11.456s] Level 1:colcon.colcon_core.environment:checking '/home/lucas/Documents/Pratica4/workspace_2/install/more_interfaces/bin'
[11.456s] Level 1:colcon.colcon_core.environment:checking '/home/lucas/Documents/Pratica4/workspace_2/install/more_interfaces/lib/pkgconfig/more_interfaces.pc'
[11.457s] Level 1:colcon.colcon_core.environment:checking '/home/lucas/Documents/Pratica4/workspace_2/install/more_interfaces/lib/python3.10/site-packages'
[11.457s] Level 1:colcon.colcon_core.environment:checking '/home/lucas/Documents/Pratica4/workspace_2/install/more_interfaces/bin'
[11.458s] INFO:colcon.colcon_core.shell:Creating package script '/home/lucas/Documents/Pratica4/workspace_2/install/more_interfaces/share/more_interfaces/package.ps1'
[11.459s] INFO:colcon.colcon_core.shell:Creating package descriptor '/home/lucas/Documents/Pratica4/workspace_2/install/more_interfaces/share/more_interfaces/package.dsv'
[11.459s] INFO:colcon.colcon_core.shell:Creating package script '/home/lucas/Documents/Pratica4/workspace_2/install/more_interfaces/share/more_interfaces/package.sh'
[11.460s] INFO:colcon.colcon_core.shell:Creating package script '/home/lucas/Documents/Pratica4/workspace_2/install/more_interfaces/share/more_interfaces/package.bash'
[11.461s] INFO:colcon.colcon_core.shell:Creating package script '/home/lucas/Documents/Pratica4/workspace_2/install/more_interfaces/share/more_interfaces/package.zsh'
[11.461s] Level 1:colcon.colcon_core.environment:create_file_with_runtime_dependencies(/home/lucas/Documents/Pratica4/workspace_2/install/more_interfaces/share/colcon-core/packages/more_interfaces)
[11.462s] DEBUG:colcon.colcon_parallel_executor.executor.parallel:closing loop
[11.462s] DEBUG:colcon.colcon_parallel_executor.executor.parallel:loop closed
[11.463s] DEBUG:colcon.colcon_parallel_executor.executor.parallel:run_until_complete finished with '0'
[11.463s] DEBUG:colcon.colcon_core.event_reactor:joining thread
[11.470s] INFO:colcon.colcon_core.plugin_system:Skipping extension 'colcon_notification.desktop_notification.terminal_notifier': Not used on non-Darwin systems
[11.470s] INFO:colcon.colcon_core.plugin_system:Skipping extension 'colcon_notification.desktop_notification.win32': Not used on non-Windows systems
[11.470s] INFO:colcon.colcon_notification.desktop_notification:Sending desktop notification using 'notify2'
[11.490s] DEBUG:colcon.colcon_core.event_reactor:joined thread
[11.491s] INFO:colcon.colcon_core.shell:Creating prefix script '/home/lucas/Documents/Pratica4/workspace_2/install/local_setup.ps1'
[11.493s] INFO:colcon.colcon_core.shell:Creating prefix util module '/home/lucas/Documents/Pratica4/workspace_2/install/_local_setup_util_ps1.py'
[11.495s] INFO:colcon.colcon_core.shell:Creating prefix chain script '/home/lucas/Documents/Pratica4/workspace_2/install/setup.ps1'
[11.498s] INFO:colcon.colcon_core.shell:Creating prefix script '/home/lucas/Documents/Pratica4/workspace_2/install/local_setup.sh'
[11.499s] INFO:colcon.colcon_core.shell:Creating prefix util module '/home/lucas/Documents/Pratica4/workspace_2/install/_local_setup_util_sh.py'
[11.500s] INFO:colcon.colcon_core.shell:Creating prefix chain script '/home/lucas/Documents/Pratica4/workspace_2/install/setup.sh'
[11.502s] INFO:colcon.colcon_core.shell:Creating prefix script '/home/lucas/Documents/Pratica4/workspace_2/install/local_setup.bash'
[11.503s] INFO:colcon.colcon_core.shell:Creating prefix chain script '/home/lucas/Documents/Pratica4/workspace_2/install/setup.bash'
[11.504s] INFO:colcon.colcon_core.shell:Creating prefix script '/home/lucas/Documents/Pratica4/workspace_2/install/local_setup.zsh'
[11.505s] INFO:colcon.colcon_core.shell:Creating prefix chain script '/home/lucas/Documents/Pratica4/workspace_2/install/setup.zsh'
