[0.014s] Invoking command in '/home/lucas/Documents/Pratica4/workspace_2/build/cpp_parameters': CMAKE_PREFIX_PATH=${CMAKE_PREFIX_PATH}:/opt/ros/humble /usr/bin/cmake /home/lucas/Documents/Pratica4/workspace_2/src/cpp_parameters -DCMAKE_INSTALL_PREFIX=/home/lucas/Documents/Pratica4/workspace_2/install/cpp_parameters
[0.171s] -- The C compiler identification is GNU 11.4.0
[0.292s] -- The CXX compiler identification is GNU 11.4.0
[0.301s] -- Detecting C compiler ABI info
[0.408s] -- Detecting C compiler ABI info - done
[0.419s] -- Check for working C compiler: /usr/bin/cc - skipped
[0.419s] -- Detecting C compile features
[0.420s] -- Detecting C compile features - done
[0.423s] -- Detecting CXX compiler ABI info
[0.785s] -- Detecting CXX compiler ABI info - done
[0.794s] -- Check for working CXX compiler: /usr/bin/c++ - skipped
[0.795s] -- Detecting CXX compile features
[0.796s] -- Detecting CXX compile features - done
[0.805s] -- Found ament_cmake: 1.3.8 (/opt/ros/humble/share/ament_cmake/cmake)
[1.021s] -- Found Python3: /usr/bin/python3 (found version "3.10.12") found components: Interpreter 
[1.147s] -- Found rclcpp: 16.0.8 (/opt/ros/humble/share/rclcpp/cmake)
[1.215s] -- Found rosidl_generator_c: 3.1.5 (/opt/ros/humble/share/rosidl_generator_c/cmake)
[1.224s] -- Found rosidl_adapter: 3.1.5 (/opt/ros/humble/share/rosidl_adapter/cmake)
[1.239s] -- Found rosidl_generator_cpp: 3.1.5 (/opt/ros/humble/share/rosidl_generator_cpp/cmake)
[1.259s] -- Using all available rosidl_typesupport_c: rosidl_typesupport_fastrtps_c;rosidl_typesupport_introspection_c
[1.299s] -- Using all available rosidl_typesupport_cpp: rosidl_typesupport_fastrtps_cpp;rosidl_typesupport_introspection_cpp
[1.400s] -- Found rmw_implementation_cmake: 6.1.1 (/opt/ros/humble/share/rmw_implementation_cmake/cmake)
[1.406s] -- Found rmw_fastrtps_cpp: 6.2.6 (/opt/ros/humble/share/rmw_fastrtps_cpp/cmake)
[1.541s] -- Found OpenSSL: /usr/lib/x86_64-linux-gnu/libcrypto.so (found version "3.0.2")  
[1.585s] -- Found FastRTPS: /opt/ros/humble/include  
[1.655s] -- Using RMW implementation 'rmw_fastrtps_cpp' as default
[1.672s] -- Looking for pthread.h
[1.796s] -- Looking for pthread.h - found
[1.797s] -- Performing Test CMAKE_HAVE_LIBC_PTHREAD
[1.980s] -- Performing Test CMAKE_HAVE_LIBC_PTHREAD - Success
[1.982s] -- Found Threads: TRUE  
[2.195s] -- Found ament_lint_auto: 0.12.10 (/opt/ros/humble/share/ament_lint_auto/cmake)
[2.314s] -- Added test 'cppcheck' to perform static code analysis on C / C++ code
[2.314s] -- Configured cppcheck include dirs: 
[2.314s] -- Configured cppcheck exclude dirs and/or files: 
[2.316s] -- Added test 'lint_cmake' to check CMake code style
[2.318s] -- Added test 'uncrustify' to check C / C++ code style
[2.319s] -- Configured uncrustify additional arguments: 
[2.319s] -- Added test 'xmllint' to check XML markup files
[2.321s] -- Configuring done
[2.336s] -- Generating done
[2.338s] -- Build files have been written to: /home/lucas/Documents/Pratica4/workspace_2/build/cpp_parameters
[2.351s] Invoked command in '/home/lucas/Documents/Pratica4/workspace_2/build/cpp_parameters' returned '0': CMAKE_PREFIX_PATH=${CMAKE_PREFIX_PATH}:/opt/ros/humble /usr/bin/cmake /home/lucas/Documents/Pratica4/workspace_2/src/cpp_parameters -DCMAKE_INSTALL_PREFIX=/home/lucas/Documents/Pratica4/workspace_2/install/cpp_parameters
[2.354s] Invoking command in '/home/lucas/Documents/Pratica4/workspace_2/build/cpp_parameters': CMAKE_PREFIX_PATH=${CMAKE_PREFIX_PATH}:/opt/ros/humble /usr/bin/cmake --build /home/lucas/Documents/Pratica4/workspace_2/build/cpp_parameters -- -j4 -l4
[2.412s] [ 50%] [32mBuilding CXX object CMakeFiles/minimal_param_node.dir/src/cpp_parameters_node.cpp.o[0m
[6.519s] [100%] [32m[1mLinking CXX executable minimal_param_node[0m
[6.692s] [100%] Built target minimal_param_node
[6.840s] Invoked command in '/home/lucas/Documents/Pratica4/workspace_2/build/cpp_parameters' returned '0': CMAKE_PREFIX_PATH=${CMAKE_PREFIX_PATH}:/opt/ros/humble /usr/bin/cmake --build /home/lucas/Documents/Pratica4/workspace_2/build/cpp_parameters -- -j4 -l4
[6.906s] Invoking command in '/home/lucas/Documents/Pratica4/workspace_2/build/cpp_parameters': CMAKE_PREFIX_PATH=${CMAKE_PREFIX_PATH}:/opt/ros/humble /usr/bin/cmake --install /home/lucas/Documents/Pratica4/workspace_2/build/cpp_parameters
[6.915s] -- Install configuration: ""
[6.916s] -- Installing: /home/lucas/Documents/Pratica4/workspace_2/install/cpp_parameters/lib/cpp_parameters/minimal_param_node
[6.917s] -- Set runtime path of "/home/lucas/Documents/Pratica4/workspace_2/install/cpp_parameters/lib/cpp_parameters/minimal_param_node" to ""
[6.917s] -- Installing: /home/lucas/Documents/Pratica4/workspace_2/install/cpp_parameters/share/ament_index/resource_index/package_run_dependencies/cpp_parameters
[6.917s] -- Installing: /home/lucas/Documents/Pratica4/workspace_2/install/cpp_parameters/share/ament_index/resource_index/parent_prefix_path/cpp_parameters
[6.918s] -- Installing: /home/lucas/Documents/Pratica4/workspace_2/install/cpp_parameters/share/cpp_parameters/environment/ament_prefix_path.sh
[6.918s] -- Installing: /home/lucas/Documents/Pratica4/workspace_2/install/cpp_parameters/share/cpp_parameters/environment/ament_prefix_path.dsv
[6.918s] -- Installing: /home/lucas/Documents/Pratica4/workspace_2/install/cpp_parameters/share/cpp_parameters/environment/path.sh
[6.918s] -- Installing: /home/lucas/Documents/Pratica4/workspace_2/install/cpp_parameters/share/cpp_parameters/environment/path.dsv
[6.918s] -- Installing: /home/lucas/Documents/Pratica4/workspace_2/install/cpp_parameters/share/cpp_parameters/local_setup.bash
[6.919s] -- Installing: /home/lucas/Documents/Pratica4/workspace_2/install/cpp_parameters/share/cpp_parameters/local_setup.sh
[6.919s] -- Installing: /home/lucas/Documents/Pratica4/workspace_2/install/cpp_parameters/share/cpp_parameters/local_setup.zsh
[6.919s] -- Installing: /home/lucas/Documents/Pratica4/workspace_2/install/cpp_parameters/share/cpp_parameters/local_setup.dsv
[6.919s] -- Installing: /home/lucas/Documents/Pratica4/workspace_2/install/cpp_parameters/share/cpp_parameters/package.dsv
[6.920s] -- Installing: /home/lucas/Documents/Pratica4/workspace_2/install/cpp_parameters/share/ament_index/resource_index/packages/cpp_parameters
[6.920s] -- Installing: /home/lucas/Documents/Pratica4/workspace_2/install/cpp_parameters/share/cpp_parameters/cmake/cpp_parametersConfig.cmake
[6.920s] -- Installing: /home/lucas/Documents/Pratica4/workspace_2/install/cpp_parameters/share/cpp_parameters/cmake/cpp_parametersConfig-version.cmake
[6.920s] -- Installing: /home/lucas/Documents/Pratica4/workspace_2/install/cpp_parameters/share/cpp_parameters/package.xml
[6.923s] Invoked command in '/home/lucas/Documents/Pratica4/workspace_2/build/cpp_parameters' returned '0': CMAKE_PREFIX_PATH=${CMAKE_PREFIX_PATH}:/opt/ros/humble /usr/bin/cmake --install /home/lucas/Documents/Pratica4/workspace_2/build/cpp_parameters
