[0.118s] Invoking command in '/home/lucas/Documents/Pratica4/workspace_2/build/cpp_pubsub': CMAKE_PREFIX_PATH=${CMAKE_PREFIX_PATH}:/opt/ros/humble /usr/bin/cmake --build /home/lucas/Documents/Pratica4/workspace_2/build/cpp_pubsub -- -j4 -l4
[0.402s] [ 50%] Built target listener
[0.414s] [100%] Built target talker
[0.455s] Invoked command in '/home/lucas/Documents/Pratica4/workspace_2/build/cpp_pubsub' returned '0': CMAKE_PREFIX_PATH=${CMAKE_PREFIX_PATH}:/opt/ros/humble /usr/bin/cmake --build /home/lucas/Documents/Pratica4/workspace_2/build/cpp_pubsub -- -j4 -l4
[0.574s] Invoking command in '/home/lucas/Documents/Pratica4/workspace_2/build/cpp_pubsub': CMAKE_PREFIX_PATH=${CMAKE_PREFIX_PATH}:/opt/ros/humble /usr/bin/cmake --install /home/lucas/Documents/Pratica4/workspace_2/build/cpp_pubsub
[0.586s] -- Install configuration: ""
[0.587s] -- Up-to-date: /home/lucas/Documents/Pratica4/workspace_2/install/cpp_pubsub/lib/cpp_pubsub/talker
[0.588s] -- Up-to-date: /home/lucas/Documents/Pratica4/workspace_2/install/cpp_pubsub/lib/cpp_pubsub/listener
[0.588s] -- Up-to-date: /home/lucas/Documents/Pratica4/workspace_2/install/cpp_pubsub/share/ament_index/resource_index/package_run_dependencies/cpp_pubsub
[0.589s] -- Up-to-date: /home/lucas/Documents/Pratica4/workspace_2/install/cpp_pubsub/share/ament_index/resource_index/parent_prefix_path/cpp_pubsub
[0.591s] -- Up-to-date: /home/lucas/Documents/Pratica4/workspace_2/install/cpp_pubsub/share/cpp_pubsub/environment/ament_prefix_path.sh
[0.596s] -- Up-to-date: /home/lucas/Documents/Pratica4/workspace_2/install/cpp_pubsub/share/cpp_pubsub/environment/ament_prefix_path.dsv
[0.596s] -- Up-to-date: /home/lucas/Documents/Pratica4/workspace_2/install/cpp_pubsub/share/cpp_pubsub/environment/path.sh
[0.596s] -- Up-to-date: /home/lucas/Documents/Pratica4/workspace_2/install/cpp_pubsub/share/cpp_pubsub/environment/path.dsv
[0.596s] -- Up-to-date: /home/lucas/Documents/Pratica4/workspace_2/install/cpp_pubsub/share/cpp_pubsub/local_setup.bash
[0.597s] -- Up-to-date: /home/lucas/Documents/Pratica4/workspace_2/install/cpp_pubsub/share/cpp_pubsub/local_setup.sh
[0.597s] -- Up-to-date: /home/lucas/Documents/Pratica4/workspace_2/install/cpp_pubsub/share/cpp_pubsub/local_setup.zsh
[0.597s] -- Up-to-date: /home/lucas/Documents/Pratica4/workspace_2/install/cpp_pubsub/share/cpp_pubsub/local_setup.dsv
[0.597s] -- Installing: /home/lucas/Documents/Pratica4/workspace_2/install/cpp_pubsub/share/cpp_pubsub/package.dsv
[0.597s] -- Up-to-date: /home/lucas/Documents/Pratica4/workspace_2/install/cpp_pubsub/share/ament_index/resource_index/packages/cpp_pubsub
[0.598s] -- Up-to-date: /home/lucas/Documents/Pratica4/workspace_2/install/cpp_pubsub/share/cpp_pubsub/cmake/cpp_pubsubConfig.cmake
[0.598s] -- Up-to-date: /home/lucas/Documents/Pratica4/workspace_2/install/cpp_pubsub/share/cpp_pubsub/cmake/cpp_pubsubConfig-version.cmake
[0.598s] -- Up-to-date: /home/lucas/Documents/Pratica4/workspace_2/install/cpp_pubsub/share/cpp_pubsub/package.xml
[0.612s] Invoked command in '/home/lucas/Documents/Pratica4/workspace_2/build/cpp_pubsub' returned '0': CMAKE_PREFIX_PATH=${CMAKE_PREFIX_PATH}:/opt/ros/humble /usr/bin/cmake --install /home/lucas/Documents/Pratica4/workspace_2/build/cpp_pubsub
