[0.125s] Invoking command in '/home/lucas/Documents/Pratica4/workspace_2/build/polygon_base': CMAKE_PREFIX_PATH=${CMAKE_PREFIX_PATH}:/opt/ros/humble /usr/bin/cmake --build /home/lucas/Documents/Pratica4/workspace_2/build/polygon_base -- -j4 -l4
[0.406s] [100%] Built target area_node
[0.472s] Invoked command in '/home/lucas/Documents/Pratica4/workspace_2/build/polygon_base' returned '0': CMAKE_PREFIX_PATH=${CMAKE_PREFIX_PATH}:/opt/ros/humble /usr/bin/cmake --build /home/lucas/Documents/Pratica4/workspace_2/build/polygon_base -- -j4 -l4
[0.670s] Invoking command in '/home/lucas/Documents/Pratica4/workspace_2/build/polygon_base': CMAKE_PREFIX_PATH=${CMAKE_PREFIX_PATH}:/opt/ros/humble /usr/bin/cmake --install /home/lucas/Documents/Pratica4/workspace_2/build/polygon_base
[0.704s] -- Install configuration: ""
[0.712s] -- Up-to-date: /home/lucas/Documents/Pratica4/workspace_2/install/polygon_base/lib/polygon_base/area_node
[0.723s] -- Up-to-date: /home/lucas/Documents/Pratica4/workspace_2/install/polygon_base/include
[0.724s] -- Up-to-date: /home/lucas/Documents/Pratica4/workspace_2/install/polygon_base/include/polygon_base
[0.785s] -- Up-to-date: /home/lucas/Documents/Pratica4/workspace_2/install/polygon_base/include/polygon_base/regular_polygon.hpp
[0.785s] -- Up-to-date: /home/lucas/Documents/Pratica4/workspace_2/install/polygon_base/share/ament_index/resource_index/package_run_dependencies/polygon_base
[0.785s] -- Up-to-date: /home/lucas/Documents/Pratica4/workspace_2/install/polygon_base/share/ament_index/resource_index/parent_prefix_path/polygon_base
[0.786s] -- Up-to-date: /home/lucas/Documents/Pratica4/workspace_2/install/polygon_base/share/polygon_base/environment/ament_prefix_path.sh
[0.786s] -- Up-to-date: /home/lucas/Documents/Pratica4/workspace_2/install/polygon_base/share/polygon_base/environment/ament_prefix_path.dsv
[0.788s] -- Up-to-date: /home/lucas/Documents/Pratica4/workspace_2/install/polygon_base/share/polygon_base/environment/path.sh
[0.788s] -- Up-to-date: /home/lucas/Documents/Pratica4/workspace_2/install/polygon_base/share/polygon_base/environment/path.dsv
[0.788s] -- Up-to-date: /home/lucas/Documents/Pratica4/workspace_2/install/polygon_base/share/polygon_base/local_setup.bash
[0.788s] -- Up-to-date: /home/lucas/Documents/Pratica4/workspace_2/install/polygon_base/share/polygon_base/local_setup.sh
[0.788s] -- Up-to-date: /home/lucas/Documents/Pratica4/workspace_2/install/polygon_base/share/polygon_base/local_setup.zsh
[0.789s] -- Up-to-date: /home/lucas/Documents/Pratica4/workspace_2/install/polygon_base/share/polygon_base/local_setup.dsv
[0.789s] -- Installing: /home/lucas/Documents/Pratica4/workspace_2/install/polygon_base/share/polygon_base/package.dsv
[0.789s] -- Up-to-date: /home/lucas/Documents/Pratica4/workspace_2/install/polygon_base/share/ament_index/resource_index/packages/polygon_base
[0.789s] -- Up-to-date: /home/lucas/Documents/Pratica4/workspace_2/install/polygon_base/share/polygon_base/cmake/ament_cmake_export_include_directories-extras.cmake
[0.789s] -- Up-to-date: /home/lucas/Documents/Pratica4/workspace_2/install/polygon_base/share/polygon_base/cmake/polygon_baseConfig.cmake
[0.795s] -- Up-to-date: /home/lucas/Documents/Pratica4/workspace_2/install/polygon_base/share/polygon_base/cmake/polygon_baseConfig-version.cmake
[0.795s] -- Up-to-date: /home/lucas/Documents/Pratica4/workspace_2/install/polygon_base/share/polygon_base/package.xml
[0.797s] Invoked command in '/home/lucas/Documents/Pratica4/workspace_2/build/polygon_base' returned '0': CMAKE_PREFIX_PATH=${CMAKE_PREFIX_PATH}:/opt/ros/humble /usr/bin/cmake --install /home/lucas/Documents/Pratica4/workspace_2/build/polygon_base
