[0.446s] Invoking command in '/home/lucas/Documents/Pratica4/workspace_2/build/palletron_bringup': CMAKE_PREFIX_PATH=${CMAKE_PREFIX_PATH}:/opt/ros/humble /usr/bin/cmake --build /home/lucas/Documents/Pratica4/workspace_2/build/palletron_bringup -- -j4 -l4
[3.019s] Invoked command in '/home/lucas/Documents/Pratica4/workspace_2/build/palletron_bringup' returned '0': CMAKE_PREFIX_PATH=${CMAKE_PREFIX_PATH}:/opt/ros/humble /usr/bin/cmake --build /home/lucas/Documents/Pratica4/workspace_2/build/palletron_bringup -- -j4 -l4
[3.080s] Invoking command in '/home/lucas/Documents/Pratica4/workspace_2/build/palletron_bringup': CMAKE_PREFIX_PATH=${CMAKE_PREFIX_PATH}:/opt/ros/humble /usr/bin/cmake --install /home/lucas/Documents/Pratica4/workspace_2/build/palletron_bringup
[3.112s] -- Install configuration: ""
[3.113s] -- Up-to-date: /home/lucas/Documents/Pratica4/workspace_2/install/palletron_bringup/share/palletron_bringup/launch
[3.313s] -- Up-to-date: /home/lucas/Documents/Pratica4/workspace_2/install/palletron_bringup/share/palletron_bringup/launch/ira_laserscan_multi_merger.launch.py
[3.314s] -- Up-to-date: /home/lucas/Documents/Pratica4/workspace_2/install/palletron_bringup/share/palletron_bringup/launch/core.launch.py
[3.314s] -- Up-to-date: /home/lucas/Documents/Pratica4/workspace_2/install/palletron_bringup/share/palletron_bringup/launch/localization.launch.py
[3.315s] -- Up-to-date: /home/lucas/Documents/Pratica4/workspace_2/install/palletron_bringup/share/palletron_bringup/launch/slam.launch.py
[3.315s] -- Up-to-date: /home/lucas/Documents/Pratica4/workspace_2/install/palletron_bringup/share/palletron_bringup/launch/navigation.launch.py
[3.316s] -- Up-to-date: /home/lucas/Documents/Pratica4/workspace_2/install/palletron_bringup/share/palletron_bringup/params
[3.349s] -- Up-to-date: /home/lucas/Documents/Pratica4/workspace_2/install/palletron_bringup/share/palletron_bringup/params/default.yaml
[3.350s] -- Up-to-date: /home/lucas/Documents/Pratica4/workspace_2/install/palletron_bringup/share/palletron_bringup/behavior_trees
[3.393s] -- Up-to-date: /home/lucas/Documents/Pratica4/workspace_2/install/palletron_bringup/share/palletron_bringup/behavior_trees/my_nav_to_pose_bt.xml
[3.393s] -- Up-to-date: /home/lucas/Documents/Pratica4/workspace_2/install/palletron_bringup/share/ament_index/resource_index/package_run_dependencies/palletron_bringup
[3.448s] -- Up-to-date: /home/lucas/Documents/Pratica4/workspace_2/install/palletron_bringup/share/ament_index/resource_index/parent_prefix_path/palletron_bringup
[3.449s] -- Up-to-date: /home/lucas/Documents/Pratica4/workspace_2/install/palletron_bringup/share/palletron_bringup/environment/ament_prefix_path.sh
[3.450s] -- Up-to-date: /home/lucas/Documents/Pratica4/workspace_2/install/palletron_bringup/share/palletron_bringup/environment/ament_prefix_path.dsv
[3.450s] -- Up-to-date: /home/lucas/Documents/Pratica4/workspace_2/install/palletron_bringup/share/palletron_bringup/environment/path.sh
[3.451s] -- Up-to-date: /home/lucas/Documents/Pratica4/workspace_2/install/palletron_bringup/share/palletron_bringup/environment/path.dsv
[3.451s] -- Up-to-date: /home/lucas/Documents/Pratica4/workspace_2/install/palletron_bringup/share/palletron_bringup/local_setup.bash
[3.451s] -- Up-to-date: /home/lucas/Documents/Pratica4/workspace_2/install/palletron_bringup/share/palletron_bringup/local_setup.sh
[3.452s] -- Up-to-date: /home/lucas/Documents/Pratica4/workspace_2/install/palletron_bringup/share/palletron_bringup/local_setup.zsh
[3.452s] -- Up-to-date: /home/lucas/Documents/Pratica4/workspace_2/install/palletron_bringup/share/palletron_bringup/local_setup.dsv
[3.452s] -- Installing: /home/lucas/Documents/Pratica4/workspace_2/install/palletron_bringup/share/palletron_bringup/package.dsv
[3.549s] -- Up-to-date: /home/lucas/Documents/Pratica4/workspace_2/install/palletron_bringup/share/ament_index/resource_index/packages/palletron_bringup
[3.549s] -- Up-to-date: /home/lucas/Documents/Pratica4/workspace_2/install/palletron_bringup/share/palletron_bringup/cmake/palletron_bringupConfig.cmake
[3.550s] -- Up-to-date: /home/lucas/Documents/Pratica4/workspace_2/install/palletron_bringup/share/palletron_bringup/cmake/palletron_bringupConfig-version.cmake
[3.551s] -- Up-to-date: /home/lucas/Documents/Pratica4/workspace_2/install/palletron_bringup/share/palletron_bringup/package.xml
[4.009s] Invoked command in '/home/lucas/Documents/Pratica4/workspace_2/build/palletron_bringup' returned '0': CMAKE_PREFIX_PATH=${CMAKE_PREFIX_PATH}:/opt/ros/humble /usr/bin/cmake --install /home/lucas/Documents/Pratica4/workspace_2/build/palletron_bringup
