[0.063s] Invoking command in '/home/lucas/Documents/Pratica4/workspace_2/build/polygon_plugins': CMAKE_PREFIX_PATH=/home/lucas/Documents/Pratica4/workspace_2/install/polygon_base:/home/lucas/Documents/Pratica4/workspace_2/install/ugv_simulation:/home/lucas/Documents/Pratica4/workspace_2/install/ugv_robots_descriptions:/home/lucas/Documents/Pratica4/workspace_2/install/ugv_navigation:/home/lucas/Documents/Pratica4/workspace_2/install/polygon_plugins:/home/lucas/Documents/Pratica4/workspace_2/install/palletron_visualization:/home/lucas/Documents/Pratica4/workspace_2/install/palletron_gazebo:/home/lucas/Documents/Pratica4/workspace_2/install/palletron_bringup:/home/lucas/Documents/Pratica4/workspace_2/install/my_code:/home/lucas/Documents/Pratica4/workspace_2/install/more_interfaces:/home/lucas/Documents/Pratica4/workspace_2/install/ira_laser_tools:/home/lucas/Documents/Pratica4/workspace_2/install/cpp_srvcli:/home/lucas/Documents/Pratica4/workspace_2/install/cpp_parameters:/home/lucas/Documents/Pratica4/workspace_2/install/aws_robomaker_small_warehouse_world:/opt/ros/humble /usr/bin/cmake --build /home/lucas/Documents/Pratica4/workspace_2/build/polygon_plugins -- -j4 -l4
[0.184s] [35m[1mConsolidate compiler generated dependencies of target polygon_plugins[0m
[0.214s] [100%] Built target polygon_plugins
[0.246s] Invoked command in '/home/lucas/Documents/Pratica4/workspace_2/build/polygon_plugins' returned '0': CMAKE_PREFIX_PATH=/home/lucas/Documents/Pratica4/workspace_2/install/polygon_base:/home/lucas/Documents/Pratica4/workspace_2/install/ugv_simulation:/home/lucas/Documents/Pratica4/workspace_2/install/ugv_robots_descriptions:/home/lucas/Documents/Pratica4/workspace_2/install/ugv_navigation:/home/lucas/Documents/Pratica4/workspace_2/install/polygon_plugins:/home/lucas/Documents/Pratica4/workspace_2/install/palletron_visualization:/home/lucas/Documents/Pratica4/workspace_2/install/palletron_gazebo:/home/lucas/Documents/Pratica4/workspace_2/install/palletron_bringup:/home/lucas/Documents/Pratica4/workspace_2/install/my_code:/home/lucas/Documents/Pratica4/workspace_2/install/more_interfaces:/home/lucas/Documents/Pratica4/workspace_2/install/ira_laser_tools:/home/lucas/Documents/Pratica4/workspace_2/install/cpp_srvcli:/home/lucas/Documents/Pratica4/workspace_2/install/cpp_parameters:/home/lucas/Documents/Pratica4/workspace_2/install/aws_robomaker_small_warehouse_world:/opt/ros/humble /usr/bin/cmake --build /home/lucas/Documents/Pratica4/workspace_2/build/polygon_plugins -- -j4 -l4
[0.321s] Invoking command in '/home/lucas/Documents/Pratica4/workspace_2/build/polygon_plugins': CMAKE_PREFIX_PATH=/home/lucas/Documents/Pratica4/workspace_2/install/polygon_base:/home/lucas/Documents/Pratica4/workspace_2/install/ugv_simulation:/home/lucas/Documents/Pratica4/workspace_2/install/ugv_robots_descriptions:/home/lucas/Documents/Pratica4/workspace_2/install/ugv_navigation:/home/lucas/Documents/Pratica4/workspace_2/install/polygon_plugins:/home/lucas/Documents/Pratica4/workspace_2/install/palletron_visualization:/home/lucas/Documents/Pratica4/workspace_2/install/palletron_gazebo:/home/lucas/Documents/Pratica4/workspace_2/install/palletron_bringup:/home/lucas/Documents/Pratica4/workspace_2/install/my_code:/home/lucas/Documents/Pratica4/workspace_2/install/more_interfaces:/home/lucas/Documents/Pratica4/workspace_2/install/ira_laser_tools:/home/lucas/Documents/Pratica4/workspace_2/install/cpp_srvcli:/home/lucas/Documents/Pratica4/workspace_2/install/cpp_parameters:/home/lucas/Documents/Pratica4/workspace_2/install/aws_robomaker_small_warehouse_world:/opt/ros/humble /usr/bin/cmake --install /home/lucas/Documents/Pratica4/workspace_2/build/polygon_plugins
[0.341s] -- Install configuration: ""
[0.341s] -- Up-to-date: /home/lucas/Documents/Pratica4/workspace_2/install/polygon_plugins/share/polygon_plugins/plugins.xml
[0.342s] -- Up-to-date: /home/lucas/Documents/Pratica4/workspace_2/install/polygon_plugins/include
[0.342s] -- Up-to-date: /home/lucas/Documents/Pratica4/workspace_2/install/polygon_plugins/include/polygon_plugins
[0.342s] -- Up-to-date: /home/lucas/Documents/Pratica4/workspace_2/install/polygon_plugins/include/polygon_plugins/visibility_control.h
[0.342s] -- Up-to-date: /home/lucas/Documents/Pratica4/workspace_2/install/polygon_plugins/include/polygon_plugins/polygon_plugins.hpp
[0.359s] -- Up-to-date: /home/lucas/Documents/Pratica4/workspace_2/install/polygon_plugins/lib/libpolygon_plugins.so
[0.360s] -- Up-to-date: /home/lucas/Documents/Pratica4/workspace_2/install/polygon_plugins/share/polygon_plugins/environment/library_path.sh
[0.360s] -- Up-to-date: /home/lucas/Documents/Pratica4/workspace_2/install/polygon_plugins/share/polygon_plugins/environment/library_path.dsv
[0.360s] -- Up-to-date: /home/lucas/Documents/Pratica4/workspace_2/install/polygon_plugins/share/ament_index/resource_index/package_run_dependencies/polygon_plugins
[0.360s] -- Up-to-date: /home/lucas/Documents/Pratica4/workspace_2/install/polygon_plugins/share/ament_index/resource_index/parent_prefix_path/polygon_plugins
[0.360s] -- Up-to-date: /home/lucas/Documents/Pratica4/workspace_2/install/polygon_plugins/share/polygon_plugins/environment/ament_prefix_path.sh
[0.360s] -- Up-to-date: /home/lucas/Documents/Pratica4/workspace_2/install/polygon_plugins/share/polygon_plugins/environment/ament_prefix_path.dsv
[0.361s] -- Up-to-date: /home/lucas/Documents/Pratica4/workspace_2/install/polygon_plugins/share/polygon_plugins/environment/path.sh
[0.361s] -- Up-to-date: /home/lucas/Documents/Pratica4/workspace_2/install/polygon_plugins/share/polygon_plugins/environment/path.dsv
[0.361s] -- Up-to-date: /home/lucas/Documents/Pratica4/workspace_2/install/polygon_plugins/share/polygon_plugins/local_setup.bash
[0.361s] -- Up-to-date: /home/lucas/Documents/Pratica4/workspace_2/install/polygon_plugins/share/polygon_plugins/local_setup.sh
[0.361s] -- Up-to-date: /home/lucas/Documents/Pratica4/workspace_2/install/polygon_plugins/share/polygon_plugins/local_setup.zsh
[0.361s] -- Up-to-date: /home/lucas/Documents/Pratica4/workspace_2/install/polygon_plugins/share/polygon_plugins/local_setup.dsv
[0.361s] -- Installing: /home/lucas/Documents/Pratica4/workspace_2/install/polygon_plugins/share/polygon_plugins/package.dsv
[0.365s] -- Up-to-date: /home/lucas/Documents/Pratica4/workspace_2/install/polygon_plugins/share/ament_index/resource_index/packages/polygon_plugins
[0.365s] -- Up-to-date: /home/lucas/Documents/Pratica4/workspace_2/install/polygon_plugins/share/ament_index/resource_index/polygon_base__pluginlib__plugin/polygon_plugins
[0.365s] -- Up-to-date: /home/lucas/Documents/Pratica4/workspace_2/install/polygon_plugins/share/polygon_plugins/cmake/export_polygon_pluginsExport.cmake
[0.365s] -- Up-to-date: /home/lucas/Documents/Pratica4/workspace_2/install/polygon_plugins/share/polygon_plugins/cmake/export_polygon_pluginsExport-noconfig.cmake
[0.366s] -- Up-to-date: /home/lucas/Documents/Pratica4/workspace_2/install/polygon_plugins/share/polygon_plugins/cmake/ament_cmake_export_include_directories-extras.cmake
[0.366s] -- Up-to-date: /home/lucas/Documents/Pratica4/workspace_2/install/polygon_plugins/share/polygon_plugins/cmake/ament_cmake_export_libraries-extras.cmake
[0.366s] -- Up-to-date: /home/lucas/Documents/Pratica4/workspace_2/install/polygon_plugins/share/polygon_plugins/cmake/ament_cmake_export_targets-extras.cmake
[0.366s] -- Up-to-date: /home/lucas/Documents/Pratica4/workspace_2/install/polygon_plugins/share/polygon_plugins/cmake/polygon_pluginsConfig.cmake
[0.366s] -- Up-to-date: /home/lucas/Documents/Pratica4/workspace_2/install/polygon_plugins/share/polygon_plugins/cmake/polygon_pluginsConfig-version.cmake
[0.366s] -- Up-to-date: /home/lucas/Documents/Pratica4/workspace_2/install/polygon_plugins/share/polygon_plugins/package.xml
[0.379s] Invoked command in '/home/lucas/Documents/Pratica4/workspace_2/build/polygon_plugins' returned '0': CMAKE_PREFIX_PATH=/home/lucas/Documents/Pratica4/workspace_2/install/polygon_base:/home/lucas/Documents/Pratica4/workspace_2/install/ugv_simulation:/home/lucas/Documents/Pratica4/workspace_2/install/ugv_robots_descriptions:/home/lucas/Documents/Pratica4/workspace_2/install/ugv_navigation:/home/lucas/Documents/Pratica4/workspace_2/install/polygon_plugins:/home/lucas/Documents/Pratica4/workspace_2/install/palletron_visualization:/home/lucas/Documents/Pratica4/workspace_2/install/palletron_gazebo:/home/lucas/Documents/Pratica4/workspace_2/install/palletron_bringup:/home/lucas/Documents/Pratica4/workspace_2/install/my_code:/home/lucas/Documents/Pratica4/workspace_2/install/more_interfaces:/home/lucas/Documents/Pratica4/workspace_2/install/ira_laser_tools:/home/lucas/Documents/Pratica4/workspace_2/install/cpp_srvcli:/home/lucas/Documents/Pratica4/workspace_2/install/cpp_parameters:/home/lucas/Documents/Pratica4/workspace_2/install/aws_robomaker_small_warehouse_world:/opt/ros/humble /usr/bin/cmake --install /home/lucas/Documents/Pratica4/workspace_2/build/polygon_plugins
