[0.127s] Invoking command in '/home/lucas/Documents/Pratica4/workspace_2/build/aws_robomaker_small_warehouse_world': CMAKE_PREFIX_PATH=${CMAKE_PREFIX_PATH}:/opt/ros/humble /usr/bin/cmake --build /home/lucas/Documents/Pratica4/workspace_2/build/aws_robomaker_small_warehouse_world -- -j4 -l4
[0.268s] Invoked command in '/home/lucas/Documents/Pratica4/workspace_2/build/aws_robomaker_small_warehouse_world' returned '0': CMAKE_PREFIX_PATH=${CMAKE_PREFIX_PATH}:/opt/ros/humble /usr/bin/cmake --build /home/lucas/Documents/Pratica4/workspace_2/build/aws_robomaker_small_warehouse_world -- -j4 -l4
[0.323s] Invoking command in '/home/lucas/Documents/Pratica4/workspace_2/build/aws_robomaker_small_warehouse_world': CMAKE_PREFIX_PATH=${CMAKE_PREFIX_PATH}:/opt/ros/humble /usr/bin/cmake --install /home/lucas/Documents/Pratica4/workspace_2/build/aws_robomaker_small_warehouse_world
[0.342s] -- Install configuration: ""
[0.342s] -- Up-to-date: /home/lucas/Documents/Pratica4/workspace_2/install/aws_robomaker_small_warehouse_world/share/aws_robomaker_small_warehouse_world/launch
[0.342s] -- Up-to-date: /home/lucas/Documents/Pratica4/workspace_2/install/aws_robomaker_small_warehouse_world/share/aws_robomaker_small_warehouse_world/launch/small_warehouse.launch.py
[0.342s] -- Up-to-date: /home/lucas/Documents/Pratica4/workspace_2/install/aws_robomaker_small_warehouse_world/share/aws_robomaker_small_warehouse_world/launch/no_roof_small_warehouse.launch.py
[0.342s] -- Up-to-date: /home/lucas/Documents/Pratica4/workspace_2/install/aws_robomaker_small_warehouse_world/share/aws_robomaker_small_warehouse_world/models
[0.342s] -- Up-to-date: /home/lucas/Documents/Pratica4/workspace_2/install/aws_robomaker_small_warehouse_world/share/aws_robomaker_small_warehouse_world/models/aws_robomaker_warehouse_ClutteringA_01
[0.343s] -- Up-to-date: /home/lucas/Documents/Pratica4/workspace_2/install/aws_robomaker_small_warehouse_world/share/aws_robomaker_small_warehouse_world/models/aws_robomaker_warehouse_ClutteringA_01/model.config
[0.343s] -- Up-to-date: /home/lucas/Documents/Pratica4/workspace_2/install/aws_robomaker_small_warehouse_world/share/aws_robomaker_small_warehouse_world/models/aws_robomaker_warehouse_ClutteringA_01/meshes
[0.343s] -- Up-to-date: /home/lucas/Documents/Pratica4/workspace_2/install/aws_robomaker_small_warehouse_world/share/aws_robomaker_small_warehouse_world/models/aws_robomaker_warehouse_ClutteringA_01/meshes/aws_robomaker_warehouse_ClutteringA_01_collision.DAE
[0.343s] -- Up-to-date: /home/lucas/Documents/Pratica4/workspace_2/install/aws_robomaker_small_warehouse_world/share/aws_robomaker_small_warehouse_world/models/aws_robomaker_warehouse_ClutteringA_01/meshes/aws_robomaker_warehouse_ClutteringA_01_visual.DAE
[0.344s] -- Up-to-date: /home/lucas/Documents/Pratica4/workspace_2/install/aws_robomaker_small_warehouse_world/share/aws_robomaker_small_warehouse_world/models/aws_robomaker_warehouse_ClutteringA_01/model.sdf
[0.344s] -- Up-to-date: /home/lucas/Documents/Pratica4/workspace_2/install/aws_robomaker_small_warehouse_world/share/aws_robomaker_small_warehouse_world/models/aws_robomaker_warehouse_ClutteringA_01/materials
[0.344s] -- Up-to-date: /home/lucas/Documents/Pratica4/workspace_2/install/aws_robomaker_small_warehouse_world/share/aws_robomaker_small_warehouse_world/models/aws_robomaker_warehouse_ClutteringA_01/materials/textures
[0.344s] -- Up-to-date: /home/lucas/Documents/Pratica4/workspace_2/install/aws_robomaker_small_warehouse_world/share/aws_robomaker_small_warehouse_world/models/aws_robomaker_warehouse_ClutteringA_01/materials/textures/aws_robomaker_warehouse_ClutteringA_03.png
[0.344s] -- Up-to-date: /home/lucas/Documents/Pratica4/workspace_2/install/aws_robomaker_small_warehouse_world/share/aws_robomaker_small_warehouse_world/models/aws_robomaker_warehouse_ClutteringA_01/materials/textures/aws_robomaker_warehouse_ClutteringA_02.png
[0.345s] -- Up-to-date: /home/lucas/Documents/Pratica4/workspace_2/install/aws_robomaker_small_warehouse_world/share/aws_robomaker_small_warehouse_world/models/aws_robomaker_warehouse_ClutteringA_01/materials/textures/aws_robomaker_warehouse_ClutteringA_01.png
[0.345s] -- Up-to-date: /home/lucas/Documents/Pratica4/workspace_2/install/aws_robomaker_small_warehouse_world/share/aws_robomaker_small_warehouse_world/models/aws_robomaker_warehouse_ClutteringA_01/materials/textures/.DS_Store
[0.345s] -- Up-to-date: /home/lucas/Documents/Pratica4/workspace_2/install/aws_robomaker_small_warehouse_world/share/aws_robomaker_small_warehouse_world/models/aws_robomaker_warehouse_ClutteringA_01/materials/.DS_Store
[0.345s] -- Up-to-date: /home/lucas/Documents/Pratica4/workspace_2/install/aws_robomaker_small_warehouse_world/share/aws_robomaker_small_warehouse_world/models/aws_robomaker_warehouse_ClutteringA_01/.DS_Store
[0.345s] -- Up-to-date: /home/lucas/Documents/Pratica4/workspace_2/install/aws_robomaker_small_warehouse_world/share/aws_robomaker_small_warehouse_world/models/aws_robomaker_warehouse_GroundB_01
[0.345s] -- Up-to-date: /home/lucas/Documents/Pratica4/workspace_2/install/aws_robomaker_small_warehouse_world/share/aws_robomaker_small_warehouse_world/models/aws_robomaker_warehouse_GroundB_01/model.config
[0.345s] -- Up-to-date: /home/lucas/Documents/Pratica4/workspace_2/install/aws_robomaker_small_warehouse_world/share/aws_robomaker_small_warehouse_world/models/aws_robomaker_warehouse_GroundB_01/meshes
[0.346s] -- Up-to-date: /home/lucas/Documents/Pratica4/workspace_2/install/aws_robomaker_small_warehouse_world/share/aws_robomaker_small_warehouse_world/models/aws_robomaker_warehouse_GroundB_01/meshes/aws_robomaker_warehouse_GroundB_01_collision.DAE
[0.346s] -- Up-to-date: /home/lucas/Documents/Pratica4/workspace_2/install/aws_robomaker_small_warehouse_world/share/aws_robomaker_small_warehouse_world/models/aws_robomaker_warehouse_GroundB_01/meshes/aws_robomaker_warehouse_GroundB_01_visual.DAE
[0.346s] -- Up-to-date: /home/lucas/Documents/Pratica4/workspace_2/install/aws_robomaker_small_warehouse_world/share/aws_robomaker_small_warehouse_world/models/aws_robomaker_warehouse_GroundB_01/model.sdf
[0.346s] -- Up-to-date: /home/lucas/Documents/Pratica4/workspace_2/install/aws_robomaker_small_warehouse_world/share/aws_robomaker_small_warehouse_world/models/aws_robomaker_warehouse_GroundB_01/materials
[0.356s] -- Up-to-date: /home/lucas/Documents/Pratica4/workspace_2/install/aws_robomaker_small_warehouse_world/share/aws_robomaker_small_warehouse_world/models/aws_robomaker_warehouse_GroundB_01/materials/textures
[0.356s] -- Up-to-date: /home/lucas/Documents/Pratica4/workspace_2/install/aws_robomaker_small_warehouse_world/share/aws_robomaker_small_warehouse_world/models/aws_robomaker_warehouse_GroundB_01/materials/textures/aws_robomaker_warehouse_GroundB_01.png
[0.357s] -- Up-to-date: /home/lucas/Documents/Pratica4/workspace_2/install/aws_robomaker_small_warehouse_world/share/aws_robomaker_small_warehouse_world/models/aws_robomaker_warehouse_GroundB_01/materials/textures/aws_robomaker_warehouse_GroundB_02.png
[0.357s] -- Up-to-date: /home/lucas/Documents/Pratica4/workspace_2/install/aws_robomaker_small_warehouse_world/share/aws_robomaker_small_warehouse_world/models/aws_robomaker_warehouse_WallB_01
[0.357s] -- Up-to-date: /home/lucas/Documents/Pratica4/workspace_2/install/aws_robomaker_small_warehouse_world/share/aws_robomaker_small_warehouse_world/models/aws_robomaker_warehouse_WallB_01/model.config
[0.358s] -- Up-to-date: /home/lucas/Documents/Pratica4/workspace_2/install/aws_robomaker_small_warehouse_world/share/aws_robomaker_small_warehouse_world/models/aws_robomaker_warehouse_WallB_01/meshes
[0.358s] -- Up-to-date: /home/lucas/Documents/Pratica4/workspace_2/install/aws_robomaker_small_warehouse_world/share/aws_robomaker_small_warehouse_world/models/aws_robomaker_warehouse_WallB_01/meshes/aws_robomaker_warehouse_WallB_01_collision.DAE
[0.358s] -- Up-to-date: /home/lucas/Documents/Pratica4/workspace_2/install/aws_robomaker_small_warehouse_world/share/aws_robomaker_small_warehouse_world/models/aws_robomaker_warehouse_WallB_01/meshes/aws_robomaker_warehouse_WallB_01_visual.DAE
[0.358s] -- Up-to-date: /home/lucas/Documents/Pratica4/workspace_2/install/aws_robomaker_small_warehouse_world/share/aws_robomaker_small_warehouse_world/models/aws_robomaker_warehouse_WallB_01/model.sdf
[0.358s] -- Up-to-date: /home/lucas/Documents/Pratica4/workspace_2/install/aws_robomaker_small_warehouse_world/share/aws_robomaker_small_warehouse_world/models/aws_robomaker_warehouse_WallB_01/materials
[0.359s] -- Up-to-date: /home/lucas/Documents/Pratica4/workspace_2/install/aws_robomaker_small_warehouse_world/share/aws_robomaker_small_warehouse_world/models/aws_robomaker_warehouse_WallB_01/materials/textures
[0.359s] -- Up-to-date: /home/lucas/Documents/Pratica4/workspace_2/install/aws_robomaker_small_warehouse_world/share/aws_robomaker_small_warehouse_world/models/aws_robomaker_warehouse_WallB_01/materials/textures/aws_robomaker_warehouse_WallB_01.png
[0.368s] -- Up-to-date: /home/lucas/Documents/Pratica4/workspace_2/install/aws_robomaker_small_warehouse_world/share/aws_robomaker_small_warehouse_world/models/aws_robomaker_warehouse_DeskC_01
[0.369s] -- Up-to-date: /home/lucas/Documents/Pratica4/workspace_2/install/aws_robomaker_small_warehouse_world/share/aws_robomaker_small_warehouse_world/models/aws_robomaker_warehouse_DeskC_01/model.config
[0.370s] -- Up-to-date: /home/lucas/Documents/Pratica4/workspace_2/install/aws_robomaker_small_warehouse_world/share/aws_robomaker_small_warehouse_world/models/aws_robomaker_warehouse_DeskC_01/meshes
[0.370s] -- Up-to-date: /home/lucas/Documents/Pratica4/workspace_2/install/aws_robomaker_small_warehouse_world/share/aws_robomaker_small_warehouse_world/models/aws_robomaker_warehouse_DeskC_01/meshes/aws_robomaker_warehouse_DeskC_01_collision.DAE
[0.370s] -- Up-to-date: /home/lucas/Documents/Pratica4/workspace_2/install/aws_robomaker_small_warehouse_world/share/aws_robomaker_small_warehouse_world/models/aws_robomaker_warehouse_DeskC_01/meshes/aws_robomaker_warehouse_DeskC_01_visual.DAE
[0.370s] -- Up-to-date: /home/lucas/Documents/Pratica4/workspace_2/install/aws_robomaker_small_warehouse_world/share/aws_robomaker_small_warehouse_world/models/aws_robomaker_warehouse_DeskC_01/model.sdf
[0.371s] -- Up-to-date: /home/lucas/Documents/Pratica4/workspace_2/install/aws_robomaker_small_warehouse_world/share/aws_robomaker_small_warehouse_world/models/aws_robomaker_warehouse_DeskC_01/materials
[0.371s] -- Up-to-date: /home/lucas/Documents/Pratica4/workspace_2/install/aws_robomaker_small_warehouse_world/share/aws_robomaker_small_warehouse_world/models/aws_robomaker_warehouse_DeskC_01/materials/textures
[0.371s] -- Up-to-date: /home/lucas/Documents/Pratica4/workspace_2/install/aws_robomaker_small_warehouse_world/share/aws_robomaker_small_warehouse_world/models/aws_robomaker_warehouse_DeskC_01/materials/textures/aws_robomaker_warehouse_DeskC_04.png
[0.373s] -- Up-to-date: /home/lucas/Documents/Pratica4/workspace_2/install/aws_robomaker_small_warehouse_world/share/aws_robomaker_small_warehouse_world/models/aws_robomaker_warehouse_DeskC_01/materials/textures/aws_robomaker_warehouse_DeskC_02.png
[0.373s] -- Up-to-date: /home/lucas/Documents/Pratica4/workspace_2/install/aws_robomaker_small_warehouse_world/share/aws_robomaker_small_warehouse_world/models/aws_robomaker_warehouse_DeskC_01/materials/textures/aws_robomaker_warehouse_DeskC_01.png
[0.373s] -- Up-to-date: /home/lucas/Documents/Pratica4/workspace_2/install/aws_robomaker_small_warehouse_world/share/aws_robomaker_small_warehouse_world/models/aws_robomaker_warehouse_DeskC_01/materials/textures/aws_robomaker_warehouse_DeskC_03.psd
[0.375s] -- Up-to-date: /home/lucas/Documents/Pratica4/workspace_2/install/aws_robomaker_small_warehouse_world/share/aws_robomaker_small_warehouse_world/models/aws_robomaker_warehouse_DeskC_01/materials/textures/aws_robomaker_warehouse_DeskC_03.png
[0.375s] -- Up-to-date: /home/lucas/Documents/Pratica4/workspace_2/install/aws_robomaker_small_warehouse_world/share/aws_robomaker_small_warehouse_world/models/aws_robomaker_warehouse_DeskC_01/materials/.DS_Store
[0.376s] -- Up-to-date: /home/lucas/Documents/Pratica4/workspace_2/install/aws_robomaker_small_warehouse_world/share/aws_robomaker_small_warehouse_world/models/aws_robomaker_warehouse_PalletJackB_01
[0.377s] -- Up-to-date: /home/lucas/Documents/Pratica4/workspace_2/install/aws_robomaker_small_warehouse_world/share/aws_robomaker_small_warehouse_world/models/aws_robomaker_warehouse_PalletJackB_01/model.config
[0.377s] -- Up-to-date: /home/lucas/Documents/Pratica4/workspace_2/install/aws_robomaker_small_warehouse_world/share/aws_robomaker_small_warehouse_world/models/aws_robomaker_warehouse_PalletJackB_01/meshes
[0.378s] -- Up-to-date: /home/lucas/Documents/Pratica4/workspace_2/install/aws_robomaker_small_warehouse_world/share/aws_robomaker_small_warehouse_world/models/aws_robomaker_warehouse_PalletJackB_01/meshes/aws_robomaker_warehouse_PalletJackB_01_visual.DAE
[0.378s] -- Up-to-date: /home/lucas/Documents/Pratica4/workspace_2/install/aws_robomaker_small_warehouse_world/share/aws_robomaker_small_warehouse_world/models/aws_robomaker_warehouse_PalletJackB_01/meshes/aws_robomaker_warehouse_PalletJackB_01_collision.DAE
[0.378s] -- Up-to-date: /home/lucas/Documents/Pratica4/workspace_2/install/aws_robomaker_small_warehouse_world/share/aws_robomaker_small_warehouse_world/models/aws_robomaker_warehouse_PalletJackB_01/model.sdf
[0.379s] -- Up-to-date: /home/lucas/Documents/Pratica4/workspace_2/install/aws_robomaker_small_warehouse_world/share/aws_robomaker_small_warehouse_world/models/aws_robomaker_warehouse_PalletJackB_01/materials
[0.380s] -- Up-to-date: /home/lucas/Documents/Pratica4/workspace_2/install/aws_robomaker_small_warehouse_world/share/aws_robomaker_small_warehouse_world/models/aws_robomaker_warehouse_PalletJackB_01/materials/textures
[0.380s] -- Up-to-date: /home/lucas/Documents/Pratica4/workspace_2/install/aws_robomaker_small_warehouse_world/share/aws_robomaker_small_warehouse_world/models/aws_robomaker_warehouse_PalletJackB_01/materials/textures/aws_robomaker_warehouse_PalletJackB_01.png
[0.380s] -- Up-to-date: /home/lucas/Documents/Pratica4/workspace_2/install/aws_robomaker_small_warehouse_world/share/aws_robomaker_small_warehouse_world/models/aws_robomaker_warehouse_PalletJackB_01/materials/textures/aws_robomaker_warehouse_PalletJackB_02.png
[0.380s] -- Up-to-date: /home/lucas/Documents/Pratica4/workspace_2/install/aws_robomaker_small_warehouse_world/share/aws_robomaker_small_warehouse_world/models/aws_robomaker_warehouse_PalletJackB_01/materials/.DS_Store
[0.380s] -- Up-to-date: /home/lucas/Documents/Pratica4/workspace_2/install/aws_robomaker_small_warehouse_world/share/aws_robomaker_small_warehouse_world/models/aws_robomaker_warehouse_PalletJackB_01/.DS_Store
[0.381s] -- Up-to-date: /home/lucas/Documents/Pratica4/workspace_2/install/aws_robomaker_small_warehouse_world/share/aws_robomaker_small_warehouse_world/models/aws_robomaker_warehouse_ShelfD_01
[0.381s] -- Up-to-date: /home/lucas/Documents/Pratica4/workspace_2/install/aws_robomaker_small_warehouse_world/share/aws_robomaker_small_warehouse_world/models/aws_robomaker_warehouse_ShelfD_01/model.config
[0.381s] -- Up-to-date: /home/lucas/Documents/Pratica4/workspace_2/install/aws_robomaker_small_warehouse_world/share/aws_robomaker_small_warehouse_world/models/aws_robomaker_warehouse_ShelfD_01/meshes
[0.381s] -- Up-to-date: /home/lucas/Documents/Pratica4/workspace_2/install/aws_robomaker_small_warehouse_world/share/aws_robomaker_small_warehouse_world/models/aws_robomaker_warehouse_ShelfD_01/meshes/aws_robomaker_warehouse_ShelfD_01_collision.DAE
[0.381s] -- Up-to-date: /home/lucas/Documents/Pratica4/workspace_2/install/aws_robomaker_small_warehouse_world/share/aws_robomaker_small_warehouse_world/models/aws_robomaker_warehouse_ShelfD_01/meshes/aws_robomaker_warehouse_ShelfD_01_visual.DAE
[0.381s] -- Up-to-date: /home/lucas/Documents/Pratica4/workspace_2/install/aws_robomaker_small_warehouse_world/share/aws_robomaker_small_warehouse_world/models/aws_robomaker_warehouse_ShelfD_01/model.sdf
[0.381s] -- Up-to-date: /home/lucas/Documents/Pratica4/workspace_2/install/aws_robomaker_small_warehouse_world/share/aws_robomaker_small_warehouse_world/models/aws_robomaker_warehouse_ShelfD_01/materials
[0.381s] -- Up-to-date: /home/lucas/Documents/Pratica4/workspace_2/install/aws_robomaker_small_warehouse_world/share/aws_robomaker_small_warehouse_world/models/aws_robomaker_warehouse_ShelfD_01/materials/textures
[0.382s] -- Up-to-date: /home/lucas/Documents/Pratica4/workspace_2/install/aws_robomaker_small_warehouse_world/share/aws_robomaker_small_warehouse_world/models/aws_robomaker_warehouse_ShelfD_01/materials/textures/aws_robomaker_warehouse_ShelfD_04.png
[0.384s] -- Up-to-date: /home/lucas/Documents/Pratica4/workspace_2/install/aws_robomaker_small_warehouse_world/share/aws_robomaker_small_warehouse_world/models/aws_robomaker_warehouse_ShelfD_01/materials/textures/aws_robomaker_warehouse_ShelfD_02.png
[0.384s] -- Up-to-date: /home/lucas/Documents/Pratica4/workspace_2/install/aws_robomaker_small_warehouse_world/share/aws_robomaker_small_warehouse_world/models/aws_robomaker_warehouse_ShelfD_01/materials/textures/aws_robomaker_warehouse_ShelfD_03.png
[0.384s] -- Up-to-date: /home/lucas/Documents/Pratica4/workspace_2/install/aws_robomaker_small_warehouse_world/share/aws_robomaker_small_warehouse_world/models/aws_robomaker_warehouse_ShelfD_01/materials/textures/aws_robomaker_warehouse_ShelfD_01.png
[0.384s] -- Up-to-date: /home/lucas/Documents/Pratica4/workspace_2/install/aws_robomaker_small_warehouse_world/share/aws_robomaker_small_warehouse_world/models/aws_robomaker_warehouse_ClutteringC_01
[0.384s] -- Up-to-date: /home/lucas/Documents/Pratica4/workspace_2/install/aws_robomaker_small_warehouse_world/share/aws_robomaker_small_warehouse_world/models/aws_robomaker_warehouse_ClutteringC_01/model.config
[0.384s] -- Up-to-date: /home/lucas/Documents/Pratica4/workspace_2/install/aws_robomaker_small_warehouse_world/share/aws_robomaker_small_warehouse_world/models/aws_robomaker_warehouse_ClutteringC_01/meshes
[0.384s] -- Up-to-date: /home/lucas/Documents/Pratica4/workspace_2/install/aws_robomaker_small_warehouse_world/share/aws_robomaker_small_warehouse_world/models/aws_robomaker_warehouse_ClutteringC_01/meshes/aws_robomaker_warehouse_ClutteringC_01_visual.DAE
[0.385s] -- Up-to-date: /home/lucas/Documents/Pratica4/workspace_2/install/aws_robomaker_small_warehouse_world/share/aws_robomaker_small_warehouse_world/models/aws_robomaker_warehouse_ClutteringC_01/meshes/aws_robomaker_warehouse_ClutteringC_01_collision.DAE
[0.390s] -- Up-to-date: /home/lucas/Documents/Pratica4/workspace_2/install/aws_robomaker_small_warehouse_world/share/aws_robomaker_small_warehouse_world/models/aws_robomaker_warehouse_ClutteringC_01/model.sdf
[0.390s] -- Up-to-date: /home/lucas/Documents/Pratica4/workspace_2/install/aws_robomaker_small_warehouse_world/share/aws_robomaker_small_warehouse_world/models/aws_robomaker_warehouse_ClutteringC_01/materials
[0.391s] -- Up-to-date: /home/lucas/Documents/Pratica4/workspace_2/install/aws_robomaker_small_warehouse_world/share/aws_robomaker_small_warehouse_world/models/aws_robomaker_warehouse_ClutteringC_01/materials/textures
[0.391s] -- Up-to-date: /home/lucas/Documents/Pratica4/workspace_2/install/aws_robomaker_small_warehouse_world/share/aws_robomaker_small_warehouse_world/models/aws_robomaker_warehouse_ClutteringC_01/materials/textures/aws_robomaker_warehouse_ClutteringC_01.png
[0.391s] -- Up-to-date: /home/lucas/Documents/Pratica4/workspace_2/install/aws_robomaker_small_warehouse_world/share/aws_robomaker_small_warehouse_world/models/aws_robomaker_warehouse_ClutteringC_01/materials/textures/aws_robomaker_warehouse_ClutteringC_02.png
[0.391s] -- Up-to-date: /home/lucas/Documents/Pratica4/workspace_2/install/aws_robomaker_small_warehouse_world/share/aws_robomaker_small_warehouse_world/models/aws_robomaker_warehouse_TrashCanC_01
[0.391s] -- Up-to-date: /home/lucas/Documents/Pratica4/workspace_2/install/aws_robomaker_small_warehouse_world/share/aws_robomaker_small_warehouse_world/models/aws_robomaker_warehouse_TrashCanC_01/model.config
[0.391s] -- Up-to-date: /home/lucas/Documents/Pratica4/workspace_2/install/aws_robomaker_small_warehouse_world/share/aws_robomaker_small_warehouse_world/models/aws_robomaker_warehouse_TrashCanC_01/meshes
[0.391s] -- Up-to-date: /home/lucas/Documents/Pratica4/workspace_2/install/aws_robomaker_small_warehouse_world/share/aws_robomaker_small_warehouse_world/models/aws_robomaker_warehouse_TrashCanC_01/meshes/aws_robomaker_warehouse_TrashCanC_01_collision.DAE
[0.392s] -- Up-to-date: /home/lucas/Documents/Pratica4/workspace_2/install/aws_robomaker_small_warehouse_world/share/aws_robomaker_small_warehouse_world/models/aws_robomaker_warehouse_TrashCanC_01/meshes/aws_robomaker_warehouse_TrashCanC_01_visual.DAE
[0.392s] -- Up-to-date: /home/lucas/Documents/Pratica4/workspace_2/install/aws_robomaker_small_warehouse_world/share/aws_robomaker_small_warehouse_world/models/aws_robomaker_warehouse_TrashCanC_01/model.sdf
[0.392s] -- Up-to-date: /home/lucas/Documents/Pratica4/workspace_2/install/aws_robomaker_small_warehouse_world/share/aws_robomaker_small_warehouse_world/models/aws_robomaker_warehouse_TrashCanC_01/materials
[0.392s] -- Up-to-date: /home/lucas/Documents/Pratica4/workspace_2/install/aws_robomaker_small_warehouse_world/share/aws_robomaker_small_warehouse_world/models/aws_robomaker_warehouse_TrashCanC_01/materials/textures
[0.392s] -- Up-to-date: /home/lucas/Documents/Pratica4/workspace_2/install/aws_robomaker_small_warehouse_world/share/aws_robomaker_small_warehouse_world/models/aws_robomaker_warehouse_TrashCanC_01/materials/textures/aws_robomaker_warehouse_TrashCanC_01.png
[0.392s] -- Up-to-date: /home/lucas/Documents/Pratica4/workspace_2/install/aws_robomaker_small_warehouse_world/share/aws_robomaker_small_warehouse_world/models/aws_robomaker_warehouse_RoofB_01
[0.393s] -- Up-to-date: /home/lucas/Documents/Pratica4/workspace_2/install/aws_robomaker_small_warehouse_world/share/aws_robomaker_small_warehouse_world/models/aws_robomaker_warehouse_RoofB_01/model.config
[0.393s] -- Up-to-date: /home/lucas/Documents/Pratica4/workspace_2/install/aws_robomaker_small_warehouse_world/share/aws_robomaker_small_warehouse_world/models/aws_robomaker_warehouse_RoofB_01/meshes
[0.393s] -- Up-to-date: /home/lucas/Documents/Pratica4/workspace_2/install/aws_robomaker_small_warehouse_world/share/aws_robomaker_small_warehouse_world/models/aws_robomaker_warehouse_RoofB_01/meshes/aws_robomaker_warehouse_RoofB_01_collision.DAE
[0.393s] -- Up-to-date: /home/lucas/Documents/Pratica4/workspace_2/install/aws_robomaker_small_warehouse_world/share/aws_robomaker_small_warehouse_world/models/aws_robomaker_warehouse_RoofB_01/meshes/aws_robomaker_warehouse_RoofB_01_visual.DAE
[0.393s] -- Up-to-date: /home/lucas/Documents/Pratica4/workspace_2/install/aws_robomaker_small_warehouse_world/share/aws_robomaker_small_warehouse_world/models/aws_robomaker_warehouse_RoofB_01/model.sdf
[0.394s] -- Up-to-date: /home/lucas/Documents/Pratica4/workspace_2/install/aws_robomaker_small_warehouse_world/share/aws_robomaker_small_warehouse_world/models/aws_robomaker_warehouse_RoofB_01/materials
[0.394s] -- Up-to-date: /home/lucas/Documents/Pratica4/workspace_2/install/aws_robomaker_small_warehouse_world/share/aws_robomaker_small_warehouse_world/models/aws_robomaker_warehouse_RoofB_01/materials/textures
[0.394s] -- Up-to-date: /home/lucas/Documents/Pratica4/workspace_2/install/aws_robomaker_small_warehouse_world/share/aws_robomaker_small_warehouse_world/models/aws_robomaker_warehouse_RoofB_01/materials/textures/aws_robomaker_warehouse_RoofB_01.png
[0.394s] -- Up-to-date: /home/lucas/Documents/Pratica4/workspace_2/install/aws_robomaker_small_warehouse_world/share/aws_robomaker_small_warehouse_world/models/aws_robomaker_warehouse_ShelfE_01
[0.394s] -- Up-to-date: /home/lucas/Documents/Pratica4/workspace_2/install/aws_robomaker_small_warehouse_world/share/aws_robomaker_small_warehouse_world/models/aws_robomaker_warehouse_ShelfE_01/model.config
[0.394s] -- Up-to-date: /home/lucas/Documents/Pratica4/workspace_2/install/aws_robomaker_small_warehouse_world/share/aws_robomaker_small_warehouse_world/models/aws_robomaker_warehouse_ShelfE_01/meshes
[0.394s] -- Up-to-date: /home/lucas/Documents/Pratica4/workspace_2/install/aws_robomaker_small_warehouse_world/share/aws_robomaker_small_warehouse_world/models/aws_robomaker_warehouse_ShelfE_01/meshes/aws_robomaker_warehouse_ShelfE_01_visual.DAE
[0.394s] -- Up-to-date: /home/lucas/Documents/Pratica4/workspace_2/install/aws_robomaker_small_warehouse_world/share/aws_robomaker_small_warehouse_world/models/aws_robomaker_warehouse_ShelfE_01/meshes/aws_robomaker_warehouse_ShelfE_01_collision.DAE
[0.395s] -- Up-to-date: /home/lucas/Documents/Pratica4/workspace_2/install/aws_robomaker_small_warehouse_world/share/aws_robomaker_small_warehouse_world/models/aws_robomaker_warehouse_ShelfE_01/model.sdf
[0.395s] -- Up-to-date: /home/lucas/Documents/Pratica4/workspace_2/install/aws_robomaker_small_warehouse_world/share/aws_robomaker_small_warehouse_world/models/aws_robomaker_warehouse_ShelfE_01/materials
[0.395s] -- Up-to-date: /home/lucas/Documents/Pratica4/workspace_2/install/aws_robomaker_small_warehouse_world/share/aws_robomaker_small_warehouse_world/models/aws_robomaker_warehouse_ShelfE_01/materials/textures
[0.395s] -- Up-to-date: /home/lucas/Documents/Pratica4/workspace_2/install/aws_robomaker_small_warehouse_world/share/aws_robomaker_small_warehouse_world/models/aws_robomaker_warehouse_ShelfE_01/materials/textures/aws_robomaker_warehouse_ShelfE_01.png
[0.395s] -- Up-to-date: /home/lucas/Documents/Pratica4/workspace_2/install/aws_robomaker_small_warehouse_world/share/aws_robomaker_small_warehouse_world/models/aws_robomaker_warehouse_ShelfE_01/materials/textures/aws_robomaker_warehouse_ShelfE_02.png
[0.395s] -- Up-to-date: /home/lucas/Documents/Pratica4/workspace_2/install/aws_robomaker_small_warehouse_world/share/aws_robomaker_small_warehouse_world/models/aws_robomaker_warehouse_ShelfE_01/materials/textures/aws_robomaker_warehouse_ShelfE_04.png
[0.395s] -- Up-to-date: /home/lucas/Documents/Pratica4/workspace_2/install/aws_robomaker_small_warehouse_world/share/aws_robomaker_small_warehouse_world/models/aws_robomaker_warehouse_ShelfE_01/materials/textures/aws_robomaker_warehouse_ShelfE_03.png
[0.395s] -- Up-to-date: /home/lucas/Documents/Pratica4/workspace_2/install/aws_robomaker_small_warehouse_world/share/aws_robomaker_small_warehouse_world/models/aws_robomaker_warehouse_ShelfE_01/materials/.DS_Store
[0.396s] -- Up-to-date: /home/lucas/Documents/Pratica4/workspace_2/install/aws_robomaker_small_warehouse_world/share/aws_robomaker_small_warehouse_world/models/aws_robomaker_warehouse_ShelfE_01/.DS_Store
[0.396s] -- Up-to-date: /home/lucas/Documents/Pratica4/workspace_2/install/aws_robomaker_small_warehouse_world/share/aws_robomaker_small_warehouse_world/models/aws_robomaker_warehouse_ClutteringD_01
[0.396s] -- Up-to-date: /home/lucas/Documents/Pratica4/workspace_2/install/aws_robomaker_small_warehouse_world/share/aws_robomaker_small_warehouse_world/models/aws_robomaker_warehouse_ClutteringD_01/model.config
[0.396s] -- Up-to-date: /home/lucas/Documents/Pratica4/workspace_2/install/aws_robomaker_small_warehouse_world/share/aws_robomaker_small_warehouse_world/models/aws_robomaker_warehouse_ClutteringD_01/meshes
[0.396s] -- Up-to-date: /home/lucas/Documents/Pratica4/workspace_2/install/aws_robomaker_small_warehouse_world/share/aws_robomaker_small_warehouse_world/models/aws_robomaker_warehouse_ClutteringD_01/meshes/aws_robomaker_warehouse_ClutteringD_01_collision.DAE
[0.396s] -- Up-to-date: /home/lucas/Documents/Pratica4/workspace_2/install/aws_robomaker_small_warehouse_world/share/aws_robomaker_small_warehouse_world/models/aws_robomaker_warehouse_ClutteringD_01/meshes/aws_robomaker_warehouse_ClutteringD_01_visual.DAE
[0.396s] -- Up-to-date: /home/lucas/Documents/Pratica4/workspace_2/install/aws_robomaker_small_warehouse_world/share/aws_robomaker_small_warehouse_world/models/aws_robomaker_warehouse_ClutteringD_01/model.sdf
[0.396s] -- Up-to-date: /home/lucas/Documents/Pratica4/workspace_2/install/aws_robomaker_small_warehouse_world/share/aws_robomaker_small_warehouse_world/models/aws_robomaker_warehouse_ClutteringD_01/materials
[0.397s] -- Up-to-date: /home/lucas/Documents/Pratica4/workspace_2/install/aws_robomaker_small_warehouse_world/share/aws_robomaker_small_warehouse_world/models/aws_robomaker_warehouse_ClutteringD_01/materials/textures
[0.397s] -- Up-to-date: /home/lucas/Documents/Pratica4/workspace_2/install/aws_robomaker_small_warehouse_world/share/aws_robomaker_small_warehouse_world/models/aws_robomaker_warehouse_ClutteringD_01/materials/textures/aws_robomaker_warehouse_ClutteringD_01.png
[0.397s] -- Up-to-date: /home/lucas/Documents/Pratica4/workspace_2/install/aws_robomaker_small_warehouse_world/share/aws_robomaker_small_warehouse_world/models/aws_robomaker_warehouse_ClutteringD_01/materials/textures/aws_robomaker_warehouse_ClutteringD_02.png
[0.397s] -- Up-to-date: /home/lucas/Documents/Pratica4/workspace_2/install/aws_robomaker_small_warehouse_world/share/aws_robomaker_small_warehouse_world/models/aws_robomaker_warehouse_Lamp_01
[0.397s] -- Up-to-date: /home/lucas/Documents/Pratica4/workspace_2/install/aws_robomaker_small_warehouse_world/share/aws_robomaker_small_warehouse_world/models/aws_robomaker_warehouse_Lamp_01/model.config
[0.397s] -- Up-to-date: /home/lucas/Documents/Pratica4/workspace_2/install/aws_robomaker_small_warehouse_world/share/aws_robomaker_small_warehouse_world/models/aws_robomaker_warehouse_Lamp_01/meshes
[0.397s] -- Up-to-date: /home/lucas/Documents/Pratica4/workspace_2/install/aws_robomaker_small_warehouse_world/share/aws_robomaker_small_warehouse_world/models/aws_robomaker_warehouse_Lamp_01/meshes/aws_robomaker_warehouse_Lamp_01_visual.DAE
[0.397s] -- Up-to-date: /home/lucas/Documents/Pratica4/workspace_2/install/aws_robomaker_small_warehouse_world/share/aws_robomaker_small_warehouse_world/models/aws_robomaker_warehouse_Lamp_01/meshes/aws_robomaker_warehouse_Lamp_01_collision.DAE
[0.398s] -- Up-to-date: /home/lucas/Documents/Pratica4/workspace_2/install/aws_robomaker_small_warehouse_world/share/aws_robomaker_small_warehouse_world/models/aws_robomaker_warehouse_Lamp_01/model.sdf
[0.398s] -- Up-to-date: /home/lucas/Documents/Pratica4/workspace_2/install/aws_robomaker_small_warehouse_world/share/aws_robomaker_small_warehouse_world/models/aws_robomaker_warehouse_Lamp_01/materials
[0.398s] -- Up-to-date: /home/lucas/Documents/Pratica4/workspace_2/install/aws_robomaker_small_warehouse_world/share/aws_robomaker_small_warehouse_world/models/aws_robomaker_warehouse_Lamp_01/materials/textures
[0.398s] -- Up-to-date: /home/lucas/Documents/Pratica4/workspace_2/install/aws_robomaker_small_warehouse_world/share/aws_robomaker_small_warehouse_world/models/aws_robomaker_warehouse_Lamp_01/materials/textures/aws_robomaker_warehouse_Lamp_01.png
[0.398s] -- Up-to-date: /home/lucas/Documents/Pratica4/workspace_2/install/aws_robomaker_small_warehouse_world/share/aws_robomaker_small_warehouse_world/models/aws_robomaker_warehouse_ShelfF_01
[0.398s] -- Up-to-date: /home/lucas/Documents/Pratica4/workspace_2/install/aws_robomaker_small_warehouse_world/share/aws_robomaker_small_warehouse_world/models/aws_robomaker_warehouse_ShelfF_01/model.config
[0.398s] -- Up-to-date: /home/lucas/Documents/Pratica4/workspace_2/install/aws_robomaker_small_warehouse_world/share/aws_robomaker_small_warehouse_world/models/aws_robomaker_warehouse_ShelfF_01/meshes
[0.399s] -- Up-to-date: /home/lucas/Documents/Pratica4/workspace_2/install/aws_robomaker_small_warehouse_world/share/aws_robomaker_small_warehouse_world/models/aws_robomaker_warehouse_ShelfF_01/meshes/aws_robomaker_warehouse_ShelfF_01_collision.DAE
[0.399s] -- Up-to-date: /home/lucas/Documents/Pratica4/workspace_2/install/aws_robomaker_small_warehouse_world/share/aws_robomaker_small_warehouse_world/models/aws_robomaker_warehouse_ShelfF_01/meshes/aws_robomaker_warehouse_ShelfF_01_visual.DAE
[0.399s] -- Up-to-date: /home/lucas/Documents/Pratica4/workspace_2/install/aws_robomaker_small_warehouse_world/share/aws_robomaker_small_warehouse_world/models/aws_robomaker_warehouse_ShelfF_01/model.sdf
[0.399s] -- Up-to-date: /home/lucas/Documents/Pratica4/workspace_2/install/aws_robomaker_small_warehouse_world/share/aws_robomaker_small_warehouse_world/models/aws_robomaker_warehouse_ShelfF_01/materials
[0.399s] -- Up-to-date: /home/lucas/Documents/Pratica4/workspace_2/install/aws_robomaker_small_warehouse_world/share/aws_robomaker_small_warehouse_world/models/aws_robomaker_warehouse_ShelfF_01/materials/textures
[0.399s] -- Up-to-date: /home/lucas/Documents/Pratica4/workspace_2/install/aws_robomaker_small_warehouse_world/share/aws_robomaker_small_warehouse_world/models/aws_robomaker_warehouse_ShelfF_01/materials/textures/aws_robomaker_warehouse_ShelfF_01.png
[0.400s] -- Up-to-date: /home/lucas/Documents/Pratica4/workspace_2/install/aws_robomaker_small_warehouse_world/share/aws_robomaker_small_warehouse_world/models/aws_robomaker_warehouse_ShelfF_01/materials/textures/aws_robomaker_warehouse_ShelfF_02.png
[0.400s] -- Up-to-date: /home/lucas/Documents/Pratica4/workspace_2/install/aws_robomaker_small_warehouse_world/share/aws_robomaker_small_warehouse_world/models/aws_robomaker_warehouse_ShelfF_01/materials/textures/aws_robomaker_warehouse_ShelfF_03.png
[0.400s] -- Up-to-date: /home/lucas/Documents/Pratica4/workspace_2/install/aws_robomaker_small_warehouse_world/share/aws_robomaker_small_warehouse_world/models/.DS_Store
[0.400s] -- Up-to-date: /home/lucas/Documents/Pratica4/workspace_2/install/aws_robomaker_small_warehouse_world/share/aws_robomaker_small_warehouse_world/models/aws_robomaker_warehouse_Bucket_01
[0.400s] -- Up-to-date: /home/lucas/Documents/Pratica4/workspace_2/install/aws_robomaker_small_warehouse_world/share/aws_robomaker_small_warehouse_world/models/aws_robomaker_warehouse_Bucket_01/model.config
[0.400s] -- Up-to-date: /home/lucas/Documents/Pratica4/workspace_2/install/aws_robomaker_small_warehouse_world/share/aws_robomaker_small_warehouse_world/models/aws_robomaker_warehouse_Bucket_01/meshes
[0.402s] -- Up-to-date: /home/lucas/Documents/Pratica4/workspace_2/install/aws_robomaker_small_warehouse_world/share/aws_robomaker_small_warehouse_world/models/aws_robomaker_warehouse_Bucket_01/meshes/aws_robomaker_warehouse_Bucket_01_collision.DAE
[0.403s] -- Up-to-date: /home/lucas/Documents/Pratica4/workspace_2/install/aws_robomaker_small_warehouse_world/share/aws_robomaker_small_warehouse_world/models/aws_robomaker_warehouse_Bucket_01/meshes/aws_robomaker_warehouse_Bucket_01_visual.DAE
[0.404s] -- Up-to-date: /home/lucas/Documents/Pratica4/workspace_2/install/aws_robomaker_small_warehouse_world/share/aws_robomaker_small_warehouse_world/models/aws_robomaker_warehouse_Bucket_01/model.sdf
[0.404s] -- Up-to-date: /home/lucas/Documents/Pratica4/workspace_2/install/aws_robomaker_small_warehouse_world/share/aws_robomaker_small_warehouse_world/models/aws_robomaker_warehouse_Bucket_01/materials
[0.404s] -- Up-to-date: /home/lucas/Documents/Pratica4/workspace_2/install/aws_robomaker_small_warehouse_world/share/aws_robomaker_small_warehouse_world/models/aws_robomaker_warehouse_Bucket_01/materials/textures
[0.404s] -- Up-to-date: /home/lucas/Documents/Pratica4/workspace_2/install/aws_robomaker_small_warehouse_world/share/aws_robomaker_small_warehouse_world/models/aws_robomaker_warehouse_Bucket_01/materials/textures/aws_robomaker_warehouse_Bucket_01.png
[0.405s] -- Up-to-date: /home/lucas/Documents/Pratica4/workspace_2/install/aws_robomaker_small_warehouse_world/share/aws_robomaker_small_warehouse_world/models/aws_robomaker_warehouse_Bucket_01/materials/.DS_Store
[0.405s] -- Up-to-date: /home/lucas/Documents/Pratica4/workspace_2/install/aws_robomaker_small_warehouse_world/share/aws_robomaker_small_warehouse_world/models/aws_robomaker_warehouse_Bucket_01/.DS_Store
[0.405s] -- Up-to-date: /home/lucas/Documents/Pratica4/workspace_2/install/aws_robomaker_small_warehouse_world/share/aws_robomaker_small_warehouse_world/worlds
[0.405s] -- Up-to-date: /home/lucas/Documents/Pratica4/workspace_2/install/aws_robomaker_small_warehouse_world/share/aws_robomaker_small_warehouse_world/worlds/no_roof_small_warehouse
[0.405s] -- Up-to-date: /home/lucas/Documents/Pratica4/workspace_2/install/aws_robomaker_small_warehouse_world/share/aws_robomaker_small_warehouse_world/worlds/no_roof_small_warehouse/no_roof_small_warehouse.world
[0.405s] -- Up-to-date: /home/lucas/Documents/Pratica4/workspace_2/install/aws_robomaker_small_warehouse_world/share/aws_robomaker_small_warehouse_world/worlds/small_warehouse
[0.406s] -- Up-to-date: /home/lucas/Documents/Pratica4/workspace_2/install/aws_robomaker_small_warehouse_world/share/aws_robomaker_small_warehouse_world/worlds/small_warehouse/small_warehouse.world
[0.406s] -- Up-to-date: /home/lucas/Documents/Pratica4/workspace_2/install/aws_robomaker_small_warehouse_world/share/aws_robomaker_small_warehouse_world/maps
[0.406s] -- Up-to-date: /home/lucas/Documents/Pratica4/workspace_2/install/aws_robomaker_small_warehouse_world/share/aws_robomaker_small_warehouse_world/maps/002
[0.406s] -- Up-to-date: /home/lucas/Documents/Pratica4/workspace_2/install/aws_robomaker_small_warehouse_world/share/aws_robomaker_small_warehouse_world/maps/002/map.yaml
[0.406s] -- Up-to-date: /home/lucas/Documents/Pratica4/workspace_2/install/aws_robomaker_small_warehouse_world/share/aws_robomaker_small_warehouse_world/maps/002/map.pgm
[0.406s] -- Up-to-date: /home/lucas/Documents/Pratica4/workspace_2/install/aws_robomaker_small_warehouse_world/share/aws_robomaker_small_warehouse_world/maps/.DS_Store
[0.407s] -- Up-to-date: /home/lucas/Documents/Pratica4/workspace_2/install/aws_robomaker_small_warehouse_world/share/aws_robomaker_small_warehouse_world/maps/005
[0.408s] -- Up-to-date: /home/lucas/Documents/Pratica4/workspace_2/install/aws_robomaker_small_warehouse_world/share/aws_robomaker_small_warehouse_world/maps/005/map_rotated.pgm
[0.408s] -- Up-to-date: /home/lucas/Documents/Pratica4/workspace_2/install/aws_robomaker_small_warehouse_world/share/aws_robomaker_small_warehouse_world/maps/005/map_rotated.png
[0.408s] -- Up-to-date: /home/lucas/Documents/Pratica4/workspace_2/install/aws_robomaker_small_warehouse_world/share/aws_robomaker_small_warehouse_world/maps/005/map.yaml
[0.408s] -- Up-to-date: /home/lucas/Documents/Pratica4/workspace_2/install/aws_robomaker_small_warehouse_world/share/aws_robomaker_small_warehouse_world/maps/005/map.pgm
[0.408s] -- Up-to-date: /home/lucas/Documents/Pratica4/workspace_2/install/aws_robomaker_small_warehouse_world/share/aws_robomaker_small_warehouse_world/rviz
[0.409s] -- Up-to-date: /home/lucas/Documents/Pratica4/workspace_2/install/aws_robomaker_small_warehouse_world/share/aws_robomaker_small_warehouse_world/rviz/basic_data.rviz
[0.409s] -- Up-to-date: /home/lucas/Documents/Pratica4/workspace_2/install/aws_robomaker_small_warehouse_world/share/aws_robomaker_small_warehouse_world/environment/aws_robomaker_small_warehouse_world.dsv
[0.409s] -- Up-to-date: /home/lucas/Documents/Pratica4/workspace_2/install/aws_robomaker_small_warehouse_world/share/ament_index/resource_index/package_run_dependencies/aws_robomaker_small_warehouse_world
[0.410s] -- Up-to-date: /home/lucas/Documents/Pratica4/workspace_2/install/aws_robomaker_small_warehouse_world/share/ament_index/resource_index/parent_prefix_path/aws_robomaker_small_warehouse_world
[0.410s] -- Up-to-date: /home/lucas/Documents/Pratica4/workspace_2/install/aws_robomaker_small_warehouse_world/share/aws_robomaker_small_warehouse_world/environment/ament_prefix_path.sh
[0.411s] -- Up-to-date: /home/lucas/Documents/Pratica4/workspace_2/install/aws_robomaker_small_warehouse_world/share/aws_robomaker_small_warehouse_world/environment/ament_prefix_path.dsv
[0.411s] -- Up-to-date: /home/lucas/Documents/Pratica4/workspace_2/install/aws_robomaker_small_warehouse_world/share/aws_robomaker_small_warehouse_world/environment/path.sh
[0.411s] -- Up-to-date: /home/lucas/Documents/Pratica4/workspace_2/install/aws_robomaker_small_warehouse_world/share/aws_robomaker_small_warehouse_world/environment/path.dsv
[0.412s] -- Up-to-date: /home/lucas/Documents/Pratica4/workspace_2/install/aws_robomaker_small_warehouse_world/share/aws_robomaker_small_warehouse_world/local_setup.bash
[0.412s] -- Up-to-date: /home/lucas/Documents/Pratica4/workspace_2/install/aws_robomaker_small_warehouse_world/share/aws_robomaker_small_warehouse_world/local_setup.sh
[0.412s] -- Up-to-date: /home/lucas/Documents/Pratica4/workspace_2/install/aws_robomaker_small_warehouse_world/share/aws_robomaker_small_warehouse_world/local_setup.zsh
[0.412s] -- Up-to-date: /home/lucas/Documents/Pratica4/workspace_2/install/aws_robomaker_small_warehouse_world/share/aws_robomaker_small_warehouse_world/local_setup.dsv
[0.412s] -- Installing: /home/lucas/Documents/Pratica4/workspace_2/install/aws_robomaker_small_warehouse_world/share/aws_robomaker_small_warehouse_world/package.dsv
[0.413s] -- Up-to-date: /home/lucas/Documents/Pratica4/workspace_2/install/aws_robomaker_small_warehouse_world/share/ament_index/resource_index/packages/aws_robomaker_small_warehouse_world
[0.413s] -- Up-to-date: /home/lucas/Documents/Pratica4/workspace_2/install/aws_robomaker_small_warehouse_world/share/aws_robomaker_small_warehouse_world/cmake/ament_cmake_export_dependencies-extras.cmake
[0.413s] -- Up-to-date: /home/lucas/Documents/Pratica4/workspace_2/install/aws_robomaker_small_warehouse_world/share/aws_robomaker_small_warehouse_world/cmake/aws_robomaker_small_warehouse_worldConfig.cmake
[0.413s] -- Up-to-date: /home/lucas/Documents/Pratica4/workspace_2/install/aws_robomaker_small_warehouse_world/share/aws_robomaker_small_warehouse_world/cmake/aws_robomaker_small_warehouse_worldConfig-version.cmake
[0.414s] -- Up-to-date: /home/lucas/Documents/Pratica4/workspace_2/install/aws_robomaker_small_warehouse_world/share/aws_robomaker_small_warehouse_world/package.xml
[0.415s] Invoked command in '/home/lucas/Documents/Pratica4/workspace_2/build/aws_robomaker_small_warehouse_world' returned '0': CMAKE_PREFIX_PATH=${CMAKE_PREFIX_PATH}:/opt/ros/humble /usr/bin/cmake --install /home/lucas/Documents/Pratica4/workspace_2/build/aws_robomaker_small_warehouse_world
