[0.125s] Invoking command in '/home/lucas/Documents/Pratica4/workspace_2/build/polygon_plugins': CMAKE_PREFIX_PATH=/home/lucas/Documents/Pratica4/workspace_2/install/polygon_base:/home/lucas/Documents/Pratica4/workspace_2/install/cpp_pubsub:/home/lucas/Documents/Pratica4/workspace_2/install/action_tutorials_interfaces:/home/lucas/Documents/Pratica4/workspace_2/install/ugv_simulation:/home/lucas/Documents/Pratica4/workspace_2/install/ugv_robots_descriptions:/home/lucas/Documents/Pratica4/workspace_2/install/ugv_navigation:/home/lucas/Documents/Pratica4/workspace_2/install/polygon_plugins:/home/lucas/Documents/Pratica4/workspace_2/install/palletron_visualization:/home/lucas/Documents/Pratica4/workspace_2/install/palletron_gazebo:/home/lucas/Documents/Pratica4/workspace_2/install/palletron_bringup:/home/lucas/Documents/Pratica4/workspace_2/install/my_code:/home/lucas/Documents/Pratica4/workspace_2/install/more_interfaces:/home/lucas/Documents/Pratica4/workspace_2/install/ira_laser_tools:/home/lucas/Documents/Pratica4/workspace_2/install/cpp_srvcli:/home/lucas/Documents/Pratica4/workspace_2/install/cpp_parameters:/home/lucas/Documents/Pratica4/workspace_2/install/aws_robomaker_small_warehouse_world:/opt/ros/humble /usr/bin/cmake --build /home/lucas/Documents/Pratica4/workspace_2/build/polygon_plugins -- -j4 -l4
[0.884s] [100%] Built target polygon_plugins
[0.998s] Invoked command in '/home/lucas/Documents/Pratica4/workspace_2/build/polygon_plugins' returned '0': CMAKE_PREFIX_PATH=/home/lucas/Documents/Pratica4/workspace_2/install/polygon_base:/home/lucas/Documents/Pratica4/workspace_2/install/cpp_pubsub:/home/lucas/Documents/Pratica4/workspace_2/install/action_tutorials_interfaces:/home/lucas/Documents/Pratica4/workspace_2/install/ugv_simulation:/home/lucas/Documents/Pratica4/workspace_2/install/ugv_robots_descriptions:/home/lucas/Documents/Pratica4/workspace_2/install/ugv_navigation:/home/lucas/Documents/Pratica4/workspace_2/install/polygon_plugins:/home/lucas/Documents/Pratica4/workspace_2/install/palletron_visualization:/home/lucas/Documents/Pratica4/workspace_2/install/palletron_gazebo:/home/lucas/Documents/Pratica4/workspace_2/install/palletron_bringup:/home/lucas/Documents/Pratica4/workspace_2/install/my_code:/home/lucas/Documents/Pratica4/workspace_2/install/more_interfaces:/home/lucas/Documents/Pratica4/workspace_2/install/ira_laser_tools:/home/lucas/Documents/Pratica4/workspace_2/install/cpp_srvcli:/home/lucas/Documents/Pratica4/workspace_2/install/cpp_parameters:/home/lucas/Documents/Pratica4/workspace_2/install/aws_robomaker_small_warehouse_world:/opt/ros/humble /usr/bin/cmake --build /home/lucas/Documents/Pratica4/workspace_2/build/polygon_plugins -- -j4 -l4
[1.117s] Invoking command in '/home/lucas/Documents/Pratica4/workspace_2/build/polygon_plugins': CMAKE_PREFIX_PATH=/home/lucas/Documents/Pratica4/workspace_2/install/polygon_base:/home/lucas/Documents/Pratica4/workspace_2/install/cpp_pubsub:/home/lucas/Documents/Pratica4/workspace_2/install/action_tutorials_interfaces:/home/lucas/Documents/Pratica4/workspace_2/install/ugv_simulation:/home/lucas/Documents/Pratica4/workspace_2/install/ugv_robots_descriptions:/home/lucas/Documents/Pratica4/workspace_2/install/ugv_navigation:/home/lucas/Documents/Pratica4/workspace_2/install/polygon_plugins:/home/lucas/Documents/Pratica4/workspace_2/install/palletron_visualization:/home/lucas/Documents/Pratica4/workspace_2/install/palletron_gazebo:/home/lucas/Documents/Pratica4/workspace_2/install/palletron_bringup:/home/lucas/Documents/Pratica4/workspace_2/install/my_code:/home/lucas/Documents/Pratica4/workspace_2/install/more_interfaces:/home/lucas/Documents/Pratica4/workspace_2/install/ira_laser_tools:/home/lucas/Documents/Pratica4/workspace_2/install/cpp_srvcli:/home/lucas/Documents/Pratica4/workspace_2/install/cpp_parameters:/home/lucas/Documents/Pratica4/workspace_2/install/aws_robomaker_small_warehouse_world:/opt/ros/humble /usr/bin/cmake --install /home/lucas/Documents/Pratica4/workspace_2/build/polygon_plugins
[1.117s] -- Install configuration: ""
[1.118s] -- Up-to-date: /home/lucas/Documents/Pratica4/workspace_2/install/polygon_plugins/share/polygon_plugins/plugins.xml
[1.118s] -- Up-to-date: /home/lucas/Documents/Pratica4/workspace_2/install/polygon_plugins/include
[1.118s] -- Up-to-date: /home/lucas/Documents/Pratica4/workspace_2/install/polygon_plugins/include/polygon_plugins
[1.118s] -- Up-to-date: /home/lucas/Documents/Pratica4/workspace_2/install/polygon_plugins/include/polygon_plugins/visibility_control.h
[1.118s] -- Up-to-date: /home/lucas/Documents/Pratica4/workspace_2/install/polygon_plugins/include/polygon_plugins/polygon_plugins.hpp
[1.118s] -- Up-to-date: /home/lucas/Documents/Pratica4/workspace_2/install/polygon_plugins/lib/libpolygon_plugins.so
[1.119s] -- Up-to-date: /home/lucas/Documents/Pratica4/workspace_2/install/polygon_plugins/share/polygon_plugins/environment/library_path.sh
[1.119s] -- Up-to-date: /home/lucas/Documents/Pratica4/workspace_2/install/polygon_plugins/share/polygon_plugins/environment/library_path.dsv
[1.119s] -- Up-to-date: /home/lucas/Documents/Pratica4/workspace_2/install/polygon_plugins/share/ament_index/resource_index/package_run_dependencies/polygon_plugins
[1.119s] -- Up-to-date: /home/lucas/Documents/Pratica4/workspace_2/install/polygon_plugins/share/ament_index/resource_index/parent_prefix_path/polygon_plugins
[1.119s] -- Up-to-date: /home/lucas/Documents/Pratica4/workspace_2/install/polygon_plugins/share/polygon_plugins/environment/ament_prefix_path.sh
[1.120s] -- Up-to-date: /home/lucas/Documents/Pratica4/workspace_2/install/polygon_plugins/share/polygon_plugins/environment/ament_prefix_path.dsv
[1.120s] -- Up-to-date: /home/lucas/Documents/Pratica4/workspace_2/install/polygon_plugins/share/polygon_plugins/environment/path.sh
[1.120s] -- Up-to-date: /home/lucas/Documents/Pratica4/workspace_2/install/polygon_plugins/share/polygon_plugins/environment/path.dsv
[1.120s] -- Up-to-date: /home/lucas/Documents/Pratica4/workspace_2/install/polygon_plugins/share/polygon_plugins/local_setup.bash
[1.120s] -- Up-to-date: /home/lucas/Documents/Pratica4/workspace_2/install/polygon_plugins/share/polygon_plugins/local_setup.sh
[1.120s] -- Up-to-date: /home/lucas/Documents/Pratica4/workspace_2/install/polygon_plugins/share/polygon_plugins/local_setup.zsh
[1.121s] -- Up-to-date: /home/lucas/Documents/Pratica4/workspace_2/install/polygon_plugins/share/polygon_plugins/local_setup.dsv
[1.121s] -- Installing: /home/lucas/Documents/Pratica4/workspace_2/install/polygon_plugins/share/polygon_plugins/package.dsv
[1.121s] -- Up-to-date: /home/lucas/Documents/Pratica4/workspace_2/install/polygon_plugins/share/ament_index/resource_index/packages/polygon_plugins
[1.121s] -- Up-to-date: /home/lucas/Documents/Pratica4/workspace_2/install/polygon_plugins/share/ament_index/resource_index/polygon_base__pluginlib__plugin/polygon_plugins
[1.121s] -- Up-to-date: /home/lucas/Documents/Pratica4/workspace_2/install/polygon_plugins/share/polygon_plugins/cmake/export_polygon_pluginsExport.cmake
[1.121s] -- Up-to-date: /home/lucas/Documents/Pratica4/workspace_2/install/polygon_plugins/share/polygon_plugins/cmake/export_polygon_pluginsExport-noconfig.cmake
[1.122s] -- Up-to-date: /home/lucas/Documents/Pratica4/workspace_2/install/polygon_plugins/share/polygon_plugins/cmake/ament_cmake_export_include_directories-extras.cmake
[1.122s] -- Up-to-date: /home/lucas/Documents/Pratica4/workspace_2/install/polygon_plugins/share/polygon_plugins/cmake/ament_cmake_export_libraries-extras.cmake
[1.122s] -- Up-to-date: /home/lucas/Documents/Pratica4/workspace_2/install/polygon_plugins/share/polygon_plugins/cmake/ament_cmake_export_targets-extras.cmake
[1.122s] -- Up-to-date: /home/lucas/Documents/Pratica4/workspace_2/install/polygon_plugins/share/polygon_plugins/cmake/polygon_pluginsConfig.cmake
[1.122s] -- Up-to-date: /home/lucas/Documents/Pratica4/workspace_2/install/polygon_plugins/share/polygon_plugins/cmake/polygon_pluginsConfig-version.cmake
[1.122s] -- Up-to-date: /home/lucas/Documents/Pratica4/workspace_2/install/polygon_plugins/share/polygon_plugins/package.xml
[1.122s] Invoked command in '/home/lucas/Documents/Pratica4/workspace_2/build/polygon_plugins' returned '0': CMAKE_PREFIX_PATH=/home/lucas/Documents/Pratica4/workspace_2/install/polygon_base:/home/lucas/Documents/Pratica4/workspace_2/install/cpp_pubsub:/home/lucas/Documents/Pratica4/workspace_2/install/action_tutorials_interfaces:/home/lucas/Documents/Pratica4/workspace_2/install/ugv_simulation:/home/lucas/Documents/Pratica4/workspace_2/install/ugv_robots_descriptions:/home/lucas/Documents/Pratica4/workspace_2/install/ugv_navigation:/home/lucas/Documents/Pratica4/workspace_2/install/polygon_plugins:/home/lucas/Documents/Pratica4/workspace_2/install/palletron_visualization:/home/lucas/Documents/Pratica4/workspace_2/install/palletron_gazebo:/home/lucas/Documents/Pratica4/workspace_2/install/palletron_bringup:/home/lucas/Documents/Pratica4/workspace_2/install/my_code:/home/lucas/Documents/Pratica4/workspace_2/install/more_interfaces:/home/lucas/Documents/Pratica4/workspace_2/install/ira_laser_tools:/home/lucas/Documents/Pratica4/workspace_2/install/cpp_srvcli:/home/lucas/Documents/Pratica4/workspace_2/install/cpp_parameters:/home/lucas/Documents/Pratica4/workspace_2/install/aws_robomaker_small_warehouse_world:/opt/ros/humble /usr/bin/cmake --install /home/lucas/Documents/Pratica4/workspace_2/build/polygon_plugins
