[0.082s] Invoking command in '/home/lucas/Documents/Pratica4/workspace_2/build/more_interfaces': CMAKE_PREFIX_PATH=${CMAKE_PREFIX_PATH}:/opt/ros/humble /usr/bin/cmake --build /home/lucas/Documents/Pratica4/workspace_2/build/more_interfaces -- -j4 -l4
[0.325s] [  9%] Built target more_interfaces__rosidl_generator_c
[0.416s] [ 12%] Built target more_interfaces__cpp
[0.432s] [ 12%] Built target ament_cmake_python_copy_more_interfaces
[0.491s] [ 21%] Built target more_interfaces__rosidl_typesupport_fastrtps_c
[0.492s] [ 30%] Built target more_interfaces__rosidl_typesupport_introspection_c
[0.524s] [ 39%] Built target more_interfaces__rosidl_typesupport_c
[0.610s] [ 48%] Built target more_interfaces__rosidl_typesupport_fastrtps_cpp
[0.661s] [ 57%] Built target more_interfaces__rosidl_typesupport_cpp
[0.681s] [ 66%] Built target more_interfaces__rosidl_typesupport_introspection_cpp
[0.805s] [ 72%] Built target publish_address_book
[0.875s] [ 72%] Built target more_interfaces
[0.988s] [ 75%] Built target more_interfaces__py
[1.157s] [ 81%] Built target more_interfaces__rosidl_generator_py
[1.379s] [ 87%] Built target more_interfaces__rosidl_typesupport_fastrtps_c__pyext
[1.391s] [ 93%] Built target more_interfaces__rosidl_typesupport_introspection_c__pyext
[1.450s] [100%] Built target more_interfaces__rosidl_typesupport_c__pyext
[1.827s] running egg_info
[1.827s] writing more_interfaces.egg-info/PKG-INFO
[1.828s] writing dependency_links to more_interfaces.egg-info/dependency_links.txt
[1.828s] writing top-level names to more_interfaces.egg-info/top_level.txt
[1.828s] reading manifest file 'more_interfaces.egg-info/SOURCES.txt'
[1.828s] writing manifest file 'more_interfaces.egg-info/SOURCES.txt'
[1.897s] [100%] Built target ament_cmake_python_build_more_interfaces_egg
[2.014s] Invoked command in '/home/lucas/Documents/Pratica4/workspace_2/build/more_interfaces' returned '0': CMAKE_PREFIX_PATH=${CMAKE_PREFIX_PATH}:/opt/ros/humble /usr/bin/cmake --build /home/lucas/Documents/Pratica4/workspace_2/build/more_interfaces -- -j4 -l4
[2.630s] Invoking command in '/home/lucas/Documents/Pratica4/workspace_2/build/more_interfaces': CMAKE_PREFIX_PATH=${CMAKE_PREFIX_PATH}:/opt/ros/humble /usr/bin/cmake --install /home/lucas/Documents/Pratica4/workspace_2/build/more_interfaces
[2.678s] -- Install configuration: ""
[2.679s] -- Up-to-date: /home/lucas/Documents/Pratica4/workspace_2/install/more_interfaces/share/ament_index/resource_index/rosidl_interfaces/more_interfaces
[2.679s] -- Up-to-date: /home/lucas/Documents/Pratica4/workspace_2/install/more_interfaces/include/more_interfaces/more_interfaces
[2.694s] -- Up-to-date: /home/lucas/Documents/Pratica4/workspace_2/install/more_interfaces/include/more_interfaces/more_interfaces/msg
[2.694s] -- Up-to-date: /home/lucas/Documents/Pratica4/workspace_2/install/more_interfaces/include/more_interfaces/more_interfaces/msg/rosidl_generator_c__visibility_control.h
[2.695s] -- Up-to-date: /home/lucas/Documents/Pratica4/workspace_2/install/more_interfaces/include/more_interfaces/more_interfaces/msg/detail
[2.695s] -- Up-to-date: /home/lucas/Documents/Pratica4/workspace_2/install/more_interfaces/include/more_interfaces/more_interfaces/msg/detail/address_book__type_support.h
[2.696s] -- Up-to-date: /home/lucas/Documents/Pratica4/workspace_2/install/more_interfaces/include/more_interfaces/more_interfaces/msg/detail/address_book__functions.c
[2.696s] -- Up-to-date: /home/lucas/Documents/Pratica4/workspace_2/install/more_interfaces/include/more_interfaces/more_interfaces/msg/detail/address_book__functions.h
[2.697s] -- Up-to-date: /home/lucas/Documents/Pratica4/workspace_2/install/more_interfaces/include/more_interfaces/more_interfaces/msg/detail/address_book__struct.h
[2.705s] -- Up-to-date: /home/lucas/Documents/Pratica4/workspace_2/install/more_interfaces/include/more_interfaces/more_interfaces/msg/address_book.h
[2.706s] -- Up-to-date: /home/lucas/Documents/Pratica4/workspace_2/install/more_interfaces/share/more_interfaces/environment/library_path.sh
[2.706s] -- Up-to-date: /home/lucas/Documents/Pratica4/workspace_2/install/more_interfaces/share/more_interfaces/environment/library_path.dsv
[2.706s] -- Up-to-date: /home/lucas/Documents/Pratica4/workspace_2/install/more_interfaces/lib/libmore_interfaces__rosidl_generator_c.so
[2.707s] -- Up-to-date: /home/lucas/Documents/Pratica4/workspace_2/install/more_interfaces/include/more_interfaces/more_interfaces
[2.707s] -- Up-to-date: /home/lucas/Documents/Pratica4/workspace_2/install/more_interfaces/include/more_interfaces/more_interfaces/msg
[2.708s] -- Up-to-date: /home/lucas/Documents/Pratica4/workspace_2/install/more_interfaces/include/more_interfaces/more_interfaces/msg/rosidl_typesupport_fastrtps_c__visibility_control.h
[2.708s] -- Up-to-date: /home/lucas/Documents/Pratica4/workspace_2/install/more_interfaces/include/more_interfaces/more_interfaces/msg/detail
[2.708s] -- Up-to-date: /home/lucas/Documents/Pratica4/workspace_2/install/more_interfaces/include/more_interfaces/more_interfaces/msg/detail/address_book__rosidl_typesupport_fastrtps_c.h
[2.708s] -- Up-to-date: /home/lucas/Documents/Pratica4/workspace_2/install/more_interfaces/lib/libmore_interfaces__rosidl_typesupport_fastrtps_c.so
[2.711s] -- Up-to-date: /home/lucas/Documents/Pratica4/workspace_2/install/more_interfaces/include/more_interfaces/more_interfaces
[2.712s] -- Up-to-date: /home/lucas/Documents/Pratica4/workspace_2/install/more_interfaces/include/more_interfaces/more_interfaces/msg
[2.712s] -- Up-to-date: /home/lucas/Documents/Pratica4/workspace_2/install/more_interfaces/include/more_interfaces/more_interfaces/msg/rosidl_typesupport_introspection_c__visibility_control.h
[2.712s] -- Up-to-date: /home/lucas/Documents/Pratica4/workspace_2/install/more_interfaces/include/more_interfaces/more_interfaces/msg/detail
[2.712s] -- Up-to-date: /home/lucas/Documents/Pratica4/workspace_2/install/more_interfaces/include/more_interfaces/more_interfaces/msg/detail/address_book__type_support.c
[2.712s] -- Up-to-date: /home/lucas/Documents/Pratica4/workspace_2/install/more_interfaces/include/more_interfaces/more_interfaces/msg/detail/address_book__rosidl_typesupport_introspection_c.h
[2.712s] -- Up-to-date: /home/lucas/Documents/Pratica4/workspace_2/install/more_interfaces/lib/libmore_interfaces__rosidl_typesupport_introspection_c.so
[2.713s] -- Up-to-date: /home/lucas/Documents/Pratica4/workspace_2/install/more_interfaces/lib/libmore_interfaces__rosidl_typesupport_c.so
[2.713s] -- Up-to-date: /home/lucas/Documents/Pratica4/workspace_2/install/more_interfaces/include/more_interfaces/more_interfaces
[2.713s] -- Up-to-date: /home/lucas/Documents/Pratica4/workspace_2/install/more_interfaces/include/more_interfaces/more_interfaces/msg
[2.725s] -- Up-to-date: /home/lucas/Documents/Pratica4/workspace_2/install/more_interfaces/include/more_interfaces/more_interfaces/msg/detail
[2.725s] -- Up-to-date: /home/lucas/Documents/Pratica4/workspace_2/install/more_interfaces/include/more_interfaces/more_interfaces/msg/detail/address_book__traits.hpp
[2.725s] -- Up-to-date: /home/lucas/Documents/Pratica4/workspace_2/install/more_interfaces/include/more_interfaces/more_interfaces/msg/detail/address_book__builder.hpp
[2.725s] -- Up-to-date: /home/lucas/Documents/Pratica4/workspace_2/install/more_interfaces/include/more_interfaces/more_interfaces/msg/detail/address_book__struct.hpp
[2.726s] -- Up-to-date: /home/lucas/Documents/Pratica4/workspace_2/install/more_interfaces/include/more_interfaces/more_interfaces/msg/address_book.hpp
[2.726s] -- Up-to-date: /home/lucas/Documents/Pratica4/workspace_2/install/more_interfaces/include/more_interfaces/more_interfaces
[2.726s] -- Up-to-date: /home/lucas/Documents/Pratica4/workspace_2/install/more_interfaces/include/more_interfaces/more_interfaces/msg
[2.726s] -- Up-to-date: /home/lucas/Documents/Pratica4/workspace_2/install/more_interfaces/include/more_interfaces/more_interfaces/msg/rosidl_typesupport_fastrtps_cpp__visibility_control.h
[2.726s] -- Up-to-date: /home/lucas/Documents/Pratica4/workspace_2/install/more_interfaces/include/more_interfaces/more_interfaces/msg/detail
[2.727s] -- Up-to-date: /home/lucas/Documents/Pratica4/workspace_2/install/more_interfaces/include/more_interfaces/more_interfaces/msg/detail/dds_fastrtps
[2.727s] -- Up-to-date: /home/lucas/Documents/Pratica4/workspace_2/install/more_interfaces/include/more_interfaces/more_interfaces/msg/detail/address_book__rosidl_typesupport_fastrtps_cpp.hpp
[2.727s] -- Up-to-date: /home/lucas/Documents/Pratica4/workspace_2/install/more_interfaces/lib/libmore_interfaces__rosidl_typesupport_fastrtps_cpp.so
[2.727s] -- Up-to-date: /home/lucas/Documents/Pratica4/workspace_2/install/more_interfaces/include/more_interfaces/more_interfaces
[2.727s] -- Up-to-date: /home/lucas/Documents/Pratica4/workspace_2/install/more_interfaces/include/more_interfaces/more_interfaces/msg
[2.728s] -- Up-to-date: /home/lucas/Documents/Pratica4/workspace_2/install/more_interfaces/include/more_interfaces/more_interfaces/msg/detail
[2.728s] -- Up-to-date: /home/lucas/Documents/Pratica4/workspace_2/install/more_interfaces/include/more_interfaces/more_interfaces/msg/detail/address_book__rosidl_typesupport_introspection_cpp.hpp
[2.728s] -- Up-to-date: /home/lucas/Documents/Pratica4/workspace_2/install/more_interfaces/include/more_interfaces/more_interfaces/msg/detail/address_book__type_support.cpp
[2.728s] -- Up-to-date: /home/lucas/Documents/Pratica4/workspace_2/install/more_interfaces/lib/libmore_interfaces__rosidl_typesupport_introspection_cpp.so
[2.728s] -- Up-to-date: /home/lucas/Documents/Pratica4/workspace_2/install/more_interfaces/lib/libmore_interfaces__rosidl_typesupport_cpp.so
[2.744s] -- Up-to-date: /home/lucas/Documents/Pratica4/workspace_2/install/more_interfaces/share/more_interfaces/environment/pythonpath.sh
[2.744s] -- Up-to-date: /home/lucas/Documents/Pratica4/workspace_2/install/more_interfaces/share/more_interfaces/environment/pythonpath.dsv
[2.745s] -- Up-to-date: /home/lucas/Documents/Pratica4/workspace_2/install/more_interfaces/local/lib/python3.10/dist-packages/more_interfaces-0.0.0-py3.10.egg-info
[2.745s] -- Installing: /home/lucas/Documents/Pratica4/workspace_2/install/more_interfaces/local/lib/python3.10/dist-packages/more_interfaces-0.0.0-py3.10.egg-info/dependency_links.txt
[2.745s] -- Installing: /home/lucas/Documents/Pratica4/workspace_2/install/more_interfaces/local/lib/python3.10/dist-packages/more_interfaces-0.0.0-py3.10.egg-info/PKG-INFO
[2.745s] -- Installing: /home/lucas/Documents/Pratica4/workspace_2/install/more_interfaces/local/lib/python3.10/dist-packages/more_interfaces-0.0.0-py3.10.egg-info/SOURCES.txt
[2.745s] -- Installing: /home/lucas/Documents/Pratica4/workspace_2/install/more_interfaces/local/lib/python3.10/dist-packages/more_interfaces-0.0.0-py3.10.egg-info/top_level.txt
[2.745s] -- Up-to-date: /home/lucas/Documents/Pratica4/workspace_2/install/more_interfaces/local/lib/python3.10/dist-packages/more_interfaces
[2.746s] -- Up-to-date: /home/lucas/Documents/Pratica4/workspace_2/install/more_interfaces/local/lib/python3.10/dist-packages/more_interfaces/__init__.py
[2.746s] -- Up-to-date: /home/lucas/Documents/Pratica4/workspace_2/install/more_interfaces/local/lib/python3.10/dist-packages/more_interfaces/msg
[2.746s] -- Up-to-date: /home/lucas/Documents/Pratica4/workspace_2/install/more_interfaces/local/lib/python3.10/dist-packages/more_interfaces/msg/__init__.py
[2.746s] -- Up-to-date: /home/lucas/Documents/Pratica4/workspace_2/install/more_interfaces/local/lib/python3.10/dist-packages/more_interfaces/msg/_address_book_s.c
[2.747s] -- Up-to-date: /home/lucas/Documents/Pratica4/workspace_2/install/more_interfaces/local/lib/python3.10/dist-packages/more_interfaces/msg/_address_book.py
[2.747s] -- Up-to-date: /home/lucas/Documents/Pratica4/workspace_2/install/more_interfaces/local/lib/python3.10/dist-packages/more_interfaces/libmore_interfaces__rosidl_generator_py.so
[2.748s] -- Up-to-date: /home/lucas/Documents/Pratica4/workspace_2/install/more_interfaces/local/lib/python3.10/dist-packages/more_interfaces/more_interfaces_s__rosidl_typesupport_fastrtps_c.cpython-310-x86_64-linux-gnu.so
[2.761s] -- Up-to-date: /home/lucas/Documents/Pratica4/workspace_2/install/more_interfaces/local/lib/python3.10/dist-packages/more_interfaces/_more_interfaces_s.ep.rosidl_typesupport_c.c
[2.761s] -- Up-to-date: /home/lucas/Documents/Pratica4/workspace_2/install/more_interfaces/local/lib/python3.10/dist-packages/more_interfaces/_more_interfaces_s.ep.rosidl_typesupport_fastrtps_c.c
[2.761s] -- Up-to-date: /home/lucas/Documents/Pratica4/workspace_2/install/more_interfaces/local/lib/python3.10/dist-packages/more_interfaces/_more_interfaces_s.ep.rosidl_typesupport_introspection_c.c
[2.762s] -- Up-to-date: /home/lucas/Documents/Pratica4/workspace_2/install/more_interfaces/local/lib/python3.10/dist-packages/more_interfaces/more_interfaces_s__rosidl_typesupport_introspection_c.cpython-310-x86_64-linux-gnu.so
[2.762s] -- Up-to-date: /home/lucas/Documents/Pratica4/workspace_2/install/more_interfaces/local/lib/python3.10/dist-packages/more_interfaces/more_interfaces_s__rosidl_typesupport_c.cpython-310-x86_64-linux-gnu.so
[2.863s] Listing '/home/lucas/Documents/Pratica4/workspace_2/install/more_interfaces/local/lib/python3.10/dist-packages/more_interfaces'...
[2.864s] Listing '/home/lucas/Documents/Pratica4/workspace_2/install/more_interfaces/local/lib/python3.10/dist-packages/more_interfaces/msg'...
[2.877s] -- Up-to-date: /home/lucas/Documents/Pratica4/workspace_2/install/more_interfaces/local/lib/python3.10/dist-packages/more_interfaces/more_interfaces_s__rosidl_typesupport_fastrtps_c.cpython-310-x86_64-linux-gnu.so
[2.878s] -- Up-to-date: /home/lucas/Documents/Pratica4/workspace_2/install/more_interfaces/local/lib/python3.10/dist-packages/more_interfaces/more_interfaces_s__rosidl_typesupport_introspection_c.cpython-310-x86_64-linux-gnu.so
[2.879s] -- Up-to-date: /home/lucas/Documents/Pratica4/workspace_2/install/more_interfaces/local/lib/python3.10/dist-packages/more_interfaces/more_interfaces_s__rosidl_typesupport_c.cpython-310-x86_64-linux-gnu.so
[2.880s] -- Up-to-date: /home/lucas/Documents/Pratica4/workspace_2/install/more_interfaces/lib/libmore_interfaces__rosidl_generator_py.so
[2.881s] -- Up-to-date: /home/lucas/Documents/Pratica4/workspace_2/install/more_interfaces/share/more_interfaces/msg/AddressBook.idl
[2.882s] -- Up-to-date: /home/lucas/Documents/Pratica4/workspace_2/install/more_interfaces/share/more_interfaces/msg/AddressBook.msg
[2.883s] -- Up-to-date: /home/lucas/Documents/Pratica4/workspace_2/install/more_interfaces/lib/more_interfaces/publish_address_book
[2.885s] -- Up-to-date: /home/lucas/Documents/Pratica4/workspace_2/install/more_interfaces/share/ament_index/resource_index/package_run_dependencies/more_interfaces
[2.885s] -- Up-to-date: /home/lucas/Documents/Pratica4/workspace_2/install/more_interfaces/share/ament_index/resource_index/parent_prefix_path/more_interfaces
[2.885s] -- Up-to-date: /home/lucas/Documents/Pratica4/workspace_2/install/more_interfaces/share/more_interfaces/environment/ament_prefix_path.sh
[2.886s] -- Up-to-date: /home/lucas/Documents/Pratica4/workspace_2/install/more_interfaces/share/more_interfaces/environment/ament_prefix_path.dsv
[2.886s] -- Up-to-date: /home/lucas/Documents/Pratica4/workspace_2/install/more_interfaces/share/more_interfaces/environment/path.sh
[2.886s] -- Up-to-date: /home/lucas/Documents/Pratica4/workspace_2/install/more_interfaces/share/more_interfaces/environment/path.dsv
[2.886s] -- Up-to-date: /home/lucas/Documents/Pratica4/workspace_2/install/more_interfaces/share/more_interfaces/local_setup.bash
[2.886s] -- Up-to-date: /home/lucas/Documents/Pratica4/workspace_2/install/more_interfaces/share/more_interfaces/local_setup.sh
[2.887s] -- Up-to-date: /home/lucas/Documents/Pratica4/workspace_2/install/more_interfaces/share/more_interfaces/local_setup.zsh
[2.887s] -- Up-to-date: /home/lucas/Documents/Pratica4/workspace_2/install/more_interfaces/share/more_interfaces/local_setup.dsv
[2.888s] -- Installing: /home/lucas/Documents/Pratica4/workspace_2/install/more_interfaces/share/more_interfaces/package.dsv
[2.889s] -- Up-to-date: /home/lucas/Documents/Pratica4/workspace_2/install/more_interfaces/share/ament_index/resource_index/packages/more_interfaces
[2.896s] -- Up-to-date: /home/lucas/Documents/Pratica4/workspace_2/install/more_interfaces/share/more_interfaces/cmake/export_more_interfaces__rosidl_generator_cExport.cmake
[2.897s] -- Up-to-date: /home/lucas/Documents/Pratica4/workspace_2/install/more_interfaces/share/more_interfaces/cmake/export_more_interfaces__rosidl_generator_cExport-noconfig.cmake
[2.903s] -- Up-to-date: /home/lucas/Documents/Pratica4/workspace_2/install/more_interfaces/share/more_interfaces/cmake/export_more_interfaces__rosidl_typesupport_fastrtps_cExport.cmake
[2.904s] -- Up-to-date: /home/lucas/Documents/Pratica4/workspace_2/install/more_interfaces/share/more_interfaces/cmake/export_more_interfaces__rosidl_typesupport_fastrtps_cExport-noconfig.cmake
[2.904s] -- Up-to-date: /home/lucas/Documents/Pratica4/workspace_2/install/more_interfaces/share/more_interfaces/cmake/more_interfaces__rosidl_typesupport_introspection_cExport.cmake
[2.904s] -- Up-to-date: /home/lucas/Documents/Pratica4/workspace_2/install/more_interfaces/share/more_interfaces/cmake/more_interfaces__rosidl_typesupport_introspection_cExport-noconfig.cmake
[2.905s] -- Up-to-date: /home/lucas/Documents/Pratica4/workspace_2/install/more_interfaces/share/more_interfaces/cmake/more_interfaces__rosidl_typesupport_cExport.cmake
[2.905s] -- Up-to-date: /home/lucas/Documents/Pratica4/workspace_2/install/more_interfaces/share/more_interfaces/cmake/more_interfaces__rosidl_typesupport_cExport-noconfig.cmake
[2.906s] -- Up-to-date: /home/lucas/Documents/Pratica4/workspace_2/install/more_interfaces/share/more_interfaces/cmake/export_more_interfaces__rosidl_generator_cppExport.cmake
[2.906s] -- Up-to-date: /home/lucas/Documents/Pratica4/workspace_2/install/more_interfaces/share/more_interfaces/cmake/export_more_interfaces__rosidl_typesupport_fastrtps_cppExport.cmake
[2.907s] -- Up-to-date: /home/lucas/Documents/Pratica4/workspace_2/install/more_interfaces/share/more_interfaces/cmake/export_more_interfaces__rosidl_typesupport_fastrtps_cppExport-noconfig.cmake
[2.908s] -- Up-to-date: /home/lucas/Documents/Pratica4/workspace_2/install/more_interfaces/share/more_interfaces/cmake/more_interfaces__rosidl_typesupport_introspection_cppExport.cmake
[2.908s] -- Up-to-date: /home/lucas/Documents/Pratica4/workspace_2/install/more_interfaces/share/more_interfaces/cmake/more_interfaces__rosidl_typesupport_introspection_cppExport-noconfig.cmake
[2.910s] -- Up-to-date: /home/lucas/Documents/Pratica4/workspace_2/install/more_interfaces/share/more_interfaces/cmake/more_interfaces__rosidl_typesupport_cppExport.cmake
[2.910s] -- Up-to-date: /home/lucas/Documents/Pratica4/workspace_2/install/more_interfaces/share/more_interfaces/cmake/more_interfaces__rosidl_typesupport_cppExport-noconfig.cmake
[2.910s] -- Up-to-date: /home/lucas/Documents/Pratica4/workspace_2/install/more_interfaces/share/more_interfaces/cmake/export_more_interfaces__rosidl_generator_pyExport.cmake
[2.911s] -- Up-to-date: /home/lucas/Documents/Pratica4/workspace_2/install/more_interfaces/share/more_interfaces/cmake/export_more_interfaces__rosidl_generator_pyExport-noconfig.cmake
[2.911s] -- Up-to-date: /home/lucas/Documents/Pratica4/workspace_2/install/more_interfaces/share/more_interfaces/cmake/rosidl_cmake-extras.cmake
[2.911s] -- Up-to-date: /home/lucas/Documents/Pratica4/workspace_2/install/more_interfaces/share/more_interfaces/cmake/ament_cmake_export_include_directories-extras.cmake
[2.911s] -- Up-to-date: /home/lucas/Documents/Pratica4/workspace_2/install/more_interfaces/share/more_interfaces/cmake/ament_cmake_export_libraries-extras.cmake
[2.911s] -- Up-to-date: /home/lucas/Documents/Pratica4/workspace_2/install/more_interfaces/share/more_interfaces/cmake/ament_cmake_export_targets-extras.cmake
[2.912s] -- Up-to-date: /home/lucas/Documents/Pratica4/workspace_2/install/more_interfaces/share/more_interfaces/cmake/rosidl_cmake_export_typesupport_targets-extras.cmake
[2.917s] -- Up-to-date: /home/lucas/Documents/Pratica4/workspace_2/install/more_interfaces/share/more_interfaces/cmake/ament_cmake_export_dependencies-extras.cmake
[2.918s] -- Up-to-date: /home/lucas/Documents/Pratica4/workspace_2/install/more_interfaces/share/more_interfaces/cmake/rosidl_cmake_export_typesupport_libraries-extras.cmake
[2.918s] -- Up-to-date: /home/lucas/Documents/Pratica4/workspace_2/install/more_interfaces/share/more_interfaces/cmake/more_interfacesConfig.cmake
[2.918s] -- Up-to-date: /home/lucas/Documents/Pratica4/workspace_2/install/more_interfaces/share/more_interfaces/cmake/more_interfacesConfig-version.cmake
[2.918s] -- Up-to-date: /home/lucas/Documents/Pratica4/workspace_2/install/more_interfaces/share/more_interfaces/package.xml
[3.073s] Invoked command in '/home/lucas/Documents/Pratica4/workspace_2/build/more_interfaces' returned '0': CMAKE_PREFIX_PATH=${CMAKE_PREFIX_PATH}:/opt/ros/humble /usr/bin/cmake --install /home/lucas/Documents/Pratica4/workspace_2/build/more_interfaces
