[0.112s] Invoking command in '/home/lucas/Documents/Pratica4/workspace_2/build/cpp_launch_example': CMAKE_PREFIX_PATH=${CMAKE_PREFIX_PATH}:/opt/ros/humble /usr/bin/cmake /home/lucas/Documents/Pratica4/workspace_2/src/cpp_launch_example -DCMAKE_INSTALL_PREFIX=/home/lucas/Documents/Pratica4/workspace_2/install/cpp_launch_example
[1.683s] -- The C compiler identification is GNU 11.4.0
[2.067s] -- The CXX compiler identification is GNU 11.4.0
[2.580s] -- Detecting C compiler ABI info
[2.784s] -- Detecting C compiler ABI info - done
[2.800s] -- Check for working C compiler: /usr/bin/cc - skipped
[2.801s] -- Detecting C compile features
[2.834s] -- Detecting C compile features - done
[2.852s] -- Detecting CXX compiler ABI info
[3.049s] -- Detecting CXX compiler ABI info - done
[3.067s] -- Check for working CXX compiler: /usr/bin/c++ - skipped
[3.070s] -- Detecting CXX compile features
[3.071s] -- Detecting CXX compile features - done
[3.262s] -- Found ament_cmake: 1.3.8 (/opt/ros/humble/share/ament_cmake/cmake)
[4.206s] -- Found Python3: /usr/bin/python3 (found version "3.10.12") found components: Interpreter 
[5.396s] -- Found ament_lint_auto: 0.12.10 (/opt/ros/humble/share/ament_lint_auto/cmake)
[5.810s] -- Added test 'flake8' to check Python code syntax and style conventions
[5.812s] -- Added test 'lint_cmake' to check CMake code style
[5.827s] -- Added test 'pep257' to check Python code against some of the docstring style conventions in PEP 257
[5.844s] -- Added test 'xmllint' to check XML markup files
[5.855s] -- Configuring done
[5.867s] -- Generating done
[5.867s] -- Build files have been written to: /home/lucas/Documents/Pratica4/workspace_2/build/cpp_launch_example
[5.872s] Invoked command in '/home/lucas/Documents/Pratica4/workspace_2/build/cpp_launch_example' returned '0': CMAKE_PREFIX_PATH=${CMAKE_PREFIX_PATH}:/opt/ros/humble /usr/bin/cmake /home/lucas/Documents/Pratica4/workspace_2/src/cpp_launch_example -DCMAKE_INSTALL_PREFIX=/home/lucas/Documents/Pratica4/workspace_2/install/cpp_launch_example
[5.875s] Invoking command in '/home/lucas/Documents/Pratica4/workspace_2/build/cpp_launch_example': CMAKE_PREFIX_PATH=${CMAKE_PREFIX_PATH}:/opt/ros/humble /usr/bin/cmake --build /home/lucas/Documents/Pratica4/workspace_2/build/cpp_launch_example -- -j4 -l4
[5.945s] Invoked command in '/home/lucas/Documents/Pratica4/workspace_2/build/cpp_launch_example' returned '0': CMAKE_PREFIX_PATH=${CMAKE_PREFIX_PATH}:/opt/ros/humble /usr/bin/cmake --build /home/lucas/Documents/Pratica4/workspace_2/build/cpp_launch_example -- -j4 -l4
[5.978s] Invoking command in '/home/lucas/Documents/Pratica4/workspace_2/build/cpp_launch_example': CMAKE_PREFIX_PATH=${CMAKE_PREFIX_PATH}:/opt/ros/humble /usr/bin/cmake --install /home/lucas/Documents/Pratica4/workspace_2/build/cpp_launch_example
[5.992s] -- Install configuration: ""
[5.993s] -- Installing: /home/lucas/Documents/Pratica4/workspace_2/install/cpp_launch_example/share/cpp_launch_example//launch
[5.994s] -- Installing: /home/lucas/Documents/Pratica4/workspace_2/install/cpp_launch_example/share/cpp_launch_example//launch/my_script_launch.py
[5.995s] -- Installing: /home/lucas/Documents/Pratica4/workspace_2/install/cpp_launch_example/share/ament_index/resource_index/package_run_dependencies/cpp_launch_example
[5.999s] -- Installing: /home/lucas/Documents/Pratica4/workspace_2/install/cpp_launch_example/share/ament_index/resource_index/parent_prefix_path/cpp_launch_example
[6.000s] -- Installing: /home/lucas/Documents/Pratica4/workspace_2/install/cpp_launch_example/share/cpp_launch_example/environment/ament_prefix_path.sh
[6.000s] -- Installing: /home/lucas/Documents/Pratica4/workspace_2/install/cpp_launch_example/share/cpp_launch_example/environment/ament_prefix_path.dsv
[6.001s] -- Installing: /home/lucas/Documents/Pratica4/workspace_2/install/cpp_launch_example/share/cpp_launch_example/environment/path.sh
[6.001s] -- Installing: /home/lucas/Documents/Pratica4/workspace_2/install/cpp_launch_example/share/cpp_launch_example/environment/path.dsv
[6.001s] -- Installing: /home/lucas/Documents/Pratica4/workspace_2/install/cpp_launch_example/share/cpp_launch_example/local_setup.bash
[6.003s] -- Installing: /home/lucas/Documents/Pratica4/workspace_2/install/cpp_launch_example/share/cpp_launch_example/local_setup.sh
[6.004s] -- Installing: /home/lucas/Documents/Pratica4/workspace_2/install/cpp_launch_example/share/cpp_launch_example/local_setup.zsh
[6.005s] -- Installing: /home/lucas/Documents/Pratica4/workspace_2/install/cpp_launch_example/share/cpp_launch_example/local_setup.dsv
[6.006s] -- Installing: /home/lucas/Documents/Pratica4/workspace_2/install/cpp_launch_example/share/cpp_launch_example/package.dsv
[6.006s] -- Installing: /home/lucas/Documents/Pratica4/workspace_2/install/cpp_launch_example/share/ament_index/resource_index/packages/cpp_launch_example
[6.007s] -- Installing: /home/lucas/Documents/Pratica4/workspace_2/install/cpp_launch_example/share/cpp_launch_example/cmake/cpp_launch_exampleConfig.cmake
[6.008s] -- Installing: /home/lucas/Documents/Pratica4/workspace_2/install/cpp_launch_example/share/cpp_launch_example/cmake/cpp_launch_exampleConfig-version.cmake
[6.008s] -- Installing: /home/lucas/Documents/Pratica4/workspace_2/install/cpp_launch_example/share/cpp_launch_example/package.xml
[6.009s] Invoked command in '/home/lucas/Documents/Pratica4/workspace_2/build/cpp_launch_example' returned '0': CMAKE_PREFIX_PATH=${CMAKE_PREFIX_PATH}:/opt/ros/humble /usr/bin/cmake --install /home/lucas/Documents/Pratica4/workspace_2/build/cpp_launch_example
