[0.125s] DEBUG:colcon:Command line arguments: ['/usr/bin/colcon', 'build', '--packages-up-to', 'more_interfaces']
[0.125s] DEBUG:colcon:Parsed command line arguments: Namespace(log_base=None, log_level=None, verb_name='build', build_base='build', install_base='install', merge_install=False, symlink_install=False, test_result_base=None, continue_on_error=False, executor='parallel', parallel_workers=4, event_handlers=None, ignore_user_meta=False, metas=['./colcon.meta'], base_paths=['.'], packages_ignore=None, packages_ignore_regex=None, paths=None, packages_up_to=['more_interfaces'], packages_up_to_regex=None, packages_above=None, packages_above_and_dependencies=None, packages_above_depth=None, packages_select_by_dep=None, packages_skip_by_dep=None, packages_skip_up_to=None, packages_select_build_failed=False, packages_skip_build_finished=False, packages_select_test_failures=False, packages_skip_test_passed=False, packages_select=None, packages_skip=None, packages_select_regex=None, packages_skip_regex=None, packages_start=None, packages_end=None, allow_overriding=[], cmake_args=None, cmake_target=None, cmake_target_skip_unavailable=False, cmake_clean_cache=False, cmake_clean_first=False, cmake_force_configure=False, ament_cmake_args=None, catkin_cmake_args=None, catkin_skip_building_tests=False, verb_parser=<colcon_defaults.argument_parser.defaults.DefaultArgumentsDecorator object at 0x7b15dc839150>, verb_extension=<colcon_core.verb.build.BuildVerb object at 0x7b15dc838c40>, main=<bound method BuildVerb.main of <colcon_core.verb.build.BuildVerb object at 0x7b15dc838c40>>)
[0.345s] Level 1:colcon.colcon_core.package_discovery:discover_packages(colcon_meta) check parameters
[0.346s] Level 1:colcon.colcon_core.package_discovery:discover_packages(recursive) check parameters
[0.346s] Level 1:colcon.colcon_core.package_discovery:discover_packages(ignore) check parameters
[0.346s] Level 1:colcon.colcon_core.package_discovery:discover_packages(path) check parameters
[0.346s] Level 1:colcon.colcon_core.package_discovery:discover_packages(colcon_meta) discover
[0.346s] Level 1:colcon.colcon_core.package_discovery:discover_packages(recursive) discover
[0.346s] INFO:colcon.colcon_core.package_discovery:Crawling recursively for packages in '/home/lucas/Documents/Pratica4/workspace_2/src'
[0.346s] Level 1:colcon.colcon_core.package_identification:_identify(.) by extensions ['ignore', 'ignore_ament_install']
[0.346s] Level 1:colcon.colcon_core.package_identification:_identify(.) by extension 'ignore'
[0.346s] Level 1:colcon.colcon_core.package_identification:_identify(.) by extension 'ignore_ament_install'
[0.346s] Level 1:colcon.colcon_core.package_identification:_identify(.) by extensions ['colcon_pkg']
[0.347s] Level 1:colcon.colcon_core.package_identification:_identify(.) by extension 'colcon_pkg'
[0.347s] Level 1:colcon.colcon_core.package_identification:_identify(.) by extensions ['colcon_meta']
[0.347s] Level 1:colcon.colcon_core.package_identification:_identify(.) by extension 'colcon_meta'
[0.347s] Level 1:colcon.colcon_core.package_identification:_identify(.) by extensions ['ros']
[0.347s] Level 1:colcon.colcon_core.package_identification:_identify(.) by extension 'ros'
[0.363s] Level 1:colcon.colcon_core.package_identification:_identify(.) by extensions ['cmake', 'python']
[0.363s] Level 1:colcon.colcon_core.package_identification:_identify(.) by extension 'cmake'
[0.363s] Level 1:colcon.colcon_core.package_identification:_identify(.) by extension 'python'
[0.363s] Level 1:colcon.colcon_core.package_identification:_identify(.) by extensions ['python_setup_py']
[0.363s] Level 1:colcon.colcon_core.package_identification:_identify(.) by extension 'python_setup_py'
[0.364s] Level 1:colcon.colcon_core.package_identification:_identify(aws-robomaker-small-warehouse-world) by extensions ['ignore', 'ignore_ament_install']
[0.364s] Level 1:colcon.colcon_core.package_identification:_identify(aws-robomaker-small-warehouse-world) by extension 'ignore'
[0.364s] Level 1:colcon.colcon_core.package_identification:_identify(aws-robomaker-small-warehouse-world) by extension 'ignore_ament_install'
[0.364s] Level 1:colcon.colcon_core.package_identification:_identify(aws-robomaker-small-warehouse-world) by extensions ['colcon_pkg']
[0.364s] Level 1:colcon.colcon_core.package_identification:_identify(aws-robomaker-small-warehouse-world) by extension 'colcon_pkg'
[0.364s] Level 1:colcon.colcon_core.package_identification:_identify(aws-robomaker-small-warehouse-world) by extensions ['colcon_meta']
[0.364s] Level 1:colcon.colcon_core.package_identification:_identify(aws-robomaker-small-warehouse-world) by extension 'colcon_meta'
[0.364s] Level 1:colcon.colcon_core.package_identification:_identify(aws-robomaker-small-warehouse-world) by extensions ['ros']
[0.364s] Level 1:colcon.colcon_core.package_identification:_identify(aws-robomaker-small-warehouse-world) by extension 'ros'
[0.368s] DEBUG:colcon.colcon_core.package_identification:Package 'aws-robomaker-small-warehouse-world' with type 'ros.ament_cmake' and name 'aws_robomaker_small_warehouse_world'
[0.369s] Level 1:colcon.colcon_core.package_identification:_identify(build) by extensions ['ignore', 'ignore_ament_install']
[0.369s] Level 1:colcon.colcon_core.package_identification:_identify(build) by extension 'ignore'
[0.369s] Level 1:colcon.colcon_core.package_identification:_identify(build) ignored
[0.369s] Level 1:colcon.colcon_core.package_identification:_identify(cpp_pubsub) by extensions ['ignore', 'ignore_ament_install']
[0.369s] Level 1:colcon.colcon_core.package_identification:_identify(cpp_pubsub) by extension 'ignore'
[0.369s] Level 1:colcon.colcon_core.package_identification:_identify(cpp_pubsub) by extension 'ignore_ament_install'
[0.369s] Level 1:colcon.colcon_core.package_identification:_identify(cpp_pubsub) by extensions ['colcon_pkg']
[0.369s] Level 1:colcon.colcon_core.package_identification:_identify(cpp_pubsub) by extension 'colcon_pkg'
[0.369s] Level 1:colcon.colcon_core.package_identification:_identify(cpp_pubsub) by extensions ['colcon_meta']
[0.370s] Level 1:colcon.colcon_core.package_identification:_identify(cpp_pubsub) by extension 'colcon_meta'
[0.370s] Level 1:colcon.colcon_core.package_identification:_identify(cpp_pubsub) by extensions ['ros']
[0.370s] Level 1:colcon.colcon_core.package_identification:_identify(cpp_pubsub) by extension 'ros'
[0.371s] DEBUG:colcon.colcon_core.package_identification:Package 'cpp_pubsub' with type 'ros.ament_cmake' and name 'cpp_pubsub'
[0.371s] Level 1:colcon.colcon_core.package_identification:_identify(cpp_srvcli) by extensions ['ignore', 'ignore_ament_install']
[0.371s] Level 1:colcon.colcon_core.package_identification:_identify(cpp_srvcli) by extension 'ignore'
[0.371s] Level 1:colcon.colcon_core.package_identification:_identify(cpp_srvcli) by extension 'ignore_ament_install'
[0.371s] Level 1:colcon.colcon_core.package_identification:_identify(cpp_srvcli) by extensions ['colcon_pkg']
[0.371s] Level 1:colcon.colcon_core.package_identification:_identify(cpp_srvcli) by extension 'colcon_pkg'
[0.371s] Level 1:colcon.colcon_core.package_identification:_identify(cpp_srvcli) by extensions ['colcon_meta']
[0.372s] Level 1:colcon.colcon_core.package_identification:_identify(cpp_srvcli) by extension 'colcon_meta'
[0.372s] Level 1:colcon.colcon_core.package_identification:_identify(cpp_srvcli) by extensions ['ros']
[0.372s] Level 1:colcon.colcon_core.package_identification:_identify(cpp_srvcli) by extension 'ros'
[0.373s] DEBUG:colcon.colcon_core.package_identification:Package 'cpp_srvcli' with type 'ros.ament_cmake' and name 'cpp_srvcli'
[0.373s] Level 1:colcon.colcon_core.package_identification:_identify(install) by extensions ['ignore', 'ignore_ament_install']
[0.373s] Level 1:colcon.colcon_core.package_identification:_identify(install) by extension 'ignore'
[0.373s] Level 1:colcon.colcon_core.package_identification:_identify(install) ignored
[0.373s] Level 1:colcon.colcon_core.package_identification:_identify(ira_laser_tools) by extensions ['ignore', 'ignore_ament_install']
[0.374s] Level 1:colcon.colcon_core.package_identification:_identify(ira_laser_tools) by extension 'ignore'
[0.374s] Level 1:colcon.colcon_core.package_identification:_identify(ira_laser_tools) by extension 'ignore_ament_install'
[0.374s] Level 1:colcon.colcon_core.package_identification:_identify(ira_laser_tools) by extensions ['colcon_pkg']
[0.374s] Level 1:colcon.colcon_core.package_identification:_identify(ira_laser_tools) by extension 'colcon_pkg'
[0.374s] Level 1:colcon.colcon_core.package_identification:_identify(ira_laser_tools) by extensions ['colcon_meta']
[0.374s] Level 1:colcon.colcon_core.package_identification:_identify(ira_laser_tools) by extension 'colcon_meta'
[0.374s] Level 1:colcon.colcon_core.package_identification:_identify(ira_laser_tools) by extensions ['ros']
[0.374s] Level 1:colcon.colcon_core.package_identification:_identify(ira_laser_tools) by extension 'ros'
[0.376s] DEBUG:colcon.colcon_core.package_identification:Package 'ira_laser_tools' with type 'ros.ament_cmake' and name 'ira_laser_tools'
[0.376s] Level 1:colcon.colcon_core.package_identification:_identify(laser_ugv_system) by extensions ['ignore', 'ignore_ament_install']
[0.376s] Level 1:colcon.colcon_core.package_identification:_identify(laser_ugv_system) by extension 'ignore'
[0.376s] Level 1:colcon.colcon_core.package_identification:_identify(laser_ugv_system) by extension 'ignore_ament_install'
[0.376s] Level 1:colcon.colcon_core.package_identification:_identify(laser_ugv_system) by extensions ['colcon_pkg']
[0.376s] Level 1:colcon.colcon_core.package_identification:_identify(laser_ugv_system) by extension 'colcon_pkg'
[0.376s] Level 1:colcon.colcon_core.package_identification:_identify(laser_ugv_system) by extensions ['colcon_meta']
[0.376s] Level 1:colcon.colcon_core.package_identification:_identify(laser_ugv_system) by extension 'colcon_meta'
[0.376s] Level 1:colcon.colcon_core.package_identification:_identify(laser_ugv_system) by extensions ['ros']
[0.376s] Level 1:colcon.colcon_core.package_identification:_identify(laser_ugv_system) by extension 'ros'
[0.377s] Level 1:colcon.colcon_core.package_identification:_identify(laser_ugv_system) by extensions ['cmake', 'python']
[0.377s] Level 1:colcon.colcon_core.package_identification:_identify(laser_ugv_system) by extension 'cmake'
[0.377s] Level 1:colcon.colcon_core.package_identification:_identify(laser_ugv_system) by extension 'python'
[0.377s] Level 1:colcon.colcon_core.package_identification:_identify(laser_ugv_system) by extensions ['python_setup_py']
[0.377s] Level 1:colcon.colcon_core.package_identification:_identify(laser_ugv_system) by extension 'python_setup_py'
[0.377s] Level 1:colcon.colcon_core.package_identification:_identify(laser_ugv_system/images) by extensions ['ignore', 'ignore_ament_install']
[0.377s] Level 1:colcon.colcon_core.package_identification:_identify(laser_ugv_system/images) by extension 'ignore'
[0.377s] Level 1:colcon.colcon_core.package_identification:_identify(laser_ugv_system/images) by extension 'ignore_ament_install'
[0.377s] Level 1:colcon.colcon_core.package_identification:_identify(laser_ugv_system/images) by extensions ['colcon_pkg']
[0.377s] Level 1:colcon.colcon_core.package_identification:_identify(laser_ugv_system/images) by extension 'colcon_pkg'
[0.377s] Level 1:colcon.colcon_core.package_identification:_identify(laser_ugv_system/images) by extensions ['colcon_meta']
[0.377s] Level 1:colcon.colcon_core.package_identification:_identify(laser_ugv_system/images) by extension 'colcon_meta'
[0.378s] Level 1:colcon.colcon_core.package_identification:_identify(laser_ugv_system/images) by extensions ['ros']
[0.378s] Level 1:colcon.colcon_core.package_identification:_identify(laser_ugv_system/images) by extension 'ros'
[0.378s] Level 1:colcon.colcon_core.package_identification:_identify(laser_ugv_system/images) by extensions ['cmake', 'python']
[0.378s] Level 1:colcon.colcon_core.package_identification:_identify(laser_ugv_system/images) by extension 'cmake'
[0.378s] Level 1:colcon.colcon_core.package_identification:_identify(laser_ugv_system/images) by extension 'python'
[0.378s] Level 1:colcon.colcon_core.package_identification:_identify(laser_ugv_system/images) by extensions ['python_setup_py']
[0.378s] Level 1:colcon.colcon_core.package_identification:_identify(laser_ugv_system/images) by extension 'python_setup_py'
[0.378s] Level 1:colcon.colcon_core.package_identification:_identify(laser_ugv_system/ugv_navigation) by extensions ['ignore', 'ignore_ament_install']
[0.378s] Level 1:colcon.colcon_core.package_identification:_identify(laser_ugv_system/ugv_navigation) by extension 'ignore'
[0.378s] Level 1:colcon.colcon_core.package_identification:_identify(laser_ugv_system/ugv_navigation) by extension 'ignore_ament_install'
[0.379s] Level 1:colcon.colcon_core.package_identification:_identify(laser_ugv_system/ugv_navigation) by extensions ['colcon_pkg']
[0.379s] Level 1:colcon.colcon_core.package_identification:_identify(laser_ugv_system/ugv_navigation) by extension 'colcon_pkg'
[0.379s] Level 1:colcon.colcon_core.package_identification:_identify(laser_ugv_system/ugv_navigation) by extensions ['colcon_meta']
[0.379s] Level 1:colcon.colcon_core.package_identification:_identify(laser_ugv_system/ugv_navigation) by extension 'colcon_meta'
[0.379s] Level 1:colcon.colcon_core.package_identification:_identify(laser_ugv_system/ugv_navigation) by extensions ['ros']
[0.379s] Level 1:colcon.colcon_core.package_identification:_identify(laser_ugv_system/ugv_navigation) by extension 'ros'
[0.379s] DEBUG:colcon.colcon_core.package_identification:Package 'laser_ugv_system/ugv_navigation' with type 'ros.ament_cmake' and name 'ugv_navigation'
[0.380s] Level 1:colcon.colcon_core.package_identification:_identify(laser_ugv_system/ugv_robots_descriptions) by extensions ['ignore', 'ignore_ament_install']
[0.380s] Level 1:colcon.colcon_core.package_identification:_identify(laser_ugv_system/ugv_robots_descriptions) by extension 'ignore'
[0.380s] Level 1:colcon.colcon_core.package_identification:_identify(laser_ugv_system/ugv_robots_descriptions) by extension 'ignore_ament_install'
[0.380s] Level 1:colcon.colcon_core.package_identification:_identify(laser_ugv_system/ugv_robots_descriptions) by extensions ['colcon_pkg']
[0.380s] Level 1:colcon.colcon_core.package_identification:_identify(laser_ugv_system/ugv_robots_descriptions) by extension 'colcon_pkg'
[0.380s] Level 1:colcon.colcon_core.package_identification:_identify(laser_ugv_system/ugv_robots_descriptions) by extensions ['colcon_meta']
[0.380s] Level 1:colcon.colcon_core.package_identification:_identify(laser_ugv_system/ugv_robots_descriptions) by extension 'colcon_meta'
[0.380s] Level 1:colcon.colcon_core.package_identification:_identify(laser_ugv_system/ugv_robots_descriptions) by extensions ['ros']
[0.380s] Level 1:colcon.colcon_core.package_identification:_identify(laser_ugv_system/ugv_robots_descriptions) by extension 'ros'
[0.381s] DEBUG:colcon.colcon_core.package_identification:Package 'laser_ugv_system/ugv_robots_descriptions' with type 'ros.ament_cmake' and name 'ugv_robots_descriptions'
[0.381s] Level 1:colcon.colcon_core.package_identification:_identify(laser_ugv_system/ugv_simulation) by extensions ['ignore', 'ignore_ament_install']
[0.381s] Level 1:colcon.colcon_core.package_identification:_identify(laser_ugv_system/ugv_simulation) by extension 'ignore'
[0.382s] Level 1:colcon.colcon_core.package_identification:_identify(laser_ugv_system/ugv_simulation) by extension 'ignore_ament_install'
[0.382s] Level 1:colcon.colcon_core.package_identification:_identify(laser_ugv_system/ugv_simulation) by extensions ['colcon_pkg']
[0.382s] Level 1:colcon.colcon_core.package_identification:_identify(laser_ugv_system/ugv_simulation) by extension 'colcon_pkg'
[0.382s] Level 1:colcon.colcon_core.package_identification:_identify(laser_ugv_system/ugv_simulation) by extensions ['colcon_meta']
[0.382s] Level 1:colcon.colcon_core.package_identification:_identify(laser_ugv_system/ugv_simulation) by extension 'colcon_meta'
[0.382s] Level 1:colcon.colcon_core.package_identification:_identify(laser_ugv_system/ugv_simulation) by extensions ['ros']
[0.382s] Level 1:colcon.colcon_core.package_identification:_identify(laser_ugv_system/ugv_simulation) by extension 'ros'
[0.383s] DEBUG:colcon.colcon_core.package_identification:Package 'laser_ugv_system/ugv_simulation' with type 'ros.ament_cmake' and name 'ugv_simulation'
[0.383s] Level 1:colcon.colcon_core.package_identification:_identify(log) by extensions ['ignore', 'ignore_ament_install']
[0.383s] Level 1:colcon.colcon_core.package_identification:_identify(log) by extension 'ignore'
[0.383s] Level 1:colcon.colcon_core.package_identification:_identify(log) ignored
[0.383s] Level 1:colcon.colcon_core.package_identification:_identify(more_interfaces) by extensions ['ignore', 'ignore_ament_install']
[0.383s] Level 1:colcon.colcon_core.package_identification:_identify(more_interfaces) by extension 'ignore'
[0.384s] Level 1:colcon.colcon_core.package_identification:_identify(more_interfaces) by extension 'ignore_ament_install'
[0.384s] Level 1:colcon.colcon_core.package_identification:_identify(more_interfaces) by extensions ['colcon_pkg']
[0.384s] Level 1:colcon.colcon_core.package_identification:_identify(more_interfaces) by extension 'colcon_pkg'
[0.384s] Level 1:colcon.colcon_core.package_identification:_identify(more_interfaces) by extensions ['colcon_meta']
[0.384s] Level 1:colcon.colcon_core.package_identification:_identify(more_interfaces) by extension 'colcon_meta'
[0.384s] Level 1:colcon.colcon_core.package_identification:_identify(more_interfaces) by extensions ['ros']
[0.384s] Level 1:colcon.colcon_core.package_identification:_identify(more_interfaces) by extension 'ros'
[0.385s] DEBUG:colcon.colcon_core.package_identification:Package 'more_interfaces' with type 'ros.ament_cmake' and name 'more_interfaces'
[0.385s] Level 1:colcon.colcon_core.package_identification:_identify(my_code) by extensions ['ignore', 'ignore_ament_install']
[0.385s] Level 1:colcon.colcon_core.package_identification:_identify(my_code) by extension 'ignore'
[0.385s] Level 1:colcon.colcon_core.package_identification:_identify(my_code) by extension 'ignore_ament_install'
[0.385s] Level 1:colcon.colcon_core.package_identification:_identify(my_code) by extensions ['colcon_pkg']
[0.385s] Level 1:colcon.colcon_core.package_identification:_identify(my_code) by extension 'colcon_pkg'
[0.385s] Level 1:colcon.colcon_core.package_identification:_identify(my_code) by extensions ['colcon_meta']
[0.385s] Level 1:colcon.colcon_core.package_identification:_identify(my_code) by extension 'colcon_meta'
[0.385s] Level 1:colcon.colcon_core.package_identification:_identify(my_code) by extensions ['ros']
[0.386s] Level 1:colcon.colcon_core.package_identification:_identify(my_code) by extension 'ros'
[0.386s] DEBUG:colcon.colcon_core.package_identification:Package 'my_code' with type 'ros.ament_cmake' and name 'my_code'
[0.386s] Level 1:colcon.colcon_core.package_identification:_identify(palletron_bringup) by extensions ['ignore', 'ignore_ament_install']
[0.387s] Level 1:colcon.colcon_core.package_identification:_identify(palletron_bringup) by extension 'ignore'
[0.387s] Level 1:colcon.colcon_core.package_identification:_identify(palletron_bringup) by extension 'ignore_ament_install'
[0.387s] Level 1:colcon.colcon_core.package_identification:_identify(palletron_bringup) by extensions ['colcon_pkg']
[0.387s] Level 1:colcon.colcon_core.package_identification:_identify(palletron_bringup) by extension 'colcon_pkg'
[0.387s] Level 1:colcon.colcon_core.package_identification:_identify(palletron_bringup) by extensions ['colcon_meta']
[0.387s] Level 1:colcon.colcon_core.package_identification:_identify(palletron_bringup) by extension 'colcon_meta'
[0.387s] Level 1:colcon.colcon_core.package_identification:_identify(palletron_bringup) by extensions ['ros']
[0.387s] Level 1:colcon.colcon_core.package_identification:_identify(palletron_bringup) by extension 'ros'
[0.388s] DEBUG:colcon.colcon_core.package_identification:Package 'palletron_bringup' with type 'ros.ament_cmake' and name 'palletron_bringup'
[0.388s] Level 1:colcon.colcon_core.package_identification:_identify(palletron_gazebo) by extensions ['ignore', 'ignore_ament_install']
[0.388s] Level 1:colcon.colcon_core.package_identification:_identify(palletron_gazebo) by extension 'ignore'
[0.388s] Level 1:colcon.colcon_core.package_identification:_identify(palletron_gazebo) by extension 'ignore_ament_install'
[0.388s] Level 1:colcon.colcon_core.package_identification:_identify(palletron_gazebo) by extensions ['colcon_pkg']
[0.389s] Level 1:colcon.colcon_core.package_identification:_identify(palletron_gazebo) by extension 'colcon_pkg'
[0.389s] Level 1:colcon.colcon_core.package_identification:_identify(palletron_gazebo) by extensions ['colcon_meta']
[0.389s] Level 1:colcon.colcon_core.package_identification:_identify(palletron_gazebo) by extension 'colcon_meta'
[0.389s] Level 1:colcon.colcon_core.package_identification:_identify(palletron_gazebo) by extensions ['ros']
[0.389s] Level 1:colcon.colcon_core.package_identification:_identify(palletron_gazebo) by extension 'ros'
[0.390s] DEBUG:colcon.colcon_core.package_identification:Package 'palletron_gazebo' with type 'ros.ament_cmake' and name 'palletron_gazebo'
[0.390s] Level 1:colcon.colcon_core.package_identification:_identify(palletron_visualization) by extensions ['ignore', 'ignore_ament_install']
[0.390s] Level 1:colcon.colcon_core.package_identification:_identify(palletron_visualization) by extension 'ignore'
[0.390s] Level 1:colcon.colcon_core.package_identification:_identify(palletron_visualization) by extension 'ignore_ament_install'
[0.391s] Level 1:colcon.colcon_core.package_identification:_identify(palletron_visualization) by extensions ['colcon_pkg']
[0.391s] Level 1:colcon.colcon_core.package_identification:_identify(palletron_visualization) by extension 'colcon_pkg'
[0.391s] Level 1:colcon.colcon_core.package_identification:_identify(palletron_visualization) by extensions ['colcon_meta']
[0.391s] Level 1:colcon.colcon_core.package_identification:_identify(palletron_visualization) by extension 'colcon_meta'
[0.391s] Level 1:colcon.colcon_core.package_identification:_identify(palletron_visualization) by extensions ['ros']
[0.391s] Level 1:colcon.colcon_core.package_identification:_identify(palletron_visualization) by extension 'ros'
[0.391s] DEBUG:colcon.colcon_core.package_identification:Package 'palletron_visualization' with type 'ros.ament_cmake' and name 'palletron_visualization'
[0.391s] Level 1:colcon.colcon_core.package_discovery:discover_packages(recursive) using defaults
[0.391s] Level 1:colcon.colcon_core.package_discovery:discover_packages(ignore) discover
[0.391s] Level 1:colcon.colcon_core.package_discovery:discover_packages(ignore) using defaults
[0.392s] Level 1:colcon.colcon_core.package_discovery:discover_packages(path) discover
[0.392s] Level 1:colcon.colcon_core.package_discovery:discover_packages(path) using defaults
[0.428s] INFO:colcon.colcon_core.package_selection:Skipping package 'ugv_simulation' in 'laser_ugv_system/ugv_simulation'
[0.428s] INFO:colcon.colcon_core.package_selection:Skipping package 'ugv_robots_descriptions' in 'laser_ugv_system/ugv_robots_descriptions'
[0.428s] INFO:colcon.colcon_core.package_selection:Skipping package 'ugv_navigation' in 'laser_ugv_system/ugv_navigation'
[0.428s] INFO:colcon.colcon_core.package_selection:Skipping package 'palletron_visualization' in 'palletron_visualization'
[0.429s] INFO:colcon.colcon_core.package_selection:Skipping package 'palletron_gazebo' in 'palletron_gazebo'
[0.429s] INFO:colcon.colcon_core.package_selection:Skipping package 'palletron_bringup' in 'palletron_bringup'
[0.429s] INFO:colcon.colcon_core.package_selection:Skipping package 'my_code' in 'my_code'
[0.429s] INFO:colcon.colcon_core.package_selection:Skipping package 'ira_laser_tools' in 'ira_laser_tools'
[0.429s] INFO:colcon.colcon_core.package_selection:Skipping package 'cpp_srvcli' in 'cpp_srvcli'
[0.429s] INFO:colcon.colcon_core.package_selection:Skipping package 'cpp_pubsub' in 'cpp_pubsub'
[0.429s] INFO:colcon.colcon_core.package_selection:Skipping package 'aws_robomaker_small_warehouse_world' in 'aws-robomaker-small-warehouse-world'
[0.429s] Level 1:colcon.colcon_core.package_discovery:discover_packages(prefix_path) check parameters
[0.429s] Level 1:colcon.colcon_core.package_discovery:discover_packages(prefix_path) discover
[0.432s] DEBUG:colcon.colcon_installed_package_information.package_discovery:Found 11 installed packages in /home/lucas/Documents/Pratica4/workspace_2/install
[0.434s] DEBUG:colcon.colcon_installed_package_information.package_discovery:Found 360 installed packages in /opt/ros/humble
[0.436s] Level 1:colcon.colcon_core.package_discovery:discover_packages(prefix_path) using defaults
[0.460s] ERROR:colcon.colcon_core.package_augmentation:Exception in package augmentation extension 'python': 
Traceback (most recent call last):
  File "/usr/lib/python3/dist-packages/colcon_core/package_augmentation/__init__.py", line 97, in augment_packages
    retval = extension.augment_packages(
  File "/usr/lib/python3/dist-packages/colcon_installed_package_information/package_augmentation/python.py", line 44, in augment_packages
    dist = next(iter(dists))
StopIteration

[0.470s] Level 5:colcon.colcon_core.verb:set package 'more_interfaces' build argument 'cmake_args' from command line to 'None'
[0.470s] Level 5:colcon.colcon_core.verb:set package 'more_interfaces' build argument 'cmake_target' from command line to 'None'
[0.470s] Level 5:colcon.colcon_core.verb:set package 'more_interfaces' build argument 'cmake_target_skip_unavailable' from command line to 'False'
[0.470s] Level 5:colcon.colcon_core.verb:set package 'more_interfaces' build argument 'cmake_clean_cache' from command line to 'False'
[0.470s] Level 5:colcon.colcon_core.verb:set package 'more_interfaces' build argument 'cmake_clean_first' from command line to 'False'
[0.470s] Level 5:colcon.colcon_core.verb:set package 'more_interfaces' build argument 'cmake_force_configure' from command line to 'False'
[0.470s] Level 5:colcon.colcon_core.verb:set package 'more_interfaces' build argument 'ament_cmake_args' from command line to 'None'
[0.470s] Level 5:colcon.colcon_core.verb:set package 'more_interfaces' build argument 'catkin_cmake_args' from command line to 'None'
[0.470s] Level 5:colcon.colcon_core.verb:set package 'more_interfaces' build argument 'catkin_skip_building_tests' from command line to 'False'
[0.470s] DEBUG:colcon.colcon_core.verb:Building package 'more_interfaces' with the following arguments: {'ament_cmake_args': None, 'build_base': '/home/lucas/Documents/Pratica4/workspace_2/src/build/more_interfaces', 'catkin_cmake_args': None, 'catkin_skip_building_tests': False, 'cmake_args': None, 'cmake_clean_cache': False, 'cmake_clean_first': False, 'cmake_force_configure': False, 'cmake_target': None, 'cmake_target_skip_unavailable': False, 'install_base': '/home/lucas/Documents/Pratica4/workspace_2/src/install/more_interfaces', 'merge_install': False, 'path': '/home/lucas/Documents/Pratica4/workspace_2/src/more_interfaces', 'symlink_install': False, 'test_result_base': None}
[0.471s] INFO:colcon.colcon_core.executor:Executing jobs using 'parallel' executor
[0.472s] DEBUG:colcon.colcon_parallel_executor.executor.parallel:run_until_complete
[0.472s] INFO:colcon.colcon_ros.task.ament_cmake.build:Building ROS package in '/home/lucas/Documents/Pratica4/workspace_2/src/more_interfaces' with build type 'ament_cmake'
[0.473s] INFO:colcon.colcon_cmake.task.cmake.build:Building CMake package in '/home/lucas/Documents/Pratica4/workspace_2/src/more_interfaces'
[0.476s] INFO:colcon.colcon_core.plugin_system:Skipping extension 'colcon_core.shell.bat': Not used on non-Windows systems
[0.477s] INFO:colcon.colcon_core.shell:Skip shell extension 'powershell' for command environment: Not usable outside of PowerShell
[0.477s] DEBUG:colcon.colcon_core.shell:Skip shell extension 'dsv' for command environment
[0.492s] DEBUG:colcon.colcon_core.event_handler.log_command:Invoking command in '/home/lucas/Documents/Pratica4/workspace_2/src/build/more_interfaces': CMAKE_PREFIX_PATH=${CMAKE_PREFIX_PATH}:/opt/ros/humble /usr/bin/cmake /home/lucas/Documents/Pratica4/workspace_2/src/more_interfaces -DCMAKE_INSTALL_PREFIX=/home/lucas/Documents/Pratica4/workspace_2/src/install/more_interfaces
[1.228s] DEBUG:colcon.colcon_core.event_handler.log_command:Invoked command in '/home/lucas/Documents/Pratica4/workspace_2/src/build/more_interfaces' returned '1': CMAKE_PREFIX_PATH=${CMAKE_PREFIX_PATH}:/opt/ros/humble /usr/bin/cmake /home/lucas/Documents/Pratica4/workspace_2/src/more_interfaces -DCMAKE_INSTALL_PREFIX=/home/lucas/Documents/Pratica4/workspace_2/src/install/more_interfaces
[1.242s] Level 1:colcon.colcon_core.environment:create_environment_scripts_only(more_interfaces)
[1.245s] Level 1:colcon.colcon_core.environment:checking '/home/lucas/Documents/Pratica4/workspace_2/src/install/more_interfaces' for CMake module files
[1.245s] Level 1:colcon.colcon_core.environment:checking '/home/lucas/Documents/Pratica4/workspace_2/src/install/more_interfaces' for CMake config files
[1.246s] Level 1:colcon.colcon_core.environment:checking '/home/lucas/Documents/Pratica4/workspace_2/src/install/more_interfaces/bin'
[1.246s] Level 1:colcon.colcon_core.environment:checking '/home/lucas/Documents/Pratica4/workspace_2/src/install/more_interfaces/lib/pkgconfig/more_interfaces.pc'
[1.246s] Level 1:colcon.colcon_core.environment:checking '/home/lucas/Documents/Pratica4/workspace_2/src/install/more_interfaces/lib/python3.10/site-packages'
[1.247s] Level 1:colcon.colcon_core.environment:checking '/home/lucas/Documents/Pratica4/workspace_2/src/install/more_interfaces/bin'
[1.247s] INFO:colcon.colcon_core.shell:Creating package script '/home/lucas/Documents/Pratica4/workspace_2/src/install/more_interfaces/share/more_interfaces/package.ps1'
[1.248s] INFO:colcon.colcon_core.shell:Creating package descriptor '/home/lucas/Documents/Pratica4/workspace_2/src/install/more_interfaces/share/more_interfaces/package.dsv'
[1.249s] INFO:colcon.colcon_core.shell:Creating package script '/home/lucas/Documents/Pratica4/workspace_2/src/install/more_interfaces/share/more_interfaces/package.sh'
[1.250s] INFO:colcon.colcon_core.shell:Creating package script '/home/lucas/Documents/Pratica4/workspace_2/src/install/more_interfaces/share/more_interfaces/package.bash'
[1.251s] INFO:colcon.colcon_core.shell:Creating package script '/home/lucas/Documents/Pratica4/workspace_2/src/install/more_interfaces/share/more_interfaces/package.zsh'
[1.252s] Level 1:colcon.colcon_core.environment:create_file_with_runtime_dependencies(/home/lucas/Documents/Pratica4/workspace_2/src/install/more_interfaces/share/colcon-core/packages/more_interfaces)
[1.262s] DEBUG:colcon.colcon_parallel_executor.executor.parallel:closing loop
[1.262s] DEBUG:colcon.colcon_parallel_executor.executor.parallel:loop closed
[1.262s] DEBUG:colcon.colcon_parallel_executor.executor.parallel:run_until_complete finished with '1'
[1.263s] DEBUG:colcon.colcon_core.event_reactor:joining thread
[1.270s] INFO:colcon.colcon_core.plugin_system:Skipping extension 'colcon_notification.desktop_notification.terminal_notifier': Not used on non-Darwin systems
[1.270s] INFO:colcon.colcon_core.plugin_system:Skipping extension 'colcon_notification.desktop_notification.win32': Not used on non-Windows systems
[1.270s] INFO:colcon.colcon_notification.desktop_notification:Sending desktop notification using 'notify2'
[1.286s] DEBUG:colcon.colcon_core.event_reactor:joined thread
[1.287s] INFO:colcon.colcon_core.shell:Creating prefix script '/home/lucas/Documents/Pratica4/workspace_2/src/install/local_setup.ps1'
[1.289s] INFO:colcon.colcon_core.shell:Creating prefix util module '/home/lucas/Documents/Pratica4/workspace_2/src/install/_local_setup_util_ps1.py'
[1.291s] INFO:colcon.colcon_core.shell:Creating prefix chain script '/home/lucas/Documents/Pratica4/workspace_2/src/install/setup.ps1'
[1.293s] INFO:colcon.colcon_core.shell:Creating prefix script '/home/lucas/Documents/Pratica4/workspace_2/src/install/local_setup.sh'
[1.294s] INFO:colcon.colcon_core.shell:Creating prefix util module '/home/lucas/Documents/Pratica4/workspace_2/src/install/_local_setup_util_sh.py'
[1.294s] INFO:colcon.colcon_core.shell:Creating prefix chain script '/home/lucas/Documents/Pratica4/workspace_2/src/install/setup.sh'
[1.296s] INFO:colcon.colcon_core.shell:Creating prefix script '/home/lucas/Documents/Pratica4/workspace_2/src/install/local_setup.bash'
[1.297s] INFO:colcon.colcon_core.shell:Creating prefix chain script '/home/lucas/Documents/Pratica4/workspace_2/src/install/setup.bash'
[1.299s] INFO:colcon.colcon_core.shell:Creating prefix script '/home/lucas/Documents/Pratica4/workspace_2/src/install/local_setup.zsh'
[1.300s] INFO:colcon.colcon_core.shell:Creating prefix chain script '/home/lucas/Documents/Pratica4/workspace_2/src/install/setup.zsh'
