[0.011s] Invoking command in '/home/lucas/Documents/Pratica4/workspace_2/src/build/more_interfaces': CMAKE_PREFIX_PATH=${CMAKE_PREFIX_PATH}:/opt/ros/humble /usr/bin/cmake /home/lucas/Documents/Pratica4/workspace_2/src/more_interfaces -DCMAKE_INSTALL_PREFIX=/home/lucas/Documents/Pratica4/workspace_2/src/install/more_interfaces
[0.085s] -- The C compiler identification is GNU 11.4.0
[0.170s] -- The CXX compiler identification is GNU 11.4.0
[0.184s] -- Detecting C compiler ABI info
[0.338s] -- Detecting C compiler ABI info - done
[0.351s] -- Check for working C compiler: /usr/bin/cc - skipped
[0.351s] -- Detecting C compile features
[0.352s] -- Detecting C compile features - done
[0.358s] -- Detecting CXX compiler ABI info
[0.517s] -- Detecting CXX compiler ABI info - done
[0.525s] -- Check for working CXX compiler: /usr/bin/c++ - skipped
[0.526s] -- Detecting CXX compile features
[0.526s] -- Detecting CXX compile features - done
[0.533s] -- Found ament_cmake: 1.3.8 (/opt/ros/humble/share/ament_cmake/cmake)
[0.717s] -- Found Python3: /usr/bin/python3 (found version "3.10.12") found components: Interpreter 
[0.853s] -- Found rosidl_default_generators: 1.2.0 (/opt/ros/humble/share/rosidl_default_generators/cmake)
[0.863s] -- Using all available rosidl_typesupport_c: rosidl_typesupport_fastrtps_c;rosidl_typesupport_introspection_c
[0.882s] -- Found rosidl_adapter: 3.1.5 (/opt/ros/humble/share/rosidl_adapter/cmake)
[0.984s] -- Using all available rosidl_typesupport_cpp: rosidl_typesupport_fastrtps_cpp;rosidl_typesupport_introspection_cpp
[1.363s] -- Found rclcpp: 16.0.8 (/opt/ros/humble/share/rclcpp/cmake)
[2.037s] -- Found rmw_implementation_cmake: 6.1.1 (/opt/ros/humble/share/rmw_implementation_cmake/cmake)
[2.058s] -- Found rmw_fastrtps_cpp: 6.2.6 (/opt/ros/humble/share/rmw_fastrtps_cpp/cmake)
[2.607s] -- Found OpenSSL: /usr/lib/x86_64-linux-gnu/libcrypto.so (found version "3.0.2")  
[2.673s] -- Found FastRTPS: /opt/ros/humble/include  
[2.900s] -- Using RMW implementation 'rmw_fastrtps_cpp' as default
[3.247s] -- Looking for pthread.h
[3.365s] -- Looking for pthread.h - found
[3.365s] -- Performing Test CMAKE_HAVE_LIBC_PTHREAD
[3.555s] -- Performing Test CMAKE_HAVE_LIBC_PTHREAD - Success
[3.555s] -- Found Threads: TRUE  
[4.887s] [31mCMake Error at /opt/ros/humble/share/rosidl_cmake/cmake/rosidl_get_typesupport_target.cmake:29 (message):
[4.888s]   more_interfaces is not a CMake target.  Maybe rosidl_generate_interfaces
[4.888s]   was given a different target name?
[4.888s] Call Stack (most recent call first):
[4.888s]   CMakeLists.txt:16 (rosidl_get_typesupport_target)
[4.888s] 
[4.888s] [0m
[4.888s] -- Configuring incomplete, errors occurred!
[4.889s] See also "/home/lucas/Documents/Pratica4/workspace_2/src/build/more_interfaces/CMakeFiles/CMakeOutput.log".
[4.900s] Invoked command in '/home/lucas/Documents/Pratica4/workspace_2/src/build/more_interfaces' returned '1': CMAKE_PREFIX_PATH=${CMAKE_PREFIX_PATH}:/opt/ros/humble /usr/bin/cmake /home/lucas/Documents/Pratica4/workspace_2/src/more_interfaces -DCMAKE_INSTALL_PREFIX=/home/lucas/Documents/Pratica4/workspace_2/src/install/more_interfaces
