[0.050s] Invoking command in '/home/lucas/Documents/Pratica4/workspace_2/build/ira_laser_tools': CMAKE_PREFIX_PATH=/opt/ros/humble /usr/bin/cmake /home/lucas/Documents/Pratica4/workspace_2/src/ira_laser_tools -DCMAKE_INSTALL_PREFIX=/home/lucas/Documents/Pratica4/workspace_2/install/ira_laser_tools
[0.817s] -- The C compiler identification is GNU 11.4.0
[1.084s] -- The CXX compiler identification is GNU 11.4.0
[1.341s] -- Detecting C compiler ABI info
[1.628s] -- Detecting C compiler ABI info - done
[1.644s] -- Check for working C compiler: /usr/bin/cc - skipped
[1.647s] -- Detecting C compile features
[1.692s] -- Detecting C compile features - done
[1.970s] -- Detecting CXX compiler ABI info
[2.412s] -- Detecting CXX compiler ABI info - done
[2.435s] -- Check for working CXX compiler: /usr/bin/c++ - skipped
[2.437s] -- Detecting CXX compile features
[2.439s] -- Detecting CXX compile features - done
[2.662s] -- Found ament_cmake: 1.3.8 (/opt/ros/humble/share/ament_cmake/cmake)
[3.131s] -- Found Python3: /usr/bin/python3 (found version "3.10.12") found components: Interpreter 
[4.391s] -- Found rclcpp: 16.0.8 (/opt/ros/humble/share/rclcpp/cmake)
[6.584s] -- Found rosidl_generator_c: 3.1.5 (/opt/ros/humble/share/rosidl_generator_c/cmake)
[6.634s] -- Found rosidl_adapter: 3.1.5 (/opt/ros/humble/share/rosidl_adapter/cmake)
[6.850s] -- Found rosidl_generator_cpp: 3.1.5 (/opt/ros/humble/share/rosidl_generator_cpp/cmake)
[7.110s] -- Using all available rosidl_typesupport_c: rosidl_typesupport_fastrtps_c;rosidl_typesupport_introspection_c
[7.426s] -- Using all available rosidl_typesupport_cpp: rosidl_typesupport_fastrtps_cpp;rosidl_typesupport_introspection_cpp
[7.803s] -- Found rmw_implementation_cmake: 6.1.1 (/opt/ros/humble/share/rmw_implementation_cmake/cmake)
[7.809s] -- Found rmw_fastrtps_cpp: 6.2.6 (/opt/ros/humble/share/rmw_fastrtps_cpp/cmake)
[8.671s] -- Found OpenSSL: /usr/lib/x86_64-linux-gnu/libcrypto.so (found version "3.0.2")  
[8.909s] -- Found FastRTPS: /opt/ros/humble/include  
[9.011s] -- Using RMW implementation 'rmw_fastrtps_cpp' as default
[9.627s] -- Looking for pthread.h
[9.959s] -- Looking for pthread.h - found
[9.960s] -- Performing Test CMAKE_HAVE_LIBC_PTHREAD
[10.148s] -- Performing Test CMAKE_HAVE_LIBC_PTHREAD - Success
[10.150s] -- Found Threads: TRUE  
[10.782s] -- Found rclcpp_action: 16.0.8 (/opt/ros/humble/share/rclcpp_action/cmake)
[12.116s] -- Found rclcpp_lifecycle: 16.0.8 (/opt/ros/humble/share/rclcpp_lifecycle/cmake)
[12.573s] -- Found geometry_msgs: 4.2.3 (/opt/ros/humble/share/geometry_msgs/cmake)
[13.455s] -- Found sensor_msgs: 4.2.3 (/opt/ros/humble/share/sensor_msgs/cmake)
[13.826s] -- Found laser_geometry: 2.4.0 (/opt/ros/humble/share/laser_geometry/cmake)
[14.233s] -- Found tf2_ros: 0.25.6 (/opt/ros/humble/share/tf2_ros/cmake)
[15.400s] -- Found pcl_ros: 2.4.0 (/opt/ros/humble/share/pcl_ros/cmake)
[16.595s] -- Found Eigen3: TRUE (found version "3.4.0") 
[16.596s] -- Ensuring Eigen3 include directory is part of orocos-kdl CMake target
[16.797s] -- Checking for module 'eigen3'
[16.856s] --   Found eigen3, version 3.4.0
[17.029s] -- Found Eigen: /usr/include/eigen3 (Required is at least version "3.1") 
[17.030s] -- Eigen found (include: /usr/include/eigen3, version: 3.4.0)
[17.323s] -- Checking for module 'flann'
[17.349s] --   Found flann, version 1.9.1
[17.445s] -- Found FLANN: /usr/lib/x86_64-linux-gnu/libflann_cpp.so  
[17.445s] -- FLANN found (include: /usr/include, lib: /usr/lib/x86_64-linux-gnu/libflann_cpp.so)
[22.140s] -- Checking for module 'libusb-1.0'
[22.279s] --   Found libusb-1.0, version 1.0.25
[22.367s] -- Found libusb: /usr/lib/x86_64-linux-gnu/libusb-1.0.so  
[22.398s] -- OpenNI found (version: 1.5.4.0, include: /usr/include/ni, lib: /usr/lib/libOpenNI.so;libusb::libusb)
[22.511s] -- OpenNI2 found (version: 2.2.0.33, include: /usr/include/openni2, lib: /usr/lib/x86_64-linux-gnu/libOpenNI2.so;libusb::libusb)
[22.693s] -- Eigen found (include: /usr/include/eigen3, version: 3.4.0)
[22.701s] -- OpenNI found (version: 1.5.4.0, include: /usr/include/ni, lib: /usr/lib/libOpenNI.so;libusb::libusb)
[22.709s] -- OpenNI2 found (version: 2.2.0.33, include: /usr/include/openni2, lib: /usr/lib/x86_64-linux-gnu/libOpenNI2.so;libusb::libusb)
[22.903s] -- Found Qhull version 8.0.2
[23.092s] -- OpenNI found (version: 1.5.4.0, include: /usr/include/ni, lib: /usr/lib/libOpenNI.so;libusb::libusb)
[23.266s] -- Found PCL_COMMON: /usr/lib/x86_64-linux-gnu/libpcl_common.so  
[23.267s] -- Found PCL_KDTREE: /usr/lib/x86_64-linux-gnu/libpcl_kdtree.so  
[23.268s] -- Found PCL_OCTREE: /usr/lib/x86_64-linux-gnu/libpcl_octree.so  
[23.270s] -- Found PCL_SEARCH: /usr/lib/x86_64-linux-gnu/libpcl_search.so  
[23.273s] -- Found PCL_SAMPLE_CONSENSUS: /usr/lib/x86_64-linux-gnu/libpcl_sample_consensus.so  
[23.275s] -- Found PCL_FILTERS: /usr/lib/x86_64-linux-gnu/libpcl_filters.so  
[23.276s] -- Found PCL_2D: /usr/include/pcl-1.12  
[23.277s] -- Found PCL_GEOMETRY: /usr/include/pcl-1.12  
[23.279s] -- Found PCL_IO: /usr/lib/x86_64-linux-gnu/libpcl_io.so  
[23.281s] -- Found PCL_FEATURES: /usr/lib/x86_64-linux-gnu/libpcl_features.so  
[23.283s] -- Found PCL_ML: /usr/lib/x86_64-linux-gnu/libpcl_ml.so  
[23.284s] -- Found PCL_SEGMENTATION: /usr/lib/x86_64-linux-gnu/libpcl_segmentation.so  
[23.287s] -- Found PCL_VISUALIZATION: /usr/lib/x86_64-linux-gnu/libpcl_visualization.so  
[23.289s] -- Found PCL_SURFACE: /usr/lib/x86_64-linux-gnu/libpcl_surface.so  
[23.291s] -- Found PCL_REGISTRATION: /usr/lib/x86_64-linux-gnu/libpcl_registration.so  
[23.294s] -- Found PCL_KEYPOINTS: /usr/lib/x86_64-linux-gnu/libpcl_keypoints.so  
[23.296s] -- Found PCL_TRACKING: /usr/lib/x86_64-linux-gnu/libpcl_tracking.so  
[23.297s] -- Found PCL_RECOGNITION: /usr/lib/x86_64-linux-gnu/libpcl_recognition.so  
[23.299s] -- Found PCL_STEREO: /usr/lib/x86_64-linux-gnu/libpcl_stereo.so  
[23.300s] -- Found PCL_APPS: /usr/lib/x86_64-linux-gnu/libpcl_apps.so  
[23.302s] -- Found PCL_IN_HAND_SCANNER: /usr/include/pcl-1.12  
[23.303s] -- Found PCL_MODELER: /usr/include/pcl-1.12  
[23.326s] -- Found PCL_POINT_CLOUD_EDITOR: /usr/include/pcl-1.12  
[23.329s] -- Found PCL_OUTOFCORE: /usr/lib/x86_64-linux-gnu/libpcl_outofcore.so  
[23.332s] -- Found PCL_PEOPLE: /usr/lib/x86_64-linux-gnu/libpcl_people.so  
[23.359s] [33mCMake Warning (dev) at CMakeLists.txt:27 (find_package):
[23.359s]   Policy CMP0074 is not set: find_package uses <PackageName>_ROOT variables.
[23.359s]   Run "cmake --help-policy CMP0074" for policy details.  Use the cmake_policy
[23.359s]   command to set the policy and suppress this warning.
[23.359s] 
[23.360s]   CMake variable PCL_ROOT is set to:
[23.360s] 
[23.360s]     /usr
[23.360s] 
[23.360s]   For compatibility, CMake is ignoring the variable.
[23.360s] This warning is for project developers.  Use -Wno-dev to suppress it.
[23.360s] [0m
[23.470s] -- Configuring done
[26.555s] -- Generating done
[26.558s] -- Build files have been written to: /home/lucas/Documents/Pratica4/workspace_2/build/ira_laser_tools
[26.582s] Invoked command in '/home/lucas/Documents/Pratica4/workspace_2/build/ira_laser_tools' returned '0': CMAKE_PREFIX_PATH=/opt/ros/humble /usr/bin/cmake /home/lucas/Documents/Pratica4/workspace_2/src/ira_laser_tools -DCMAKE_INSTALL_PREFIX=/home/lucas/Documents/Pratica4/workspace_2/install/ira_laser_tools
[26.584s] Invoking command in '/home/lucas/Documents/Pratica4/workspace_2/build/ira_laser_tools': CMAKE_PREFIX_PATH=/opt/ros/humble /usr/bin/cmake --build /home/lucas/Documents/Pratica4/workspace_2/build/ira_laser_tools -- -j4 -l4
[26.646s] [ 25%] [32mBuilding CXX object CMakeFiles/laserscan_multi_merger.dir/src/laserscan_multi_merger.cpp.o[0m
[26.646s] [ 50%] [32mBuilding CXX object CMakeFiles/laserscan_virtualizer.dir/src/laserscan_virtualizer.cpp.o[0m
[55.348s] [100%] [32m[1mLinking CXX executable laserscan_virtualizer[0m
[55.348s] [100%] [32m[1mLinking CXX executable laserscan_multi_merger[0m
[71.151s] [100%] Built target laserscan_multi_merger
[71.244s] [100%] Built target laserscan_virtualizer
[71.277s] Invoked command in '/home/lucas/Documents/Pratica4/workspace_2/build/ira_laser_tools' returned '0': CMAKE_PREFIX_PATH=/opt/ros/humble /usr/bin/cmake --build /home/lucas/Documents/Pratica4/workspace_2/build/ira_laser_tools -- -j4 -l4
[71.357s] Invoking command in '/home/lucas/Documents/Pratica4/workspace_2/build/ira_laser_tools': CMAKE_PREFIX_PATH=/opt/ros/humble /usr/bin/cmake --install /home/lucas/Documents/Pratica4/workspace_2/build/ira_laser_tools
[71.387s] -- Install configuration: ""
[71.387s] -- Installing: /home/lucas/Documents/Pratica4/workspace_2/install/ira_laser_tools/lib/ira_laser_tools/laserscan_multi_merger
[71.393s] -- Set runtime path of "/home/lucas/Documents/Pratica4/workspace_2/install/ira_laser_tools/lib/ira_laser_tools/laserscan_multi_merger" to ""
[71.393s] -- Installing: /home/lucas/Documents/Pratica4/workspace_2/install/ira_laser_tools/lib/ira_laser_tools/laserscan_virtualizer
[71.400s] -- Set runtime path of "/home/lucas/Documents/Pratica4/workspace_2/install/ira_laser_tools/lib/ira_laser_tools/laserscan_virtualizer" to ""
[71.400s] -- Installing: /home/lucas/Documents/Pratica4/workspace_2/install/ira_laser_tools/share/ira_laser_tools/launch
[71.517s] -- Installing: /home/lucas/Documents/Pratica4/workspace_2/install/ira_laser_tools/share/ira_laser_tools/launch/laserscan_multi_merger.launch
[71.551s] -- Installing: /home/lucas/Documents/Pratica4/workspace_2/install/ira_laser_tools/share/ira_laser_tools/launch/laserscan_virtualizer.launch
[71.574s] -- Installing: /home/lucas/Documents/Pratica4/workspace_2/install/ira_laser_tools/share/ament_index/resource_index/package_run_dependencies/ira_laser_tools
[71.627s] -- Installing: /home/lucas/Documents/Pratica4/workspace_2/install/ira_laser_tools/share/ament_index/resource_index/parent_prefix_path/ira_laser_tools
[71.640s] -- Installing: /home/lucas/Documents/Pratica4/workspace_2/install/ira_laser_tools/share/ira_laser_tools/environment/ament_prefix_path.sh
[71.657s] -- Installing: /home/lucas/Documents/Pratica4/workspace_2/install/ira_laser_tools/share/ira_laser_tools/environment/ament_prefix_path.dsv
[71.693s] -- Installing: /home/lucas/Documents/Pratica4/workspace_2/install/ira_laser_tools/share/ira_laser_tools/environment/path.sh
[71.694s] -- Installing: /home/lucas/Documents/Pratica4/workspace_2/install/ira_laser_tools/share/ira_laser_tools/environment/path.dsv
[71.705s] -- Installing: /home/lucas/Documents/Pratica4/workspace_2/install/ira_laser_tools/share/ira_laser_tools/local_setup.bash
[71.706s] -- Installing: /home/lucas/Documents/Pratica4/workspace_2/install/ira_laser_tools/share/ira_laser_tools/local_setup.sh
[71.708s] -- Installing: /home/lucas/Documents/Pratica4/workspace_2/install/ira_laser_tools/share/ira_laser_tools/local_setup.zsh
[71.712s] -- Installing: /home/lucas/Documents/Pratica4/workspace_2/install/ira_laser_tools/share/ira_laser_tools/local_setup.dsv
[71.713s] -- Installing: /home/lucas/Documents/Pratica4/workspace_2/install/ira_laser_tools/share/ira_laser_tools/package.dsv
[71.717s] -- Installing: /home/lucas/Documents/Pratica4/workspace_2/install/ira_laser_tools/share/ament_index/resource_index/packages/ira_laser_tools
[71.718s] -- Installing: /home/lucas/Documents/Pratica4/workspace_2/install/ira_laser_tools/share/ira_laser_tools/cmake/ament_cmake_export_dependencies-extras.cmake
[71.718s] -- Installing: /home/lucas/Documents/Pratica4/workspace_2/install/ira_laser_tools/share/ira_laser_tools/cmake/ira_laser_toolsConfig.cmake
[71.719s] -- Installing: /home/lucas/Documents/Pratica4/workspace_2/install/ira_laser_tools/share/ira_laser_tools/cmake/ira_laser_toolsConfig-version.cmake
[71.719s] -- Installing: /home/lucas/Documents/Pratica4/workspace_2/install/ira_laser_tools/share/ira_laser_tools/package.xml
[71.739s] Invoked command in '/home/lucas/Documents/Pratica4/workspace_2/build/ira_laser_tools' returned '0': CMAKE_PREFIX_PATH=/opt/ros/humble /usr/bin/cmake --install /home/lucas/Documents/Pratica4/workspace_2/build/ira_laser_tools
