[0.041s] Invoking command in '/home/lucas/Documents/Pratica4/workspace_2/build/cpp_srvcli': CMAKE_PREFIX_PATH=${CMAKE_PREFIX_PATH}:/opt/ros/humble /usr/bin/cmake --build /home/lucas/Documents/Pratica4/workspace_2/build/cpp_srvcli -- -j4 -l4
[0.082s] -- Found ament_cmake: 1.3.8 (/opt/ros/humble/share/ament_cmake/cmake)
[0.242s] -- Found rclcpp: 16.0.8 (/opt/ros/humble/share/rclcpp/cmake)
[0.330s] -- Found rosidl_generator_c: 3.1.5 (/opt/ros/humble/share/rosidl_generator_c/cmake)
[0.333s] -- Found rosidl_adapter: 3.1.5 (/opt/ros/humble/share/rosidl_adapter/cmake)
[0.341s] -- Found rosidl_generator_cpp: 3.1.5 (/opt/ros/humble/share/rosidl_generator_cpp/cmake)
[0.355s] -- Using all available rosidl_typesupport_c: rosidl_typesupport_fastrtps_c;rosidl_typesupport_introspection_c
[0.374s] -- Using all available rosidl_typesupport_cpp: rosidl_typesupport_fastrtps_cpp;rosidl_typesupport_introspection_cpp
[0.447s] -- Found rmw_implementation_cmake: 6.1.1 (/opt/ros/humble/share/rmw_implementation_cmake/cmake)
[0.450s] -- Found rmw_fastrtps_cpp: 6.2.6 (/opt/ros/humble/share/rmw_fastrtps_cpp/cmake)
[0.609s] -- Using RMW implementation 'rmw_fastrtps_cpp' as default
[0.802s] -- Found example_interfaces: 0.9.3 (/opt/ros/humble/share/example_interfaces/cmake)
[1.093s] -- Configuring done
[1.114s] -- Generating done
[1.117s] -- Build files have been written to: /home/lucas/Documents/Pratica4/workspace_2/build/cpp_srvcli
[1.162s] [ 50%] [32mBuilding CXX object CMakeFiles/server.dir/src/add_two_ints_server.cpp.o[0m
[1.163s] [ 50%] [32mBuilding CXX object CMakeFiles/client.dir/src/add_two_ints_client.cpp.o[0m
[10.929s] [ 75%] [32m[1mLinking CXX executable server[0m
[11.111s] [100%] [32m[1mLinking CXX executable client[0m
[12.726s] [100%] Built target server
[12.733s] [100%] Built target client
[12.746s] Invoked command in '/home/lucas/Documents/Pratica4/workspace_2/build/cpp_srvcli' returned '0': CMAKE_PREFIX_PATH=${CMAKE_PREFIX_PATH}:/opt/ros/humble /usr/bin/cmake --build /home/lucas/Documents/Pratica4/workspace_2/build/cpp_srvcli -- -j4 -l4
[12.792s] Invoking command in '/home/lucas/Documents/Pratica4/workspace_2/build/cpp_srvcli': CMAKE_PREFIX_PATH=${CMAKE_PREFIX_PATH}:/opt/ros/humble /usr/bin/cmake --install /home/lucas/Documents/Pratica4/workspace_2/build/cpp_srvcli
[12.800s] -- Install configuration: ""
[12.800s] -- Installing: /home/lucas/Documents/Pratica4/workspace_2/install/cpp_srvcli/lib/cpp_srvcli/server
[12.801s] -- Set runtime path of "/home/lucas/Documents/Pratica4/workspace_2/install/cpp_srvcli/lib/cpp_srvcli/server" to ""
[12.802s] -- Installing: /home/lucas/Documents/Pratica4/workspace_2/install/cpp_srvcli/lib/cpp_srvcli/client
[12.803s] -- Set runtime path of "/home/lucas/Documents/Pratica4/workspace_2/install/cpp_srvcli/lib/cpp_srvcli/client" to ""
[12.803s] -- Up-to-date: /home/lucas/Documents/Pratica4/workspace_2/install/cpp_srvcli/share/ament_index/resource_index/package_run_dependencies/cpp_srvcli
[12.803s] -- Installing: /home/lucas/Documents/Pratica4/workspace_2/install/cpp_srvcli/share/ament_index/resource_index/parent_prefix_path/cpp_srvcli
[12.812s] -- Up-to-date: /home/lucas/Documents/Pratica4/workspace_2/install/cpp_srvcli/share/cpp_srvcli/environment/ament_prefix_path.sh
[12.814s] -- Installing: /home/lucas/Documents/Pratica4/workspace_2/install/cpp_srvcli/share/cpp_srvcli/environment/ament_prefix_path.dsv
[12.816s] -- Up-to-date: /home/lucas/Documents/Pratica4/workspace_2/install/cpp_srvcli/share/cpp_srvcli/environment/path.sh
[12.818s] -- Installing: /home/lucas/Documents/Pratica4/workspace_2/install/cpp_srvcli/share/cpp_srvcli/environment/path.dsv
[12.820s] -- Up-to-date: /home/lucas/Documents/Pratica4/workspace_2/install/cpp_srvcli/share/cpp_srvcli/local_setup.bash
[12.822s] -- Up-to-date: /home/lucas/Documents/Pratica4/workspace_2/install/cpp_srvcli/share/cpp_srvcli/local_setup.sh
[12.823s] -- Up-to-date: /home/lucas/Documents/Pratica4/workspace_2/install/cpp_srvcli/share/cpp_srvcli/local_setup.zsh
[12.824s] -- Installing: /home/lucas/Documents/Pratica4/workspace_2/install/cpp_srvcli/share/cpp_srvcli/local_setup.dsv
[12.827s] -- Installing: /home/lucas/Documents/Pratica4/workspace_2/install/cpp_srvcli/share/cpp_srvcli/package.dsv
[12.829s] -- Up-to-date: /home/lucas/Documents/Pratica4/workspace_2/install/cpp_srvcli/share/ament_index/resource_index/packages/cpp_srvcli
[12.830s] -- Up-to-date: /home/lucas/Documents/Pratica4/workspace_2/install/cpp_srvcli/share/cpp_srvcli/cmake/cpp_srvcliConfig.cmake
[12.831s] -- Up-to-date: /home/lucas/Documents/Pratica4/workspace_2/install/cpp_srvcli/share/cpp_srvcli/cmake/cpp_srvcliConfig-version.cmake
[12.832s] -- Installing: /home/lucas/Documents/Pratica4/workspace_2/install/cpp_srvcli/share/cpp_srvcli/package.xml
[12.846s] Invoked command in '/home/lucas/Documents/Pratica4/workspace_2/build/cpp_srvcli' returned '0': CMAKE_PREFIX_PATH=${CMAKE_PREFIX_PATH}:/opt/ros/humble /usr/bin/cmake --install /home/lucas/Documents/Pratica4/workspace_2/build/cpp_srvcli
