[0.069s] Invoking command in '/home/lucas/Documents/Pratica4/workspace_2/build/action_tutorials_interfaces': CMAKE_PREFIX_PATH=${CMAKE_PREFIX_PATH}:/opt/ros/humble /usr/bin/cmake --build /home/lucas/Documents/Pratica4/workspace_2/build/action_tutorials_interfaces -- -j4 -l4
[0.226s] [  3%] Built target action_tutorials_interfaces__cpp
[0.226s] [ 12%] Built target action_tutorials_interfaces__rosidl_generator_c
[0.236s] [ 12%] Built target ament_cmake_python_copy_action_tutorials_interfaces
[0.303s] [ 22%] Built target action_tutorials_interfaces__rosidl_typesupport_fastrtps_cpp
[0.328s] [ 32%] Built target action_tutorials_interfaces__rosidl_typesupport_cpp
[0.335s] [ 41%] Built target action_tutorials_interfaces__rosidl_typesupport_fastrtps_c
[0.368s] [ 51%] Built target action_tutorials_interfaces__rosidl_typesupport_introspection_cpp
[0.378s] [ 61%] Built target action_tutorials_interfaces__rosidl_typesupport_introspection_c
[0.397s] [ 70%] Built target action_tutorials_interfaces__rosidl_typesupport_c
[0.475s] [ 70%] Built target action_tutorials_interfaces
[0.538s] [ 74%] Built target action_tutorials_interfaces__py
[0.559s] [ 80%] Built target action_tutorials_interfaces__rosidl_generator_py
[0.607s] [ 87%] Built target action_tutorials_interfaces__rosidl_typesupport_introspection_c__pyext
[0.620s] [ 96%] Built target action_tutorials_interfaces__rosidl_typesupport_c__pyext
[0.620s] [100%] Built target action_tutorials_interfaces__rosidl_typesupport_fastrtps_c__pyext
[0.946s] running egg_info
[0.948s] writing action_tutorials_interfaces.egg-info/PKG-INFO
[0.949s] writing dependency_links to action_tutorials_interfaces.egg-info/dependency_links.txt
[0.949s] writing top-level names to action_tutorials_interfaces.egg-info/top_level.txt
[0.970s] reading manifest file 'action_tutorials_interfaces.egg-info/SOURCES.txt'
[0.970s] writing manifest file 'action_tutorials_interfaces.egg-info/SOURCES.txt'
[1.035s] [100%] Built target ament_cmake_python_build_action_tutorials_interfaces_egg
[1.095s] Invoked command in '/home/lucas/Documents/Pratica4/workspace_2/build/action_tutorials_interfaces' returned '0': CMAKE_PREFIX_PATH=${CMAKE_PREFIX_PATH}:/opt/ros/humble /usr/bin/cmake --build /home/lucas/Documents/Pratica4/workspace_2/build/action_tutorials_interfaces -- -j4 -l4
[1.443s] Invoking command in '/home/lucas/Documents/Pratica4/workspace_2/build/action_tutorials_interfaces': CMAKE_PREFIX_PATH=${CMAKE_PREFIX_PATH}:/opt/ros/humble /usr/bin/cmake --install /home/lucas/Documents/Pratica4/workspace_2/build/action_tutorials_interfaces
[1.460s] -- Install configuration: ""
[1.461s] -- Up-to-date: /home/lucas/Documents/Pratica4/workspace_2/install/action_tutorials_interfaces/share/ament_index/resource_index/rosidl_interfaces/action_tutorials_interfaces
[1.463s] -- Up-to-date: /home/lucas/Documents/Pratica4/workspace_2/install/action_tutorials_interfaces/include/action_tutorials_interfaces/action_tutorials_interfaces
[1.463s] -- Up-to-date: /home/lucas/Documents/Pratica4/workspace_2/install/action_tutorials_interfaces/include/action_tutorials_interfaces/action_tutorials_interfaces/action
[1.464s] -- Up-to-date: /home/lucas/Documents/Pratica4/workspace_2/install/action_tutorials_interfaces/include/action_tutorials_interfaces/action_tutorials_interfaces/action/fibonacci.h
[1.464s] -- Up-to-date: /home/lucas/Documents/Pratica4/workspace_2/install/action_tutorials_interfaces/include/action_tutorials_interfaces/action_tutorials_interfaces/action/detail
[1.464s] -- Up-to-date: /home/lucas/Documents/Pratica4/workspace_2/install/action_tutorials_interfaces/include/action_tutorials_interfaces/action_tutorials_interfaces/action/detail/fibonacci__struct.h
[1.465s] -- Up-to-date: /home/lucas/Documents/Pratica4/workspace_2/install/action_tutorials_interfaces/include/action_tutorials_interfaces/action_tutorials_interfaces/action/detail/fibonacci__type_support.h
[1.465s] -- Up-to-date: /home/lucas/Documents/Pratica4/workspace_2/install/action_tutorials_interfaces/include/action_tutorials_interfaces/action_tutorials_interfaces/action/detail/fibonacci__functions.c
[1.465s] -- Up-to-date: /home/lucas/Documents/Pratica4/workspace_2/install/action_tutorials_interfaces/include/action_tutorials_interfaces/action_tutorials_interfaces/action/detail/fibonacci__functions.h
[1.466s] -- Up-to-date: /home/lucas/Documents/Pratica4/workspace_2/install/action_tutorials_interfaces/include/action_tutorials_interfaces/action_tutorials_interfaces/msg
[1.466s] -- Up-to-date: /home/lucas/Documents/Pratica4/workspace_2/install/action_tutorials_interfaces/include/action_tutorials_interfaces/action_tutorials_interfaces/msg/rosidl_generator_c__visibility_control.h
[1.466s] -- Up-to-date: /home/lucas/Documents/Pratica4/workspace_2/install/action_tutorials_interfaces/share/action_tutorials_interfaces/environment/library_path.sh
[1.467s] -- Up-to-date: /home/lucas/Documents/Pratica4/workspace_2/install/action_tutorials_interfaces/share/action_tutorials_interfaces/environment/library_path.dsv
[1.470s] -- Up-to-date: /home/lucas/Documents/Pratica4/workspace_2/install/action_tutorials_interfaces/lib/libaction_tutorials_interfaces__rosidl_generator_c.so
[1.472s] -- Up-to-date: /home/lucas/Documents/Pratica4/workspace_2/install/action_tutorials_interfaces/include/action_tutorials_interfaces/action_tutorials_interfaces
[1.472s] -- Up-to-date: /home/lucas/Documents/Pratica4/workspace_2/install/action_tutorials_interfaces/include/action_tutorials_interfaces/action_tutorials_interfaces/action
[1.473s] -- Up-to-date: /home/lucas/Documents/Pratica4/workspace_2/install/action_tutorials_interfaces/include/action_tutorials_interfaces/action_tutorials_interfaces/action/detail
[1.473s] -- Up-to-date: /home/lucas/Documents/Pratica4/workspace_2/install/action_tutorials_interfaces/include/action_tutorials_interfaces/action_tutorials_interfaces/action/detail/fibonacci__rosidl_typesupport_fastrtps_c.h
[1.474s] -- Up-to-date: /home/lucas/Documents/Pratica4/workspace_2/install/action_tutorials_interfaces/include/action_tutorials_interfaces/action_tutorials_interfaces/msg
[1.474s] -- Up-to-date: /home/lucas/Documents/Pratica4/workspace_2/install/action_tutorials_interfaces/include/action_tutorials_interfaces/action_tutorials_interfaces/msg/rosidl_typesupport_fastrtps_c__visibility_control.h
[1.475s] -- Up-to-date: /home/lucas/Documents/Pratica4/workspace_2/install/action_tutorials_interfaces/lib/libaction_tutorials_interfaces__rosidl_typesupport_fastrtps_c.so
[1.476s] -- Up-to-date: /home/lucas/Documents/Pratica4/workspace_2/install/action_tutorials_interfaces/include/action_tutorials_interfaces/action_tutorials_interfaces
[1.476s] -- Up-to-date: /home/lucas/Documents/Pratica4/workspace_2/install/action_tutorials_interfaces/include/action_tutorials_interfaces/action_tutorials_interfaces/action
[1.476s] -- Up-to-date: /home/lucas/Documents/Pratica4/workspace_2/install/action_tutorials_interfaces/include/action_tutorials_interfaces/action_tutorials_interfaces/action/detail
[1.477s] -- Up-to-date: /home/lucas/Documents/Pratica4/workspace_2/install/action_tutorials_interfaces/include/action_tutorials_interfaces/action_tutorials_interfaces/action/detail/fibonacci__rosidl_typesupport_introspection_c.h
[1.477s] -- Up-to-date: /home/lucas/Documents/Pratica4/workspace_2/install/action_tutorials_interfaces/include/action_tutorials_interfaces/action_tutorials_interfaces/action/detail/fibonacci__type_support.c
[1.477s] -- Up-to-date: /home/lucas/Documents/Pratica4/workspace_2/install/action_tutorials_interfaces/include/action_tutorials_interfaces/action_tutorials_interfaces/msg
[1.478s] -- Up-to-date: /home/lucas/Documents/Pratica4/workspace_2/install/action_tutorials_interfaces/include/action_tutorials_interfaces/action_tutorials_interfaces/msg/rosidl_typesupport_introspection_c__visibility_control.h
[1.478s] -- Up-to-date: /home/lucas/Documents/Pratica4/workspace_2/install/action_tutorials_interfaces/lib/libaction_tutorials_interfaces__rosidl_typesupport_introspection_c.so
[1.480s] -- Up-to-date: /home/lucas/Documents/Pratica4/workspace_2/install/action_tutorials_interfaces/lib/libaction_tutorials_interfaces__rosidl_typesupport_c.so
[1.480s] -- Up-to-date: /home/lucas/Documents/Pratica4/workspace_2/install/action_tutorials_interfaces/include/action_tutorials_interfaces/action_tutorials_interfaces
[1.481s] -- Up-to-date: /home/lucas/Documents/Pratica4/workspace_2/install/action_tutorials_interfaces/include/action_tutorials_interfaces/action_tutorials_interfaces/action
[1.481s] -- Up-to-date: /home/lucas/Documents/Pratica4/workspace_2/install/action_tutorials_interfaces/include/action_tutorials_interfaces/action_tutorials_interfaces/action/fibonacci.hpp
[1.482s] -- Up-to-date: /home/lucas/Documents/Pratica4/workspace_2/install/action_tutorials_interfaces/include/action_tutorials_interfaces/action_tutorials_interfaces/action/detail
[1.482s] -- Up-to-date: /home/lucas/Documents/Pratica4/workspace_2/install/action_tutorials_interfaces/include/action_tutorials_interfaces/action_tutorials_interfaces/action/detail/fibonacci__builder.hpp
[1.482s] -- Up-to-date: /home/lucas/Documents/Pratica4/workspace_2/install/action_tutorials_interfaces/include/action_tutorials_interfaces/action_tutorials_interfaces/action/detail/fibonacci__traits.hpp
[1.482s] -- Up-to-date: /home/lucas/Documents/Pratica4/workspace_2/install/action_tutorials_interfaces/include/action_tutorials_interfaces/action_tutorials_interfaces/action/detail/fibonacci__struct.hpp
[1.483s] -- Up-to-date: /home/lucas/Documents/Pratica4/workspace_2/install/action_tutorials_interfaces/include/action_tutorials_interfaces/action_tutorials_interfaces
[1.483s] -- Up-to-date: /home/lucas/Documents/Pratica4/workspace_2/install/action_tutorials_interfaces/include/action_tutorials_interfaces/action_tutorials_interfaces/action
[1.484s] -- Up-to-date: /home/lucas/Documents/Pratica4/workspace_2/install/action_tutorials_interfaces/include/action_tutorials_interfaces/action_tutorials_interfaces/action/detail
[1.484s] -- Up-to-date: /home/lucas/Documents/Pratica4/workspace_2/install/action_tutorials_interfaces/include/action_tutorials_interfaces/action_tutorials_interfaces/action/detail/fibonacci__rosidl_typesupport_fastrtps_cpp.hpp
[1.485s] -- Up-to-date: /home/lucas/Documents/Pratica4/workspace_2/install/action_tutorials_interfaces/include/action_tutorials_interfaces/action_tutorials_interfaces/action/detail/dds_fastrtps
[1.485s] -- Up-to-date: /home/lucas/Documents/Pratica4/workspace_2/install/action_tutorials_interfaces/include/action_tutorials_interfaces/action_tutorials_interfaces/msg
[1.485s] -- Up-to-date: /home/lucas/Documents/Pratica4/workspace_2/install/action_tutorials_interfaces/include/action_tutorials_interfaces/action_tutorials_interfaces/msg/rosidl_typesupport_fastrtps_cpp__visibility_control.h
[1.486s] -- Up-to-date: /home/lucas/Documents/Pratica4/workspace_2/install/action_tutorials_interfaces/lib/libaction_tutorials_interfaces__rosidl_typesupport_fastrtps_cpp.so
[1.487s] -- Up-to-date: /home/lucas/Documents/Pratica4/workspace_2/install/action_tutorials_interfaces/include/action_tutorials_interfaces/action_tutorials_interfaces
[1.488s] -- Up-to-date: /home/lucas/Documents/Pratica4/workspace_2/install/action_tutorials_interfaces/include/action_tutorials_interfaces/action_tutorials_interfaces/action
[1.488s] -- Up-to-date: /home/lucas/Documents/Pratica4/workspace_2/install/action_tutorials_interfaces/include/action_tutorials_interfaces/action_tutorials_interfaces/action/detail
[1.489s] -- Up-to-date: /home/lucas/Documents/Pratica4/workspace_2/install/action_tutorials_interfaces/include/action_tutorials_interfaces/action_tutorials_interfaces/action/detail/fibonacci__type_support.cpp
[1.489s] -- Up-to-date: /home/lucas/Documents/Pratica4/workspace_2/install/action_tutorials_interfaces/include/action_tutorials_interfaces/action_tutorials_interfaces/action/detail/fibonacci__rosidl_typesupport_introspection_cpp.hpp
[1.490s] -- Up-to-date: /home/lucas/Documents/Pratica4/workspace_2/install/action_tutorials_interfaces/lib/libaction_tutorials_interfaces__rosidl_typesupport_introspection_cpp.so
[1.491s] -- Up-to-date: /home/lucas/Documents/Pratica4/workspace_2/install/action_tutorials_interfaces/lib/libaction_tutorials_interfaces__rosidl_typesupport_cpp.so
[1.492s] -- Up-to-date: /home/lucas/Documents/Pratica4/workspace_2/install/action_tutorials_interfaces/share/action_tutorials_interfaces/environment/pythonpath.sh
[1.492s] -- Up-to-date: /home/lucas/Documents/Pratica4/workspace_2/install/action_tutorials_interfaces/share/action_tutorials_interfaces/environment/pythonpath.dsv
[1.492s] -- Up-to-date: /home/lucas/Documents/Pratica4/workspace_2/install/action_tutorials_interfaces/local/lib/python3.10/dist-packages/action_tutorials_interfaces-0.0.0-py3.10.egg-info
[1.493s] -- Installing: /home/lucas/Documents/Pratica4/workspace_2/install/action_tutorials_interfaces/local/lib/python3.10/dist-packages/action_tutorials_interfaces-0.0.0-py3.10.egg-info/dependency_links.txt
[1.494s] -- Installing: /home/lucas/Documents/Pratica4/workspace_2/install/action_tutorials_interfaces/local/lib/python3.10/dist-packages/action_tutorials_interfaces-0.0.0-py3.10.egg-info/PKG-INFO
[1.494s] -- Installing: /home/lucas/Documents/Pratica4/workspace_2/install/action_tutorials_interfaces/local/lib/python3.10/dist-packages/action_tutorials_interfaces-0.0.0-py3.10.egg-info/SOURCES.txt
[1.495s] -- Installing: /home/lucas/Documents/Pratica4/workspace_2/install/action_tutorials_interfaces/local/lib/python3.10/dist-packages/action_tutorials_interfaces-0.0.0-py3.10.egg-info/top_level.txt
[1.495s] -- Up-to-date: /home/lucas/Documents/Pratica4/workspace_2/install/action_tutorials_interfaces/local/lib/python3.10/dist-packages/action_tutorials_interfaces
[1.499s] -- Up-to-date: /home/lucas/Documents/Pratica4/workspace_2/install/action_tutorials_interfaces/local/lib/python3.10/dist-packages/action_tutorials_interfaces/action
[1.500s] -- Up-to-date: /home/lucas/Documents/Pratica4/workspace_2/install/action_tutorials_interfaces/local/lib/python3.10/dist-packages/action_tutorials_interfaces/action/__init__.py
[1.500s] -- Up-to-date: /home/lucas/Documents/Pratica4/workspace_2/install/action_tutorials_interfaces/local/lib/python3.10/dist-packages/action_tutorials_interfaces/action/_fibonacci.py
[1.501s] -- Up-to-date: /home/lucas/Documents/Pratica4/workspace_2/install/action_tutorials_interfaces/local/lib/python3.10/dist-packages/action_tutorials_interfaces/action/_fibonacci_s.c
[1.502s] -- Up-to-date: /home/lucas/Documents/Pratica4/workspace_2/install/action_tutorials_interfaces/local/lib/python3.10/dist-packages/action_tutorials_interfaces/action_tutorials_interfaces_s__rosidl_typesupport_fastrtps_c.cpython-310-x86_64-linux-gnu.so
[1.503s] -- Up-to-date: /home/lucas/Documents/Pratica4/workspace_2/install/action_tutorials_interfaces/local/lib/python3.10/dist-packages/action_tutorials_interfaces/libaction_tutorials_interfaces__rosidl_generator_py.so
[1.504s] -- Up-to-date: /home/lucas/Documents/Pratica4/workspace_2/install/action_tutorials_interfaces/local/lib/python3.10/dist-packages/action_tutorials_interfaces/__init__.py
[1.504s] -- Up-to-date: /home/lucas/Documents/Pratica4/workspace_2/install/action_tutorials_interfaces/local/lib/python3.10/dist-packages/action_tutorials_interfaces/action_tutorials_interfaces_s__rosidl_typesupport_introspection_c.cpython-310-x86_64-linux-gnu.so
[1.505s] -- Up-to-date: /home/lucas/Documents/Pratica4/workspace_2/install/action_tutorials_interfaces/local/lib/python3.10/dist-packages/action_tutorials_interfaces/action_tutorials_interfaces_s__rosidl_typesupport_c.cpython-310-x86_64-linux-gnu.so
[1.506s] -- Up-to-date: /home/lucas/Documents/Pratica4/workspace_2/install/action_tutorials_interfaces/local/lib/python3.10/dist-packages/action_tutorials_interfaces/_action_tutorials_interfaces_s.ep.rosidl_typesupport_c.c
[1.507s] -- Up-to-date: /home/lucas/Documents/Pratica4/workspace_2/install/action_tutorials_interfaces/local/lib/python3.10/dist-packages/action_tutorials_interfaces/_action_tutorials_interfaces_s.ep.rosidl_typesupport_introspection_c.c
[1.508s] -- Up-to-date: /home/lucas/Documents/Pratica4/workspace_2/install/action_tutorials_interfaces/local/lib/python3.10/dist-packages/action_tutorials_interfaces/_action_tutorials_interfaces_s.ep.rosidl_typesupport_fastrtps_c.c
[1.612s] Listing '/home/lucas/Documents/Pratica4/workspace_2/install/action_tutorials_interfaces/local/lib/python3.10/dist-packages/action_tutorials_interfaces'...
[1.613s] Listing '/home/lucas/Documents/Pratica4/workspace_2/install/action_tutorials_interfaces/local/lib/python3.10/dist-packages/action_tutorials_interfaces/action'...
[1.658s] -- Up-to-date: /home/lucas/Documents/Pratica4/workspace_2/install/action_tutorials_interfaces/local/lib/python3.10/dist-packages/action_tutorials_interfaces/action_tutorials_interfaces_s__rosidl_typesupport_fastrtps_c.cpython-310-x86_64-linux-gnu.so
[1.659s] -- Up-to-date: /home/lucas/Documents/Pratica4/workspace_2/install/action_tutorials_interfaces/local/lib/python3.10/dist-packages/action_tutorials_interfaces/action_tutorials_interfaces_s__rosidl_typesupport_introspection_c.cpython-310-x86_64-linux-gnu.so
[1.659s] -- Up-to-date: /home/lucas/Documents/Pratica4/workspace_2/install/action_tutorials_interfaces/local/lib/python3.10/dist-packages/action_tutorials_interfaces/action_tutorials_interfaces_s__rosidl_typesupport_c.cpython-310-x86_64-linux-gnu.so
[1.659s] -- Up-to-date: /home/lucas/Documents/Pratica4/workspace_2/install/action_tutorials_interfaces/lib/libaction_tutorials_interfaces__rosidl_generator_py.so
[1.659s] -- Up-to-date: /home/lucas/Documents/Pratica4/workspace_2/install/action_tutorials_interfaces/share/action_tutorials_interfaces/action/Fibonacci.idl
[1.662s] -- Up-to-date: /home/lucas/Documents/Pratica4/workspace_2/install/action_tutorials_interfaces/share/action_tutorials_interfaces/action/Fibonacci.action
[1.674s] -- Up-to-date: /home/lucas/Documents/Pratica4/workspace_2/install/action_tutorials_interfaces/share/ament_index/resource_index/package_run_dependencies/action_tutorials_interfaces
[1.674s] -- Up-to-date: /home/lucas/Documents/Pratica4/workspace_2/install/action_tutorials_interfaces/share/ament_index/resource_index/parent_prefix_path/action_tutorials_interfaces
[1.674s] -- Up-to-date: /home/lucas/Documents/Pratica4/workspace_2/install/action_tutorials_interfaces/share/action_tutorials_interfaces/environment/ament_prefix_path.sh
[1.674s] -- Up-to-date: /home/lucas/Documents/Pratica4/workspace_2/install/action_tutorials_interfaces/share/action_tutorials_interfaces/environment/ament_prefix_path.dsv
[1.675s] -- Up-to-date: /home/lucas/Documents/Pratica4/workspace_2/install/action_tutorials_interfaces/share/action_tutorials_interfaces/environment/path.sh
[1.675s] -- Up-to-date: /home/lucas/Documents/Pratica4/workspace_2/install/action_tutorials_interfaces/share/action_tutorials_interfaces/environment/path.dsv
[1.675s] -- Up-to-date: /home/lucas/Documents/Pratica4/workspace_2/install/action_tutorials_interfaces/share/action_tutorials_interfaces/local_setup.bash
[1.675s] -- Up-to-date: /home/lucas/Documents/Pratica4/workspace_2/install/action_tutorials_interfaces/share/action_tutorials_interfaces/local_setup.sh
[1.675s] -- Up-to-date: /home/lucas/Documents/Pratica4/workspace_2/install/action_tutorials_interfaces/share/action_tutorials_interfaces/local_setup.zsh
[1.675s] -- Up-to-date: /home/lucas/Documents/Pratica4/workspace_2/install/action_tutorials_interfaces/share/action_tutorials_interfaces/local_setup.dsv
[1.675s] -- Installing: /home/lucas/Documents/Pratica4/workspace_2/install/action_tutorials_interfaces/share/action_tutorials_interfaces/package.dsv
[1.676s] -- Up-to-date: /home/lucas/Documents/Pratica4/workspace_2/install/action_tutorials_interfaces/share/ament_index/resource_index/packages/action_tutorials_interfaces
[1.676s] -- Up-to-date: /home/lucas/Documents/Pratica4/workspace_2/install/action_tutorials_interfaces/share/action_tutorials_interfaces/cmake/export_action_tutorials_interfaces__rosidl_generator_cExport.cmake
[1.676s] -- Up-to-date: /home/lucas/Documents/Pratica4/workspace_2/install/action_tutorials_interfaces/share/action_tutorials_interfaces/cmake/export_action_tutorials_interfaces__rosidl_generator_cExport-noconfig.cmake
[1.676s] -- Up-to-date: /home/lucas/Documents/Pratica4/workspace_2/install/action_tutorials_interfaces/share/action_tutorials_interfaces/cmake/export_action_tutorials_interfaces__rosidl_typesupport_fastrtps_cExport.cmake
[1.677s] -- Up-to-date: /home/lucas/Documents/Pratica4/workspace_2/install/action_tutorials_interfaces/share/action_tutorials_interfaces/cmake/export_action_tutorials_interfaces__rosidl_typesupport_fastrtps_cExport-noconfig.cmake
[1.677s] -- Up-to-date: /home/lucas/Documents/Pratica4/workspace_2/install/action_tutorials_interfaces/share/action_tutorials_interfaces/cmake/action_tutorials_interfaces__rosidl_typesupport_introspection_cExport.cmake
[1.677s] -- Up-to-date: /home/lucas/Documents/Pratica4/workspace_2/install/action_tutorials_interfaces/share/action_tutorials_interfaces/cmake/action_tutorials_interfaces__rosidl_typesupport_introspection_cExport-noconfig.cmake
[1.677s] -- Up-to-date: /home/lucas/Documents/Pratica4/workspace_2/install/action_tutorials_interfaces/share/action_tutorials_interfaces/cmake/action_tutorials_interfaces__rosidl_typesupport_cExport.cmake
[1.677s] -- Up-to-date: /home/lucas/Documents/Pratica4/workspace_2/install/action_tutorials_interfaces/share/action_tutorials_interfaces/cmake/action_tutorials_interfaces__rosidl_typesupport_cExport-noconfig.cmake
[1.677s] -- Up-to-date: /home/lucas/Documents/Pratica4/workspace_2/install/action_tutorials_interfaces/share/action_tutorials_interfaces/cmake/export_action_tutorials_interfaces__rosidl_generator_cppExport.cmake
[1.682s] -- Up-to-date: /home/lucas/Documents/Pratica4/workspace_2/install/action_tutorials_interfaces/share/action_tutorials_interfaces/cmake/export_action_tutorials_interfaces__rosidl_typesupport_fastrtps_cppExport.cmake
[1.682s] -- Up-to-date: /home/lucas/Documents/Pratica4/workspace_2/install/action_tutorials_interfaces/share/action_tutorials_interfaces/cmake/export_action_tutorials_interfaces__rosidl_typesupport_fastrtps_cppExport-noconfig.cmake
[1.682s] -- Up-to-date: /home/lucas/Documents/Pratica4/workspace_2/install/action_tutorials_interfaces/share/action_tutorials_interfaces/cmake/action_tutorials_interfaces__rosidl_typesupport_introspection_cppExport.cmake
[1.682s] -- Up-to-date: /home/lucas/Documents/Pratica4/workspace_2/install/action_tutorials_interfaces/share/action_tutorials_interfaces/cmake/action_tutorials_interfaces__rosidl_typesupport_introspection_cppExport-noconfig.cmake
[1.683s] -- Up-to-date: /home/lucas/Documents/Pratica4/workspace_2/install/action_tutorials_interfaces/share/action_tutorials_interfaces/cmake/action_tutorials_interfaces__rosidl_typesupport_cppExport.cmake
[1.683s] -- Up-to-date: /home/lucas/Documents/Pratica4/workspace_2/install/action_tutorials_interfaces/share/action_tutorials_interfaces/cmake/action_tutorials_interfaces__rosidl_typesupport_cppExport-noconfig.cmake
[1.683s] -- Up-to-date: /home/lucas/Documents/Pratica4/workspace_2/install/action_tutorials_interfaces/share/action_tutorials_interfaces/cmake/export_action_tutorials_interfaces__rosidl_generator_pyExport.cmake
[1.683s] -- Up-to-date: /home/lucas/Documents/Pratica4/workspace_2/install/action_tutorials_interfaces/share/action_tutorials_interfaces/cmake/export_action_tutorials_interfaces__rosidl_generator_pyExport-noconfig.cmake
[1.683s] -- Up-to-date: /home/lucas/Documents/Pratica4/workspace_2/install/action_tutorials_interfaces/share/action_tutorials_interfaces/cmake/rosidl_cmake-extras.cmake
[1.683s] -- Up-to-date: /home/lucas/Documents/Pratica4/workspace_2/install/action_tutorials_interfaces/share/action_tutorials_interfaces/cmake/ament_cmake_export_dependencies-extras.cmake
[1.684s] -- Up-to-date: /home/lucas/Documents/Pratica4/workspace_2/install/action_tutorials_interfaces/share/action_tutorials_interfaces/cmake/ament_cmake_export_include_directories-extras.cmake
[1.684s] -- Up-to-date: /home/lucas/Documents/Pratica4/workspace_2/install/action_tutorials_interfaces/share/action_tutorials_interfaces/cmake/ament_cmake_export_libraries-extras.cmake
[1.684s] -- Up-to-date: /home/lucas/Documents/Pratica4/workspace_2/install/action_tutorials_interfaces/share/action_tutorials_interfaces/cmake/ament_cmake_export_targets-extras.cmake
[1.684s] -- Up-to-date: /home/lucas/Documents/Pratica4/workspace_2/install/action_tutorials_interfaces/share/action_tutorials_interfaces/cmake/rosidl_cmake_export_typesupport_targets-extras.cmake
[1.684s] -- Up-to-date: /home/lucas/Documents/Pratica4/workspace_2/install/action_tutorials_interfaces/share/action_tutorials_interfaces/cmake/rosidl_cmake_export_typesupport_libraries-extras.cmake
[1.684s] -- Up-to-date: /home/lucas/Documents/Pratica4/workspace_2/install/action_tutorials_interfaces/share/action_tutorials_interfaces/cmake/action_tutorials_interfacesConfig.cmake
[1.684s] -- Up-to-date: /home/lucas/Documents/Pratica4/workspace_2/install/action_tutorials_interfaces/share/action_tutorials_interfaces/cmake/action_tutorials_interfacesConfig-version.cmake
[1.685s] -- Up-to-date: /home/lucas/Documents/Pratica4/workspace_2/install/action_tutorials_interfaces/share/action_tutorials_interfaces/package.xml
[1.710s] Invoked command in '/home/lucas/Documents/Pratica4/workspace_2/build/action_tutorials_interfaces' returned '0': CMAKE_PREFIX_PATH=${CMAKE_PREFIX_PATH}:/opt/ros/humble /usr/bin/cmake --install /home/lucas/Documents/Pratica4/workspace_2/build/action_tutorials_interfaces
