[0.107s] Invoking command in '/home/lucas/Documents/Pratica4/workspace_2/build/cpp_pubsub': CMAKE_PREFIX_PATH=${CMAKE_PREFIX_PATH}:/opt/ros/humble /usr/bin/cmake --build /home/lucas/Documents/Pratica4/workspace_2/build/cpp_pubsub -- -j4 -l4
[0.612s] [ 50%] Built target talker
[0.631s] [100%] Built target listener
[0.658s] Invoked command in '/home/lucas/Documents/Pratica4/workspace_2/build/cpp_pubsub' returned '0': CMAKE_PREFIX_PATH=${CMAKE_PREFIX_PATH}:/opt/ros/humble /usr/bin/cmake --build /home/lucas/Documents/Pratica4/workspace_2/build/cpp_pubsub -- -j4 -l4
[0.701s] Invoking command in '/home/lucas/Documents/Pratica4/workspace_2/build/cpp_pubsub': CMAKE_PREFIX_PATH=${CMAKE_PREFIX_PATH}:/opt/ros/humble /usr/bin/cmake --install /home/lucas/Documents/Pratica4/workspace_2/build/cpp_pubsub
[0.723s] -- Install configuration: ""
[0.879s] -- Up-to-date: /home/lucas/Documents/Pratica4/workspace_2/install/cpp_pubsub/lib/cpp_pubsub/talker
[0.977s] -- Up-to-date: /home/lucas/Documents/Pratica4/workspace_2/install/cpp_pubsub/lib/cpp_pubsub/listener
[0.983s] -- Up-to-date: /home/lucas/Documents/Pratica4/workspace_2/install/cpp_pubsub/share/ament_index/resource_index/package_run_dependencies/cpp_pubsub
[0.985s] -- Up-to-date: /home/lucas/Documents/Pratica4/workspace_2/install/cpp_pubsub/share/ament_index/resource_index/parent_prefix_path/cpp_pubsub
[0.986s] -- Up-to-date: /home/lucas/Documents/Pratica4/workspace_2/install/cpp_pubsub/share/cpp_pubsub/environment/ament_prefix_path.sh
[0.986s] -- Up-to-date: /home/lucas/Documents/Pratica4/workspace_2/install/cpp_pubsub/share/cpp_pubsub/environment/ament_prefix_path.dsv
[0.987s] -- Up-to-date: /home/lucas/Documents/Pratica4/workspace_2/install/cpp_pubsub/share/cpp_pubsub/environment/path.sh
[0.988s] -- Up-to-date: /home/lucas/Documents/Pratica4/workspace_2/install/cpp_pubsub/share/cpp_pubsub/environment/path.dsv
[0.988s] -- Up-to-date: /home/lucas/Documents/Pratica4/workspace_2/install/cpp_pubsub/share/cpp_pubsub/local_setup.bash
[0.989s] -- Up-to-date: /home/lucas/Documents/Pratica4/workspace_2/install/cpp_pubsub/share/cpp_pubsub/local_setup.sh
[0.989s] -- Up-to-date: /home/lucas/Documents/Pratica4/workspace_2/install/cpp_pubsub/share/cpp_pubsub/local_setup.zsh
[0.990s] -- Up-to-date: /home/lucas/Documents/Pratica4/workspace_2/install/cpp_pubsub/share/cpp_pubsub/local_setup.dsv
[0.990s] -- Installing: /home/lucas/Documents/Pratica4/workspace_2/install/cpp_pubsub/share/cpp_pubsub/package.dsv
[1.104s] -- Up-to-date: /home/lucas/Documents/Pratica4/workspace_2/install/cpp_pubsub/share/ament_index/resource_index/packages/cpp_pubsub
[1.104s] -- Up-to-date: /home/lucas/Documents/Pratica4/workspace_2/install/cpp_pubsub/share/cpp_pubsub/cmake/cpp_pubsubConfig.cmake
[1.105s] -- Up-to-date: /home/lucas/Documents/Pratica4/workspace_2/install/cpp_pubsub/share/cpp_pubsub/cmake/cpp_pubsubConfig-version.cmake
[1.105s] -- Up-to-date: /home/lucas/Documents/Pratica4/workspace_2/install/cpp_pubsub/share/cpp_pubsub/package.xml
[1.116s] Invoked command in '/home/lucas/Documents/Pratica4/workspace_2/build/cpp_pubsub' returned '0': CMAKE_PREFIX_PATH=${CMAKE_PREFIX_PATH}:/opt/ros/humble /usr/bin/cmake --install /home/lucas/Documents/Pratica4/workspace_2/build/cpp_pubsub
