[0.058s] Invoking command in '/home/lucas/Documents/Pratica4/workspace_2/build/cpp_pubsub': CMAKE_PREFIX_PATH=${CMAKE_PREFIX_PATH}:/opt/ros/humble /usr/bin/cmake --build /home/lucas/Documents/Pratica4/workspace_2/build/cpp_pubsub -- -j4 -l4
[0.200s] [35m[1mConsolidate compiler generated dependencies of target listener[0m
[0.220s] [35m[1mConsolidate compiler generated dependencies of target talker[0m
[0.271s] [ 50%] Built target listener
[0.281s] [100%] Built target talker
[0.321s] Invoked command in '/home/lucas/Documents/Pratica4/workspace_2/build/cpp_pubsub' returned '0': CMAKE_PREFIX_PATH=${CMAKE_PREFIX_PATH}:/opt/ros/humble /usr/bin/cmake --build /home/lucas/Documents/Pratica4/workspace_2/build/cpp_pubsub -- -j4 -l4
[0.390s] Invoking command in '/home/lucas/Documents/Pratica4/workspace_2/build/cpp_pubsub': CMAKE_PREFIX_PATH=${CMAKE_PREFIX_PATH}:/opt/ros/humble /usr/bin/cmake --install /home/lucas/Documents/Pratica4/workspace_2/build/cpp_pubsub
[0.415s] -- Install configuration: ""
[0.415s] -- Up-to-date: /home/lucas/Documents/Pratica4/workspace_2/install/cpp_pubsub/lib/cpp_pubsub/talker
[0.416s] -- Up-to-date: /home/lucas/Documents/Pratica4/workspace_2/install/cpp_pubsub/lib/cpp_pubsub/listener
[0.417s] -- Up-to-date: /home/lucas/Documents/Pratica4/workspace_2/install/cpp_pubsub/share/ament_index/resource_index/package_run_dependencies/cpp_pubsub
[0.417s] -- Up-to-date: /home/lucas/Documents/Pratica4/workspace_2/install/cpp_pubsub/share/ament_index/resource_index/parent_prefix_path/cpp_pubsub
[0.417s] -- Up-to-date: /home/lucas/Documents/Pratica4/workspace_2/install/cpp_pubsub/share/cpp_pubsub/environment/ament_prefix_path.sh
[0.417s] -- Up-to-date: /home/lucas/Documents/Pratica4/workspace_2/install/cpp_pubsub/share/cpp_pubsub/environment/ament_prefix_path.dsv
[0.417s] -- Up-to-date: /home/lucas/Documents/Pratica4/workspace_2/install/cpp_pubsub/share/cpp_pubsub/environment/path.sh
[0.418s] -- Up-to-date: /home/lucas/Documents/Pratica4/workspace_2/install/cpp_pubsub/share/cpp_pubsub/environment/path.dsv
[0.418s] -- Up-to-date: /home/lucas/Documents/Pratica4/workspace_2/install/cpp_pubsub/share/cpp_pubsub/local_setup.bash
[0.418s] -- Up-to-date: /home/lucas/Documents/Pratica4/workspace_2/install/cpp_pubsub/share/cpp_pubsub/local_setup.sh
[0.418s] -- Up-to-date: /home/lucas/Documents/Pratica4/workspace_2/install/cpp_pubsub/share/cpp_pubsub/local_setup.zsh
[0.418s] -- Up-to-date: /home/lucas/Documents/Pratica4/workspace_2/install/cpp_pubsub/share/cpp_pubsub/local_setup.dsv
[0.418s] -- Installing: /home/lucas/Documents/Pratica4/workspace_2/install/cpp_pubsub/share/cpp_pubsub/package.dsv
[0.419s] -- Up-to-date: /home/lucas/Documents/Pratica4/workspace_2/install/cpp_pubsub/share/ament_index/resource_index/packages/cpp_pubsub
[0.419s] -- Up-to-date: /home/lucas/Documents/Pratica4/workspace_2/install/cpp_pubsub/share/cpp_pubsub/cmake/cpp_pubsubConfig.cmake
[0.419s] -- Up-to-date: /home/lucas/Documents/Pratica4/workspace_2/install/cpp_pubsub/share/cpp_pubsub/cmake/cpp_pubsubConfig-version.cmake
[0.419s] -- Up-to-date: /home/lucas/Documents/Pratica4/workspace_2/install/cpp_pubsub/share/cpp_pubsub/package.xml
[0.428s] Invoked command in '/home/lucas/Documents/Pratica4/workspace_2/build/cpp_pubsub' returned '0': CMAKE_PREFIX_PATH=${CMAKE_PREFIX_PATH}:/opt/ros/humble /usr/bin/cmake --install /home/lucas/Documents/Pratica4/workspace_2/build/cpp_pubsub
