[0.028s] Invoking command in '/home/lucas/Documents/Pratica4/workspace_2/build/ugv_robots_descriptions': CMAKE_PREFIX_PATH=${CMAKE_PREFIX_PATH}:/opt/ros/humble /usr/bin/cmake --build /home/lucas/Documents/Pratica4/workspace_2/build/ugv_robots_descriptions -- -j4 -l4
[0.158s] Invoked command in '/home/lucas/Documents/Pratica4/workspace_2/build/ugv_robots_descriptions' returned '0': CMAKE_PREFIX_PATH=${CMAKE_PREFIX_PATH}:/opt/ros/humble /usr/bin/cmake --build /home/lucas/Documents/Pratica4/workspace_2/build/ugv_robots_descriptions -- -j4 -l4
[0.326s] Invoking command in '/home/lucas/Documents/Pratica4/workspace_2/build/ugv_robots_descriptions': CMAKE_PREFIX_PATH=${CMAKE_PREFIX_PATH}:/opt/ros/humble /usr/bin/cmake --install /home/lucas/Documents/Pratica4/workspace_2/build/ugv_robots_descriptions
[0.344s] -- Install configuration: ""
[0.344s] -- Up-to-date: /home/lucas/Documents/Pratica4/workspace_2/install/ugv_robots_descriptions/share/ugv_robots_descriptions/launch
[0.344s] -- Up-to-date: /home/lucas/Documents/Pratica4/workspace_2/install/ugv_robots_descriptions/share/ugv_robots_descriptions/launch/l1br_description_launch.py
[0.345s] -- Up-to-date: /home/lucas/Documents/Pratica4/workspace_2/install/ugv_robots_descriptions/share/ugv_robots_descriptions/launch/oni_description_launch.py
[0.345s] -- Up-to-date: /home/lucas/Documents/Pratica4/workspace_2/install/ugv_robots_descriptions/share/ugv_robots_descriptions/robots_description
[0.345s] -- Up-to-date: /home/lucas/Documents/Pratica4/workspace_2/install/ugv_robots_descriptions/share/ugv_robots_descriptions/robots_description/oni
[0.346s] -- Up-to-date: /home/lucas/Documents/Pratica4/workspace_2/install/ugv_robots_descriptions/share/ugv_robots_descriptions/robots_description/oni/meshes
[0.346s] -- Up-to-date: /home/lucas/Documents/Pratica4/workspace_2/install/ugv_robots_descriptions/share/ugv_robots_descriptions/robots_description/oni/meshes/chassis.dae
[0.346s] -- Up-to-date: /home/lucas/Documents/Pratica4/workspace_2/install/ugv_robots_descriptions/share/ugv_robots_descriptions/robots_description/oni/meshes/fr_wheel.dae
[0.346s] -- Up-to-date: /home/lucas/Documents/Pratica4/workspace_2/install/ugv_robots_descriptions/share/ugv_robots_descriptions/robots_description/oni/meshes/rplidar.dae
[0.347s] -- Up-to-date: /home/lucas/Documents/Pratica4/workspace_2/install/ugv_robots_descriptions/share/ugv_robots_descriptions/robots_description/oni/meshes/fl_wheel.dae
[0.347s] -- Up-to-date: /home/lucas/Documents/Pratica4/workspace_2/install/ugv_robots_descriptions/share/ugv_robots_descriptions/robots_description/oni/urdf
[0.347s] -- Up-to-date: /home/lucas/Documents/Pratica4/workspace_2/install/ugv_robots_descriptions/share/ugv_robots_descriptions/robots_description/oni/urdf/sensors
[0.348s] -- Up-to-date: /home/lucas/Documents/Pratica4/workspace_2/install/ugv_robots_descriptions/share/ugv_robots_descriptions/robots_description/oni/urdf/sensors/laser_sensor.urdf.xacro
[0.348s] -- Up-to-date: /home/lucas/Documents/Pratica4/workspace_2/install/ugv_robots_descriptions/share/ugv_robots_descriptions/robots_description/oni/urdf/sensors/imu_sensor.urdf.xacro
[0.348s] -- Up-to-date: /home/lucas/Documents/Pratica4/workspace_2/install/ugv_robots_descriptions/share/ugv_robots_descriptions/robots_description/oni/urdf/robot_parts
[0.348s] -- Up-to-date: /home/lucas/Documents/Pratica4/workspace_2/install/ugv_robots_descriptions/share/ugv_robots_descriptions/robots_description/oni/urdf/robot_parts/traction_wheel.urdf.xacro
[0.349s] -- Up-to-date: /home/lucas/Documents/Pratica4/workspace_2/install/ugv_robots_descriptions/share/ugv_robots_descriptions/robots_description/oni/urdf/robot_parts/robot_base.urdf.xacro
[0.349s] -- Up-to-date: /home/lucas/Documents/Pratica4/workspace_2/install/ugv_robots_descriptions/share/ugv_robots_descriptions/robots_description/oni/urdf/oni.urdf.xacro
[0.349s] -- Up-to-date: /home/lucas/Documents/Pratica4/workspace_2/install/ugv_robots_descriptions/share/ugv_robots_descriptions/robots_description/oni/urdf/oni_omni_drive_control.urdf.xacro
[0.349s] -- Up-to-date: /home/lucas/Documents/Pratica4/workspace_2/install/ugv_robots_descriptions/share/ugv_robots_descriptions/robots_description/l1br
[0.350s] -- Up-to-date: /home/lucas/Documents/Pratica4/workspace_2/install/ugv_robots_descriptions/share/ugv_robots_descriptions/robots_description/l1br/config
[0.350s] -- Up-to-date: /home/lucas/Documents/Pratica4/workspace_2/install/ugv_robots_descriptions/share/ugv_robots_descriptions/robots_description/l1br/config/l1br_control.yaml
[0.350s] -- Up-to-date: /home/lucas/Documents/Pratica4/workspace_2/install/ugv_robots_descriptions/share/ugv_robots_descriptions/robots_description/l1br/meshes
[0.351s] -- Up-to-date: /home/lucas/Documents/Pratica4/workspace_2/install/ugv_robots_descriptions/share/ugv_robots_descriptions/robots_description/l1br/meshes/wheel.dae
[0.351s] -- Up-to-date: /home/lucas/Documents/Pratica4/workspace_2/install/ugv_robots_descriptions/share/ugv_robots_descriptions/robots_description/l1br/meshes/chassis.dae
[0.351s] -- Up-to-date: /home/lucas/Documents/Pratica4/workspace_2/install/ugv_robots_descriptions/share/ugv_robots_descriptions/robots_description/l1br/meshes/rplidar.dae
[0.352s] -- Up-to-date: /home/lucas/Documents/Pratica4/workspace_2/install/ugv_robots_descriptions/share/ugv_robots_descriptions/robots_description/l1br/meshes/tray.dae
[0.359s] -- Up-to-date: /home/lucas/Documents/Pratica4/workspace_2/install/ugv_robots_descriptions/share/ugv_robots_descriptions/robots_description/l1br/urdf
[0.359s] -- Up-to-date: /home/lucas/Documents/Pratica4/workspace_2/install/ugv_robots_descriptions/share/ugv_robots_descriptions/robots_description/l1br/urdf/l1br.urdf.xacro
[0.359s] -- Up-to-date: /home/lucas/Documents/Pratica4/workspace_2/install/ugv_robots_descriptions/share/ugv_robots_descriptions/robots_description/l1br/urdf/sensors
[0.359s] -- Up-to-date: /home/lucas/Documents/Pratica4/workspace_2/install/ugv_robots_descriptions/share/ugv_robots_descriptions/robots_description/l1br/urdf/sensors/laser_sensor.urdf.xacro
[0.359s] -- Up-to-date: /home/lucas/Documents/Pratica4/workspace_2/install/ugv_robots_descriptions/share/ugv_robots_descriptions/robots_description/l1br/urdf/sensors/imu_sensor.urdf.xacro
[0.360s] -- Up-to-date: /home/lucas/Documents/Pratica4/workspace_2/install/ugv_robots_descriptions/share/ugv_robots_descriptions/robots_description/l1br/urdf/robot_parts
[0.360s] -- Up-to-date: /home/lucas/Documents/Pratica4/workspace_2/install/ugv_robots_descriptions/share/ugv_robots_descriptions/robots_description/l1br/urdf/robot_parts/caster_wheel.urdf.xacro
[0.360s] -- Up-to-date: /home/lucas/Documents/Pratica4/workspace_2/install/ugv_robots_descriptions/share/ugv_robots_descriptions/robots_description/l1br/urdf/robot_parts/piston.urdf.xacro
[0.360s] -- Up-to-date: /home/lucas/Documents/Pratica4/workspace_2/install/ugv_robots_descriptions/share/ugv_robots_descriptions/robots_description/l1br/urdf/robot_parts/traction_wheel.urdf.xacro
[0.360s] -- Up-to-date: /home/lucas/Documents/Pratica4/workspace_2/install/ugv_robots_descriptions/share/ugv_robots_descriptions/robots_description/l1br/urdf/robot_parts/robot_base.urdf.xacro
[0.360s] -- Up-to-date: /home/lucas/Documents/Pratica4/workspace_2/install/ugv_robots_descriptions/share/ugv_robots_descriptions/robots_description/l1br/urdf/robot_parts/tray.urdf.xacro
[0.361s] -- Up-to-date: /home/lucas/Documents/Pratica4/workspace_2/install/ugv_robots_descriptions/share/ugv_robots_descriptions/robots_description/l1br/urdf/l1br_diff_drive_control.urdf.xacro
[0.361s] -- Up-to-date: /home/lucas/Documents/Pratica4/workspace_2/install/ugv_robots_descriptions/share/ugv_robots_descriptions/rviz
[0.361s] -- Up-to-date: /home/lucas/Documents/Pratica4/workspace_2/install/ugv_robots_descriptions/share/ugv_robots_descriptions/rviz/rviz_minimal_visualization_oni_config.rviz
[0.361s] -- Up-to-date: /home/lucas/Documents/Pratica4/workspace_2/install/ugv_robots_descriptions/share/ugv_robots_descriptions/rviz/rviz_minimal_visualization_l1br_config.rviz
[0.361s] -- Up-to-date: /home/lucas/Documents/Pratica4/workspace_2/install/ugv_robots_descriptions/share/ament_index/resource_index/package_run_dependencies/ugv_robots_descriptions
[0.361s] -- Up-to-date: /home/lucas/Documents/Pratica4/workspace_2/install/ugv_robots_descriptions/share/ament_index/resource_index/parent_prefix_path/ugv_robots_descriptions
[0.361s] -- Up-to-date: /home/lucas/Documents/Pratica4/workspace_2/install/ugv_robots_descriptions/share/ugv_robots_descriptions/environment/ament_prefix_path.sh
[0.362s] -- Up-to-date: /home/lucas/Documents/Pratica4/workspace_2/install/ugv_robots_descriptions/share/ugv_robots_descriptions/environment/ament_prefix_path.dsv
[0.362s] -- Up-to-date: /home/lucas/Documents/Pratica4/workspace_2/install/ugv_robots_descriptions/share/ugv_robots_descriptions/environment/path.sh
[0.362s] -- Up-to-date: /home/lucas/Documents/Pratica4/workspace_2/install/ugv_robots_descriptions/share/ugv_robots_descriptions/environment/path.dsv
[0.362s] -- Up-to-date: /home/lucas/Documents/Pratica4/workspace_2/install/ugv_robots_descriptions/share/ugv_robots_descriptions/local_setup.bash
[0.362s] -- Up-to-date: /home/lucas/Documents/Pratica4/workspace_2/install/ugv_robots_descriptions/share/ugv_robots_descriptions/local_setup.sh
[0.362s] -- Up-to-date: /home/lucas/Documents/Pratica4/workspace_2/install/ugv_robots_descriptions/share/ugv_robots_descriptions/local_setup.zsh
[0.363s] -- Up-to-date: /home/lucas/Documents/Pratica4/workspace_2/install/ugv_robots_descriptions/share/ugv_robots_descriptions/local_setup.dsv
[0.363s] -- Installing: /home/lucas/Documents/Pratica4/workspace_2/install/ugv_robots_descriptions/share/ugv_robots_descriptions/package.dsv
[0.363s] -- Up-to-date: /home/lucas/Documents/Pratica4/workspace_2/install/ugv_robots_descriptions/share/ament_index/resource_index/packages/ugv_robots_descriptions
[0.363s] -- Up-to-date: /home/lucas/Documents/Pratica4/workspace_2/install/ugv_robots_descriptions/share/ugv_robots_descriptions/cmake/ugv_robots_descriptionsConfig.cmake
[0.363s] -- Up-to-date: /home/lucas/Documents/Pratica4/workspace_2/install/ugv_robots_descriptions/share/ugv_robots_descriptions/cmake/ugv_robots_descriptionsConfig-version.cmake
[0.363s] -- Up-to-date: /home/lucas/Documents/Pratica4/workspace_2/install/ugv_robots_descriptions/share/ugv_robots_descriptions/package.xml
[0.567s] Invoked command in '/home/lucas/Documents/Pratica4/workspace_2/build/ugv_robots_descriptions' returned '0': CMAKE_PREFIX_PATH=${CMAKE_PREFIX_PATH}:/opt/ros/humble /usr/bin/cmake --install /home/lucas/Documents/Pratica4/workspace_2/build/ugv_robots_descriptions
