[0.016s] Invoking command in '/home/lucas/Documents/Pratica4/workspace_2/build/polygon_base': CMAKE_PREFIX_PATH=${CMAKE_PREFIX_PATH}:/opt/ros/humble /usr/bin/cmake /home/lucas/Documents/Pratica4/workspace_2/src/polygon_base -DCMAKE_INSTALL_PREFIX=/home/lucas/Documents/Pratica4/workspace_2/install/polygon_base
[0.098s] -- The C compiler identification is GNU 11.4.0
[0.226s] -- The CXX compiler identification is GNU 11.4.0
[0.241s] -- Detecting C compiler ABI info
[0.357s] -- Detecting C compiler ABI info - done
[0.375s] -- Check for working C compiler: /usr/bin/cc - skipped
[0.375s] -- Detecting C compile features
[0.376s] -- Detecting C compile features - done
[0.382s] -- Detecting CXX compiler ABI info
[0.536s] -- Detecting CXX compiler ABI info - done
[0.546s] -- Check for working CXX compiler: /usr/bin/c++ - skipped
[0.547s] -- Detecting CXX compile features
[0.548s] -- Detecting CXX compile features - done
[0.553s] -- Found ament_cmake: 1.3.8 (/opt/ros/humble/share/ament_cmake/cmake)
[0.805s] -- Found Python3: /usr/bin/python3 (found version "3.10.12") found components: Interpreter 
[1.174s] -- Found pluginlib: 5.1.0 (/opt/ros/humble/share/pluginlib/cmake)
[1.877s] -- Found ament_lint_auto: 0.12.10 (/opt/ros/humble/share/ament_lint_auto/cmake)
[2.009s] -- Added test 'cppcheck' to perform static code analysis on C / C++ code
[2.010s] -- Configured cppcheck include dirs: $<BUILD_INTERFACE:/home/lucas/Documents/Pratica4/workspace_2/src/polygon_base/include>
[2.010s] -- Configured cppcheck exclude dirs and/or files: 
[2.015s] -- Added test 'lint_cmake' to check CMake code style
[2.020s] -- Added test 'uncrustify' to check C / C++ code style
[2.021s] -- Configured uncrustify additional arguments: 
[2.022s] -- Added test 'xmllint' to check XML markup files
[2.028s] -- Configuring done
[2.037s] -- Generating done
[2.040s] -- Build files have been written to: /home/lucas/Documents/Pratica4/workspace_2/build/polygon_base
[2.049s] Invoked command in '/home/lucas/Documents/Pratica4/workspace_2/build/polygon_base' returned '0': CMAKE_PREFIX_PATH=${CMAKE_PREFIX_PATH}:/opt/ros/humble /usr/bin/cmake /home/lucas/Documents/Pratica4/workspace_2/src/polygon_base -DCMAKE_INSTALL_PREFIX=/home/lucas/Documents/Pratica4/workspace_2/install/polygon_base
[2.051s] Invoking command in '/home/lucas/Documents/Pratica4/workspace_2/build/polygon_base': CMAKE_PREFIX_PATH=${CMAKE_PREFIX_PATH}:/opt/ros/humble /usr/bin/cmake --build /home/lucas/Documents/Pratica4/workspace_2/build/polygon_base -- -j4 -l4
[2.110s] [ 50%] [32mBuilding CXX object CMakeFiles/area_node.dir/src/area_node.cpp.o[0m
[6.470s] [100%] [32m[1mLinking CXX executable area_node[0m
[6.867s] [100%] Built target area_node
[6.882s] Invoked command in '/home/lucas/Documents/Pratica4/workspace_2/build/polygon_base' returned '0': CMAKE_PREFIX_PATH=${CMAKE_PREFIX_PATH}:/opt/ros/humble /usr/bin/cmake --build /home/lucas/Documents/Pratica4/workspace_2/build/polygon_base -- -j4 -l4
[6.928s] Invoking command in '/home/lucas/Documents/Pratica4/workspace_2/build/polygon_base': CMAKE_PREFIX_PATH=${CMAKE_PREFIX_PATH}:/opt/ros/humble /usr/bin/cmake --install /home/lucas/Documents/Pratica4/workspace_2/build/polygon_base
[6.939s] -- Install configuration: ""
[6.939s] -- Installing: /home/lucas/Documents/Pratica4/workspace_2/install/polygon_base/lib/polygon_base/area_node
[6.941s] -- Set runtime path of "/home/lucas/Documents/Pratica4/workspace_2/install/polygon_base/lib/polygon_base/area_node" to ""
[6.942s] -- Installing: /home/lucas/Documents/Pratica4/workspace_2/install/polygon_base/include
[6.942s] -- Installing: /home/lucas/Documents/Pratica4/workspace_2/install/polygon_base/include/polygon_base
[6.942s] -- Installing: /home/lucas/Documents/Pratica4/workspace_2/install/polygon_base/include/polygon_base/regular_polygon.hpp
[6.942s] -- Installing: /home/lucas/Documents/Pratica4/workspace_2/install/polygon_base/share/ament_index/resource_index/package_run_dependencies/polygon_base
[6.943s] -- Installing: /home/lucas/Documents/Pratica4/workspace_2/install/polygon_base/share/ament_index/resource_index/parent_prefix_path/polygon_base
[6.943s] -- Installing: /home/lucas/Documents/Pratica4/workspace_2/install/polygon_base/share/polygon_base/environment/ament_prefix_path.sh
[6.943s] -- Installing: /home/lucas/Documents/Pratica4/workspace_2/install/polygon_base/share/polygon_base/environment/ament_prefix_path.dsv
[6.944s] -- Installing: /home/lucas/Documents/Pratica4/workspace_2/install/polygon_base/share/polygon_base/environment/path.sh
[6.944s] -- Installing: /home/lucas/Documents/Pratica4/workspace_2/install/polygon_base/share/polygon_base/environment/path.dsv
[6.944s] -- Installing: /home/lucas/Documents/Pratica4/workspace_2/install/polygon_base/share/polygon_base/local_setup.bash
[6.944s] -- Installing: /home/lucas/Documents/Pratica4/workspace_2/install/polygon_base/share/polygon_base/local_setup.sh
[6.945s] -- Installing: /home/lucas/Documents/Pratica4/workspace_2/install/polygon_base/share/polygon_base/local_setup.zsh
[6.945s] -- Installing: /home/lucas/Documents/Pratica4/workspace_2/install/polygon_base/share/polygon_base/local_setup.dsv
[6.945s] -- Installing: /home/lucas/Documents/Pratica4/workspace_2/install/polygon_base/share/polygon_base/package.dsv
[6.945s] -- Installing: /home/lucas/Documents/Pratica4/workspace_2/install/polygon_base/share/ament_index/resource_index/packages/polygon_base
[6.945s] -- Installing: /home/lucas/Documents/Pratica4/workspace_2/install/polygon_base/share/polygon_base/cmake/ament_cmake_export_include_directories-extras.cmake
[6.946s] -- Installing: /home/lucas/Documents/Pratica4/workspace_2/install/polygon_base/share/polygon_base/cmake/polygon_baseConfig.cmake
[6.946s] -- Installing: /home/lucas/Documents/Pratica4/workspace_2/install/polygon_base/share/polygon_base/cmake/polygon_baseConfig-version.cmake
[6.946s] -- Installing: /home/lucas/Documents/Pratica4/workspace_2/install/polygon_base/share/polygon_base/package.xml
[6.949s] Invoked command in '/home/lucas/Documents/Pratica4/workspace_2/build/polygon_base' returned '0': CMAKE_PREFIX_PATH=${CMAKE_PREFIX_PATH}:/opt/ros/humble /usr/bin/cmake --install /home/lucas/Documents/Pratica4/workspace_2/build/polygon_base
