[0.088s] Invoking command in '/home/lucas/Documents/Pratica4/workspace_2/build/polygon_plugins': CMAKE_PREFIX_PATH=/home/lucas/Documents/Pratica4/workspace_2/install/polygon_base:/home/lucas/Documents/Pratica4/workspace_2/install/ugv_simulation:/home/lucas/Documents/Pratica4/workspace_2/install/ugv_robots_descriptions:/home/lucas/Documents/Pratica4/workspace_2/install/ugv_navigation:/home/lucas/Documents/Pratica4/workspace_2/install/polygon_plugins:/home/lucas/Documents/Pratica4/workspace_2/install/palletron_visualization:/home/lucas/Documents/Pratica4/workspace_2/install/palletron_gazebo:/home/lucas/Documents/Pratica4/workspace_2/install/palletron_bringup:/home/lucas/Documents/Pratica4/workspace_2/install/my_code:/home/lucas/Documents/Pratica4/workspace_2/install/more_interfaces:/home/lucas/Documents/Pratica4/workspace_2/install/ira_laser_tools:/home/lucas/Documents/Pratica4/workspace_2/install/cpp_srvcli:/home/lucas/Documents/Pratica4/workspace_2/install/cpp_pubsub:/home/lucas/Documents/Pratica4/workspace_2/install/cpp_parameters:/home/lucas/Documents/Pratica4/workspace_2/install/aws_robomaker_small_warehouse_world:/home/lucas/Documents/Pratica4/workspace_2/install/action_tutorials_cpp:/home/lucas/Documents/Pratica4/workspace_2/install/action_tutorials_interfaces:/opt/ros/humble /usr/bin/cmake --build /home/lucas/Documents/Pratica4/workspace_2/build/polygon_plugins -- -j4 -l4
[0.537s] [ 50%] [32mBuilding CXX object CMakeFiles/polygon_plugins.dir/src/polygon_plugins.cpp.o[0m
[3.531s] [100%] [32m[1mLinking CXX shared library libpolygon_plugins.so[0m
[3.843s] [100%] Built target polygon_plugins
[3.877s] Invoked command in '/home/lucas/Documents/Pratica4/workspace_2/build/polygon_plugins' returned '0': CMAKE_PREFIX_PATH=/home/lucas/Documents/Pratica4/workspace_2/install/polygon_base:/home/lucas/Documents/Pratica4/workspace_2/install/ugv_simulation:/home/lucas/Documents/Pratica4/workspace_2/install/ugv_robots_descriptions:/home/lucas/Documents/Pratica4/workspace_2/install/ugv_navigation:/home/lucas/Documents/Pratica4/workspace_2/install/polygon_plugins:/home/lucas/Documents/Pratica4/workspace_2/install/palletron_visualization:/home/lucas/Documents/Pratica4/workspace_2/install/palletron_gazebo:/home/lucas/Documents/Pratica4/workspace_2/install/palletron_bringup:/home/lucas/Documents/Pratica4/workspace_2/install/my_code:/home/lucas/Documents/Pratica4/workspace_2/install/more_interfaces:/home/lucas/Documents/Pratica4/workspace_2/install/ira_laser_tools:/home/lucas/Documents/Pratica4/workspace_2/install/cpp_srvcli:/home/lucas/Documents/Pratica4/workspace_2/install/cpp_pubsub:/home/lucas/Documents/Pratica4/workspace_2/install/cpp_parameters:/home/lucas/Documents/Pratica4/workspace_2/install/aws_robomaker_small_warehouse_world:/home/lucas/Documents/Pratica4/workspace_2/install/action_tutorials_cpp:/home/lucas/Documents/Pratica4/workspace_2/install/action_tutorials_interfaces:/opt/ros/humble /usr/bin/cmake --build /home/lucas/Documents/Pratica4/workspace_2/build/polygon_plugins -- -j4 -l4
[3.973s] Invoking command in '/home/lucas/Documents/Pratica4/workspace_2/build/polygon_plugins': CMAKE_PREFIX_PATH=/home/lucas/Documents/Pratica4/workspace_2/install/polygon_base:/home/lucas/Documents/Pratica4/workspace_2/install/ugv_simulation:/home/lucas/Documents/Pratica4/workspace_2/install/ugv_robots_descriptions:/home/lucas/Documents/Pratica4/workspace_2/install/ugv_navigation:/home/lucas/Documents/Pratica4/workspace_2/install/polygon_plugins:/home/lucas/Documents/Pratica4/workspace_2/install/palletron_visualization:/home/lucas/Documents/Pratica4/workspace_2/install/palletron_gazebo:/home/lucas/Documents/Pratica4/workspace_2/install/palletron_bringup:/home/lucas/Documents/Pratica4/workspace_2/install/my_code:/home/lucas/Documents/Pratica4/workspace_2/install/more_interfaces:/home/lucas/Documents/Pratica4/workspace_2/install/ira_laser_tools:/home/lucas/Documents/Pratica4/workspace_2/install/cpp_srvcli:/home/lucas/Documents/Pratica4/workspace_2/install/cpp_pubsub:/home/lucas/Documents/Pratica4/workspace_2/install/cpp_parameters:/home/lucas/Documents/Pratica4/workspace_2/install/aws_robomaker_small_warehouse_world:/home/lucas/Documents/Pratica4/workspace_2/install/action_tutorials_cpp:/home/lucas/Documents/Pratica4/workspace_2/install/action_tutorials_interfaces:/opt/ros/humble /usr/bin/cmake --install /home/lucas/Documents/Pratica4/workspace_2/build/polygon_plugins
[4.000s] -- Install configuration: ""
[4.000s] -- Up-to-date: /home/lucas/Documents/Pratica4/workspace_2/install/polygon_plugins/share/polygon_plugins/plugins.xml
[4.001s] -- Up-to-date: /home/lucas/Documents/Pratica4/workspace_2/install/polygon_plugins/include
[4.002s] -- Up-to-date: /home/lucas/Documents/Pratica4/workspace_2/install/polygon_plugins/include/polygon_plugins
[4.003s] -- Up-to-date: /home/lucas/Documents/Pratica4/workspace_2/install/polygon_plugins/include/polygon_plugins/visibility_control.h
[4.003s] -- Up-to-date: /home/lucas/Documents/Pratica4/workspace_2/install/polygon_plugins/include/polygon_plugins/polygon_plugins.hpp
[4.026s] -- Installing: /home/lucas/Documents/Pratica4/workspace_2/install/polygon_plugins/lib/libpolygon_plugins.so
[4.034s] -- Set runtime path of "/home/lucas/Documents/Pratica4/workspace_2/install/polygon_plugins/lib/libpolygon_plugins.so" to ""
[4.035s] -- Up-to-date: /home/lucas/Documents/Pratica4/workspace_2/install/polygon_plugins/share/polygon_plugins/environment/library_path.sh
[4.035s] -- Up-to-date: /home/lucas/Documents/Pratica4/workspace_2/install/polygon_plugins/share/polygon_plugins/environment/library_path.dsv
[4.036s] -- Up-to-date: /home/lucas/Documents/Pratica4/workspace_2/install/polygon_plugins/share/ament_index/resource_index/package_run_dependencies/polygon_plugins
[4.036s] -- Up-to-date: /home/lucas/Documents/Pratica4/workspace_2/install/polygon_plugins/share/ament_index/resource_index/parent_prefix_path/polygon_plugins
[4.037s] -- Up-to-date: /home/lucas/Documents/Pratica4/workspace_2/install/polygon_plugins/share/polygon_plugins/environment/ament_prefix_path.sh
[4.037s] -- Up-to-date: /home/lucas/Documents/Pratica4/workspace_2/install/polygon_plugins/share/polygon_plugins/environment/ament_prefix_path.dsv
[4.038s] -- Up-to-date: /home/lucas/Documents/Pratica4/workspace_2/install/polygon_plugins/share/polygon_plugins/environment/path.sh
[4.038s] -- Up-to-date: /home/lucas/Documents/Pratica4/workspace_2/install/polygon_plugins/share/polygon_plugins/environment/path.dsv
[4.039s] -- Up-to-date: /home/lucas/Documents/Pratica4/workspace_2/install/polygon_plugins/share/polygon_plugins/local_setup.bash
[4.039s] -- Up-to-date: /home/lucas/Documents/Pratica4/workspace_2/install/polygon_plugins/share/polygon_plugins/local_setup.sh
[4.040s] -- Up-to-date: /home/lucas/Documents/Pratica4/workspace_2/install/polygon_plugins/share/polygon_plugins/local_setup.zsh
[4.040s] -- Up-to-date: /home/lucas/Documents/Pratica4/workspace_2/install/polygon_plugins/share/polygon_plugins/local_setup.dsv
[4.041s] -- Installing: /home/lucas/Documents/Pratica4/workspace_2/install/polygon_plugins/share/polygon_plugins/package.dsv
[4.042s] -- Up-to-date: /home/lucas/Documents/Pratica4/workspace_2/install/polygon_plugins/share/ament_index/resource_index/packages/polygon_plugins
[4.042s] -- Up-to-date: /home/lucas/Documents/Pratica4/workspace_2/install/polygon_plugins/share/ament_index/resource_index/polygon_base__pluginlib__plugin/polygon_plugins
[4.043s] -- Up-to-date: /home/lucas/Documents/Pratica4/workspace_2/install/polygon_plugins/share/polygon_plugins/cmake/export_polygon_pluginsExport.cmake
[4.043s] -- Up-to-date: /home/lucas/Documents/Pratica4/workspace_2/install/polygon_plugins/share/polygon_plugins/cmake/export_polygon_pluginsExport-noconfig.cmake
[4.044s] -- Up-to-date: /home/lucas/Documents/Pratica4/workspace_2/install/polygon_plugins/share/polygon_plugins/cmake/ament_cmake_export_include_directories-extras.cmake
[4.044s] -- Up-to-date: /home/lucas/Documents/Pratica4/workspace_2/install/polygon_plugins/share/polygon_plugins/cmake/ament_cmake_export_libraries-extras.cmake
[4.045s] -- Up-to-date: /home/lucas/Documents/Pratica4/workspace_2/install/polygon_plugins/share/polygon_plugins/cmake/ament_cmake_export_targets-extras.cmake
[4.045s] -- Up-to-date: /home/lucas/Documents/Pratica4/workspace_2/install/polygon_plugins/share/polygon_plugins/cmake/polygon_pluginsConfig.cmake
[4.046s] -- Up-to-date: /home/lucas/Documents/Pratica4/workspace_2/install/polygon_plugins/share/polygon_plugins/cmake/polygon_pluginsConfig-version.cmake
[4.047s] -- Up-to-date: /home/lucas/Documents/Pratica4/workspace_2/install/polygon_plugins/share/polygon_plugins/package.xml
[4.063s] Invoked command in '/home/lucas/Documents/Pratica4/workspace_2/build/polygon_plugins' returned '0': CMAKE_PREFIX_PATH=/home/lucas/Documents/Pratica4/workspace_2/install/polygon_base:/home/lucas/Documents/Pratica4/workspace_2/install/ugv_simulation:/home/lucas/Documents/Pratica4/workspace_2/install/ugv_robots_descriptions:/home/lucas/Documents/Pratica4/workspace_2/install/ugv_navigation:/home/lucas/Documents/Pratica4/workspace_2/install/polygon_plugins:/home/lucas/Documents/Pratica4/workspace_2/install/palletron_visualization:/home/lucas/Documents/Pratica4/workspace_2/install/palletron_gazebo:/home/lucas/Documents/Pratica4/workspace_2/install/palletron_bringup:/home/lucas/Documents/Pratica4/workspace_2/install/my_code:/home/lucas/Documents/Pratica4/workspace_2/install/more_interfaces:/home/lucas/Documents/Pratica4/workspace_2/install/ira_laser_tools:/home/lucas/Documents/Pratica4/workspace_2/install/cpp_srvcli:/home/lucas/Documents/Pratica4/workspace_2/install/cpp_pubsub:/home/lucas/Documents/Pratica4/workspace_2/install/cpp_parameters:/home/lucas/Documents/Pratica4/workspace_2/install/aws_robomaker_small_warehouse_world:/home/lucas/Documents/Pratica4/workspace_2/install/action_tutorials_cpp:/home/lucas/Documents/Pratica4/workspace_2/install/action_tutorials_interfaces:/opt/ros/humble /usr/bin/cmake --install /home/lucas/Documents/Pratica4/workspace_2/build/polygon_plugins
