[0.057s] Invoking command in '/home/lucas/Documents/Pratica4/workspace_2/build/cpp_srvcli': CMAKE_PREFIX_PATH=${CMAKE_PREFIX_PATH}:/opt/ros/humble /usr/bin/cmake --build /home/lucas/Documents/Pratica4/workspace_2/build/cpp_srvcli -- -j4 -l4
[0.315s] [ 50%] Built target client
[0.318s] [100%] Built target server
[0.347s] Invoked command in '/home/lucas/Documents/Pratica4/workspace_2/build/cpp_srvcli' returned '0': CMAKE_PREFIX_PATH=${CMAKE_PREFIX_PATH}:/opt/ros/humble /usr/bin/cmake --build /home/lucas/Documents/Pratica4/workspace_2/build/cpp_srvcli -- -j4 -l4
[0.485s] Invoking command in '/home/lucas/Documents/Pratica4/workspace_2/build/cpp_srvcli': CMAKE_PREFIX_PATH=${CMAKE_PREFIX_PATH}:/opt/ros/humble /usr/bin/cmake --install /home/lucas/Documents/Pratica4/workspace_2/build/cpp_srvcli
[0.499s] -- Install configuration: ""
[0.500s] -- Up-to-date: /home/lucas/Documents/Pratica4/workspace_2/install/cpp_srvcli/lib/cpp_srvcli/server
[0.502s] -- Up-to-date: /home/lucas/Documents/Pratica4/workspace_2/install/cpp_srvcli/lib/cpp_srvcli/client
[0.503s] -- Up-to-date: /home/lucas/Documents/Pratica4/workspace_2/install/cpp_srvcli/share/ament_index/resource_index/package_run_dependencies/cpp_srvcli
[0.503s] -- Up-to-date: /home/lucas/Documents/Pratica4/workspace_2/install/cpp_srvcli/share/ament_index/resource_index/parent_prefix_path/cpp_srvcli
[0.504s] -- Up-to-date: /home/lucas/Documents/Pratica4/workspace_2/install/cpp_srvcli/share/cpp_srvcli/environment/ament_prefix_path.sh
[0.504s] -- Up-to-date: /home/lucas/Documents/Pratica4/workspace_2/install/cpp_srvcli/share/cpp_srvcli/environment/ament_prefix_path.dsv
[0.504s] -- Up-to-date: /home/lucas/Documents/Pratica4/workspace_2/install/cpp_srvcli/share/cpp_srvcli/environment/path.sh
[0.505s] -- Up-to-date: /home/lucas/Documents/Pratica4/workspace_2/install/cpp_srvcli/share/cpp_srvcli/environment/path.dsv
[0.505s] -- Up-to-date: /home/lucas/Documents/Pratica4/workspace_2/install/cpp_srvcli/share/cpp_srvcli/local_setup.bash
[0.505s] -- Up-to-date: /home/lucas/Documents/Pratica4/workspace_2/install/cpp_srvcli/share/cpp_srvcli/local_setup.sh
[0.505s] -- Up-to-date: /home/lucas/Documents/Pratica4/workspace_2/install/cpp_srvcli/share/cpp_srvcli/local_setup.zsh
[0.505s] -- Up-to-date: /home/lucas/Documents/Pratica4/workspace_2/install/cpp_srvcli/share/cpp_srvcli/local_setup.dsv
[0.505s] -- Installing: /home/lucas/Documents/Pratica4/workspace_2/install/cpp_srvcli/share/cpp_srvcli/package.dsv
[0.506s] -- Up-to-date: /home/lucas/Documents/Pratica4/workspace_2/install/cpp_srvcli/share/ament_index/resource_index/packages/cpp_srvcli
[0.506s] -- Up-to-date: /home/lucas/Documents/Pratica4/workspace_2/install/cpp_srvcli/share/cpp_srvcli/cmake/cpp_srvcliConfig.cmake
[0.506s] -- Up-to-date: /home/lucas/Documents/Pratica4/workspace_2/install/cpp_srvcli/share/cpp_srvcli/cmake/cpp_srvcliConfig-version.cmake
[0.506s] -- Up-to-date: /home/lucas/Documents/Pratica4/workspace_2/install/cpp_srvcli/share/cpp_srvcli/package.xml
[0.516s] Invoked command in '/home/lucas/Documents/Pratica4/workspace_2/build/cpp_srvcli' returned '0': CMAKE_PREFIX_PATH=${CMAKE_PREFIX_PATH}:/opt/ros/humble /usr/bin/cmake --install /home/lucas/Documents/Pratica4/workspace_2/build/cpp_srvcli
