[0.371s] Invoking command in '/home/lucas/Documents/Pratica4/workspace_2/build/ira_laser_tools': CMAKE_PREFIX_PATH=${CMAKE_PREFIX_PATH}:/opt/ros/humble /usr/bin/cmake --build /home/lucas/Documents/Pratica4/workspace_2/build/ira_laser_tools -- -j4 -l4
[8.866s] [ 50%] Built target laserscan_virtualizer
[8.869s] [100%] Built target laserscan_multi_merger
[8.912s] Invoked command in '/home/lucas/Documents/Pratica4/workspace_2/build/ira_laser_tools' returned '0': CMAKE_PREFIX_PATH=${CMAKE_PREFIX_PATH}:/opt/ros/humble /usr/bin/cmake --build /home/lucas/Documents/Pratica4/workspace_2/build/ira_laser_tools -- -j4 -l4
[8.976s] Invoking command in '/home/lucas/Documents/Pratica4/workspace_2/build/ira_laser_tools': CMAKE_PREFIX_PATH=${CMAKE_PREFIX_PATH}:/opt/ros/humble /usr/bin/cmake --install /home/lucas/Documents/Pratica4/workspace_2/build/ira_laser_tools
[8.988s] -- Install configuration: ""
[9.054s] -- Up-to-date: /home/lucas/Documents/Pratica4/workspace_2/install/ira_laser_tools/lib/ira_laser_tools/laserscan_multi_merger
[9.091s] -- Up-to-date: /home/lucas/Documents/Pratica4/workspace_2/install/ira_laser_tools/lib/ira_laser_tools/laserscan_virtualizer
[9.092s] -- Up-to-date: /home/lucas/Documents/Pratica4/workspace_2/install/ira_laser_tools/share/ira_laser_tools/launch
[9.122s] -- Up-to-date: /home/lucas/Documents/Pratica4/workspace_2/install/ira_laser_tools/share/ira_laser_tools/launch/laserscan_multi_merger.launch
[9.123s] -- Up-to-date: /home/lucas/Documents/Pratica4/workspace_2/install/ira_laser_tools/share/ira_laser_tools/launch/laserscan_virtualizer.launch
[9.123s] -- Up-to-date: /home/lucas/Documents/Pratica4/workspace_2/install/ira_laser_tools/share/ament_index/resource_index/package_run_dependencies/ira_laser_tools
[9.124s] -- Up-to-date: /home/lucas/Documents/Pratica4/workspace_2/install/ira_laser_tools/share/ament_index/resource_index/parent_prefix_path/ira_laser_tools
[9.124s] -- Up-to-date: /home/lucas/Documents/Pratica4/workspace_2/install/ira_laser_tools/share/ira_laser_tools/environment/ament_prefix_path.sh
[9.124s] -- Up-to-date: /home/lucas/Documents/Pratica4/workspace_2/install/ira_laser_tools/share/ira_laser_tools/environment/ament_prefix_path.dsv
[9.125s] -- Up-to-date: /home/lucas/Documents/Pratica4/workspace_2/install/ira_laser_tools/share/ira_laser_tools/environment/path.sh
[9.125s] -- Up-to-date: /home/lucas/Documents/Pratica4/workspace_2/install/ira_laser_tools/share/ira_laser_tools/environment/path.dsv
[9.125s] -- Up-to-date: /home/lucas/Documents/Pratica4/workspace_2/install/ira_laser_tools/share/ira_laser_tools/local_setup.bash
[9.125s] -- Up-to-date: /home/lucas/Documents/Pratica4/workspace_2/install/ira_laser_tools/share/ira_laser_tools/local_setup.sh
[9.125s] -- Up-to-date: /home/lucas/Documents/Pratica4/workspace_2/install/ira_laser_tools/share/ira_laser_tools/local_setup.zsh
[9.125s] -- Up-to-date: /home/lucas/Documents/Pratica4/workspace_2/install/ira_laser_tools/share/ira_laser_tools/local_setup.dsv
[9.125s] -- Installing: /home/lucas/Documents/Pratica4/workspace_2/install/ira_laser_tools/share/ira_laser_tools/package.dsv
[9.139s] -- Up-to-date: /home/lucas/Documents/Pratica4/workspace_2/install/ira_laser_tools/share/ament_index/resource_index/packages/ira_laser_tools
[9.139s] -- Up-to-date: /home/lucas/Documents/Pratica4/workspace_2/install/ira_laser_tools/share/ira_laser_tools/cmake/ament_cmake_export_dependencies-extras.cmake
[9.140s] -- Up-to-date: /home/lucas/Documents/Pratica4/workspace_2/install/ira_laser_tools/share/ira_laser_tools/cmake/ira_laser_toolsConfig.cmake
[9.140s] -- Up-to-date: /home/lucas/Documents/Pratica4/workspace_2/install/ira_laser_tools/share/ira_laser_tools/cmake/ira_laser_toolsConfig-version.cmake
[9.140s] -- Up-to-date: /home/lucas/Documents/Pratica4/workspace_2/install/ira_laser_tools/share/ira_laser_tools/package.xml
[9.145s] Invoked command in '/home/lucas/Documents/Pratica4/workspace_2/build/ira_laser_tools' returned '0': CMAKE_PREFIX_PATH=${CMAKE_PREFIX_PATH}:/opt/ros/humble /usr/bin/cmake --install /home/lucas/Documents/Pratica4/workspace_2/build/ira_laser_tools
